#
# There is insufficient memory for the Java Runtime Environment to continue.
# Native memory allocation (malloc) failed to allocate 2168864 bytes for Chunk::new
# Possible reasons:
#   The system is out of physical RAM or swap space
#   The process is running with CompressedOops enabled, and the Java Heap may be blocking the growth of the native heap
# Possible solutions:
#   Reduce memory load on the system
#   Increase physical memory or swap space
#   Check if swap backing store is full
#   Decrease Java heap size (-Xmx/-Xms)
#   Decrease number of Java threads
#   Decrease Java thread stack sizes (-Xss)
#   Set larger code cache with -XX:ReservedCodeCacheSize=
#   JVM is running with Unscaled Compressed Oops mode in which the Java heap is
#     placed in the first 4GB address space. The Java Heap base address is the
#     maximum limit for the native heap growth. Please use -XX:HeapBaseMinAddress
#     to set the Java Heap base and to place the Java Heap above 4GB virtual address.
# This output file may be truncated or incomplete.
#
#  Out of Memory Error (arena.cpp:189), pid=100036, tid=77416
#
# JRE version: OpenJDK Runtime Environment Corretto-17.0.8.7.1 (17.0.8+7) (build 17.0.8+7-LTS)
# Java VM: OpenJDK 64-Bit Server VM Corretto-17.0.8.7.1 (17.0.8+7-LTS, mixed mode, sharing, tiered, compressed oops, compressed class ptrs, g1 gc, windows-amd64)
# No core dump will be written. Minidumps are not enabled by default on client versions of Windows
#

---------------  S U M M A R Y ------------

Command Line: --add-opens=java.base/java.util.concurrent.atomic=ALL-UNNAMED -XX:MaxMetaspaceSize=256m -XX:+HeapDumpOnOutOfMemoryError --add-opens=java.base/java.util=ALL-UNNAMED --add-opens=java.base/java.lang=ALL-UNNAMED --add-opens=java.base/java.lang.invoke=ALL-UNNAMED --add-opens=java.prefs/java.util.prefs=ALL-UNNAMED --add-opens=java.base/java.nio.charset=ALL-UNNAMED --add-opens=java.base/java.net=ALL-UNNAMED --add-opens=java.base/java.util.concurrent.atomic=ALL-UNNAMED -Xms256m -Xmx512m -Dfile.encoding=windows-1252 -Duser.country=US -Duser.language=en -Duser.variant org.gradle.launcher.daemon.bootstrap.GradleDaemon 7.6.1

Host: Intel(R) Core(TM) i5-8250U CPU @ 1.60GHz, 8 cores, 7G,  Windows 10 , 64 bit Build 18362 (10.0.18362.1110)
Time: Mon Oct  9 14:41:06 2023 Central Daylight Time elapsed time: 7.072978 seconds (0d 0h 0m 7s)

---------------  T H R E A D  ---------------

Current thread (0x00000249b53ea840):  JavaThread "C2 CompilerThread2" daemon [_thread_in_native, id=77416, stack(0x000000a698900000,0x000000a698a00000)]


Current CompileTask:
C2:   7073 6437       4       org.objectweb.asm.MethodVisitor::visitMethodInsn (80 bytes)

Stack: [0x000000a698900000,0x000000a698a00000]
Native frames: (J=compiled Java code, j=interpreted, Vv=VM code, C=native code)
V  [jvm.dll+0x64c9da]
V  [jvm.dll+0x800834]
V  [jvm.dll+0x801fee]
V  [jvm.dll+0x802643]
V  [jvm.dll+0x23715b]
V  [jvm.dll+0xbd5ac]
V  [jvm.dll+0xbdb8c]
V  [jvm.dll+0x3518c7]
V  [jvm.dll+0x31be9f]
V  [jvm.dll+0x31b2da]
V  [jvm.dll+0x20b045]
V  [jvm.dll+0x20a5d7]
V  [jvm.dll+0x19a74d]
V  [jvm.dll+0x219b5d]
V  [jvm.dll+0x217cbb]
V  [jvm.dll+0x7b94bb]
V  [jvm.dll+0x7b392a]
V  [jvm.dll+0x64b845]
C  [ucrtbase.dll+0x210b2]
C  [KERNEL32.DLL+0x17c24]
C  [ntdll.dll+0x6d4d1]


---------------  P R O C E S S  ---------------

Threads class SMR info:
_java_thread_list=0x00000249b3e7d9b0, length=44, elements={
0x0000024985018550, 0x000002499fb7cff0, 0x000002499fb7dd80, 0x000002499fb977e0,
0x000002499fb981b0, 0x000002499fb9ab90, 0x000002499fb9b460, 0x000002499fb9e120,
0x000002499fba0af0, 0x000002499fba3410, 0x00000249b2128580, 0x00000249b212d6c0,
0x00000249b2281d90, 0x00000249b2da5040, 0x00000249b2763790, 0x00000249b4b73360,
0x00000249b46e2750, 0x00000249b4049450, 0x00000249b3568160, 0x00000249b3568670,
0x00000249b3567c50, 0x00000249b3568b80, 0x00000249b35695a0, 0x00000249b403ba80,
0x00000249b403c4a0, 0x00000249b403ed20, 0x00000249b403fc50, 0x00000249b403b060,
0x00000249b403b570, 0x00000249b403e300, 0x00000249b403e810, 0x00000249b403bf90,
0x00000249b403c9b0, 0x00000249b403d8e0, 0x00000249b403f230, 0x00000249b403cec0,
0x00000249b403ddf0, 0x00000249b4041ab0, 0x00000249b53ea840, 0x00000249b4040160,
0x00000249b4040670, 0x00000249b4040b80, 0x00000249b4041090, 0x00000249b40415a0
}

Java Threads: ( => current thread )
  0x0000024985018550 JavaThread "main" [_thread_blocked, id=107744, stack(0x000000a697500000,0x000000a697600000)]
  0x000002499fb7cff0 JavaThread "Reference Handler" daemon [_thread_blocked, id=101436, stack(0x000000a697c00000,0x000000a697d00000)]
  0x000002499fb7dd80 JavaThread "Finalizer" daemon [_thread_blocked, id=5740, stack(0x000000a697d00000,0x000000a697e00000)]
  0x000002499fb977e0 JavaThread "Signal Dispatcher" daemon [_thread_blocked, id=104504, stack(0x000000a697e00000,0x000000a697f00000)]
  0x000002499fb981b0 JavaThread "Attach Listener" daemon [_thread_blocked, id=96788, stack(0x000000a697f00000,0x000000a698000000)]
  0x000002499fb9ab90 JavaThread "Service Thread" daemon [_thread_blocked, id=110460, stack(0x000000a698000000,0x000000a698100000)]
  0x000002499fb9b460 JavaThread "Monitor Deflation Thread" daemon [_thread_blocked, id=18440, stack(0x000000a698100000,0x000000a698200000)]
  0x000002499fb9e120 JavaThread "C2 CompilerThread0" daemon [_thread_in_native, id=103700, stack(0x000000a698200000,0x000000a698300000)]
  0x000002499fba0af0 JavaThread "C1 CompilerThread0" daemon [_thread_in_native, id=110688, stack(0x000000a698300000,0x000000a698400000)]
  0x000002499fba3410 JavaThread "Sweeper thread" daemon [_thread_blocked, id=105660, stack(0x000000a698400000,0x000000a698500000)]
  0x00000249b2128580 JavaThread "Common-Cleaner" daemon [_thread_blocked, id=102876, stack(0x000000a698500000,0x000000a698600000)]
  0x00000249b212d6c0 JavaThread "Notification Thread" daemon [_thread_blocked, id=108120, stack(0x000000a698600000,0x000000a698700000)]
  0x00000249b2281d90 JavaThread "C2 CompilerThread1" daemon [_thread_in_native, id=104352, stack(0x000000a698800000,0x000000a698900000)]
  0x00000249b2da5040 JavaThread "Daemon health stats" [_thread_blocked, id=102760, stack(0x000000a698f00000,0x000000a699000000)]
  0x00000249b2763790 JavaThread "Incoming local TCP Connector on port 61768" [_thread_in_native, id=105564, stack(0x000000a699000000,0x000000a699100000)]
  0x00000249b4b73360 JavaThread "Daemon periodic checks" [_thread_blocked, id=107320, stack(0x000000a699100000,0x000000a699200000)]
  0x00000249b46e2750 JavaThread "Daemon" [_thread_blocked, id=108232, stack(0x000000a699200000,0x000000a699300000)]
  0x00000249b4049450 JavaThread "Handler for socket connection from /127.0.0.1:61768 to /127.0.0.1:61769" [_thread_in_native, id=86356, stack(0x000000a699300000,0x000000a699400000)]
  0x00000249b3568160 JavaThread "Cancel handler" [_thread_blocked, id=102944, stack(0x000000a699400000,0x000000a699500000)]
  0x00000249b3568670 JavaThread "Daemon worker" [_thread_in_vm, id=106428, stack(0x000000a699500000,0x000000a699600000)]
  0x00000249b3567c50 JavaThread "Asynchronous log dispatcher for DefaultDaemonConnection: socket connection from /127.0.0.1:61768 to /127.0.0.1:61769" [_thread_blocked, id=96060, stack(0x000000a699600000,0x000000a699700000)]
  0x00000249b3568b80 JavaThread "Stdin handler" [_thread_blocked, id=96876, stack(0x000000a699700000,0x000000a699800000)]
  0x00000249b35695a0 JavaThread "Daemon client event forwarder" [_thread_blocked, id=18552, stack(0x000000a699800000,0x000000a699900000)]
  0x00000249b403ba80 JavaThread "Cache worker for journal cache (C:\Users\grays\.gradle\caches\journal-1)" [_thread_blocked, id=109992, stack(0x000000a699900000,0x000000a699a00000)]
  0x00000249b403c4a0 JavaThread "File lock request listener" [_thread_in_native, id=21300, stack(0x000000a699a00000,0x000000a699b00000)]
  0x00000249b403ed20 JavaThread "Cache worker for file hash cache (C:\Users\grays\.gradle\caches\7.6.1\fileHashes)" [_thread_blocked, id=105324, stack(0x000000a699b00000,0x000000a699c00000)]
  0x00000249b403fc50 JavaThread "File watcher server" daemon [_thread_in_native, id=108116, stack(0x000000a699c00000,0x000000a699d00000)]
  0x00000249b403b060 JavaThread "File watcher consumer" daemon [_thread_blocked, id=100892, stack(0x000000a699d00000,0x000000a699e00000)]
  0x00000249b403b570 JavaThread "Cache worker for checksums cache (C:\Users\grays\JavaPractice\techjobs-oo-java-graded-17\.gradle\7.6.1\checksums)" [_thread_blocked, id=99584, stack(0x000000a699e00000,0x000000a699f00000)]
  0x00000249b403e300 JavaThread "Cache worker for cache directory md-rule (C:\Users\grays\.gradle\caches\7.6.1\md-rule)" [_thread_blocked, id=13848, stack(0x000000a699f00000,0x000000a69a000000)]
  0x00000249b403e810 JavaThread "Cache worker for file content cache (C:\Users\grays\.gradle\caches\7.6.1\fileContent)" [_thread_blocked, id=108552, stack(0x000000a69a000000,0x000000a69a100000)]
  0x00000249b403bf90 JavaThread "Cache worker for file hash cache (C:\Users\grays\JavaPractice\techjobs-oo-java-graded-17\.gradle\7.6.1\fileHashes)" [_thread_blocked, id=110828, stack(0x000000a69a100000,0x000000a69a200000)]
  0x00000249b403c9b0 JavaThread "Cache worker for cache directory md-supplier (C:\Users\grays\.gradle\caches\7.6.1\md-supplier)" [_thread_blocked, id=100960, stack(0x000000a69a200000,0x000000a69a300000)]
  0x00000249b403d8e0 JavaThread "Cache worker for execution history cache (C:\Users\grays\.gradle\caches\7.6.1\executionHistory)" [_thread_blocked, id=108860, stack(0x000000a69a600000,0x000000a69a700000)]
  0x00000249b403f230 JavaThread "jar transforms" [_thread_blocked, id=104960, stack(0x000000a69a700000,0x000000a69a800000)]
  0x00000249b403cec0 JavaThread "jar transforms Thread 2" [_thread_blocked, id=76384, stack(0x000000a69a800000,0x000000a69a900000)]
  0x00000249b403ddf0 JavaThread "jar transforms Thread 3" [_thread_blocked, id=94784, stack(0x000000a69a900000,0x000000a69aa00000)]
  0x00000249b4041ab0 JavaThread "jar transforms Thread 4" [_thread_blocked, id=102596, stack(0x000000a69aa00000,0x000000a69ab00000)]
=>0x00000249b53ea840 JavaThread "C2 CompilerThread2" daemon [_thread_in_native, id=77416, stack(0x000000a698900000,0x000000a698a00000)]
  0x00000249b4040160 JavaThread "jar transforms Thread 5" [_thread_blocked, id=99004, stack(0x000000a69ab00000,0x000000a69ac00000)]
  0x00000249b4040670 JavaThread "jar transforms Thread 6" [_thread_blocked, id=109016, stack(0x000000a69ac00000,0x000000a69ad00000)]
  0x00000249b4040b80 JavaThread "jar transforms Thread 7" [_thread_blocked, id=106680, stack(0x000000a69ad00000,0x000000a69ae00000)]
  0x00000249b4041090 JavaThread "jar transforms Thread 8" [_thread_blocked, id=109168, stack(0x000000a69ae00000,0x000000a69af00000)]
  0x00000249b40415a0 JavaThread "Cache worker for dependencies-accessors (C:\Users\grays\JavaPractice\techjobs-oo-java-graded-17\.gradle\7.6.1\dependencies-accessors)" [_thread_blocked, id=17216, stack(0x000000a69af00000,0x000000a69b000000)]

Other Threads:
  0x000002499fb774c0 VMThread "VM Thread" [stack: 0x000000a697b00000,0x000000a697c00000] [id=109564]
  0x0000024985053d00 WatcherThread [stack: 0x000000a698700000,0x000000a698800000] [id=99860]
  0x00000249850462f0 GCTaskThread "GC Thread#0" [stack: 0x000000a697600000,0x000000a697700000] [id=12712]
  0x00000249b2e10a00 GCTaskThread "GC Thread#1" [stack: 0x000000a698a00000,0x000000a698b00000] [id=109216]
  0x00000249b2e110d0 GCTaskThread "GC Thread#2" [stack: 0x000000a698b00000,0x000000a698c00000] [id=107276]
  0x00000249b2e11390 GCTaskThread "GC Thread#3" [stack: 0x000000a698c00000,0x000000a698d00000] [id=72992]
  0x00000249b2e11650 GCTaskThread "GC Thread#4" [stack: 0x000000a698d00000,0x000000a698e00000] [id=101644]
  0x00000249b2d6d080 GCTaskThread "GC Thread#5" [stack: 0x000000a698e00000,0x000000a698f00000] [id=102032]
  0x00000249b3e56a40 GCTaskThread "GC Thread#6" [stack: 0x000000a69a300000,0x000000a69a400000] [id=100176]
  0x00000249b3e56d00 GCTaskThread "GC Thread#7" [stack: 0x000000a69a400000,0x000000a69a500000] [id=3332]
  0x000002498504b150 ConcurrentGCThread "G1 Main Marker" [stack: 0x000000a697700000,0x000000a697800000] [id=101036]
  0x000002498504c2b0 ConcurrentGCThread "G1 Conc#0" [stack: 0x000000a697800000,0x000000a697900000] [id=30576]
  0x00000249b3e56fc0 ConcurrentGCThread "G1 Conc#1" [stack: 0x000000a69a500000,0x000000a69a600000] [id=101116]
  0x00000249850ce9e0 ConcurrentGCThread "G1 Refine#0" [stack: 0x000000a697900000,0x000000a697a00000] [id=96104]
  0x000002499fa1b120 ConcurrentGCThread "G1 Service" [stack: 0x000000a697a00000,0x000000a697b00000] [id=10204]

Threads with active compile tasks:
C2 CompilerThread0     7097 6599       4       java.net.URI::quote (214 bytes)
C1 CompilerThread0     7097 6598       3       org.objectweb.asm.ClassWriter::toByteArray (1535 bytes)
C2 CompilerThread1     7097 6549       4       java.util.regex.Pattern::compile (500 bytes)
C2 CompilerThread2     7097 6437       4       org.objectweb.asm.MethodVisitor::visitMethodInsn (80 bytes)

VM state: not at safepoint (normal execution)

VM Mutex/Monitor currently owned by a thread: None

Heap address: 0x00000000e0000000, size: 512 MB, Compressed Oops mode: 32-bit

CDS archive(s) mapped at: [0x00000249a0000000-0x00000249a0bd0000-0x00000249a0bd0000), size 12386304, SharedBaseAddress: 0x00000249a0000000, ArchiveRelocationMode: 1.
Compressed class space mapped at: 0x00000249a1000000-0x00000249ae000000, reserved size: 218103808
Narrow klass base: 0x00000249a0000000, Narrow klass shift: 0, Narrow klass range: 0x100000000

GC Precious Log:
 CPUs: 8 total, 8 available
 Memory: 8075M
 Large Page Support: Disabled
 NUMA Support: Disabled
 Compressed Oops: Enabled (32-bit)
 Heap Region Size: 1M
 Heap Min Capacity: 256M
 Heap Initial Capacity: 256M
 Heap Max Capacity: 512M
 Pre-touch: Disabled
 Parallel Workers: 8
 Concurrent Workers: 2
 Concurrent Refinement Workers: 8
 Periodic GC: Disabled

Heap:
 garbage-first heap   total 262144K, used 139327K [0x00000000e0000000, 0x0000000100000000)
  region size 1024K, 106 young (108544K), 12 survivors (12288K)
 Metaspace       used 43861K, committed 44352K, reserved 278528K
  class space    used 6051K, committed 6272K, reserved 212992K

Heap Regions: E=young(eden), S=young(survivor), O=old, HS=humongous(starts), HC=humongous(continues), CS=collection set, F=free, OA=open archive, CA=closed archive, TAMS=top-at-mark-start (previous, next)
|   0|0x00000000e0000000, 0x00000000e0100000, 0x00000000e0100000|100%|HS|  |TAMS 0x00000000e0100000, 0x00000000e0000000| Complete 
|   1|0x00000000e0100000, 0x00000000e0200000, 0x00000000e0200000|100%|HC|  |TAMS 0x00000000e0200000, 0x00000000e0100000| Complete 
|   2|0x00000000e0200000, 0x00000000e0300000, 0x00000000e0300000|100%|HC|  |TAMS 0x00000000e0300000, 0x00000000e0200000| Complete 
|   3|0x00000000e0300000, 0x00000000e0400000, 0x00000000e0400000|100%| O|  |TAMS 0x00000000e0400000, 0x00000000e0300000| Untracked 
|   4|0x00000000e0400000, 0x00000000e0500000, 0x00000000e0500000|100%| O|  |TAMS 0x00000000e0500000, 0x00000000e0400000| Untracked 
|   5|0x00000000e0500000, 0x00000000e0600000, 0x00000000e0600000|100%| O|  |TAMS 0x00000000e0600000, 0x00000000e0500000| Untracked 
|   6|0x00000000e0600000, 0x00000000e0700000, 0x00000000e0700000|100%| O|  |TAMS 0x00000000e0700000, 0x00000000e0600000| Untracked 
|   7|0x00000000e0700000, 0x00000000e0800000, 0x00000000e0800000|100%| O|  |TAMS 0x00000000e0800000, 0x00000000e0700000| Untracked 
|   8|0x00000000e0800000, 0x00000000e0900000, 0x00000000e0900000|100%| O|  |TAMS 0x00000000e0900000, 0x00000000e0800000| Untracked 
|   9|0x00000000e0900000, 0x00000000e0a00000, 0x00000000e0a00000|100%| O|  |TAMS 0x00000000e0a00000, 0x00000000e0900000| Untracked 
|  10|0x00000000e0a00000, 0x00000000e0b00000, 0x00000000e0b00000|100%| O|  |TAMS 0x00000000e0b00000, 0x00000000e0a00000| Untracked 
|  11|0x00000000e0b00000, 0x00000000e0c00000, 0x00000000e0c00000|100%| O|  |TAMS 0x00000000e0c00000, 0x00000000e0b00000| Untracked 
|  12|0x00000000e0c00000, 0x00000000e0d00000, 0x00000000e0d00000|100%| O|  |TAMS 0x00000000e0d00000, 0x00000000e0c00000| Untracked 
|  13|0x00000000e0d00000, 0x00000000e0e00000, 0x00000000e0e00000|100%| O|  |TAMS 0x00000000e0e00000, 0x00000000e0d00000| Untracked 
|  14|0x00000000e0e00000, 0x00000000e0f00000, 0x00000000e0f00000|100%| O|  |TAMS 0x00000000e0f00000, 0x00000000e0e00000| Untracked 
|  15|0x00000000e0f00000, 0x00000000e1000000, 0x00000000e1000000|100%| O|  |TAMS 0x00000000e1000000, 0x00000000e0f00000| Untracked 
|  16|0x00000000e1000000, 0x00000000e1100000, 0x00000000e1100000|100%| O|  |TAMS 0x00000000e1100000, 0x00000000e1000000| Untracked 
|  17|0x00000000e1100000, 0x00000000e1200000, 0x00000000e1200000|100%| O|  |TAMS 0x00000000e1200000, 0x00000000e1100000| Untracked 
|  18|0x00000000e1200000, 0x00000000e1300000, 0x00000000e1300000|100%| O|  |TAMS 0x00000000e1300000, 0x00000000e1200000| Untracked 
|  19|0x00000000e1300000, 0x00000000e1400000, 0x00000000e1400000|100%| O|  |TAMS 0x00000000e1400000, 0x00000000e1300000| Untracked 
|  20|0x00000000e1400000, 0x00000000e1500000, 0x00000000e1500000|100%| O|  |TAMS 0x00000000e1500000, 0x00000000e1400000| Untracked 
|  21|0x00000000e1500000, 0x00000000e1600000, 0x00000000e1600000|100%| O|  |TAMS 0x00000000e1600000, 0x00000000e1500000| Untracked 
|  22|0x00000000e1600000, 0x00000000e1700000, 0x00000000e1700000|100%| O|  |TAMS 0x00000000e1700000, 0x00000000e1600000| Untracked 
|  23|0x00000000e1700000, 0x00000000e1800000, 0x00000000e1800000|100%| O|  |TAMS 0x00000000e1800000, 0x00000000e1700000| Untracked 
|  24|0x00000000e1800000, 0x00000000e1900000, 0x00000000e1900000|100%| O|  |TAMS 0x00000000e1900000, 0x00000000e1800000| Untracked 
|  25|0x00000000e1900000, 0x00000000e1a00000, 0x00000000e1a00000|100%| O|  |TAMS 0x00000000e1a00000, 0x00000000e1900000| Untracked 
|  26|0x00000000e1a00000, 0x00000000e1b00000, 0x00000000e1b00000|100%| O|  |TAMS 0x00000000e1b00000, 0x00000000e1a00000| Untracked 
|  27|0x00000000e1b00000, 0x00000000e1c00000, 0x00000000e1c00000|100%| O|  |TAMS 0x00000000e1c00000, 0x00000000e1b00000| Untracked 
|  28|0x00000000e1c00000, 0x00000000e1d00000, 0x00000000e1d00000|100%| O|  |TAMS 0x00000000e1d00000, 0x00000000e1c00000| Untracked 
|  29|0x00000000e1d00000, 0x00000000e1e00000, 0x00000000e1e00000|100%| O|  |TAMS 0x00000000e1e00000, 0x00000000e1d00000| Untracked 
|  30|0x00000000e1e00000, 0x00000000e1e0fe00, 0x00000000e1f00000|  6%| O|  |TAMS 0x00000000e1e0fe00, 0x00000000e1e00000| Untracked 
|  31|0x00000000e1f00000, 0x00000000e2000000, 0x00000000e2000000|100%|HS|  |TAMS 0x00000000e2000000, 0x00000000e1f00000| Complete 
|  32|0x00000000e2000000, 0x00000000e2000000, 0x00000000e2100000|  0%| F|  |TAMS 0x00000000e2000000, 0x00000000e2000000| Untracked 
|  33|0x00000000e2100000, 0x00000000e2100000, 0x00000000e2200000|  0%| F|  |TAMS 0x00000000e2100000, 0x00000000e2100000| Untracked 
|  34|0x00000000e2200000, 0x00000000e2200000, 0x00000000e2300000|  0%| F|  |TAMS 0x00000000e2200000, 0x00000000e2200000| Untracked 
|  35|0x00000000e2300000, 0x00000000e2300000, 0x00000000e2400000|  0%| F|  |TAMS 0x00000000e2300000, 0x00000000e2300000| Untracked 
|  36|0x00000000e2400000, 0x00000000e2400000, 0x00000000e2500000|  0%| F|  |TAMS 0x00000000e2400000, 0x00000000e2400000| Untracked 
|  37|0x00000000e2500000, 0x00000000e2500000, 0x00000000e2600000|  0%| F|  |TAMS 0x00000000e2500000, 0x00000000e2500000| Untracked 
|  38|0x00000000e2600000, 0x00000000e2600000, 0x00000000e2700000|  0%| F|  |TAMS 0x00000000e2600000, 0x00000000e2600000| Untracked 
|  39|0x00000000e2700000, 0x00000000e2700000, 0x00000000e2800000|  0%| F|  |TAMS 0x00000000e2700000, 0x00000000e2700000| Untracked 
|  40|0x00000000e2800000, 0x00000000e2800000, 0x00000000e2900000|  0%| F|  |TAMS 0x00000000e2800000, 0x00000000e2800000| Untracked 
|  41|0x00000000e2900000, 0x00000000e2900000, 0x00000000e2a00000|  0%| F|  |TAMS 0x00000000e2900000, 0x00000000e2900000| Untracked 
|  42|0x00000000e2a00000, 0x00000000e2a00000, 0x00000000e2b00000|  0%| F|  |TAMS 0x00000000e2a00000, 0x00000000e2a00000| Untracked 
|  43|0x00000000e2b00000, 0x00000000e2b00000, 0x00000000e2c00000|  0%| F|  |TAMS 0x00000000e2b00000, 0x00000000e2b00000| Untracked 
|  44|0x00000000e2c00000, 0x00000000e2c00000, 0x00000000e2d00000|  0%| F|  |TAMS 0x00000000e2c00000, 0x00000000e2c00000| Untracked 
|  45|0x00000000e2d00000, 0x00000000e2d00000, 0x00000000e2e00000|  0%| F|  |TAMS 0x00000000e2d00000, 0x00000000e2d00000| Untracked 
|  46|0x00000000e2e00000, 0x00000000e2e00000, 0x00000000e2f00000|  0%| F|  |TAMS 0x00000000e2e00000, 0x00000000e2e00000| Untracked 
|  47|0x00000000e2f00000, 0x00000000e2f00000, 0x00000000e3000000|  0%| F|  |TAMS 0x00000000e2f00000, 0x00000000e2f00000| Untracked 
|  48|0x00000000e3000000, 0x00000000e3000000, 0x00000000e3100000|  0%| F|  |TAMS 0x00000000e3000000, 0x00000000e3000000| Untracked 
|  49|0x00000000e3100000, 0x00000000e3100000, 0x00000000e3200000|  0%| F|  |TAMS 0x00000000e3100000, 0x00000000e3100000| Untracked 
|  50|0x00000000e3200000, 0x00000000e3200000, 0x00000000e3300000|  0%| F|  |TAMS 0x00000000e3200000, 0x00000000e3200000| Untracked 
|  51|0x00000000e3300000, 0x00000000e3300000, 0x00000000e3400000|  0%| F|  |TAMS 0x00000000e3300000, 0x00000000e3300000| Untracked 
|  52|0x00000000e3400000, 0x00000000e3400000, 0x00000000e3500000|  0%| F|  |TAMS 0x00000000e3400000, 0x00000000e3400000| Untracked 
|  53|0x00000000e3500000, 0x00000000e3500000, 0x00000000e3600000|  0%| F|  |TAMS 0x00000000e3500000, 0x00000000e3500000| Untracked 
|  54|0x00000000e3600000, 0x00000000e3600000, 0x00000000e3700000|  0%| F|  |TAMS 0x00000000e3600000, 0x00000000e3600000| Untracked 
|  55|0x00000000e3700000, 0x00000000e3700000, 0x00000000e3800000|  0%| F|  |TAMS 0x00000000e3700000, 0x00000000e3700000| Untracked 
|  56|0x00000000e3800000, 0x00000000e3800000, 0x00000000e3900000|  0%| F|  |TAMS 0x00000000e3800000, 0x00000000e3800000| Untracked 
|  57|0x00000000e3900000, 0x00000000e3900000, 0x00000000e3a00000|  0%| F|  |TAMS 0x00000000e3900000, 0x00000000e3900000| Untracked 
|  58|0x00000000e3a00000, 0x00000000e3a00000, 0x00000000e3b00000|  0%| F|  |TAMS 0x00000000e3a00000, 0x00000000e3a00000| Untracked 
|  59|0x00000000e3b00000, 0x00000000e3b00000, 0x00000000e3c00000|  0%| F|  |TAMS 0x00000000e3b00000, 0x00000000e3b00000| Untracked 
|  60|0x00000000e3c00000, 0x00000000e3c00000, 0x00000000e3d00000|  0%| F|  |TAMS 0x00000000e3c00000, 0x00000000e3c00000| Untracked 
|  61|0x00000000e3d00000, 0x00000000e3d00000, 0x00000000e3e00000|  0%| F|  |TAMS 0x00000000e3d00000, 0x00000000e3d00000| Untracked 
|  62|0x00000000e3e00000, 0x00000000e3e00000, 0x00000000e3f00000|  0%| F|  |TAMS 0x00000000e3e00000, 0x00000000e3e00000| Untracked 
|  63|0x00000000e3f00000, 0x00000000e3f00000, 0x00000000e4000000|  0%| F|  |TAMS 0x00000000e3f00000, 0x00000000e3f00000| Untracked 
|  64|0x00000000e4000000, 0x00000000e4000000, 0x00000000e4100000|  0%| F|  |TAMS 0x00000000e4000000, 0x00000000e4000000| Untracked 
|  65|0x00000000e4100000, 0x00000000e4100000, 0x00000000e4200000|  0%| F|  |TAMS 0x00000000e4100000, 0x00000000e4100000| Untracked 
|  66|0x00000000e4200000, 0x00000000e4200000, 0x00000000e4300000|  0%| F|  |TAMS 0x00000000e4200000, 0x00000000e4200000| Untracked 
|  67|0x00000000e4300000, 0x00000000e4300000, 0x00000000e4400000|  0%| F|  |TAMS 0x00000000e4300000, 0x00000000e4300000| Untracked 
|  68|0x00000000e4400000, 0x00000000e4400000, 0x00000000e4500000|  0%| F|  |TAMS 0x00000000e4400000, 0x00000000e4400000| Untracked 
|  69|0x00000000e4500000, 0x00000000e4500000, 0x00000000e4600000|  0%| F|  |TAMS 0x00000000e4500000, 0x00000000e4500000| Untracked 
|  70|0x00000000e4600000, 0x00000000e4600000, 0x00000000e4700000|  0%| F|  |TAMS 0x00000000e4600000, 0x00000000e4600000| Untracked 
|  71|0x00000000e4700000, 0x00000000e4700000, 0x00000000e4800000|  0%| F|  |TAMS 0x00000000e4700000, 0x00000000e4700000| Untracked 
|  72|0x00000000e4800000, 0x00000000e4800000, 0x00000000e4900000|  0%| F|  |TAMS 0x00000000e4800000, 0x00000000e4800000| Untracked 
|  73|0x00000000e4900000, 0x00000000e4900000, 0x00000000e4a00000|  0%| F|  |TAMS 0x00000000e4900000, 0x00000000e4900000| Untracked 
|  74|0x00000000e4a00000, 0x00000000e4a00000, 0x00000000e4b00000|  0%| F|  |TAMS 0x00000000e4a00000, 0x00000000e4a00000| Untracked 
|  75|0x00000000e4b00000, 0x00000000e4b00000, 0x00000000e4c00000|  0%| F|  |TAMS 0x00000000e4b00000, 0x00000000e4b00000| Untracked 
|  76|0x00000000e4c00000, 0x00000000e4c00000, 0x00000000e4d00000|  0%| F|  |TAMS 0x00000000e4c00000, 0x00000000e4c00000| Untracked 
|  77|0x00000000e4d00000, 0x00000000e4d00000, 0x00000000e4e00000|  0%| F|  |TAMS 0x00000000e4d00000, 0x00000000e4d00000| Untracked 
|  78|0x00000000e4e00000, 0x00000000e4e00000, 0x00000000e4f00000|  0%| F|  |TAMS 0x00000000e4e00000, 0x00000000e4e00000| Untracked 
|  79|0x00000000e4f00000, 0x00000000e4f00000, 0x00000000e5000000|  0%| F|  |TAMS 0x00000000e4f00000, 0x00000000e4f00000| Untracked 
|  80|0x00000000e5000000, 0x00000000e5000000, 0x00000000e5100000|  0%| F|  |TAMS 0x00000000e5000000, 0x00000000e5000000| Untracked 
|  81|0x00000000e5100000, 0x00000000e5100000, 0x00000000e5200000|  0%| F|  |TAMS 0x00000000e5100000, 0x00000000e5100000| Untracked 
|  82|0x00000000e5200000, 0x00000000e5200000, 0x00000000e5300000|  0%| F|  |TAMS 0x00000000e5200000, 0x00000000e5200000| Untracked 
|  83|0x00000000e5300000, 0x00000000e5300000, 0x00000000e5400000|  0%| F|  |TAMS 0x00000000e5300000, 0x00000000e5300000| Untracked 
|  84|0x00000000e5400000, 0x00000000e5400000, 0x00000000e5500000|  0%| F|  |TAMS 0x00000000e5400000, 0x00000000e5400000| Untracked 
|  85|0x00000000e5500000, 0x00000000e5500000, 0x00000000e5600000|  0%| F|  |TAMS 0x00000000e5500000, 0x00000000e5500000| Untracked 
|  86|0x00000000e5600000, 0x00000000e5600000, 0x00000000e5700000|  0%| F|  |TAMS 0x00000000e5600000, 0x00000000e5600000| Untracked 
|  87|0x00000000e5700000, 0x00000000e5700000, 0x00000000e5800000|  0%| F|  |TAMS 0x00000000e5700000, 0x00000000e5700000| Untracked 
|  88|0x00000000e5800000, 0x00000000e5800000, 0x00000000e5900000|  0%| F|  |TAMS 0x00000000e5800000, 0x00000000e5800000| Untracked 
|  89|0x00000000e5900000, 0x00000000e5900000, 0x00000000e5a00000|  0%| F|  |TAMS 0x00000000e5900000, 0x00000000e5900000| Untracked 
|  90|0x00000000e5a00000, 0x00000000e5a00000, 0x00000000e5b00000|  0%| F|  |TAMS 0x00000000e5a00000, 0x00000000e5a00000| Untracked 
|  91|0x00000000e5b00000, 0x00000000e5b00000, 0x00000000e5c00000|  0%| F|  |TAMS 0x00000000e5b00000, 0x00000000e5b00000| Untracked 
|  92|0x00000000e5c00000, 0x00000000e5c00000, 0x00000000e5d00000|  0%| F|  |TAMS 0x00000000e5c00000, 0x00000000e5c00000| Untracked 
|  93|0x00000000e5d00000, 0x00000000e5d00000, 0x00000000e5e00000|  0%| F|  |TAMS 0x00000000e5d00000, 0x00000000e5d00000| Untracked 
|  94|0x00000000e5e00000, 0x00000000e5e00000, 0x00000000e5f00000|  0%| F|  |TAMS 0x00000000e5e00000, 0x00000000e5e00000| Untracked 
|  95|0x00000000e5f00000, 0x00000000e5f00000, 0x00000000e6000000|  0%| F|  |TAMS 0x00000000e5f00000, 0x00000000e5f00000| Untracked 
|  96|0x00000000e6000000, 0x00000000e6000000, 0x00000000e6100000|  0%| F|  |TAMS 0x00000000e6000000, 0x00000000e6000000| Untracked 
|  97|0x00000000e6100000, 0x00000000e6100000, 0x00000000e6200000|  0%| F|  |TAMS 0x00000000e6100000, 0x00000000e6100000| Untracked 
|  98|0x00000000e6200000, 0x00000000e6200000, 0x00000000e6300000|  0%| F|  |TAMS 0x00000000e6200000, 0x00000000e6200000| Untracked 
|  99|0x00000000e6300000, 0x00000000e6300000, 0x00000000e6400000|  0%| F|  |TAMS 0x00000000e6300000, 0x00000000e6300000| Untracked 
| 100|0x00000000e6400000, 0x00000000e6400000, 0x00000000e6500000|  0%| F|  |TAMS 0x00000000e6400000, 0x00000000e6400000| Untracked 
| 101|0x00000000e6500000, 0x00000000e6500000, 0x00000000e6600000|  0%| F|  |TAMS 0x00000000e6500000, 0x00000000e6500000| Untracked 
| 102|0x00000000e6600000, 0x00000000e6600000, 0x00000000e6700000|  0%| F|  |TAMS 0x00000000e6600000, 0x00000000e6600000| Untracked 
| 103|0x00000000e6700000, 0x00000000e6700000, 0x00000000e6800000|  0%| F|  |TAMS 0x00000000e6700000, 0x00000000e6700000| Untracked 
| 104|0x00000000e6800000, 0x00000000e6800000, 0x00000000e6900000|  0%| F|  |TAMS 0x00000000e6800000, 0x00000000e6800000| Untracked 
| 105|0x00000000e6900000, 0x00000000e6900000, 0x00000000e6a00000|  0%| F|  |TAMS 0x00000000e6900000, 0x00000000e6900000| Untracked 
| 106|0x00000000e6a00000, 0x00000000e6a00000, 0x00000000e6b00000|  0%| F|  |TAMS 0x00000000e6a00000, 0x00000000e6a00000| Untracked 
| 107|0x00000000e6b00000, 0x00000000e6b00000, 0x00000000e6c00000|  0%| F|  |TAMS 0x00000000e6b00000, 0x00000000e6b00000| Untracked 
| 108|0x00000000e6c00000, 0x00000000e6c00000, 0x00000000e6d00000|  0%| F|  |TAMS 0x00000000e6c00000, 0x00000000e6c00000| Untracked 
| 109|0x00000000e6d00000, 0x00000000e6d00000, 0x00000000e6e00000|  0%| F|  |TAMS 0x00000000e6d00000, 0x00000000e6d00000| Untracked 
| 110|0x00000000e6e00000, 0x00000000e6e00000, 0x00000000e6f00000|  0%| F|  |TAMS 0x00000000e6e00000, 0x00000000e6e00000| Untracked 
| 111|0x00000000e6f00000, 0x00000000e6f00000, 0x00000000e7000000|  0%| F|  |TAMS 0x00000000e6f00000, 0x00000000e6f00000| Untracked 
| 112|0x00000000e7000000, 0x00000000e7000000, 0x00000000e7100000|  0%| F|  |TAMS 0x00000000e7000000, 0x00000000e7000000| Untracked 
| 113|0x00000000e7100000, 0x00000000e7100000, 0x00000000e7200000|  0%| F|  |TAMS 0x00000000e7100000, 0x00000000e7100000| Untracked 
| 114|0x00000000e7200000, 0x00000000e7200000, 0x00000000e7300000|  0%| F|  |TAMS 0x00000000e7200000, 0x00000000e7200000| Untracked 
| 115|0x00000000e7300000, 0x00000000e7300000, 0x00000000e7400000|  0%| F|  |TAMS 0x00000000e7300000, 0x00000000e7300000| Untracked 
| 116|0x00000000e7400000, 0x00000000e7400000, 0x00000000e7500000|  0%| F|  |TAMS 0x00000000e7400000, 0x00000000e7400000| Untracked 
| 117|0x00000000e7500000, 0x00000000e7500000, 0x00000000e7600000|  0%| F|  |TAMS 0x00000000e7500000, 0x00000000e7500000| Untracked 
| 118|0x00000000e7600000, 0x00000000e7600000, 0x00000000e7700000|  0%| F|  |TAMS 0x00000000e7600000, 0x00000000e7600000| Untracked 
| 119|0x00000000e7700000, 0x00000000e7700000, 0x00000000e7800000|  0%| F|  |TAMS 0x00000000e7700000, 0x00000000e7700000| Untracked 
| 120|0x00000000e7800000, 0x00000000e7800000, 0x00000000e7900000|  0%| F|  |TAMS 0x00000000e7800000, 0x00000000e7800000| Untracked 
| 121|0x00000000e7900000, 0x00000000e7900000, 0x00000000e7a00000|  0%| F|  |TAMS 0x00000000e7900000, 0x00000000e7900000| Untracked 
| 122|0x00000000e7a00000, 0x00000000e7a00000, 0x00000000e7b00000|  0%| F|  |TAMS 0x00000000e7a00000, 0x00000000e7a00000| Untracked 
| 123|0x00000000e7b00000, 0x00000000e7b00000, 0x00000000e7c00000|  0%| F|  |TAMS 0x00000000e7b00000, 0x00000000e7b00000| Untracked 
| 124|0x00000000e7c00000, 0x00000000e7c00000, 0x00000000e7d00000|  0%| F|  |TAMS 0x00000000e7c00000, 0x00000000e7c00000| Untracked 
| 125|0x00000000e7d00000, 0x00000000e7d00000, 0x00000000e7e00000|  0%| F|  |TAMS 0x00000000e7d00000, 0x00000000e7d00000| Untracked 
| 126|0x00000000e7e00000, 0x00000000e7e00000, 0x00000000e7f00000|  0%| F|  |TAMS 0x00000000e7e00000, 0x00000000e7e00000| Untracked 
| 127|0x00000000e7f00000, 0x00000000e7f00000, 0x00000000e8000000|  0%| F|  |TAMS 0x00000000e7f00000, 0x00000000e7f00000| Untracked 
| 128|0x00000000e8000000, 0x00000000e8000000, 0x00000000e8100000|  0%| F|  |TAMS 0x00000000e8000000, 0x00000000e8000000| Untracked 
| 129|0x00000000e8100000, 0x00000000e8100000, 0x00000000e8200000|  0%| F|  |TAMS 0x00000000e8100000, 0x00000000e8100000| Untracked 
| 130|0x00000000e8200000, 0x00000000e8200000, 0x00000000e8300000|  0%| F|  |TAMS 0x00000000e8200000, 0x00000000e8200000| Untracked 
| 131|0x00000000e8300000, 0x00000000e8300000, 0x00000000e8400000|  0%| F|  |TAMS 0x00000000e8300000, 0x00000000e8300000| Untracked 
| 132|0x00000000e8400000, 0x00000000e8400000, 0x00000000e8500000|  0%| F|  |TAMS 0x00000000e8400000, 0x00000000e8400000| Untracked 
| 133|0x00000000e8500000, 0x00000000e8500000, 0x00000000e8600000|  0%| F|  |TAMS 0x00000000e8500000, 0x00000000e8500000| Untracked 
| 134|0x00000000e8600000, 0x00000000e8600000, 0x00000000e8700000|  0%| F|  |TAMS 0x00000000e8600000, 0x00000000e8600000| Untracked 
| 135|0x00000000e8700000, 0x00000000e8700000, 0x00000000e8800000|  0%| F|  |TAMS 0x00000000e8700000, 0x00000000e8700000| Untracked 
| 136|0x00000000e8800000, 0x00000000e8800000, 0x00000000e8900000|  0%| F|  |TAMS 0x00000000e8800000, 0x00000000e8800000| Untracked 
| 137|0x00000000e8900000, 0x00000000e8900000, 0x00000000e8a00000|  0%| F|  |TAMS 0x00000000e8900000, 0x00000000e8900000| Untracked 
| 138|0x00000000e8a00000, 0x00000000e8a00000, 0x00000000e8b00000|  0%| F|  |TAMS 0x00000000e8a00000, 0x00000000e8a00000| Untracked 
| 139|0x00000000e8b00000, 0x00000000e8b00000, 0x00000000e8c00000|  0%| F|  |TAMS 0x00000000e8b00000, 0x00000000e8b00000| Untracked 
| 140|0x00000000e8c00000, 0x00000000e8c00000, 0x00000000e8d00000|  0%| F|  |TAMS 0x00000000e8c00000, 0x00000000e8c00000| Untracked 
| 141|0x00000000e8d00000, 0x00000000e8d00000, 0x00000000e8e00000|  0%| F|  |TAMS 0x00000000e8d00000, 0x00000000e8d00000| Untracked 
| 142|0x00000000e8e00000, 0x00000000e8e00000, 0x00000000e8f00000|  0%| F|  |TAMS 0x00000000e8e00000, 0x00000000e8e00000| Untracked 
| 143|0x00000000e8f00000, 0x00000000e8f00000, 0x00000000e9000000|  0%| F|  |TAMS 0x00000000e8f00000, 0x00000000e8f00000| Untracked 
| 144|0x00000000e9000000, 0x00000000e9000000, 0x00000000e9100000|  0%| F|  |TAMS 0x00000000e9000000, 0x00000000e9000000| Untracked 
| 145|0x00000000e9100000, 0x00000000e9100000, 0x00000000e9200000|  0%| F|  |TAMS 0x00000000e9100000, 0x00000000e9100000| Untracked 
| 146|0x00000000e9200000, 0x00000000e9200000, 0x00000000e9300000|  0%| F|  |TAMS 0x00000000e9200000, 0x00000000e9200000| Untracked 
| 147|0x00000000e9300000, 0x00000000e9300000, 0x00000000e9400000|  0%| F|  |TAMS 0x00000000e9300000, 0x00000000e9300000| Untracked 
| 148|0x00000000e9400000, 0x00000000e9400000, 0x00000000e9500000|  0%| F|  |TAMS 0x00000000e9400000, 0x00000000e9400000| Untracked 
| 149|0x00000000e9500000, 0x00000000e9580800, 0x00000000e9600000| 50%| E|  |TAMS 0x00000000e9500000, 0x00000000e9500000| Complete 
| 150|0x00000000e9600000, 0x00000000e9700000, 0x00000000e9700000|100%| E|CS|TAMS 0x00000000e9600000, 0x00000000e9600000| Complete 
| 151|0x00000000e9700000, 0x00000000e9800000, 0x00000000e9800000|100%| E|CS|TAMS 0x00000000e9700000, 0x00000000e9700000| Complete 
| 152|0x00000000e9800000, 0x00000000e9900000, 0x00000000e9900000|100%| E|CS|TAMS 0x00000000e9800000, 0x00000000e9800000| Complete 
| 153|0x00000000e9900000, 0x00000000e9a00000, 0x00000000e9a00000|100%| E|CS|TAMS 0x00000000e9900000, 0x00000000e9900000| Complete 
| 154|0x00000000e9a00000, 0x00000000e9b00000, 0x00000000e9b00000|100%| E|CS|TAMS 0x00000000e9a00000, 0x00000000e9a00000| Complete 
| 155|0x00000000e9b00000, 0x00000000e9c00000, 0x00000000e9c00000|100%| E|CS|TAMS 0x00000000e9b00000, 0x00000000e9b00000| Complete 
| 156|0x00000000e9c00000, 0x00000000e9d00000, 0x00000000e9d00000|100%| E|CS|TAMS 0x00000000e9c00000, 0x00000000e9c00000| Complete 
| 157|0x00000000e9d00000, 0x00000000e9e00000, 0x00000000e9e00000|100%| E|CS|TAMS 0x00000000e9d00000, 0x00000000e9d00000| Complete 
| 158|0x00000000e9e00000, 0x00000000e9f00000, 0x00000000e9f00000|100%| E|CS|TAMS 0x00000000e9e00000, 0x00000000e9e00000| Complete 
| 159|0x00000000e9f00000, 0x00000000ea000000, 0x00000000ea000000|100%| E|CS|TAMS 0x00000000e9f00000, 0x00000000e9f00000| Complete 
| 160|0x00000000ea000000, 0x00000000ea100000, 0x00000000ea100000|100%| E|CS|TAMS 0x00000000ea000000, 0x00000000ea000000| Complete 
| 161|0x00000000ea100000, 0x00000000ea200000, 0x00000000ea200000|100%| E|CS|TAMS 0x00000000ea100000, 0x00000000ea100000| Complete 
| 162|0x00000000ea200000, 0x00000000ea300000, 0x00000000ea300000|100%| E|CS|TAMS 0x00000000ea200000, 0x00000000ea200000| Complete 
| 163|0x00000000ea300000, 0x00000000ea400000, 0x00000000ea400000|100%| E|CS|TAMS 0x00000000ea300000, 0x00000000ea300000| Complete 
| 164|0x00000000ea400000, 0x00000000ea500000, 0x00000000ea500000|100%| E|CS|TAMS 0x00000000ea400000, 0x00000000ea400000| Complete 
| 165|0x00000000ea500000, 0x00000000ea600000, 0x00000000ea600000|100%| E|CS|TAMS 0x00000000ea500000, 0x00000000ea500000| Complete 
| 166|0x00000000ea600000, 0x00000000ea700000, 0x00000000ea700000|100%| E|CS|TAMS 0x00000000ea600000, 0x00000000ea600000| Complete 
| 167|0x00000000ea700000, 0x00000000ea800000, 0x00000000ea800000|100%| E|CS|TAMS 0x00000000ea700000, 0x00000000ea700000| Complete 
| 168|0x00000000ea800000, 0x00000000ea900000, 0x00000000ea900000|100%| E|CS|TAMS 0x00000000ea800000, 0x00000000ea800000| Complete 
| 169|0x00000000ea900000, 0x00000000eaa00000, 0x00000000eaa00000|100%| E|CS|TAMS 0x00000000ea900000, 0x00000000ea900000| Complete 
| 170|0x00000000eaa00000, 0x00000000eab00000, 0x00000000eab00000|100%| E|CS|TAMS 0x00000000eaa00000, 0x00000000eaa00000| Complete 
| 171|0x00000000eab00000, 0x00000000eac00000, 0x00000000eac00000|100%| E|CS|TAMS 0x00000000eab00000, 0x00000000eab00000| Complete 
| 172|0x00000000eac00000, 0x00000000ead00000, 0x00000000ead00000|100%| S|CS|TAMS 0x00000000eac00000, 0x00000000eac00000| Complete 
| 173|0x00000000ead00000, 0x00000000eae00000, 0x00000000eae00000|100%| S|CS|TAMS 0x00000000ead00000, 0x00000000ead00000| Complete 
| 174|0x00000000eae00000, 0x00000000eaf00000, 0x00000000eaf00000|100%| S|CS|TAMS 0x00000000eae00000, 0x00000000eae00000| Complete 
| 175|0x00000000eaf00000, 0x00000000eb000000, 0x00000000eb000000|100%| S|CS|TAMS 0x00000000eaf00000, 0x00000000eaf00000| Complete 
| 176|0x00000000eb000000, 0x00000000eb100000, 0x00000000eb100000|100%| S|CS|TAMS 0x00000000eb000000, 0x00000000eb000000| Complete 
| 177|0x00000000eb100000, 0x00000000eb200000, 0x00000000eb200000|100%| S|CS|TAMS 0x00000000eb100000, 0x00000000eb100000| Complete 
| 178|0x00000000eb200000, 0x00000000eb300000, 0x00000000eb300000|100%| S|CS|TAMS 0x00000000eb200000, 0x00000000eb200000| Complete 
| 179|0x00000000eb300000, 0x00000000eb400000, 0x00000000eb400000|100%| S|CS|TAMS 0x00000000eb300000, 0x00000000eb300000| Complete 
| 180|0x00000000eb400000, 0x00000000eb500000, 0x00000000eb500000|100%| S|CS|TAMS 0x00000000eb400000, 0x00000000eb400000| Complete 
| 181|0x00000000eb500000, 0x00000000eb600000, 0x00000000eb600000|100%| S|CS|TAMS 0x00000000eb500000, 0x00000000eb500000| Complete 
| 182|0x00000000eb600000, 0x00000000eb700000, 0x00000000eb700000|100%| S|CS|TAMS 0x00000000eb600000, 0x00000000eb600000| Complete 
| 183|0x00000000eb700000, 0x00000000eb800000, 0x00000000eb800000|100%| S|CS|TAMS 0x00000000eb700000, 0x00000000eb700000| Complete 
| 184|0x00000000eb800000, 0x00000000eb900000, 0x00000000eb900000|100%| E|CS|TAMS 0x00000000eb800000, 0x00000000eb800000| Complete 
| 185|0x00000000eb900000, 0x00000000eba00000, 0x00000000eba00000|100%| E|CS|TAMS 0x00000000eb900000, 0x00000000eb900000| Complete 
| 186|0x00000000eba00000, 0x00000000ebb00000, 0x00000000ebb00000|100%| E|CS|TAMS 0x00000000eba00000, 0x00000000eba00000| Complete 
| 187|0x00000000ebb00000, 0x00000000ebc00000, 0x00000000ebc00000|100%| E|CS|TAMS 0x00000000ebb00000, 0x00000000ebb00000| Complete 
| 188|0x00000000ebc00000, 0x00000000ebd00000, 0x00000000ebd00000|100%| E|CS|TAMS 0x00000000ebc00000, 0x00000000ebc00000| Complete 
| 189|0x00000000ebd00000, 0x00000000ebe00000, 0x00000000ebe00000|100%| E|CS|TAMS 0x00000000ebd00000, 0x00000000ebd00000| Complete 
| 190|0x00000000ebe00000, 0x00000000ebf00000, 0x00000000ebf00000|100%| E|CS|TAMS 0x00000000ebe00000, 0x00000000ebe00000| Complete 
| 191|0x00000000ebf00000, 0x00000000ec000000, 0x00000000ec000000|100%| E|CS|TAMS 0x00000000ebf00000, 0x00000000ebf00000| Complete 
| 192|0x00000000ec000000, 0x00000000ec100000, 0x00000000ec100000|100%| E|CS|TAMS 0x00000000ec000000, 0x00000000ec000000| Complete 
| 193|0x00000000ec100000, 0x00000000ec200000, 0x00000000ec200000|100%| E|CS|TAMS 0x00000000ec100000, 0x00000000ec100000| Complete 
| 194|0x00000000ec200000, 0x00000000ec300000, 0x00000000ec300000|100%| E|CS|TAMS 0x00000000ec200000, 0x00000000ec200000| Complete 
| 195|0x00000000ec300000, 0x00000000ec400000, 0x00000000ec400000|100%| E|CS|TAMS 0x00000000ec300000, 0x00000000ec300000| Complete 
| 196|0x00000000ec400000, 0x00000000ec500000, 0x00000000ec500000|100%| E|CS|TAMS 0x00000000ec400000, 0x00000000ec400000| Complete 
| 197|0x00000000ec500000, 0x00000000ec600000, 0x00000000ec600000|100%| E|CS|TAMS 0x00000000ec500000, 0x00000000ec500000| Complete 
| 198|0x00000000ec600000, 0x00000000ec700000, 0x00000000ec700000|100%| E|CS|TAMS 0x00000000ec600000, 0x00000000ec600000| Complete 
| 199|0x00000000ec700000, 0x00000000ec800000, 0x00000000ec800000|100%| E|CS|TAMS 0x00000000ec700000, 0x00000000ec700000| Complete 
| 200|0x00000000ec800000, 0x00000000ec900000, 0x00000000ec900000|100%| E|CS|TAMS 0x00000000ec800000, 0x00000000ec800000| Complete 
| 201|0x00000000ec900000, 0x00000000eca00000, 0x00000000eca00000|100%| E|CS|TAMS 0x00000000ec900000, 0x00000000ec900000| Complete 
| 202|0x00000000eca00000, 0x00000000ecb00000, 0x00000000ecb00000|100%| E|CS|TAMS 0x00000000eca00000, 0x00000000eca00000| Complete 
| 203|0x00000000ecb00000, 0x00000000ecc00000, 0x00000000ecc00000|100%| E|CS|TAMS 0x00000000ecb00000, 0x00000000ecb00000| Complete 
| 204|0x00000000ecc00000, 0x00000000ecd00000, 0x00000000ecd00000|100%| E|CS|TAMS 0x00000000ecc00000, 0x00000000ecc00000| Complete 
| 205|0x00000000ecd00000, 0x00000000ece00000, 0x00000000ece00000|100%| E|CS|TAMS 0x00000000ecd00000, 0x00000000ecd00000| Complete 
| 206|0x00000000ece00000, 0x00000000ecf00000, 0x00000000ecf00000|100%| E|CS|TAMS 0x00000000ece00000, 0x00000000ece00000| Complete 
| 207|0x00000000ecf00000, 0x00000000ed000000, 0x00000000ed000000|100%| E|CS|TAMS 0x00000000ecf00000, 0x00000000ecf00000| Complete 
| 208|0x00000000ed000000, 0x00000000ed100000, 0x00000000ed100000|100%| E|CS|TAMS 0x00000000ed000000, 0x00000000ed000000| Complete 
| 209|0x00000000ed100000, 0x00000000ed200000, 0x00000000ed200000|100%| E|CS|TAMS 0x00000000ed100000, 0x00000000ed100000| Complete 
| 210|0x00000000ed200000, 0x00000000ed300000, 0x00000000ed300000|100%| E|CS|TAMS 0x00000000ed200000, 0x00000000ed200000| Complete 
| 211|0x00000000ed300000, 0x00000000ed400000, 0x00000000ed400000|100%| E|CS|TAMS 0x00000000ed300000, 0x00000000ed300000| Complete 
| 212|0x00000000ed400000, 0x00000000ed500000, 0x00000000ed500000|100%| E|CS|TAMS 0x00000000ed400000, 0x00000000ed400000| Complete 
| 213|0x00000000ed500000, 0x00000000ed600000, 0x00000000ed600000|100%| E|CS|TAMS 0x00000000ed500000, 0x00000000ed500000| Complete 
| 214|0x00000000ed600000, 0x00000000ed700000, 0x00000000ed700000|100%| E|CS|TAMS 0x00000000ed600000, 0x00000000ed600000| Complete 
| 215|0x00000000ed700000, 0x00000000ed800000, 0x00000000ed800000|100%| E|CS|TAMS 0x00000000ed700000, 0x00000000ed700000| Complete 
| 216|0x00000000ed800000, 0x00000000ed900000, 0x00000000ed900000|100%| E|CS|TAMS 0x00000000ed800000, 0x00000000ed800000| Complete 
| 217|0x00000000ed900000, 0x00000000eda00000, 0x00000000eda00000|100%| E|CS|TAMS 0x00000000ed900000, 0x00000000ed900000| Complete 
| 218|0x00000000eda00000, 0x00000000edb00000, 0x00000000edb00000|100%| E|CS|TAMS 0x00000000eda00000, 0x00000000eda00000| Complete 
| 219|0x00000000edb00000, 0x00000000edc00000, 0x00000000edc00000|100%| E|CS|TAMS 0x00000000edb00000, 0x00000000edb00000| Complete 
| 220|0x00000000edc00000, 0x00000000edd00000, 0x00000000edd00000|100%| E|CS|TAMS 0x00000000edc00000, 0x00000000edc00000| Complete 
| 221|0x00000000edd00000, 0x00000000ede00000, 0x00000000ede00000|100%| E|CS|TAMS 0x00000000edd00000, 0x00000000edd00000| Complete 
| 222|0x00000000ede00000, 0x00000000edf00000, 0x00000000edf00000|100%| E|CS|TAMS 0x00000000ede00000, 0x00000000ede00000| Complete 
| 223|0x00000000edf00000, 0x00000000ee000000, 0x00000000ee000000|100%| E|CS|TAMS 0x00000000edf00000, 0x00000000edf00000| Complete 
| 224|0x00000000ee000000, 0x00000000ee100000, 0x00000000ee100000|100%| E|CS|TAMS 0x00000000ee000000, 0x00000000ee000000| Complete 
| 225|0x00000000ee100000, 0x00000000ee200000, 0x00000000ee200000|100%| E|CS|TAMS 0x00000000ee100000, 0x00000000ee100000| Complete 
| 226|0x00000000ee200000, 0x00000000ee300000, 0x00000000ee300000|100%| E|CS|TAMS 0x00000000ee200000, 0x00000000ee200000| Complete 
| 227|0x00000000ee300000, 0x00000000ee400000, 0x00000000ee400000|100%| E|CS|TAMS 0x00000000ee300000, 0x00000000ee300000| Complete 
| 228|0x00000000ee400000, 0x00000000ee500000, 0x00000000ee500000|100%| E|CS|TAMS 0x00000000ee400000, 0x00000000ee400000| Complete 
| 229|0x00000000ee500000, 0x00000000ee600000, 0x00000000ee600000|100%| E|CS|TAMS 0x00000000ee500000, 0x00000000ee500000| Complete 
| 230|0x00000000ee600000, 0x00000000ee700000, 0x00000000ee700000|100%| E|CS|TAMS 0x00000000ee600000, 0x00000000ee600000| Complete 
| 231|0x00000000ee700000, 0x00000000ee800000, 0x00000000ee800000|100%| E|CS|TAMS 0x00000000ee700000, 0x00000000ee700000| Complete 
| 232|0x00000000ee800000, 0x00000000ee900000, 0x00000000ee900000|100%| E|CS|TAMS 0x00000000ee800000, 0x00000000ee800000| Complete 
| 233|0x00000000ee900000, 0x00000000eea00000, 0x00000000eea00000|100%| E|CS|TAMS 0x00000000ee900000, 0x00000000ee900000| Complete 
| 234|0x00000000eea00000, 0x00000000eeb00000, 0x00000000eeb00000|100%| E|CS|TAMS 0x00000000eea00000, 0x00000000eea00000| Complete 
| 235|0x00000000eeb00000, 0x00000000eec00000, 0x00000000eec00000|100%| E|CS|TAMS 0x00000000eeb00000, 0x00000000eeb00000| Complete 
| 236|0x00000000eec00000, 0x00000000eed00000, 0x00000000eed00000|100%| E|CS|TAMS 0x00000000eec00000, 0x00000000eec00000| Complete 
| 237|0x00000000eed00000, 0x00000000eee00000, 0x00000000eee00000|100%| E|CS|TAMS 0x00000000eed00000, 0x00000000eed00000| Complete 
| 238|0x00000000eee00000, 0x00000000eef00000, 0x00000000eef00000|100%| E|CS|TAMS 0x00000000eee00000, 0x00000000eee00000| Complete 
| 239|0x00000000eef00000, 0x00000000ef000000, 0x00000000ef000000|100%| E|CS|TAMS 0x00000000eef00000, 0x00000000eef00000| Complete 
| 240|0x00000000ef000000, 0x00000000ef100000, 0x00000000ef100000|100%| E|CS|TAMS 0x00000000ef000000, 0x00000000ef000000| Complete 
| 241|0x00000000ef100000, 0x00000000ef200000, 0x00000000ef200000|100%| E|CS|TAMS 0x00000000ef100000, 0x00000000ef100000| Complete 
| 242|0x00000000ef200000, 0x00000000ef300000, 0x00000000ef300000|100%| E|CS|TAMS 0x00000000ef200000, 0x00000000ef200000| Complete 
| 243|0x00000000ef300000, 0x00000000ef400000, 0x00000000ef400000|100%| E|CS|TAMS 0x00000000ef300000, 0x00000000ef300000| Complete 
| 244|0x00000000ef400000, 0x00000000ef500000, 0x00000000ef500000|100%| E|CS|TAMS 0x00000000ef400000, 0x00000000ef400000| Complete 
| 245|0x00000000ef500000, 0x00000000ef600000, 0x00000000ef600000|100%| E|CS|TAMS 0x00000000ef500000, 0x00000000ef500000| Complete 
| 246|0x00000000ef600000, 0x00000000ef700000, 0x00000000ef700000|100%| E|CS|TAMS 0x00000000ef600000, 0x00000000ef600000| Complete 
| 247|0x00000000ef700000, 0x00000000ef800000, 0x00000000ef800000|100%| E|CS|TAMS 0x00000000ef700000, 0x00000000ef700000| Complete 
| 248|0x00000000ef800000, 0x00000000ef900000, 0x00000000ef900000|100%| E|CS|TAMS 0x00000000ef800000, 0x00000000ef800000| Complete 
| 249|0x00000000ef900000, 0x00000000efa00000, 0x00000000efa00000|100%| E|CS|TAMS 0x00000000ef900000, 0x00000000ef900000| Complete 
| 250|0x00000000efa00000, 0x00000000efb00000, 0x00000000efb00000|100%| E|CS|TAMS 0x00000000efa00000, 0x00000000efa00000| Complete 
| 251|0x00000000efb00000, 0x00000000efc00000, 0x00000000efc00000|100%| E|CS|TAMS 0x00000000efb00000, 0x00000000efb00000| Complete 
| 252|0x00000000efc00000, 0x00000000efd00000, 0x00000000efd00000|100%| E|CS|TAMS 0x00000000efc00000, 0x00000000efc00000| Complete 
| 253|0x00000000efd00000, 0x00000000efe00000, 0x00000000efe00000|100%| E|CS|TAMS 0x00000000efd00000, 0x00000000efd00000| Complete 
| 254|0x00000000efe00000, 0x00000000eff00000, 0x00000000eff00000|100%| E|CS|TAMS 0x00000000efe00000, 0x00000000efe00000| Complete 
| 255|0x00000000eff00000, 0x00000000f0000000, 0x00000000f0000000|100%| E|CS|TAMS 0x00000000eff00000, 0x00000000eff00000| Complete 

Card table byte_map: [0x000002499bf40000,0x000002499c040000] _byte_map_base: 0x000002499b840000

Marking Bits (Prev, Next): (CMBitMap*) 0x0000024985046820, (CMBitMap*) 0x0000024985046860
 Prev Bits: [0x000002499c140000, 0x000002499c940000)
 Next Bits: [0x000002499c940000, 0x000002499d140000)

Polling page: 0x0000024983000000

Metaspace:

Usage:
  Non-class:     37.00 MB used.
      Class:      5.92 MB used.
       Both:     42.92 MB used.

Virtual space:
  Non-class space:       64.00 MB reserved,      37.25 MB ( 58%) committed,  1 nodes.
      Class space:      208.00 MB reserved,       6.13 MB (  3%) committed,  1 nodes.
             Both:      272.00 MB reserved,      43.38 MB ( 16%) committed. 

Chunk freelists:
   Non-Class:  10.80 MB
       Class:  9.88 MB
        Both:  20.67 MB

MaxMetaspaceSize: 256.00 MB
CompressedClassSpaceSize: 208.00 MB
Initial GC threshold: 21.00 MB
Current GC threshold: 59.38 MB
CDS: on
MetaspaceReclaimPolicy: balanced
 - commit_granule_bytes: 65536.
 - commit_granule_words: 8192.
 - virtual_space_node_default_size: 8388608.
 - enlarge_chunks_in_place: 1.
 - new_chunks_are_fully_committed: 0.
 - uncommit_free_chunks: 1.
 - use_allocation_guard: 0.
 - handle_deallocations: 1.


Internal statistics:

num_allocs_failed_limit: 9.
num_arena_births: 384.
num_arena_deaths: 0.
num_vsnodes_births: 2.
num_vsnodes_deaths: 0.
num_space_committed: 694.
num_space_uncommitted: 0.
num_chunks_returned_to_freelist: 9.
num_chunks_taken_from_freelist: 1997.
num_chunk_merges: 9.
num_chunk_splits: 1382.
num_chunks_enlarged: 1003.
num_inconsistent_stats: 0.

CodeHeap 'non-profiled nmethods': size=120000Kb used=3237Kb max_used=3237Kb free=116762Kb
 bounds [0x00000249945e0000, 0x0000024994910000, 0x000002499bb10000]
CodeHeap 'profiled nmethods': size=120000Kb used=11938Kb max_used=11938Kb free=108061Kb
 bounds [0x000002498cb10000, 0x000002498d6c0000, 0x0000024994040000]
CodeHeap 'non-nmethods': size=5760Kb used=2324Kb max_used=2407Kb free=3435Kb
 bounds [0x0000024994040000, 0x00000249942b0000, 0x00000249945e0000]
 total_blobs=6641 nmethods=5803 adapters=749
 compilation: enabled
              stopped_count=0, restarted_count=0
 full_count=0

Compilation events (20 events):
Event: 7.051 Thread 0x000002499fba0af0 6569       3       org.gradle.model.internal.asm.MethodVisitorScope::_IFNONNULL (9 bytes)
Event: 7.051 Thread 0x000002499fba0af0 nmethod 6569 0x000002498d6a1590 code [0x000002498d6a1740, 0x000002498d6a19c8]
Event: 7.054 Thread 0x000002499fba0af0 6570       1       org.gradle.internal.operations.BuildOperationDescriptor::getParentId (5 bytes)
Event: 7.054 Thread 0x000002499fba0af0 nmethod 6570 0x0000024994900a10 code [0x0000024994900ba0, 0x0000024994900c78]
Event: 7.057 Thread 0x000002499fba0af0 6571       3       org.objectweb.asm.MethodWriter::visitVarInsn (302 bytes)
Event: 7.058 Thread 0x000002499fba0af0 nmethod 6571 0x000002498d6a1b10 code [0x000002498d6a1d60, 0x000002498d6a2768]
Event: 7.058 Thread 0x000002499fba0af0 6572       3       org.objectweb.asm.Label::addLineNumber (89 bytes)
Event: 7.058 Thread 0x000002499fba0af0 nmethod 6572 0x000002498d6a2a10 code [0x000002498d6a2be0, 0x000002498d6a3108]
Event: 7.058 Thread 0x000002499fba0af0 6573       3       org.objectweb.asm.MethodWriter::visitCode (1 bytes)
Event: 7.058 Thread 0x000002499fba0af0 nmethod 6573 0x000002498d6a3290 code [0x000002498d6a3420, 0x000002498d6a3538]
Event: 7.068 Thread 0x000002499fba0af0 6575       3       org.gradle.cache.internal.DefaultCrossBuildInMemoryCacheFactory$AbstractCrossBuildInMemoryCache::getIfPresentWithoutLock (43 bytes)
Event: 7.068 Thread 0x000002499fba0af0 nmethod 6575 0x000002498d6a3610 code [0x000002498d6a37e0, 0x000002498d6a3c48]
Event: 7.068 Thread 0x000002499fba0af0 6576       3       org.gradle.internal.time.MonotonicClock::getCurrentTime (70 bytes)
Event: 7.068 Thread 0x000002499fba0af0 nmethod 6576 0x000002498d6a3d90 code [0x000002498d6a3f80, 0x000002498d6a4338]
Event: 7.069 Thread 0x000002499fba0af0 6577       3       org.gradle.internal.time.MonotonicClock::syncIsDue (28 bytes)
Event: 7.069 Thread 0x000002499fba0af0 nmethod 6577 0x000002498d6a4590 code [0x000002498d6a4740, 0x000002498d6a4928]
Event: 7.069 Thread 0x000002499fba0af0 6578       3       com.google.common.collect.ImmutableList::iterator (5 bytes)
Event: 7.069 Thread 0x000002499fba0af0 nmethod 6578 0x000002498d6a4a10 code [0x000002498d6a4bc0, 0x000002498d6a4e68]
Event: 7.069 Thread 0x000002499fba0af0 6579       3       com.google.common.collect.ImmutableList::listIterator (6 bytes)
Event: 7.069 Thread 0x000002499fba0af0 nmethod 6579 0x000002498d6a4f10 code [0x000002498d6a50c0, 0x000002498d6a5288]

GC Heap History (12 events):
Event: 0.573 GC heap before
{Heap before GC invocations=0 (full 0):
 garbage-first heap   total 262144K, used 25600K [0x00000000e0000000, 0x0000000100000000)
  region size 1024K, 23 young (23552K), 0 survivors (0K)
 Metaspace       used 3002K, committed 3136K, reserved 278528K
  class space    used 380K, committed 448K, reserved 212992K
}
Event: 0.576 GC heap after
{Heap after GC invocations=1 (full 0):
 garbage-first heap   total 262144K, used 9216K [0x00000000e0000000, 0x0000000100000000)
  region size 1024K, 3 young (3072K), 3 survivors (3072K)
 Metaspace       used 3002K, committed 3136K, reserved 278528K
  class space    used 380K, committed 448K, reserved 212992K
}
Event: 0.959 GC heap before
{Heap before GC invocations=1 (full 0):
 garbage-first heap   total 262144K, used 38912K [0x00000000e0000000, 0x0000000100000000)
  region size 1024K, 32 young (32768K), 3 survivors (3072K)
 Metaspace       used 3947K, committed 4096K, reserved 278528K
  class space    used 477K, committed 576K, reserved 212992K
}
Event: 0.963 GC heap after
{Heap after GC invocations=2 (full 0):
 garbage-first heap   total 262144K, used 13699K [0x00000000e0000000, 0x0000000100000000)
  region size 1024K, 4 young (4096K), 4 survivors (4096K)
 Metaspace       used 3947K, committed 4096K, reserved 278528K
  class space    used 477K, committed 576K, reserved 212992K
}
Event: 2.732 GC heap before
{Heap before GC invocations=2 (full 0):
 garbage-first heap   total 262144K, used 115075K [0x00000000e0000000, 0x0000000100000000)
  region size 1024K, 104 young (106496K), 4 survivors (4096K)
 Metaspace       used 21268K, committed 21504K, reserved 278528K
  class space    used 3191K, committed 3328K, reserved 212992K
}
Event: 2.740 GC heap after
{Heap after GC invocations=3 (full 0):
 garbage-first heap   total 262144K, used 20903K [0x00000000e0000000, 0x0000000100000000)
  region size 1024K, 12 young (12288K), 12 survivors (12288K)
 Metaspace       used 21268K, committed 21504K, reserved 278528K
  class space    used 3191K, committed 3328K, reserved 212992K
}
Event: 4.280 GC heap before
{Heap before GC invocations=4 (full 0):
 garbage-first heap   total 262144K, used 155047K [0x00000000e0000000, 0x0000000100000000)
  region size 1024K, 141 young (144384K), 12 survivors (12288K)
 Metaspace       used 34476K, committed 34816K, reserved 278528K
  class space    used 4838K, committed 4992K, reserved 212992K
}
Event: 4.297 GC heap after
{Heap after GC invocations=5 (full 0):
 garbage-first heap   total 262144K, used 32485K [0x00000000e0000000, 0x0000000100000000)
  region size 1024K, 18 young (18432K), 18 survivors (18432K)
 Metaspace       used 34476K, committed 34816K, reserved 278528K
  class space    used 4838K, committed 4992K, reserved 212992K
}
Event: 4.817 GC heap before
{Heap before GC invocations=5 (full 0):
 garbage-first heap   total 262144K, used 170725K [0x00000000e0000000, 0x0000000100000000)
  region size 1024K, 153 young (156672K), 18 survivors (18432K)
 Metaspace       used 34653K, committed 35008K, reserved 278528K
  class space    used 4842K, committed 4992K, reserved 212992K
}
Event: 4.835 GC heap after
{Heap after GC invocations=6 (full 0):
 garbage-first heap   total 262144K, used 39674K [0x00000000e0000000, 0x0000000100000000)
  region size 1024K, 9 young (9216K), 9 survivors (9216K)
 Metaspace       used 34653K, committed 35008K, reserved 278528K
  class space    used 4842K, committed 4992K, reserved 212992K
}
Event: 5.235 GC heap before
{Heap before GC invocations=6 (full 0):
 garbage-first heap   total 262144K, used 113402K [0x00000000e0000000, 0x0000000100000000)
  region size 1024K, 81 young (82944K), 9 survivors (9216K)
 Metaspace       used 35777K, committed 36096K, reserved 278528K
  class space    used 4972K, committed 5120K, reserved 212992K
}
Event: 5.245 GC heap after
{Heap after GC invocations=7 (full 0):
 garbage-first heap   total 262144K, used 44095K [0x00000000e0000000, 0x0000000100000000)
  region size 1024K, 12 young (12288K), 12 survivors (12288K)
 Metaspace       used 35777K, committed 36096K, reserved 278528K
  class space    used 4972K, committed 5120K, reserved 212992K
}

Dll operation events (12 events):
Event: 0.005 Loaded shared library C:\Users\grays\.jdks\corretto-17.0.8\bin\java.dll
Event: 0.022 Loaded shared library C:\Users\grays\.jdks\corretto-17.0.8\bin\jsvml.dll
Event: 0.053 Loaded shared library C:\Users\grays\.jdks\corretto-17.0.8\bin\net.dll
Event: 0.054 Loaded shared library C:\Users\grays\.jdks\corretto-17.0.8\bin\nio.dll
Event: 0.058 Loaded shared library C:\Users\grays\.jdks\corretto-17.0.8\bin\zip.dll
Event: 0.221 Loaded shared library C:\Users\grays\.jdks\corretto-17.0.8\bin\jimage.dll
Event: 0.273 Loaded shared library C:\Users\grays\.jdks\corretto-17.0.8\bin\verify.dll
Event: 0.419 Loaded shared library C:\Users\grays\.gradle\native\68d5fa5c4cc2d200863cafc0d521ce42e7d3e7ee720ec0a83991735586a16f82\windows-amd64\native-platform.dll
Event: 0.423 Loaded shared library C:\Users\grays\.gradle\native\e376f236ea51e6404a007f0833ffe2c6e607c4080706a723a18a27aeea778392\windows-amd64\native-platform-file-events.dll
Event: 1.176 Loaded shared library C:\Users\grays\.jdks\corretto-17.0.8\bin\management.dll
Event: 1.179 Loaded shared library C:\Users\grays\.jdks\corretto-17.0.8\bin\management_ext.dll
Event: 1.555 Loaded shared library C:\Users\grays\.jdks\corretto-17.0.8\bin\sunmscapi.dll

Deoptimization events (20 events):
Event: 6.952 Thread 0x00000249b3568670 Uncommon trap: trap_request=0xffffffde fr.pc=0x0000024994711e64 relative=0x00000000000000c4
Event: 6.952 Thread 0x00000249b3568670 Uncommon trap: reason=class_check action=maybe_recompile pc=0x0000024994711e64 method=java.util.RegularEnumSet.contains(Ljava/lang/Object;)Z @ 38 c2
Event: 6.952 Thread 0x00000249b3568670 DEOPT PACKING pc=0x0000024994711e64 sp=0x000000a6995f9b10
Event: 6.952 Thread 0x00000249b3568670 DEOPT UNPACKING pc=0x00000249940969a3 sp=0x000000a6995f9a98 mode 2
Event: 7.040 Thread 0x00000249b3568670 Uncommon trap: trap_request=0xffffff45 fr.pc=0x0000024994738b08 relative=0x00000000000002e8
Event: 7.040 Thread 0x00000249b3568670 Uncommon trap: reason=unstable_if action=reinterpret pc=0x0000024994738b08 method=java.util.HashMap.getNode(Ljava/lang/Object;)Ljava/util/HashMap$Node; @ 57 c2
Event: 7.040 Thread 0x00000249b3568670 DEOPT PACKING pc=0x0000024994738b08 sp=0x000000a6995f84b0
Event: 7.041 Thread 0x00000249b3568670 DEOPT UNPACKING pc=0x00000249940969a3 sp=0x000000a6995f83d0 mode 2
Event: 7.041 Thread 0x00000249b3568670 Uncommon trap: trap_request=0xffffff45 fr.pc=0x00000249948039c8 relative=0x00000000000009c8
Event: 7.041 Thread 0x00000249b3568670 Uncommon trap: reason=unstable_if action=reinterpret pc=0x00000249948039c8 method=java.util.HashMap.putVal(ILjava/lang/Object;Ljava/lang/Object;ZZ)Ljava/lang/Object; @ 85 c2
Event: 7.041 Thread 0x00000249b3568670 DEOPT PACKING pc=0x00000249948039c8 sp=0x000000a6995f8470
Event: 7.041 Thread 0x00000249b3568670 DEOPT UNPACKING pc=0x00000249940969a3 sp=0x000000a6995f83b0 mode 2
Event: 7.045 Thread 0x00000249b3568670 Uncommon trap: trap_request=0xffffff45 fr.pc=0x0000024994756178 relative=0x0000000000000338
Event: 7.045 Thread 0x00000249b3568670 Uncommon trap: reason=unstable_if action=reinterpret pc=0x0000024994756178 method=org.gradle.internal.reflect.PropertyAccessorType.isGetGetterName(Ljava/lang/String;)Z @ 14 c2
Event: 7.045 Thread 0x00000249b3568670 DEOPT PACKING pc=0x0000024994756178 sp=0x000000a6995f8f00
Event: 7.045 Thread 0x00000249b3568670 DEOPT UNPACKING pc=0x00000249940969a3 sp=0x000000a6995f8e58 mode 2
Event: 7.057 Thread 0x00000249b3568670 Uncommon trap: trap_request=0xffffff45 fr.pc=0x00000249948fd1c0 relative=0x0000000000000560
Event: 7.057 Thread 0x00000249b3568670 Uncommon trap: reason=unstable_if action=reinterpret pc=0x00000249948fd1c0 method=org.objectweb.asm.MethodWriter.visitVarInsn(II)V @ 108 c2
Event: 7.057 Thread 0x00000249b3568670 DEOPT PACKING pc=0x00000249948fd1c0 sp=0x000000a6995f87c0
Event: 7.057 Thread 0x00000249b3568670 DEOPT UNPACKING pc=0x00000249940969a3 sp=0x000000a6995f8770 mode 2

Classes unloaded (0 events):
No events

Classes redefined (0 events):
No events

Internal exceptions (20 events):
Event: 6.750 Thread 0x00000249b3568670 Exception <a 'java/lang/ClassNotFoundException'{0x00000000eb829e58}: groovy/lang/ReferenceCustomizer> (0x00000000eb829e58) 
thrown [s\src\hotspot\share\classfile\systemDictionary.cpp, line 256]
Event: 6.754 Thread 0x00000249b3568670 Exception <a 'java/lang/ClassNotFoundException'{0x00000000eb862ba0}: SetupUtpTestResultListenerActionBeanInfo> (0x00000000eb862ba0) 
thrown [s\src\hotspot\share\classfile\systemDictionary.cpp, line 256]
Event: 6.754 Thread 0x00000249b3568670 Exception <a 'java/lang/ClassNotFoundException'{0x00000000eb86b170}: SetupUtpTestResultListenerActionCustomizer> (0x00000000eb86b170) 
thrown [s\src\hotspot\share\classfile\systemDictionary.cpp, line 256]
Event: 6.783 Thread 0x00000249b3568670 Exception <a 'java/lang/ClassNotFoundException'{0x00000000eaa3ea70}: ijTestInit1_ep37itwbaih0g1euiqg30nmgjBeanInfo> (0x00000000eaa3ea70) 
thrown [s\src\hotspot\share\classfile\systemDictionary.cpp, line 256]
Event: 6.784 Thread 0x00000249b3568670 Exception <a 'java/lang/ClassNotFoundException'{0x00000000eaa445b0}: ijTestInit1_ep37itwbaih0g1euiqg30nmgjCustomizer> (0x00000000eaa445b0) 
thrown [s\src\hotspot\share\classfile\systemDictionary.cpp, line 256]
Event: 6.801 Thread 0x00000249b3568670 Exception <a 'java/lang/NoSuchMethodError'{0x00000000ea948008}: 'java.lang.Object java.lang.invoke.DirectMethodHandle$Holder.newInvokeSpecial(java.lang.Object, java.lang.Object, int, int)'> (0x00000000ea948008) 
thrown [s\src\hotspot\share\interpreter\linkResolver.cpp, line 759]
Event: 6.820 Thread 0x00000249b3568670 Exception <a 'java/lang/ClassNotFoundException'{0x00000000ea8ba4f8}: settings_djxmvtxt1ll1d3qqmk8zgfsw1BeanInfo> (0x00000000ea8ba4f8) 
thrown [s\src\hotspot\share\classfile\systemDictionary.cpp, line 256]
Event: 6.821 Thread 0x00000249b3568670 Exception <a 'java/lang/ClassNotFoundException'{0x00000000ea8c4760}: org/gradle/initialization/SettingsScriptBeanInfo> (0x00000000ea8c4760) 
thrown [s\src\hotspot\share\classfile\systemDictionary.cpp, line 256]
Event: 6.821 Thread 0x00000249b3568670 Exception <a 'java/lang/ClassNotFoundException'{0x00000000ea8cedb0}: org/gradle/plugin/use/internal/PluginsAwareScriptBeanInfo> (0x00000000ea8cedb0) 
thrown [s\src\hotspot\share\classfile\systemDictionary.cpp, line 256]
Event: 6.821 Thread 0x00000249b3568670 Exception <a 'java/lang/ClassNotFoundException'{0x00000000ea8d93f8}: org/gradle/plugin/use/internal/PluginsAwareScriptCustomizer> (0x00000000ea8d93f8) 
thrown [s\src\hotspot\share\classfile\systemDictionary.cpp, line 256]
Event: 6.822 Thread 0x00000249b3568670 Exception <a 'java/lang/ClassNotFoundException'{0x00000000ea8eb9d8}: org/gradle/initialization/SettingsScriptCustomizer> (0x00000000ea8eb9d8) 
thrown [s\src\hotspot\share\classfile\systemDictionary.cpp, line 256]
Event: 6.823 Thread 0x00000249b3568670 Exception <a 'java/lang/ClassNotFoundException'{0x00000000ea8f95a0}: settings_djxmvtxt1ll1d3qqmk8zgfsw1Customizer> (0x00000000ea8f95a0) 
thrown [s\src\hotspot\share\classfile\systemDictionary.cpp, line 256]
Event: 6.827 Thread 0x00000249b3568670 Exception <a 'java/lang/ClassNotFoundException'{0x00000000ea759a60}: org/gradle/initialization/DefaultSettings_DecoratedBeanInfo> (0x00000000ea759a60) 
thrown [s\src\hotspot\share\classfile\systemDictionary.cpp, line 256]
Event: 6.828 Thread 0x00000249b3568670 Exception <a 'java/lang/ClassNotFoundException'{0x00000000ea768928}: org/gradle/initialization/DefaultSettingsBeanInfo> (0x00000000ea768928) 
thrown [s\src\hotspot\share\classfile\systemDictionary.cpp, line 256]
Event: 6.829 Thread 0x00000249b3568670 Exception <a 'java/lang/ClassNotFoundException'{0x00000000ea7771c8}: org/gradle/initialization/DefaultSettingsCustomizer> (0x00000000ea7771c8) 
thrown [s\src\hotspot\share\classfile\systemDictionary.cpp, line 256]
Event: 6.831 Thread 0x00000249b3568670 Exception <a 'java/lang/ClassNotFoundException'{0x00000000ea7b71b8}: org/gradle/initialization/DefaultSettings_DecoratedCustomizer> (0x00000000ea7b71b8) 
thrown [s\src\hotspot\share\classfile\systemDictionary.cpp, line 256]
Event: 6.836 Thread 0x00000249b3568670 Exception <a 'java/lang/ClassNotFoundException'{0x00000000ea625cd0}: org/gradle/initialization/DefaultProjectDescriptorBeanInfo> (0x00000000ea625cd0) 
thrown [s\src\hotspot\share\classfile\systemDictionary.cpp, line 256]
Event: 6.837 Thread 0x00000249b3568670 Exception <a 'java/lang/ClassNotFoundException'{0x00000000ea634160}: org/gradle/initialization/DefaultProjectDescriptorCustomizer> (0x00000000ea634160) 
thrown [s\src\hotspot\share\classfile\systemDictionary.cpp, line 256]
Event: 6.841 Thread 0x00000249b3568670 Exception <a 'java/lang/NoSuchMethodError'{0x00000000ea661718}: 'void java.lang.invoke.DirectMethodHandle$Holder.invokeInterface(java.lang.Object, java.lang.Object)'> (0x00000000ea661718) 
thrown [s\src\hotspot\share\interpreter\linkResolver.cpp, line 759]
Event: 7.057 Thread 0x00000249b3568670 Implicit null exception at 0x00000249948fcd20 to 0x00000249948fd1b4

VM Operations (20 events):
Event: 5.581 Executing VM operation: HandshakeAllThreads
Event: 5.581 Executing VM operation: HandshakeAllThreads done
Event: 5.885 Executing VM operation: ICBufferFull
Event: 5.885 Executing VM operation: ICBufferFull done
Event: 5.910 Executing VM operation: ICBufferFull
Event: 5.911 Executing VM operation: ICBufferFull done
Event: 6.067 Executing VM operation: ICBufferFull
Event: 6.067 Executing VM operation: ICBufferFull done
Event: 6.208 Executing VM operation: ICBufferFull
Event: 6.208 Executing VM operation: ICBufferFull done
Event: 6.228 Executing VM operation: HandshakeAllThreads
Event: 6.228 Executing VM operation: HandshakeAllThreads done
Event: 6.363 Executing VM operation: ICBufferFull
Event: 6.363 Executing VM operation: ICBufferFull done
Event: 6.726 Executing VM operation: ICBufferFull
Event: 6.726 Executing VM operation: ICBufferFull done
Event: 6.910 Executing VM operation: HandshakeAllThreads
Event: 6.910 Executing VM operation: HandshakeAllThreads done
Event: 7.067 Executing VM operation: ICBufferFull
Event: 7.067 Executing VM operation: ICBufferFull done

Events (20 events):
Event: 6.311 loading class java/util/LinkedList$DescendingIterator done
Event: 6.621 Thread 0x00000249b4040160 Thread added: 0x00000249b4040160
Event: 6.772 Thread 0x00000249b4040670 Thread added: 0x00000249b4040670
Event: 6.776 Thread 0x00000249b4040b80 Thread added: 0x00000249b4040b80
Event: 6.804 loading class jdk/internal/reflect/UnsafeStaticIntegerFieldAccessorImpl
Event: 6.804 loading class jdk/internal/reflect/UnsafeStaticIntegerFieldAccessorImpl done
Event: 6.810 Thread 0x00000249b4041090 Thread added: 0x00000249b4041090
Event: 6.848 loading class java/util/zip/GZIPOutputStream
Event: 6.848 loading class java/util/zip/GZIPOutputStream done
Event: 6.848 loading class java/util/zip/GZIPInputStream
Event: 6.849 loading class java/util/zip/GZIPInputStream done
Event: 6.852 loading class java/lang/ThreadLocal$SuppliedThreadLocal
Event: 6.852 loading class java/lang/ThreadLocal$SuppliedThreadLocal done
Event: 6.868 Thread 0x00000249b40415a0 Thread added: 0x00000249b40415a0
Event: 6.897 loading class java/nio/file/AtomicMoveNotSupportedException
Event: 6.897 loading class java/nio/file/AtomicMoveNotSupportedException done
Event: 6.910 loading class java/io/FileWriter
Event: 6.910 loading class java/io/FileWriter done
Event: 7.059 loading class java/lang/StringIndexOutOfBoundsException
Event: 7.060 loading class java/lang/StringIndexOutOfBoundsException done


Dynamic libraries:
0x00007ff7fceb0000 - 0x00007ff7fcebd000 	C:\Users\grays\.jdks\corretto-17.0.8\bin\java.exe
0x00007ff895f00000 - 0x00007ff8960f0000 	C:\WINDOWS\SYSTEM32\ntdll.dll
0x00007ff894060000 - 0x00007ff894112000 	C:\WINDOWS\System32\KERNEL32.DLL
0x00007ff8939e0000 - 0x00007ff893c85000 	C:\WINDOWS\System32\KERNELBASE.dll
0x00007ff893cc0000 - 0x00007ff893dba000 	C:\WINDOWS\System32\ucrtbase.dll
0x00007ff88bed0000 - 0x00007ff88bee7000 	C:\Users\grays\.jdks\corretto-17.0.8\bin\jli.dll
0x00007ff88be50000 - 0x00007ff88be65000 	C:\Users\grays\.jdks\corretto-17.0.8\bin\VCRUNTIME140.dll
0x00007ff8949b0000 - 0x00007ff894b44000 	C:\WINDOWS\System32\USER32.dll
0x00007ff893c90000 - 0x00007ff893cb1000 	C:\WINDOWS\System32\win32u.dll
0x00007ff8957b0000 - 0x00007ff8957d6000 	C:\WINDOWS\System32\GDI32.dll
0x00007ff87b890000 - 0x00007ff87bb14000 	C:\WINDOWS\WinSxS\amd64_microsoft.windows.common-controls_6595b64144ccf1df_6.0.18362.1256_none_9e7e379be45e40e2\COMCTL32.dll
0x00007ff892e70000 - 0x00007ff893006000 	C:\WINDOWS\System32\gdi32full.dll
0x00007ff893dc0000 - 0x00007ff893e5e000 	C:\WINDOWS\System32\msvcp_win.dll
0x00007ff895e20000 - 0x00007ff895ebe000 	C:\WINDOWS\System32\msvcrt.dll
0x00007ff894120000 - 0x00007ff894456000 	C:\WINDOWS\System32\combase.dll
0x00007ff895690000 - 0x00007ff8957b0000 	C:\WINDOWS\System32\RPCRT4.dll
0x00007ff893010000 - 0x00007ff893091000 	C:\WINDOWS\System32\bcryptPrimitives.dll
0x00007ff894980000 - 0x00007ff8949ae000 	C:\WINDOWS\System32\IMM32.DLL
0x00007ff87c3e0000 - 0x00007ff87c47b000 	C:\Users\grays\.jdks\corretto-17.0.8\bin\msvcp140.dll
0x00007ff84e960000 - 0x00007ff84f57d000 	C:\Users\grays\.jdks\corretto-17.0.8\bin\server\jvm.dll
0x00007ff8957e0000 - 0x00007ff895883000 	C:\WINDOWS\System32\ADVAPI32.dll
0x00007ff895970000 - 0x00007ff895a07000 	C:\WINDOWS\System32\sechost.dll
0x00007ff892e20000 - 0x00007ff892e6a000 	C:\WINDOWS\System32\POWRPROF.dll
0x00007ff892da0000 - 0x00007ff892db0000 	C:\WINDOWS\System32\UMPDC.dll
0x00007ff88e020000 - 0x00007ff88e029000 	C:\WINDOWS\SYSTEM32\WSOCK32.dll
0x00007ff88d750000 - 0x00007ff88d75a000 	C:\WINDOWS\SYSTEM32\VERSION.dll
0x00007ff8958f0000 - 0x00007ff89595f000 	C:\WINDOWS\System32\WS2_32.dll
0x00007ff890860000 - 0x00007ff890884000 	C:\WINDOWS\SYSTEM32\WINMM.dll
0x00007ff890830000 - 0x00007ff89085d000 	C:\WINDOWS\SYSTEM32\winmmbase.dll
0x00007ff893830000 - 0x00007ff89387a000 	C:\WINDOWS\System32\cfgmgr32.dll
0x00007ff892db0000 - 0x00007ff892dc1000 	C:\WINDOWS\System32\kernel.appcore.dll
0x00007ff890cd0000 - 0x00007ff890cda000 	C:\Users\grays\.jdks\corretto-17.0.8\bin\jimage.dll
0x00007ff891540000 - 0x00007ff891734000 	C:\WINDOWS\SYSTEM32\DBGHELP.DLL
0x00007ff88be00000 - 0x00007ff88be2a000 	C:\WINDOWS\SYSTEM32\dbgcore.DLL
0x00007ff88bd30000 - 0x00007ff88bd55000 	C:\Users\grays\.jdks\corretto-17.0.8\bin\java.dll
0x00007ff87a770000 - 0x00007ff87a846000 	C:\Users\grays\.jdks\corretto-17.0.8\bin\jsvml.dll
0x00007ff894fa0000 - 0x00007ff895687000 	C:\WINDOWS\System32\SHELL32.dll
0x00007ff8948d0000 - 0x00007ff894979000 	C:\WINDOWS\System32\shcore.dll
0x00007ff8930a0000 - 0x00007ff893821000 	C:\WINDOWS\System32\windows.storage.dll
0x00007ff892dd0000 - 0x00007ff892df3000 	C:\WINDOWS\System32\profapi.dll
0x00007ff895dc0000 - 0x00007ff895e12000 	C:\WINDOWS\System32\shlwapi.dll
0x00007ff8939c0000 - 0x00007ff8939d7000 	C:\WINDOWS\System32\cryptsp.dll
0x00007ff88a690000 - 0x00007ff88a6a9000 	C:\Users\grays\.jdks\corretto-17.0.8\bin\net.dll
0x00007ff88c1c0000 - 0x00007ff88c2b0000 	C:\WINDOWS\SYSTEM32\WINHTTP.dll
0x00007ff892590000 - 0x00007ff8925f7000 	C:\WINDOWS\system32\mswsock.dll
0x00007ff887820000 - 0x00007ff887835000 	C:\Users\grays\.jdks\corretto-17.0.8\bin\nio.dll
0x00007ff8876e0000 - 0x00007ff8876f8000 	C:\Users\grays\.jdks\corretto-17.0.8\bin\zip.dll
0x00007ff88fb60000 - 0x00007ff88fb70000 	C:\Users\grays\.jdks\corretto-17.0.8\bin\verify.dll
0x00007ff880040000 - 0x00007ff880067000 	C:\Users\grays\.gradle\native\68d5fa5c4cc2d200863cafc0d521ce42e7d3e7ee720ec0a83991735586a16f82\windows-amd64\native-platform.dll
0x00007ff877610000 - 0x00007ff877754000 	C:\Users\grays\.gradle\native\e376f236ea51e6404a007f0833ffe2c6e607c4080706a723a18a27aeea778392\windows-amd64\native-platform-file-events.dll
0x00007ff88f8d0000 - 0x00007ff88f8d9000 	C:\Users\grays\.jdks\corretto-17.0.8\bin\management.dll
0x00007ff88d780000 - 0x00007ff88d78b000 	C:\Users\grays\.jdks\corretto-17.0.8\bin\management_ext.dll
0x00007ff895960000 - 0x00007ff895968000 	C:\WINDOWS\System32\PSAPI.DLL
0x00007ff892100000 - 0x00007ff892133000 	C:\WINDOWS\system32\rsaenh.dll
0x00007ff893930000 - 0x00007ff893956000 	C:\WINDOWS\System32\bcrypt.dll
0x00007ff892c80000 - 0x00007ff892ca5000 	C:\WINDOWS\SYSTEM32\USERENV.dll
0x00007ff892760000 - 0x00007ff89276c000 	C:\WINDOWS\SYSTEM32\CRYPTBASE.dll
0x00007ff8922a0000 - 0x00007ff8922da000 	C:\WINDOWS\SYSTEM32\IPHLPAPI.DLL
0x00007ff894f90000 - 0x00007ff894f98000 	C:\WINDOWS\System32\NSI.dll
0x00007ff88bb00000 - 0x00007ff88bb16000 	C:\WINDOWS\SYSTEM32\dhcpcsvc6.DLL
0x00007ff88bbb0000 - 0x00007ff88bbcc000 	C:\WINDOWS\SYSTEM32\dhcpcsvc.DLL
0x00007ff892330000 - 0x00007ff8923fb000 	C:\WINDOWS\SYSTEM32\DNSAPI.dll
0x00007ff88bea0000 - 0x00007ff88beae000 	C:\Users\grays\.jdks\corretto-17.0.8\bin\sunmscapi.dll
0x00007ff893e60000 - 0x00007ff893fa9000 	C:\WINDOWS\System32\CRYPT32.dll
0x00007ff892e00000 - 0x00007ff892e12000 	C:\WINDOWS\System32\MSASN1.dll
0x00007ff892860000 - 0x00007ff892886000 	C:\WINDOWS\SYSTEM32\ncrypt.dll
0x00007ff892820000 - 0x00007ff89285b000 	C:\WINDOWS\SYSTEM32\NTASN1.dll
0x00007ff880230000 - 0x00007ff880237000 	C:\WINDOWS\system32\wshunix.dll

dbghelp: loaded successfully - version: 4.0.5 - missing functions: none
symbol engine: initialized successfully - sym options: 0x614 - pdb path: .;C:\Users\grays\.jdks\corretto-17.0.8\bin;C:\WINDOWS\SYSTEM32;C:\WINDOWS\WinSxS\amd64_microsoft.windows.common-controls_6595b64144ccf1df_6.0.18362.1256_none_9e7e379be45e40e2;C:\Users\grays\.jdks\corretto-17.0.8\bin\server;C:\Users\grays\.gradle\native\68d5fa5c4cc2d200863cafc0d521ce42e7d3e7ee720ec0a83991735586a16f82\windows-amd64;C:\Users\grays\.gradle\native\e376f236ea51e6404a007f0833ffe2c6e607c4080706a723a18a27aeea778392\windows-amd64

VM Arguments:
jvm_args: --add-opens=java.base/java.util.concurrent.atomic=ALL-UNNAMED -XX:MaxMetaspaceSize=256m -XX:+HeapDumpOnOutOfMemoryError --add-opens=java.base/java.util=ALL-UNNAMED --add-opens=java.base/java.lang=ALL-UNNAMED --add-opens=java.base/java.lang.invoke=ALL-UNNAMED --add-opens=java.prefs/java.util.prefs=ALL-UNNAMED --add-opens=java.base/java.nio.charset=ALL-UNNAMED --add-opens=java.base/java.net=ALL-UNNAMED --add-opens=java.base/java.util.concurrent.atomic=ALL-UNNAMED -Xms256m -Xmx512m -Dfile.encoding=windows-1252 -Duser.country=US -Duser.language=en -Duser.variant 
java_command: org.gradle.launcher.daemon.bootstrap.GradleDaemon 7.6.1
java_class_path (initial): C:\Users\grays\.gradle\wrapper\dists\gradle-7.6.1-bin\2clxi94ab3brv6467628wnxmd\gradle-7.6.1\lib\gradle-launcher-7.6.1.jar
Launcher Type: SUN_STANDARD

[Global flags]
     intx CICompilerCount                          = 4                                         {product} {ergonomic}
   size_t CompressedClassSpaceSize                 = 218103808                                 {product} {ergonomic}
     uint ConcGCThreads                            = 2                                         {product} {ergonomic}
     uint G1ConcRefinementThreads                  = 8                                         {product} {ergonomic}
   size_t G1HeapRegionSize                         = 1048576                                   {product} {ergonomic}
    uintx GCDrainStackTargetSize                   = 64                                        {product} {ergonomic}
     bool HeapDumpOnOutOfMemoryError               = true                                   {manageable} {command line}
   size_t InitialHeapSize                          = 268435456                                 {product} {command line}
   size_t MarkStackSize                            = 4194304                                   {product} {ergonomic}
   size_t MaxHeapSize                              = 536870912                                 {product} {command line}
   size_t MaxMetaspaceSize                         = 268435456                                 {product} {command line}
   size_t MaxNewSize                               = 321912832                                 {product} {ergonomic}
   size_t MinHeapDeltaBytes                        = 1048576                                   {product} {ergonomic}
   size_t MinHeapSize                              = 268435456                                 {product} {command line}
    uintx NonNMethodCodeHeapSize                   = 5839372                                {pd product} {ergonomic}
    uintx NonProfiledCodeHeapSize                  = 122909434                              {pd product} {ergonomic}
    uintx ProfiledCodeHeapSize                     = 122909434                              {pd product} {ergonomic}
    uintx ReservedCodeCacheSize                    = 251658240                              {pd product} {ergonomic}
     bool SegmentedCodeCache                       = true                                      {product} {ergonomic}
   size_t SoftMaxHeapSize                          = 536870912                              {manageable} {ergonomic}
     bool UseCompressedClassPointers               = true                           {product lp64_product} {ergonomic}
     bool UseCompressedOops                        = true                           {product lp64_product} {ergonomic}
     bool UseG1GC                                  = true                                      {product} {ergonomic}
     bool UseLargePagesIndividualAllocation        = false                                  {pd product} {ergonomic}

Logging:
Log output configuration:
 #0: stdout all=warning uptime,level,tags
 #1: stderr all=off uptime,level,tags

Environment Variables:
PATH=C:\Program Files (x86)\Common Files\Intel\Shared Libraries\redist\intel64\compiler;C:\Program Files (x86)\Common Files\Oracle\Java\javapath;C:\Program Files (x86)\Intel\iCLS Client\;C:\Program Files\Intel\iCLS Client\;C:\WINDOWS\system32;C:\WINDOWS;C:\WINDOWS\System32\Wbem;C:\WINDOWS\System32\WindowsPowerShell\v1.0\;C:\Program Files (x86)\Intel\Intel(R) Management Engine Components\DAL;C:\Program Files\Intel\Intel(R) Management Engine Components\DAL;C:\Program Files (x86)\Intel\Intel(R) Management Engine Components\IPT;C:\Program Files\Intel\Intel(R) Management Engine Components\IPT;C:\WINDOWS\System32\OpenSSH\;C:\Program Files\dotnet\;C:\Program Files\Microsoft SQL Server\130\Tools\Binn\;C:\Program Files\Intel\WiFi\bin\;C:\Program Files\Common Files\Intel\WirelessCommon\;C:\Program Files\Microsoft SQL Server\Client SDK\ODBC\170\Tools\Binn\;C:\Program Files (x86)\Microsoft SQL Server\150\Tools\Binn\;C:\Program Files\Microsoft SQL Server\150\Tools\Binn\;C:\Program Files\Microsoft SQL Server\150\DTS\Binn\;C:\Program Files (x86)\Microsoft SQL Server\150\DTS\Binn\;C:\Program Files\Git\cmd;C:\Program Files\nodejs\;C:\Users\grays\AppData\Local\Microsoft\WindowsApps;;C:\Users\grays\AppData\Local\Programs\Microsoft VS Code\bin;C:\Users\grays\AppData\Roaming\npm;C:\Program Files\JetBrains\IntelliJ IDEA Community Edition 2023.2\1\bin;
USERNAME=grays
OS=Windows_NT
PROCESSOR_IDENTIFIER=Intel64 Family 6 Model 142 Stepping 10, GenuineIntel
TMP=C:\Users\grays\AppData\Local\Temp
TEMP=C:\Users\grays\AppData\Local\Temp



---------------  S Y S T E M  ---------------

OS:
 Windows 10 , 64 bit Build 18362 (10.0.18362.1110)
OS uptime: 27 days 21:07 hours

CPU: total 8 (initial active 8) (4 cores per cpu, 2 threads per core) family 6 model 142 stepping 10 microcode 0x96, cx8, cmov, fxsr, ht, mmx, 3dnowpref, sse, sse2, sse3, ssse3, sse4.1, sse4.2, popcnt, lzcnt, tsc, tscinvbit, avx, avx2, aes, erms, clmul, bmi1, bmi2, adx, fma, vzeroupper, clflush, clflushopt
Processor Information for all 8 processors :
  Max Mhz: 1800, Current Mhz: 1600, Mhz Limit: 1584

Memory: 4k page, system-wide physical 8075M (646M free)
TotalPageFile size 32651M (AvailPageFile size 6M)
current process WorkingSet (physical memory assigned to process): 379M, peak: 380M
current process commit charge ("private bytes"): 487M, peak: 488M

vm_info: OpenJDK 64-Bit Server VM (17.0.8+7-LTS) for windows-amd64 JRE (17.0.8+7-LTS), built on Jul 10 2023 20:26:03 by "Administrator" with MS VC++ 15.9 (VS2017)

END.
