#
# There is insufficient memory for the Java Runtime Environment to continue.
# Native memory allocation (malloc) failed to allocate 1875856 bytes for Chunk::new
# Possible reasons:
#   The system is out of physical RAM or swap space
#   The process is running with CompressedOops enabled, and the Java Heap may be blocking the growth of the native heap
# Possible solutions:
#   Reduce memory load on the system
#   Increase physical memory or swap space
#   Check if swap backing store is full
#   Decrease Java heap size (-Xmx/-Xms)
#   Decrease number of Java threads
#   Decrease Java thread stack sizes (-Xss)
#   Set larger code cache with -XX:ReservedCodeCacheSize=
#   JVM is running with Unscaled Compressed Oops mode in which the Java heap is
#     placed in the first 4GB address space. The Java Heap base address is the
#     maximum limit for the native heap growth. Please use -XX:HeapBaseMinAddress
#     to set the Java Heap base and to place the Java Heap above 4GB virtual address.
# This output file may be truncated or incomplete.
#
#  Out of Memory Error (arena.cpp:189), pid=27980, tid=111144
#
# JRE version: OpenJDK Runtime Environment Corretto-17.0.8.7.1 (17.0.8+7) (build 17.0.8+7-LTS)
# Java VM: OpenJDK 64-Bit Server VM Corretto-17.0.8.7.1 (17.0.8+7-LTS, mixed mode, sharing, tiered, compressed oops, compressed class ptrs, g1 gc, windows-amd64)
# No core dump will be written. Minidumps are not enabled by default on client versions of Windows
#

---------------  S U M M A R Y ------------

Command Line: --add-opens=java.base/java.util=ALL-UNNAMED --add-opens=java.base/java.lang=ALL-UNNAMED --add-opens=java.base/java.lang.invoke=ALL-UNNAMED --add-opens=java.prefs/java.util.prefs=ALL-UNNAMED --add-opens=java.base/java.nio.charset=ALL-UNNAMED --add-opens=java.base/java.net=ALL-UNNAMED --add-opens=java.base/java.util.concurrent.atomic=ALL-UNNAMED -XX:MaxMetaspaceSize=256m -XX:+HeapDumpOnOutOfMemoryError -Xms256m -Xmx512m -Dfile.encoding=windows-1252 -Duser.country=US -Duser.language=en -Duser.variant org.gradle.launcher.daemon.bootstrap.GradleDaemon 7.6.1

Host: Intel(R) Core(TM) i5-8250U CPU @ 1.60GHz, 8 cores, 7G,  Windows 10 , 64 bit Build 18362 (10.0.18362.1110)
Time: Mon Oct  9 14:39:36 2023 Central Daylight Time elapsed time: 234.726071 seconds (0d 0h 3m 54s)

---------------  T H R E A D  ---------------

Current thread (0x0000018dc03fe1f0):  JavaThread "C2 CompilerThread0" daemon [_thread_in_native, id=111144, stack(0x0000000f18700000,0x0000000f18800000)]


Current CompileTask:
C2: 234738 9305       4       org.gradle.internal.service.DefaultServiceRegistry$SingletonService::get (5 bytes)

Stack: [0x0000000f18700000,0x0000000f18800000]
Native frames: (J=compiled Java code, j=interpreted, Vv=VM code, C=native code)
V  [jvm.dll+0x64c9da]
V  [jvm.dll+0x800834]
V  [jvm.dll+0x801fee]
V  [jvm.dll+0x802643]
V  [jvm.dll+0x23715b]
V  [jvm.dll+0xbd5ac]
V  [jvm.dll+0xbdb8c]
V  [jvm.dll+0x351872]
V  [jvm.dll+0x31be9f]
V  [jvm.dll+0x31b2da]
V  [jvm.dll+0x20b045]
V  [jvm.dll+0x20a5d7]
V  [jvm.dll+0x19a74d]
V  [jvm.dll+0x219b5d]
V  [jvm.dll+0x217cbb]
V  [jvm.dll+0x7b94bb]
V  [jvm.dll+0x7b392a]
V  [jvm.dll+0x64b845]
C  [ucrtbase.dll+0x210b2]
C  [KERNEL32.DLL+0x17c24]
C  [ntdll.dll+0x6d4d1]


---------------  P R O C E S S  ---------------

Threads class SMR info:
_java_thread_list=0x0000018dd57d7960, length=58, elements={
0x0000018da382d000, 0x0000018dc03b98b0, 0x0000018dc03baa50, 0x0000018dc03d62e0,
0x0000018dc03d7dc0, 0x0000018dc03da6a0, 0x0000018dc03dd9d0, 0x0000018dc03fe1f0,
0x0000018dc03dc560, 0x0000018dc03dce70, 0x0000018dc0683580, 0x0000018dc06872e0,
0x0000018dd3db5fa0, 0x0000018dd4a55dd0, 0x0000018dd50e3c20, 0x0000018dd454e800,
0x0000018dd454b050, 0x0000018dd454b560, 0x0000018dd454bf80, 0x0000018dd454c490,
0x0000018dd4caa470, 0x0000018dd4cb09b0, 0x0000018dd4caf570, 0x0000018dd4cabdc0,
0x0000018dd6d87770, 0x0000018dd74786c0, 0x0000018dd7477ca0, 0x0000018dd74781b0,
0x0000018dd4ca9a50, 0x0000018dd4cab3a0, 0x0000018dd7477280, 0x0000018dd4cafa80,
0x0000018dd7478bd0, 0x0000018dd7e20cf0, 0x0000018dd7e21710, 0x0000018dd7e21200,
0x0000018dd53be490, 0x0000018dd53beeb0, 0x0000018dd7477790, 0x0000018dd7b03fa0,
0x0000018dd4cadc20, 0x0000018dd4cae130, 0x0000018dd4cad200, 0x0000018dd4caae90,
0x0000018dd7e21c20, 0x0000018dd30f0af0, 0x0000018dd7e202d0, 0x0000018dd612b8c0,
0x0000018dd612bdd0, 0x0000018dd612c2e0, 0x0000018dd6d87260, 0x0000018dd6d86330,
0x0000018dd6d87c80, 0x0000018dd30ef5b0, 0x0000018dd4caccf0, 0x0000018dd53bfde0,
0x0000018dd53bf3c0, 0x0000018dd53c1220
}

Java Threads: ( => current thread )
  0x0000018da382d000 JavaThread "main" [_thread_blocked, id=86532, stack(0x0000000f17a00000,0x0000000f17b00000)]
  0x0000018dc03b98b0 JavaThread "Reference Handler" daemon [_thread_blocked, id=101024, stack(0x0000000f18100000,0x0000000f18200000)]
  0x0000018dc03baa50 JavaThread "Finalizer" daemon [_thread_blocked, id=108856, stack(0x0000000f18200000,0x0000000f18300000)]
  0x0000018dc03d62e0 JavaThread "Signal Dispatcher" daemon [_thread_blocked, id=96840, stack(0x0000000f18300000,0x0000000f18400000)]
  0x0000018dc03d7dc0 JavaThread "Attach Listener" daemon [_thread_blocked, id=107136, stack(0x0000000f18400000,0x0000000f18500000)]
  0x0000018dc03da6a0 JavaThread "Service Thread" daemon [_thread_blocked, id=68196, stack(0x0000000f18500000,0x0000000f18600000)]
  0x0000018dc03dd9d0 JavaThread "Monitor Deflation Thread" daemon [_thread_blocked, id=108304, stack(0x0000000f18600000,0x0000000f18700000)]
=>0x0000018dc03fe1f0 JavaThread "C2 CompilerThread0" daemon [_thread_in_native, id=111144, stack(0x0000000f18700000,0x0000000f18800000)]
  0x0000018dc03dc560 JavaThread "C1 CompilerThread0" daemon [_thread_in_native, id=50516, stack(0x0000000f18800000,0x0000000f18900000)]
  0x0000018dc03dce70 JavaThread "Sweeper thread" daemon [_thread_blocked, id=111156, stack(0x0000000f18900000,0x0000000f18a00000)]
  0x0000018dc0683580 JavaThread "Common-Cleaner" daemon [_thread_blocked, id=102304, stack(0x0000000f18a00000,0x0000000f18b00000)]
  0x0000018dc06872e0 JavaThread "Notification Thread" daemon [_thread_blocked, id=101328, stack(0x0000000f18b00000,0x0000000f18c00000)]
  0x0000018dd3db5fa0 JavaThread "Daemon health stats" [_thread_blocked, id=8524, stack(0x0000000f18d00000,0x0000000f18e00000)]
  0x0000018dd4a55dd0 JavaThread "Incoming local TCP Connector on port 61511" [_thread_in_native, id=83740, stack(0x0000000f19300000,0x0000000f19400000)]
  0x0000018dd50e3c20 JavaThread "Daemon periodic checks" [_thread_blocked, id=28528, stack(0x0000000f19400000,0x0000000f19500000)]
  0x0000018dd454e800 JavaThread "Cache worker for journal cache (C:\Users\grays\.gradle\caches\journal-1)" [_thread_blocked, id=109752, stack(0x0000000f19c00000,0x0000000f19d00000)]
  0x0000018dd454b050 JavaThread "File lock request listener" [_thread_in_native, id=110160, stack(0x0000000f19d00000,0x0000000f19e00000)]
  0x0000018dd454b560 JavaThread "Cache worker for file hash cache (C:\Users\grays\.gradle\caches\7.6.1\fileHashes)" [_thread_blocked, id=65144, stack(0x0000000f19e00000,0x0000000f19f00000)]
  0x0000018dd454bf80 JavaThread "File watcher server" daemon [_thread_in_native, id=14904, stack(0x0000000f19f00000,0x0000000f1a000000)]
  0x0000018dd454c490 JavaThread "File watcher consumer" daemon [_thread_blocked, id=102112, stack(0x0000000f1a000000,0x0000000f1a100000)]
  0x0000018dd4caa470 JavaThread "Cache worker for file content cache (C:\Users\grays\.gradle\caches\7.6.1\fileContent)" [_thread_blocked, id=98320, stack(0x0000000f1a300000,0x0000000f1a400000)]
  0x0000018dd4cb09b0 JavaThread "Cache worker for execution history cache (C:\Users\grays\.gradle\caches\7.6.1\executionHistory)" [_thread_blocked, id=101104, stack(0x0000000f1aa00000,0x0000000f1ab00000)]
  0x0000018dd4caf570 JavaThread "jar transforms" [_thread_blocked, id=104360, stack(0x0000000f1a900000,0x0000000f1aa00000)]
  0x0000018dd4cabdc0 JavaThread "jar transforms Thread 2" [_thread_blocked, id=101404, stack(0x0000000f1ab00000,0x0000000f1ac00000)]
  0x0000018dd6d87770 JavaThread "jar transforms Thread 3" [_thread_blocked, id=107988, stack(0x0000000f1af00000,0x0000000f1b000000)]
  0x0000018dd74786c0 JavaThread "jar transforms Thread 4" [_thread_blocked, id=109632, stack(0x0000000f1b000000,0x0000000f1b100000)]
  0x0000018dd7477ca0 JavaThread "jar transforms Thread 5" [_thread_blocked, id=94668, stack(0x0000000f1b100000,0x0000000f1b200000)]
  0x0000018dd74781b0 JavaThread "jar transforms Thread 6" [_thread_blocked, id=105444, stack(0x0000000f1b200000,0x0000000f1b300000)]
  0x0000018dd4ca9a50 JavaThread "jar transforms Thread 7" [_thread_blocked, id=27392, stack(0x0000000f1b300000,0x0000000f1b400000)]
  0x0000018dd4cab3a0 JavaThread "jar transforms Thread 8" [_thread_blocked, id=102688, stack(0x0000000f1b400000,0x0000000f1b500000)]
  0x0000018dd7477280 JavaThread "Memory manager" [_thread_blocked, id=109288, stack(0x0000000f1ac00000,0x0000000f1ad00000)]
  0x0000018dd4cafa80 JavaThread "Cache worker for Java compile cache (C:\Users\grays\.gradle\caches\7.6.1\javaCompile)" [_thread_blocked, id=102108, stack(0x0000000f1c500000,0x0000000f1c600000)]
  0x0000018dd7478bd0 JavaThread "Daemon Thread 3" [_thread_blocked, id=30360, stack(0x0000000f17700000,0x0000000f17800000)]
  0x0000018dd7e20cf0 JavaThread "Handler for socket connection from /127.0.0.1:61511 to /127.0.0.1:61748" [_thread_in_native, id=102376, stack(0x0000000f17800000,0x0000000f17900000)]
  0x0000018dd7e21710 JavaThread "Cancel handler" [_thread_blocked, id=107828, stack(0x0000000f17900000,0x0000000f17a00000)]
  0x0000018dd7e21200 JavaThread "Daemon worker Thread 2" [_thread_blocked, id=101160, stack(0x0000000f19500000,0x0000000f19600000)]
  0x0000018dd53be490 JavaThread "Asynchronous log dispatcher for DefaultDaemonConnection: socket connection from /127.0.0.1:61511 to /127.0.0.1:61748" [_thread_blocked, id=11068, stack(0x0000000f19800000,0x0000000f19900000)]
  0x0000018dd53beeb0 JavaThread "Stdin handler" [_thread_blocked, id=25840, stack(0x0000000f19900000,0x0000000f19a00000)]
  0x0000018dd7477790 JavaThread "Daemon client event forwarder" [_thread_blocked, id=109268, stack(0x0000000f19a00000,0x0000000f19b00000)]
  0x0000018dd7b03fa0 JavaThread "Cache worker for checksums cache (C:\Users\grays\JavaPractice\techjobs-oo-java-graded-17\.gradle\7.6.1\checksums)" [_thread_blocked, id=92780, stack(0x0000000f19b00000,0x0000000f19c00000)]
  0x0000018dd4cadc20 JavaThread "Cache worker for cache directory md-rule (C:\Users\grays\.gradle\caches\7.6.1\md-rule)" [_thread_blocked, id=15552, stack(0x0000000f1a100000,0x0000000f1a200000)]
  0x0000018dd4cae130 JavaThread "Cache worker for file hash cache (C:\Users\grays\JavaPractice\techjobs-oo-java-graded-17\.gradle\7.6.1\fileHashes)" [_thread_blocked, id=110820, stack(0x0000000f1a200000,0x0000000f1a300000)]
  0x0000018dd4cad200 JavaThread "Cache worker for cache directory md-supplier (C:\Users\grays\.gradle\caches\7.6.1\md-supplier)" [_thread_blocked, id=75460, stack(0x0000000f1a400000,0x0000000f1a500000)]
  0x0000018dd4caae90 JavaThread "Cache worker for dependencies-accessors (C:\Users\grays\JavaPractice\techjobs-oo-java-graded-17\.gradle\7.6.1\dependencies-accessors)" [_thread_blocked, id=21548, stack(0x0000000f1a500000,0x0000000f1a600000)]
  0x0000018dd7e21c20 JavaThread "Cache worker for Build Output Cleanup Cache (C:\Users\grays\JavaPractice\techjobs-oo-java-graded-17\.gradle\buildOutputCleanup)" [_thread_blocked, id=109584, stack(0x0000000f1ad00000,0x0000000f1ae00000)]
  0x0000018dd30f0af0 JavaThread "C2 CompilerThread1" daemon [_thread_in_native, id=97200, stack(0x0000000f1b500000,0x0000000f1b600000)]
  0x0000018dd7e202d0 JavaThread "included builds" [_thread_blocked, id=108512, stack(0x0000000f1b600000,0x0000000f1b700000)]
  0x0000018dd612b8c0 JavaThread "Execution worker" [_thread_in_vm, id=21748, stack(0x0000000f1ba00000,0x0000000f1bb00000)]
  0x0000018dd612bdd0 JavaThread "Execution worker Thread 2" [_thread_blocked, id=75696, stack(0x0000000f1bb00000,0x0000000f1bc00000)]
  0x0000018dd612c2e0 JavaThread "Execution worker Thread 3" [_thread_blocked, id=108140, stack(0x0000000f1bc00000,0x0000000f1bd00000)]
  0x0000018dd6d87260 JavaThread "Execution worker Thread 4" [_thread_blocked, id=13024, stack(0x0000000f1bd00000,0x0000000f1be00000)]
  0x0000018dd6d86330 JavaThread "Execution worker Thread 5" [_thread_blocked, id=18056, stack(0x0000000f1be00000,0x0000000f1bf00000)]
  0x0000018dd6d87c80 JavaThread "Execution worker Thread 6" [_thread_blocked, id=110644, stack(0x0000000f1bf00000,0x0000000f1c000000)]
  0x0000018dd30ef5b0 JavaThread "C2 CompilerThread2" daemon [_thread_in_native, id=1832, stack(0x0000000f1c000000,0x0000000f1c100000)]
  0x0000018dd4caccf0 JavaThread "Execution worker Thread 7" [_thread_blocked, id=102692, stack(0x0000000f1c100000,0x0000000f1c200000)]
  0x0000018dd53bfde0 JavaThread "Cache worker for execution history cache (C:\Users\grays\JavaPractice\techjobs-oo-java-graded-17\.gradle\7.6.1\executionHistory)" [_thread_blocked, id=110668, stack(0x0000000f1c200000,0x0000000f1c300000)]
  0x0000018dd53bf3c0 JavaThread "Unconstrained build operations" [_thread_blocked, id=110808, stack(0x0000000f1c300000,0x0000000f1c400000)]
  0x0000018dd53c1220 JavaThread "Unconstrained build operations Thread 2" [_thread_blocked, id=7756, stack(0x0000000f1c400000,0x0000000f1c500000)]

Other Threads:
  0x0000018dc03b5580 VMThread "VM Thread" [stack: 0x0000000f18000000,0x0000000f18100000] [id=71512]
  0x0000018dc06883e0 WatcherThread [stack: 0x0000000f18c00000,0x0000000f18d00000] [id=105928]
  0x0000018da3975550 GCTaskThread "GC Thread#0" [stack: 0x0000000f17b00000,0x0000000f17c00000] [id=100568]
  0x0000018dd37542d0 GCTaskThread "GC Thread#1" [stack: 0x0000000f18e00000,0x0000000f18f00000] [id=109140]
  0x0000018dd3754590 GCTaskThread "GC Thread#2" [stack: 0x0000000f18f00000,0x0000000f19000000] [id=102408]
  0x0000018dd3754850 GCTaskThread "GC Thread#3" [stack: 0x0000000f19000000,0x0000000f19100000] [id=102860]
  0x0000018dd38bd560 GCTaskThread "GC Thread#4" [stack: 0x0000000f19100000,0x0000000f19200000] [id=109368]
  0x0000018dd38bd820 GCTaskThread "GC Thread#5" [stack: 0x0000000f19200000,0x0000000f19300000] [id=102816]
  0x0000018dd4ca1670 GCTaskThread "GC Thread#6" [stack: 0x0000000f1a600000,0x0000000f1a700000] [id=110124]
  0x0000018dd4cb5a30 GCTaskThread "GC Thread#7" [stack: 0x0000000f1a700000,0x0000000f1a800000] [id=102020]
  0x0000018da397a3b0 ConcurrentGCThread "G1 Main Marker" [stack: 0x0000000f17c00000,0x0000000f17d00000] [id=75108]
  0x0000018da397acd0 ConcurrentGCThread "G1 Conc#0" [stack: 0x0000000f17d00000,0x0000000f17e00000] [id=88936]
  0x0000018dd47ef850 ConcurrentGCThread "G1 Conc#1" [stack: 0x0000000f1a800000,0x0000000f1a900000] [id=108084]
  0x0000018da39fe3f0 ConcurrentGCThread "G1 Refine#0" [stack: 0x0000000f17e00000,0x0000000f17f00000] [id=44056]
  0x0000018dd3203080 ConcurrentGCThread "G1 Refine#1" [stack: 0x0000000f1ae00000,0x0000000f1af00000] [id=99568]
  0x0000018dd5857ae0 ConcurrentGCThread "G1 Refine#2" [stack: 0x0000000f1b700000,0x0000000f1b800000] [id=111032]
  0x0000018dd5856070 ConcurrentGCThread "G1 Refine#3" [stack: 0x0000000f1b800000,0x0000000f1b900000] [id=100604]
  0x0000018dd5857210 ConcurrentGCThread "G1 Refine#4" [stack: 0x0000000f1b900000,0x0000000f1ba00000] [id=89264]
  0x0000018dc027d530 ConcurrentGCThread "G1 Service" [stack: 0x0000000f17f00000,0x0000000f18000000] [id=105544]

Threads with active compile tasks:
C2 CompilerThread0   234856 9305       4       org.gradle.internal.service.DefaultServiceRegistry$SingletonService::get (5 bytes)
C1 CompilerThread0   234856 9518       3       com.sun.tools.javac.parser.JavacParser::term3Rest (732 bytes)
C2 CompilerThread1   234856 9516       4       com.sun.tools.javac.parser.JavaTokenizer::put (27 bytes)
C2 CompilerThread2   234856 9306   !   4       org.gradle.internal.service.DefaultServiceRegistry$ManagedObjectServiceProvider::getInstance (47 bytes)

VM state: not at safepoint (normal execution)

VM Mutex/Monitor currently owned by a thread:  ([mutex/lock_event])
[0x0000018da3945de0] Metaspace_lock - owner thread: 0x0000018dd612b8c0

Heap address: 0x00000000e0000000, size: 512 MB, Compressed Oops mode: 32-bit

CDS archive(s) mapped at: [0x0000018dc1000000-0x0000018dc1bd0000-0x0000018dc1bd0000), size 12386304, SharedBaseAddress: 0x0000018dc1000000, ArchiveRelocationMode: 1.
Compressed class space mapped at: 0x0000018dc2000000-0x0000018dcf000000, reserved size: 218103808
Narrow klass base: 0x0000018dc1000000, Narrow klass shift: 0, Narrow klass range: 0x100000000

GC Precious Log:
 CPUs: 8 total, 8 available
 Memory: 8075M
 Large Page Support: Disabled
 NUMA Support: Disabled
 Compressed Oops: Enabled (32-bit)
 Heap Region Size: 1M
 Heap Min Capacity: 256M
 Heap Initial Capacity: 256M
 Heap Max Capacity: 512M
 Pre-touch: Disabled
 Parallel Workers: 8
 Concurrent Workers: 2
 Concurrent Refinement Workers: 8
 Periodic GC: Disabled

Heap:
 garbage-first heap   total 262144K, used 119863K [0x00000000e0000000, 0x0000000100000000)
  region size 1024K, 74 young (75776K), 6 survivors (6144K)
 Metaspace       used 63983K, committed 64640K, reserved 278528K
  class space    used 8895K, committed 9216K, reserved 212992K

Heap Regions: E=young(eden), S=young(survivor), O=old, HS=humongous(starts), HC=humongous(continues), CS=collection set, F=free, OA=open archive, CA=closed archive, TAMS=top-at-mark-start (previous, next)
|   0|0x00000000e0000000, 0x00000000e0100000, 0x00000000e0100000|100%|HS|  |TAMS 0x00000000e0100000, 0x00000000e0000000| Complete 
|   1|0x00000000e0100000, 0x00000000e0200000, 0x00000000e0200000|100%|HC|  |TAMS 0x00000000e0200000, 0x00000000e0100000| Complete 
|   2|0x00000000e0200000, 0x00000000e0300000, 0x00000000e0300000|100%|HC|  |TAMS 0x00000000e0300000, 0x00000000e0200000| Complete 
|   3|0x00000000e0300000, 0x00000000e0400000, 0x00000000e0400000|100%| O|  |TAMS 0x00000000e0400000, 0x00000000e0300000| Untracked 
|   4|0x00000000e0400000, 0x00000000e0500000, 0x00000000e0500000|100%| O|  |TAMS 0x00000000e0500000, 0x00000000e0400000| Untracked 
|   5|0x00000000e0500000, 0x00000000e0600000, 0x00000000e0600000|100%| O|  |TAMS 0x00000000e0600000, 0x00000000e0500000| Untracked 
|   6|0x00000000e0600000, 0x00000000e0700000, 0x00000000e0700000|100%| O|  |TAMS 0x00000000e0700000, 0x00000000e0600000| Untracked 
|   7|0x00000000e0700000, 0x00000000e0800000, 0x00000000e0800000|100%| O|  |TAMS 0x00000000e0800000, 0x00000000e0700000| Untracked 
|   8|0x00000000e0800000, 0x00000000e0900000, 0x00000000e0900000|100%| O|  |TAMS 0x00000000e0900000, 0x00000000e0800000| Untracked 
|   9|0x00000000e0900000, 0x00000000e0a00000, 0x00000000e0a00000|100%| O|  |TAMS 0x00000000e0a00000, 0x00000000e0900000| Untracked 
|  10|0x00000000e0a00000, 0x00000000e0b00000, 0x00000000e0b00000|100%| O|  |TAMS 0x00000000e0b00000, 0x00000000e0a00000| Untracked 
|  11|0x00000000e0b00000, 0x00000000e0c00000, 0x00000000e0c00000|100%| O|  |TAMS 0x00000000e0c00000, 0x00000000e0b00000| Untracked 
|  12|0x00000000e0c00000, 0x00000000e0d00000, 0x00000000e0d00000|100%| O|  |TAMS 0x00000000e0d00000, 0x00000000e0c00000| Untracked 
|  13|0x00000000e0d00000, 0x00000000e0e00000, 0x00000000e0e00000|100%| O|  |TAMS 0x00000000e0e00000, 0x00000000e0d00000| Untracked 
|  14|0x00000000e0e00000, 0x00000000e0f00000, 0x00000000e0f00000|100%| O|  |TAMS 0x00000000e0f00000, 0x00000000e0e00000| Untracked 
|  15|0x00000000e0f00000, 0x00000000e1000000, 0x00000000e1000000|100%| O|  |TAMS 0x00000000e1000000, 0x00000000e0f00000| Untracked 
|  16|0x00000000e1000000, 0x00000000e1000000, 0x00000000e1100000|  0%| F|  |TAMS 0x00000000e1000000, 0x00000000e1000000| Untracked 
|  17|0x00000000e1100000, 0x00000000e1200000, 0x00000000e1200000|100%| O|  |TAMS 0x00000000e1200000, 0x00000000e1100000| Untracked 
|  18|0x00000000e1200000, 0x00000000e1300000, 0x00000000e1300000|100%| O|  |TAMS 0x00000000e1300000, 0x00000000e1200000| Untracked 
|  19|0x00000000e1300000, 0x00000000e1400000, 0x00000000e1400000|100%| O|  |TAMS 0x00000000e1400000, 0x00000000e1300000| Untracked 
|  20|0x00000000e1400000, 0x00000000e1500000, 0x00000000e1500000|100%| O|  |TAMS 0x00000000e1500000, 0x00000000e1400000| Untracked 
|  21|0x00000000e1500000, 0x00000000e1600000, 0x00000000e1600000|100%| O|  |TAMS 0x00000000e1600000, 0x00000000e1500000| Untracked 
|  22|0x00000000e1600000, 0x00000000e1700000, 0x00000000e1700000|100%| O|  |TAMS 0x00000000e1700000, 0x00000000e1600000| Untracked 
|  23|0x00000000e1700000, 0x00000000e1800000, 0x00000000e1800000|100%| O|  |TAMS 0x00000000e1800000, 0x00000000e1700000| Untracked 
|  24|0x00000000e1800000, 0x00000000e1900000, 0x00000000e1900000|100%| O|  |TAMS 0x00000000e1900000, 0x00000000e1800000| Untracked 
|  25|0x00000000e1900000, 0x00000000e1a00000, 0x00000000e1a00000|100%| O|  |TAMS 0x00000000e1a00000, 0x00000000e1900000| Untracked 
|  26|0x00000000e1a00000, 0x00000000e1b00000, 0x00000000e1b00000|100%| O|  |TAMS 0x00000000e1b00000, 0x00000000e1a00000| Untracked 
|  27|0x00000000e1b00000, 0x00000000e1c00000, 0x00000000e1c00000|100%| O|  |TAMS 0x00000000e1c00000, 0x00000000e1b00000| Untracked 
|  28|0x00000000e1c00000, 0x00000000e1d00000, 0x00000000e1d00000|100%| O|  |TAMS 0x00000000e1d00000, 0x00000000e1c00000| Untracked 
|  29|0x00000000e1d00000, 0x00000000e1e00000, 0x00000000e1e00000|100%| O|  |TAMS 0x00000000e1e00000, 0x00000000e1d00000| Untracked 
|  30|0x00000000e1e00000, 0x00000000e1f00000, 0x00000000e1f00000|100%| O|  |TAMS 0x00000000e1f00000, 0x00000000e1e00000| Untracked 
|  31|0x00000000e1f00000, 0x00000000e2000000, 0x00000000e2000000|100%| O|  |TAMS 0x00000000e2000000, 0x00000000e1f00000| Untracked 
|  32|0x00000000e2000000, 0x00000000e2100000, 0x00000000e2100000|100%| O|  |TAMS 0x00000000e2100000, 0x00000000e2000000| Untracked 
|  33|0x00000000e2100000, 0x00000000e2200000, 0x00000000e2200000|100%| O|  |TAMS 0x00000000e2200000, 0x00000000e2100000| Untracked 
|  34|0x00000000e2200000, 0x00000000e2300000, 0x00000000e2300000|100%| O|  |TAMS 0x00000000e2300000, 0x00000000e2200000| Untracked 
|  35|0x00000000e2300000, 0x00000000e2400000, 0x00000000e2400000|100%| O|  |TAMS 0x00000000e2400000, 0x00000000e2300000| Untracked 
|  36|0x00000000e2400000, 0x00000000e2500000, 0x00000000e2500000|100%| O|  |TAMS 0x00000000e2500000, 0x00000000e2400000| Untracked 
|  37|0x00000000e2500000, 0x00000000e2600000, 0x00000000e2600000|100%| O|  |TAMS 0x00000000e2600000, 0x00000000e2500000| Untracked 
|  38|0x00000000e2600000, 0x00000000e2700000, 0x00000000e2700000|100%| O|  |TAMS 0x00000000e2700000, 0x00000000e2600000| Untracked 
|  39|0x00000000e2700000, 0x00000000e2800000, 0x00000000e2800000|100%| O|  |TAMS 0x00000000e2800000, 0x00000000e2700000| Untracked 
|  40|0x00000000e2800000, 0x00000000e2900000, 0x00000000e2900000|100%| O|  |TAMS 0x00000000e2900000, 0x00000000e2800000| Untracked 
|  41|0x00000000e2900000, 0x00000000e2a00000, 0x00000000e2a00000|100%| O|  |TAMS 0x00000000e2a00000, 0x00000000e2900000| Untracked 
|  42|0x00000000e2a00000, 0x00000000e2b00000, 0x00000000e2b00000|100%| O|  |TAMS 0x00000000e2b00000, 0x00000000e2a00000| Untracked 
|  43|0x00000000e2b00000, 0x00000000e2c00000, 0x00000000e2c00000|100%| O|  |TAMS 0x00000000e2c00000, 0x00000000e2b00000| Untracked 
|  44|0x00000000e2c00000, 0x00000000e2d00000, 0x00000000e2d00000|100%| O|  |TAMS 0x00000000e2d00000, 0x00000000e2c00000| Untracked 
|  45|0x00000000e2d00000, 0x00000000e2df8200, 0x00000000e2e00000| 96%| O|  |TAMS 0x00000000e2df8200, 0x00000000e2d00000| Untracked 
|  46|0x00000000e2e00000, 0x00000000e2e00000, 0x00000000e2f00000|  0%| F|  |TAMS 0x00000000e2e00000, 0x00000000e2e00000| Untracked 
|  47|0x00000000e2f00000, 0x00000000e2f00000, 0x00000000e3000000|  0%| F|  |TAMS 0x00000000e2f00000, 0x00000000e2f00000| Untracked 
|  48|0x00000000e3000000, 0x00000000e3000000, 0x00000000e3100000|  0%| F|  |TAMS 0x00000000e3000000, 0x00000000e3000000| Untracked 
|  49|0x00000000e3100000, 0x00000000e3100000, 0x00000000e3200000|  0%| F|  |TAMS 0x00000000e3100000, 0x00000000e3100000| Untracked 
|  50|0x00000000e3200000, 0x00000000e3200000, 0x00000000e3300000|  0%| F|  |TAMS 0x00000000e3200000, 0x00000000e3200000| Untracked 
|  51|0x00000000e3300000, 0x00000000e3300000, 0x00000000e3400000|  0%| F|  |TAMS 0x00000000e3300000, 0x00000000e3300000| Untracked 
|  52|0x00000000e3400000, 0x00000000e3400000, 0x00000000e3500000|  0%| F|  |TAMS 0x00000000e3400000, 0x00000000e3400000| Untracked 
|  53|0x00000000e3500000, 0x00000000e3500000, 0x00000000e3600000|  0%| F|  |TAMS 0x00000000e3500000, 0x00000000e3500000| Untracked 
|  54|0x00000000e3600000, 0x00000000e3600000, 0x00000000e3700000|  0%| F|  |TAMS 0x00000000e3600000, 0x00000000e3600000| Untracked 
|  55|0x00000000e3700000, 0x00000000e3700000, 0x00000000e3800000|  0%| F|  |TAMS 0x00000000e3700000, 0x00000000e3700000| Untracked 
|  56|0x00000000e3800000, 0x00000000e3800000, 0x00000000e3900000|  0%| F|  |TAMS 0x00000000e3800000, 0x00000000e3800000| Untracked 
|  57|0x00000000e3900000, 0x00000000e3900000, 0x00000000e3a00000|  0%| F|  |TAMS 0x00000000e3900000, 0x00000000e3900000| Untracked 
|  58|0x00000000e3a00000, 0x00000000e3a00000, 0x00000000e3b00000|  0%| F|  |TAMS 0x00000000e3a00000, 0x00000000e3a00000| Untracked 
|  59|0x00000000e3b00000, 0x00000000e3b00000, 0x00000000e3c00000|  0%| F|  |TAMS 0x00000000e3b00000, 0x00000000e3b00000| Untracked 
|  60|0x00000000e3c00000, 0x00000000e3c00000, 0x00000000e3d00000|  0%| F|  |TAMS 0x00000000e3c00000, 0x00000000e3c00000| Untracked 
|  61|0x00000000e3d00000, 0x00000000e3d00000, 0x00000000e3e00000|  0%| F|  |TAMS 0x00000000e3d00000, 0x00000000e3d00000| Untracked 
|  62|0x00000000e3e00000, 0x00000000e3e00000, 0x00000000e3f00000|  0%| F|  |TAMS 0x00000000e3e00000, 0x00000000e3e00000| Untracked 
|  63|0x00000000e3f00000, 0x00000000e3f00000, 0x00000000e4000000|  0%| F|  |TAMS 0x00000000e3f00000, 0x00000000e3f00000| Untracked 
|  64|0x00000000e4000000, 0x00000000e4000000, 0x00000000e4100000|  0%| F|  |TAMS 0x00000000e4000000, 0x00000000e4000000| Untracked 
|  65|0x00000000e4100000, 0x00000000e4100000, 0x00000000e4200000|  0%| F|  |TAMS 0x00000000e4100000, 0x00000000e4100000| Untracked 
|  66|0x00000000e4200000, 0x00000000e4200000, 0x00000000e4300000|  0%| F|  |TAMS 0x00000000e4200000, 0x00000000e4200000| Untracked 
|  67|0x00000000e4300000, 0x00000000e4300000, 0x00000000e4400000|  0%| F|  |TAMS 0x00000000e4300000, 0x00000000e4300000| Untracked 
|  68|0x00000000e4400000, 0x00000000e4400000, 0x00000000e4500000|  0%| F|  |TAMS 0x00000000e4400000, 0x00000000e4400000| Untracked 
|  69|0x00000000e4500000, 0x00000000e4500000, 0x00000000e4600000|  0%| F|  |TAMS 0x00000000e4500000, 0x00000000e4500000| Untracked 
|  70|0x00000000e4600000, 0x00000000e4600000, 0x00000000e4700000|  0%| F|  |TAMS 0x00000000e4600000, 0x00000000e4600000| Untracked 
|  71|0x00000000e4700000, 0x00000000e4700000, 0x00000000e4800000|  0%| F|  |TAMS 0x00000000e4700000, 0x00000000e4700000| Untracked 
|  72|0x00000000e4800000, 0x00000000e4800000, 0x00000000e4900000|  0%| F|  |TAMS 0x00000000e4800000, 0x00000000e4800000| Untracked 
|  73|0x00000000e4900000, 0x00000000e4900000, 0x00000000e4a00000|  0%| F|  |TAMS 0x00000000e4900000, 0x00000000e4900000| Untracked 
|  74|0x00000000e4a00000, 0x00000000e4a00000, 0x00000000e4b00000|  0%| F|  |TAMS 0x00000000e4a00000, 0x00000000e4a00000| Untracked 
|  75|0x00000000e4b00000, 0x00000000e4b00000, 0x00000000e4c00000|  0%| F|  |TAMS 0x00000000e4b00000, 0x00000000e4b00000| Untracked 
|  76|0x00000000e4c00000, 0x00000000e4c00000, 0x00000000e4d00000|  0%| F|  |TAMS 0x00000000e4c00000, 0x00000000e4c00000| Untracked 
|  77|0x00000000e4d00000, 0x00000000e4d00000, 0x00000000e4e00000|  0%| F|  |TAMS 0x00000000e4d00000, 0x00000000e4d00000| Untracked 
|  78|0x00000000e4e00000, 0x00000000e4e00000, 0x00000000e4f00000|  0%| F|  |TAMS 0x00000000e4e00000, 0x00000000e4e00000| Untracked 
|  79|0x00000000e4f00000, 0x00000000e4f00000, 0x00000000e5000000|  0%| F|  |TAMS 0x00000000e4f00000, 0x00000000e4f00000| Untracked 
|  80|0x00000000e5000000, 0x00000000e5000000, 0x00000000e5100000|  0%| F|  |TAMS 0x00000000e5000000, 0x00000000e5000000| Untracked 
|  81|0x00000000e5100000, 0x00000000e5100000, 0x00000000e5200000|  0%| F|  |TAMS 0x00000000e5100000, 0x00000000e5100000| Untracked 
|  82|0x00000000e5200000, 0x00000000e5200000, 0x00000000e5300000|  0%| F|  |TAMS 0x00000000e5200000, 0x00000000e5200000| Untracked 
|  83|0x00000000e5300000, 0x00000000e5300000, 0x00000000e5400000|  0%| F|  |TAMS 0x00000000e5300000, 0x00000000e5300000| Untracked 
|  84|0x00000000e5400000, 0x00000000e5400000, 0x00000000e5500000|  0%| F|  |TAMS 0x00000000e5400000, 0x00000000e5400000| Untracked 
|  85|0x00000000e5500000, 0x00000000e5500000, 0x00000000e5600000|  0%| F|  |TAMS 0x00000000e5500000, 0x00000000e5500000| Untracked 
|  86|0x00000000e5600000, 0x00000000e5600000, 0x00000000e5700000|  0%| F|  |TAMS 0x00000000e5600000, 0x00000000e5600000| Untracked 
|  87|0x00000000e5700000, 0x00000000e5700000, 0x00000000e5800000|  0%| F|  |TAMS 0x00000000e5700000, 0x00000000e5700000| Untracked 
|  88|0x00000000e5800000, 0x00000000e5800000, 0x00000000e5900000|  0%| F|  |TAMS 0x00000000e5800000, 0x00000000e5800000| Untracked 
|  89|0x00000000e5900000, 0x00000000e5900000, 0x00000000e5a00000|  0%| F|  |TAMS 0x00000000e5900000, 0x00000000e5900000| Untracked 
|  90|0x00000000e5a00000, 0x00000000e5a00000, 0x00000000e5b00000|  0%| F|  |TAMS 0x00000000e5a00000, 0x00000000e5a00000| Untracked 
|  91|0x00000000e5b00000, 0x00000000e5b00000, 0x00000000e5c00000|  0%| F|  |TAMS 0x00000000e5b00000, 0x00000000e5b00000| Untracked 
|  92|0x00000000e5c00000, 0x00000000e5c00000, 0x00000000e5d00000|  0%| F|  |TAMS 0x00000000e5c00000, 0x00000000e5c00000| Untracked 
|  93|0x00000000e5d00000, 0x00000000e5d00000, 0x00000000e5e00000|  0%| F|  |TAMS 0x00000000e5d00000, 0x00000000e5d00000| Untracked 
|  94|0x00000000e5e00000, 0x00000000e5e00000, 0x00000000e5f00000|  0%| F|  |TAMS 0x00000000e5e00000, 0x00000000e5e00000| Untracked 
|  95|0x00000000e5f00000, 0x00000000e5f00000, 0x00000000e6000000|  0%| F|  |TAMS 0x00000000e5f00000, 0x00000000e5f00000| Untracked 
|  96|0x00000000e6000000, 0x00000000e6000000, 0x00000000e6100000|  0%| F|  |TAMS 0x00000000e6000000, 0x00000000e6000000| Untracked 
|  97|0x00000000e6100000, 0x00000000e6100000, 0x00000000e6200000|  0%| F|  |TAMS 0x00000000e6100000, 0x00000000e6100000| Untracked 
|  98|0x00000000e6200000, 0x00000000e6200000, 0x00000000e6300000|  0%| F|  |TAMS 0x00000000e6200000, 0x00000000e6200000| Untracked 
|  99|0x00000000e6300000, 0x00000000e6300000, 0x00000000e6400000|  0%| F|  |TAMS 0x00000000e6300000, 0x00000000e6300000| Untracked 
| 100|0x00000000e6400000, 0x00000000e6400000, 0x00000000e6500000|  0%| F|  |TAMS 0x00000000e6400000, 0x00000000e6400000| Untracked 
| 101|0x00000000e6500000, 0x00000000e6500000, 0x00000000e6600000|  0%| F|  |TAMS 0x00000000e6500000, 0x00000000e6500000| Untracked 
| 102|0x00000000e6600000, 0x00000000e6600000, 0x00000000e6700000|  0%| F|  |TAMS 0x00000000e6600000, 0x00000000e6600000| Untracked 
| 103|0x00000000e6700000, 0x00000000e6700000, 0x00000000e6800000|  0%| F|  |TAMS 0x00000000e6700000, 0x00000000e6700000| Untracked 
| 104|0x00000000e6800000, 0x00000000e6800000, 0x00000000e6900000|  0%| F|  |TAMS 0x00000000e6800000, 0x00000000e6800000| Untracked 
| 105|0x00000000e6900000, 0x00000000e6900000, 0x00000000e6a00000|  0%| F|  |TAMS 0x00000000e6900000, 0x00000000e6900000| Untracked 
| 106|0x00000000e6a00000, 0x00000000e6a00000, 0x00000000e6b00000|  0%| F|  |TAMS 0x00000000e6a00000, 0x00000000e6a00000| Untracked 
| 107|0x00000000e6b00000, 0x00000000e6b00000, 0x00000000e6c00000|  0%| F|  |TAMS 0x00000000e6b00000, 0x00000000e6b00000| Untracked 
| 108|0x00000000e6c00000, 0x00000000e6c00000, 0x00000000e6d00000|  0%| F|  |TAMS 0x00000000e6c00000, 0x00000000e6c00000| Untracked 
| 109|0x00000000e6d00000, 0x00000000e6d00000, 0x00000000e6e00000|  0%| F|  |TAMS 0x00000000e6d00000, 0x00000000e6d00000| Untracked 
| 110|0x00000000e6e00000, 0x00000000e6e00000, 0x00000000e6f00000|  0%| F|  |TAMS 0x00000000e6e00000, 0x00000000e6e00000| Untracked 
| 111|0x00000000e6f00000, 0x00000000e6f00000, 0x00000000e7000000|  0%| F|  |TAMS 0x00000000e6f00000, 0x00000000e6f00000| Untracked 
| 112|0x00000000e7000000, 0x00000000e7000000, 0x00000000e7100000|  0%| F|  |TAMS 0x00000000e7000000, 0x00000000e7000000| Untracked 
| 113|0x00000000e7100000, 0x00000000e7100000, 0x00000000e7200000|  0%| F|  |TAMS 0x00000000e7100000, 0x00000000e7100000| Untracked 
| 114|0x00000000e7200000, 0x00000000e7200000, 0x00000000e7300000|  0%| F|  |TAMS 0x00000000e7200000, 0x00000000e7200000| Untracked 
| 115|0x00000000e7300000, 0x00000000e7300000, 0x00000000e7400000|  0%| F|  |TAMS 0x00000000e7300000, 0x00000000e7300000| Untracked 
| 116|0x00000000e7400000, 0x00000000e7400000, 0x00000000e7500000|  0%| F|  |TAMS 0x00000000e7400000, 0x00000000e7400000| Untracked 
| 117|0x00000000e7500000, 0x00000000e7500000, 0x00000000e7600000|  0%| F|  |TAMS 0x00000000e7500000, 0x00000000e7500000| Untracked 
| 118|0x00000000e7600000, 0x00000000e7600000, 0x00000000e7700000|  0%| F|  |TAMS 0x00000000e7600000, 0x00000000e7600000| Untracked 
| 119|0x00000000e7700000, 0x00000000e7700000, 0x00000000e7800000|  0%| F|  |TAMS 0x00000000e7700000, 0x00000000e7700000| Untracked 
| 120|0x00000000e7800000, 0x00000000e7800000, 0x00000000e7900000|  0%| F|  |TAMS 0x00000000e7800000, 0x00000000e7800000| Untracked 
| 121|0x00000000e7900000, 0x00000000e7900000, 0x00000000e7a00000|  0%| F|  |TAMS 0x00000000e7900000, 0x00000000e7900000| Untracked 
| 122|0x00000000e7a00000, 0x00000000e7a00000, 0x00000000e7b00000|  0%| F|  |TAMS 0x00000000e7a00000, 0x00000000e7a00000| Untracked 
| 123|0x00000000e7b00000, 0x00000000e7b00000, 0x00000000e7c00000|  0%| F|  |TAMS 0x00000000e7b00000, 0x00000000e7b00000| Untracked 
| 124|0x00000000e7c00000, 0x00000000e7c00000, 0x00000000e7d00000|  0%| F|  |TAMS 0x00000000e7c00000, 0x00000000e7c00000| Untracked 
| 125|0x00000000e7d00000, 0x00000000e7d00000, 0x00000000e7e00000|  0%| F|  |TAMS 0x00000000e7d00000, 0x00000000e7d00000| Untracked 
| 126|0x00000000e7e00000, 0x00000000e7e00000, 0x00000000e7f00000|  0%| F|  |TAMS 0x00000000e7e00000, 0x00000000e7e00000| Untracked 
| 127|0x00000000e7f00000, 0x00000000e7f00000, 0x00000000e8000000|  0%| F|  |TAMS 0x00000000e7f00000, 0x00000000e7f00000| Untracked 
| 128|0x00000000e8000000, 0x00000000e8000000, 0x00000000e8100000|  0%| F|  |TAMS 0x00000000e8000000, 0x00000000e8000000| Untracked 
| 129|0x00000000e8100000, 0x00000000e8100000, 0x00000000e8200000|  0%| F|  |TAMS 0x00000000e8100000, 0x00000000e8100000| Untracked 
| 130|0x00000000e8200000, 0x00000000e8200000, 0x00000000e8300000|  0%| F|  |TAMS 0x00000000e8200000, 0x00000000e8200000| Untracked 
| 131|0x00000000e8300000, 0x00000000e8300000, 0x00000000e8400000|  0%| F|  |TAMS 0x00000000e8300000, 0x00000000e8300000| Untracked 
| 132|0x00000000e8400000, 0x00000000e8400000, 0x00000000e8500000|  0%| F|  |TAMS 0x00000000e8400000, 0x00000000e8400000| Untracked 
| 133|0x00000000e8500000, 0x00000000e8500000, 0x00000000e8600000|  0%| F|  |TAMS 0x00000000e8500000, 0x00000000e8500000| Untracked 
| 134|0x00000000e8600000, 0x00000000e8600000, 0x00000000e8700000|  0%| F|  |TAMS 0x00000000e8600000, 0x00000000e8600000| Untracked 
| 135|0x00000000e8700000, 0x00000000e8700000, 0x00000000e8800000|  0%| F|  |TAMS 0x00000000e8700000, 0x00000000e8700000| Untracked 
| 136|0x00000000e8800000, 0x00000000e8800000, 0x00000000e8900000|  0%| F|  |TAMS 0x00000000e8800000, 0x00000000e8800000| Untracked 
| 137|0x00000000e8900000, 0x00000000e8900000, 0x00000000e8a00000|  0%| F|  |TAMS 0x00000000e8900000, 0x00000000e8900000| Untracked 
| 138|0x00000000e8a00000, 0x00000000e8a00000, 0x00000000e8b00000|  0%| F|  |TAMS 0x00000000e8a00000, 0x00000000e8a00000| Untracked 
| 139|0x00000000e8b00000, 0x00000000e8b00000, 0x00000000e8c00000|  0%| F|  |TAMS 0x00000000e8b00000, 0x00000000e8b00000| Untracked 
| 140|0x00000000e8c00000, 0x00000000e8c00000, 0x00000000e8d00000|  0%| F|  |TAMS 0x00000000e8c00000, 0x00000000e8c00000| Untracked 
| 141|0x00000000e8d00000, 0x00000000e8d00000, 0x00000000e8e00000|  0%| F|  |TAMS 0x00000000e8d00000, 0x00000000e8d00000| Untracked 
| 142|0x00000000e8e00000, 0x00000000e8e00000, 0x00000000e8f00000|  0%| F|  |TAMS 0x00000000e8e00000, 0x00000000e8e00000| Untracked 
| 143|0x00000000e8f00000, 0x00000000e8f00000, 0x00000000e9000000|  0%| F|  |TAMS 0x00000000e8f00000, 0x00000000e8f00000| Untracked 
| 144|0x00000000e9000000, 0x00000000e9000000, 0x00000000e9100000|  0%| F|  |TAMS 0x00000000e9000000, 0x00000000e9000000| Untracked 
| 145|0x00000000e9100000, 0x00000000e9100000, 0x00000000e9200000|  0%| F|  |TAMS 0x00000000e9100000, 0x00000000e9100000| Untracked 
| 146|0x00000000e9200000, 0x00000000e9200000, 0x00000000e9300000|  0%| F|  |TAMS 0x00000000e9200000, 0x00000000e9200000| Untracked 
| 147|0x00000000e9300000, 0x00000000e9300000, 0x00000000e9400000|  0%| F|  |TAMS 0x00000000e9300000, 0x00000000e9300000| Untracked 
| 148|0x00000000e9400000, 0x00000000e9400000, 0x00000000e9500000|  0%| F|  |TAMS 0x00000000e9400000, 0x00000000e9400000| Untracked 
| 149|0x00000000e9500000, 0x00000000e9500000, 0x00000000e9600000|  0%| F|  |TAMS 0x00000000e9500000, 0x00000000e9500000| Untracked 
| 150|0x00000000e9600000, 0x00000000e9600000, 0x00000000e9700000|  0%| F|  |TAMS 0x00000000e9600000, 0x00000000e9600000| Untracked 
| 151|0x00000000e9700000, 0x00000000e9700000, 0x00000000e9800000|  0%| F|  |TAMS 0x00000000e9700000, 0x00000000e9700000| Untracked 
| 152|0x00000000e9800000, 0x00000000e9800000, 0x00000000e9900000|  0%| F|  |TAMS 0x00000000e9800000, 0x00000000e9800000| Untracked 
| 153|0x00000000e9900000, 0x00000000e9900000, 0x00000000e9a00000|  0%| F|  |TAMS 0x00000000e9900000, 0x00000000e9900000| Untracked 
| 154|0x00000000e9a00000, 0x00000000e9a00000, 0x00000000e9b00000|  0%| F|  |TAMS 0x00000000e9a00000, 0x00000000e9a00000| Untracked 
| 155|0x00000000e9b00000, 0x00000000e9b00000, 0x00000000e9c00000|  0%| F|  |TAMS 0x00000000e9b00000, 0x00000000e9b00000| Untracked 
| 156|0x00000000e9c00000, 0x00000000e9c00000, 0x00000000e9d00000|  0%| F|  |TAMS 0x00000000e9c00000, 0x00000000e9c00000| Untracked 
| 157|0x00000000e9d00000, 0x00000000e9d00000, 0x00000000e9e00000|  0%| F|  |TAMS 0x00000000e9d00000, 0x00000000e9d00000| Untracked 
| 158|0x00000000e9e00000, 0x00000000e9e00000, 0x00000000e9f00000|  0%| F|  |TAMS 0x00000000e9e00000, 0x00000000e9e00000| Untracked 
| 159|0x00000000e9f00000, 0x00000000e9f00000, 0x00000000ea000000|  0%| F|  |TAMS 0x00000000e9f00000, 0x00000000e9f00000| Untracked 
| 160|0x00000000ea000000, 0x00000000ea000000, 0x00000000ea100000|  0%| F|  |TAMS 0x00000000ea000000, 0x00000000ea000000| Untracked 
| 161|0x00000000ea100000, 0x00000000ea100000, 0x00000000ea200000|  0%| F|  |TAMS 0x00000000ea100000, 0x00000000ea100000| Untracked 
| 162|0x00000000ea200000, 0x00000000ea200000, 0x00000000ea300000|  0%| F|  |TAMS 0x00000000ea200000, 0x00000000ea200000| Untracked 
| 163|0x00000000ea300000, 0x00000000ea300000, 0x00000000ea400000|  0%| F|  |TAMS 0x00000000ea300000, 0x00000000ea300000| Untracked 
| 164|0x00000000ea400000, 0x00000000ea400000, 0x00000000ea500000|  0%| F|  |TAMS 0x00000000ea400000, 0x00000000ea400000| Untracked 
| 165|0x00000000ea500000, 0x00000000ea500000, 0x00000000ea600000|  0%| F|  |TAMS 0x00000000ea500000, 0x00000000ea500000| Untracked 
| 166|0x00000000ea600000, 0x00000000ea600000, 0x00000000ea700000|  0%| F|  |TAMS 0x00000000ea600000, 0x00000000ea600000| Untracked 
| 167|0x00000000ea700000, 0x00000000ea700000, 0x00000000ea800000|  0%| F|  |TAMS 0x00000000ea700000, 0x00000000ea700000| Untracked 
| 168|0x00000000ea800000, 0x00000000ea800000, 0x00000000ea900000|  0%| F|  |TAMS 0x00000000ea800000, 0x00000000ea800000| Untracked 
| 169|0x00000000ea900000, 0x00000000ea900000, 0x00000000eaa00000|  0%| F|  |TAMS 0x00000000ea900000, 0x00000000ea900000| Untracked 
| 170|0x00000000eaa00000, 0x00000000eaa00000, 0x00000000eab00000|  0%| F|  |TAMS 0x00000000eaa00000, 0x00000000eaa00000| Untracked 
| 171|0x00000000eab00000, 0x00000000eab00000, 0x00000000eac00000|  0%| F|  |TAMS 0x00000000eab00000, 0x00000000eab00000| Untracked 
| 172|0x00000000eac00000, 0x00000000eac00000, 0x00000000ead00000|  0%| F|  |TAMS 0x00000000eac00000, 0x00000000eac00000| Untracked 
| 173|0x00000000ead00000, 0x00000000ead00000, 0x00000000eae00000|  0%| F|  |TAMS 0x00000000ead00000, 0x00000000ead00000| Untracked 
| 174|0x00000000eae00000, 0x00000000eae00000, 0x00000000eaf00000|  0%| F|  |TAMS 0x00000000eae00000, 0x00000000eae00000| Untracked 
| 175|0x00000000eaf00000, 0x00000000eaf00000, 0x00000000eb000000|  0%| F|  |TAMS 0x00000000eaf00000, 0x00000000eaf00000| Untracked 
| 176|0x00000000eb000000, 0x00000000eb000000, 0x00000000eb100000|  0%| F|  |TAMS 0x00000000eb000000, 0x00000000eb000000| Untracked 
| 177|0x00000000eb100000, 0x00000000eb100000, 0x00000000eb200000|  0%| F|  |TAMS 0x00000000eb100000, 0x00000000eb100000| Untracked 
| 178|0x00000000eb200000, 0x00000000eb200000, 0x00000000eb300000|  0%| F|  |TAMS 0x00000000eb200000, 0x00000000eb200000| Untracked 
| 179|0x00000000eb300000, 0x00000000eb300000, 0x00000000eb400000|  0%| F|  |TAMS 0x00000000eb300000, 0x00000000eb300000| Untracked 
| 180|0x00000000eb400000, 0x00000000eb400000, 0x00000000eb500000|  0%| F|  |TAMS 0x00000000eb400000, 0x00000000eb400000| Untracked 
| 181|0x00000000eb500000, 0x00000000eb500000, 0x00000000eb600000|  0%| F|  |TAMS 0x00000000eb500000, 0x00000000eb500000| Untracked 
| 182|0x00000000eb600000, 0x00000000eb6399d8, 0x00000000eb700000| 22%| E|  |TAMS 0x00000000eb600000, 0x00000000eb600000| Complete 
| 183|0x00000000eb700000, 0x00000000eb800000, 0x00000000eb800000|100%| E|CS|TAMS 0x00000000eb700000, 0x00000000eb700000| Complete 
| 184|0x00000000eb800000, 0x00000000eb900000, 0x00000000eb900000|100%| E|CS|TAMS 0x00000000eb800000, 0x00000000eb800000| Complete 
| 185|0x00000000eb900000, 0x00000000eba00000, 0x00000000eba00000|100%| E|CS|TAMS 0x00000000eb900000, 0x00000000eb900000| Complete 
| 186|0x00000000eba00000, 0x00000000ebb00000, 0x00000000ebb00000|100%| E|CS|TAMS 0x00000000eba00000, 0x00000000eba00000| Complete 
| 187|0x00000000ebb00000, 0x00000000ebc00000, 0x00000000ebc00000|100%| E|CS|TAMS 0x00000000ebb00000, 0x00000000ebb00000| Complete 
| 188|0x00000000ebc00000, 0x00000000ebd00000, 0x00000000ebd00000|100%| E|CS|TAMS 0x00000000ebc00000, 0x00000000ebc00000| Complete 
| 189|0x00000000ebd00000, 0x00000000ebe00000, 0x00000000ebe00000|100%| E|CS|TAMS 0x00000000ebd00000, 0x00000000ebd00000| Complete 
| 190|0x00000000ebe00000, 0x00000000ebf00000, 0x00000000ebf00000|100%| E|CS|TAMS 0x00000000ebe00000, 0x00000000ebe00000| Complete 
| 191|0x00000000ebf00000, 0x00000000ec000000, 0x00000000ec000000|100%| E|CS|TAMS 0x00000000ebf00000, 0x00000000ebf00000| Complete 
| 192|0x00000000ec000000, 0x00000000ec100000, 0x00000000ec100000|100%| E|CS|TAMS 0x00000000ec000000, 0x00000000ec000000| Complete 
| 193|0x00000000ec100000, 0x00000000ec200000, 0x00000000ec200000|100%| E|CS|TAMS 0x00000000ec100000, 0x00000000ec100000| Complete 
| 194|0x00000000ec200000, 0x00000000ec300000, 0x00000000ec300000|100%| E|CS|TAMS 0x00000000ec200000, 0x00000000ec200000| Complete 
| 195|0x00000000ec300000, 0x00000000ec315d18, 0x00000000ec400000|  8%| S|CS|TAMS 0x00000000ec300000, 0x00000000ec300000| Complete 
| 196|0x00000000ec400000, 0x00000000ec500000, 0x00000000ec500000|100%| S|CS|TAMS 0x00000000ec400000, 0x00000000ec400000| Complete 
| 197|0x00000000ec500000, 0x00000000ec600000, 0x00000000ec600000|100%| S|CS|TAMS 0x00000000ec500000, 0x00000000ec500000| Complete 
| 198|0x00000000ec600000, 0x00000000ec700000, 0x00000000ec700000|100%| S|CS|TAMS 0x00000000ec600000, 0x00000000ec600000| Complete 
| 199|0x00000000ec700000, 0x00000000ec800000, 0x00000000ec800000|100%| S|CS|TAMS 0x00000000ec700000, 0x00000000ec700000| Complete 
| 200|0x00000000ec800000, 0x00000000ec900000, 0x00000000ec900000|100%| S|CS|TAMS 0x00000000ec800000, 0x00000000ec800000| Complete 
| 201|0x00000000ec900000, 0x00000000eca00000, 0x00000000eca00000|100%| E|CS|TAMS 0x00000000ec900000, 0x00000000ec900000| Complete 
| 202|0x00000000eca00000, 0x00000000ecb00000, 0x00000000ecb00000|100%| E|CS|TAMS 0x00000000eca00000, 0x00000000eca00000| Complete 
| 203|0x00000000ecb00000, 0x00000000ecc00000, 0x00000000ecc00000|100%| E|CS|TAMS 0x00000000ecb00000, 0x00000000ecb00000| Complete 
| 204|0x00000000ecc00000, 0x00000000ecd00000, 0x00000000ecd00000|100%| E|CS|TAMS 0x00000000ecc00000, 0x00000000ecc00000| Complete 
| 205|0x00000000ecd00000, 0x00000000ece00000, 0x00000000ece00000|100%| E|CS|TAMS 0x00000000ecd00000, 0x00000000ecd00000| Complete 
| 206|0x00000000ece00000, 0x00000000ecf00000, 0x00000000ecf00000|100%| E|CS|TAMS 0x00000000ece00000, 0x00000000ece00000| Complete 
| 207|0x00000000ecf00000, 0x00000000ed000000, 0x00000000ed000000|100%| E|CS|TAMS 0x00000000ecf00000, 0x00000000ecf00000| Complete 
| 208|0x00000000ed000000, 0x00000000ed100000, 0x00000000ed100000|100%| E|CS|TAMS 0x00000000ed000000, 0x00000000ed000000| Complete 
| 209|0x00000000ed100000, 0x00000000ed200000, 0x00000000ed200000|100%| E|CS|TAMS 0x00000000ed100000, 0x00000000ed100000| Complete 
| 210|0x00000000ed200000, 0x00000000ed300000, 0x00000000ed300000|100%| E|CS|TAMS 0x00000000ed200000, 0x00000000ed200000| Complete 
| 211|0x00000000ed300000, 0x00000000ed400000, 0x00000000ed400000|100%| E|CS|TAMS 0x00000000ed300000, 0x00000000ed300000| Complete 
| 212|0x00000000ed400000, 0x00000000ed500000, 0x00000000ed500000|100%| E|CS|TAMS 0x00000000ed400000, 0x00000000ed400000| Complete 
| 213|0x00000000ed500000, 0x00000000ed600000, 0x00000000ed600000|100%| E|CS|TAMS 0x00000000ed500000, 0x00000000ed500000| Complete 
| 214|0x00000000ed600000, 0x00000000ed700000, 0x00000000ed700000|100%| E|CS|TAMS 0x00000000ed600000, 0x00000000ed600000| Complete 
| 215|0x00000000ed700000, 0x00000000ed800000, 0x00000000ed800000|100%| E|CS|TAMS 0x00000000ed700000, 0x00000000ed700000| Complete 
| 216|0x00000000ed800000, 0x00000000ed900000, 0x00000000ed900000|100%| E|CS|TAMS 0x00000000ed800000, 0x00000000ed800000| Complete 
| 217|0x00000000ed900000, 0x00000000eda00000, 0x00000000eda00000|100%| E|CS|TAMS 0x00000000ed900000, 0x00000000ed900000| Complete 
| 218|0x00000000eda00000, 0x00000000edb00000, 0x00000000edb00000|100%| E|CS|TAMS 0x00000000eda00000, 0x00000000eda00000| Complete 
| 219|0x00000000edb00000, 0x00000000edc00000, 0x00000000edc00000|100%| E|CS|TAMS 0x00000000edb00000, 0x00000000edb00000| Complete 
| 220|0x00000000edc00000, 0x00000000edd00000, 0x00000000edd00000|100%| E|CS|TAMS 0x00000000edc00000, 0x00000000edc00000| Complete 
| 221|0x00000000edd00000, 0x00000000ede00000, 0x00000000ede00000|100%| E|CS|TAMS 0x00000000edd00000, 0x00000000edd00000| Complete 
| 222|0x00000000ede00000, 0x00000000edf00000, 0x00000000edf00000|100%| E|CS|TAMS 0x00000000ede00000, 0x00000000ede00000| Complete 
| 223|0x00000000edf00000, 0x00000000ee000000, 0x00000000ee000000|100%| E|CS|TAMS 0x00000000edf00000, 0x00000000edf00000| Complete 
| 224|0x00000000ee000000, 0x00000000ee100000, 0x00000000ee100000|100%| E|CS|TAMS 0x00000000ee000000, 0x00000000ee000000| Complete 
| 225|0x00000000ee100000, 0x00000000ee200000, 0x00000000ee200000|100%| E|CS|TAMS 0x00000000ee100000, 0x00000000ee100000| Complete 
| 226|0x00000000ee200000, 0x00000000ee300000, 0x00000000ee300000|100%| E|CS|TAMS 0x00000000ee200000, 0x00000000ee200000| Complete 
| 227|0x00000000ee300000, 0x00000000ee400000, 0x00000000ee400000|100%| E|CS|TAMS 0x00000000ee300000, 0x00000000ee300000| Complete 
| 228|0x00000000ee400000, 0x00000000ee500000, 0x00000000ee500000|100%| E|CS|TAMS 0x00000000ee400000, 0x00000000ee400000| Complete 
| 229|0x00000000ee500000, 0x00000000ee600000, 0x00000000ee600000|100%| E|CS|TAMS 0x00000000ee500000, 0x00000000ee500000| Complete 
| 230|0x00000000ee600000, 0x00000000ee700000, 0x00000000ee700000|100%| E|CS|TAMS 0x00000000ee600000, 0x00000000ee600000| Complete 
| 231|0x00000000ee700000, 0x00000000ee800000, 0x00000000ee800000|100%| E|CS|TAMS 0x00000000ee700000, 0x00000000ee700000| Complete 
| 232|0x00000000ee800000, 0x00000000ee900000, 0x00000000ee900000|100%| E|CS|TAMS 0x00000000ee800000, 0x00000000ee800000| Complete 
| 233|0x00000000ee900000, 0x00000000eea00000, 0x00000000eea00000|100%| E|CS|TAMS 0x00000000ee900000, 0x00000000ee900000| Complete 
| 234|0x00000000eea00000, 0x00000000eeb00000, 0x00000000eeb00000|100%| E|CS|TAMS 0x00000000eea00000, 0x00000000eea00000| Complete 
| 235|0x00000000eeb00000, 0x00000000eec00000, 0x00000000eec00000|100%| E|CS|TAMS 0x00000000eeb00000, 0x00000000eeb00000| Complete 
| 236|0x00000000eec00000, 0x00000000eed00000, 0x00000000eed00000|100%| E|CS|TAMS 0x00000000eec00000, 0x00000000eec00000| Complete 
| 237|0x00000000eed00000, 0x00000000eee00000, 0x00000000eee00000|100%| E|CS|TAMS 0x00000000eed00000, 0x00000000eed00000| Complete 
| 238|0x00000000eee00000, 0x00000000eef00000, 0x00000000eef00000|100%| E|CS|TAMS 0x00000000eee00000, 0x00000000eee00000| Complete 
| 239|0x00000000eef00000, 0x00000000ef000000, 0x00000000ef000000|100%| E|CS|TAMS 0x00000000eef00000, 0x00000000eef00000| Complete 
| 240|0x00000000ef000000, 0x00000000ef100000, 0x00000000ef100000|100%| E|CS|TAMS 0x00000000ef000000, 0x00000000ef000000| Complete 
| 241|0x00000000ef100000, 0x00000000ef200000, 0x00000000ef200000|100%| E|CS|TAMS 0x00000000ef100000, 0x00000000ef100000| Complete 
| 242|0x00000000ef200000, 0x00000000ef300000, 0x00000000ef300000|100%| E|CS|TAMS 0x00000000ef200000, 0x00000000ef200000| Complete 
| 243|0x00000000ef300000, 0x00000000ef400000, 0x00000000ef400000|100%| E|CS|TAMS 0x00000000ef300000, 0x00000000ef300000| Complete 
| 244|0x00000000ef400000, 0x00000000ef500000, 0x00000000ef500000|100%| E|CS|TAMS 0x00000000ef400000, 0x00000000ef400000| Complete 
| 245|0x00000000ef500000, 0x00000000ef600000, 0x00000000ef600000|100%| E|CS|TAMS 0x00000000ef500000, 0x00000000ef500000| Complete 
| 246|0x00000000ef600000, 0x00000000ef700000, 0x00000000ef700000|100%| E|CS|TAMS 0x00000000ef600000, 0x00000000ef600000| Complete 
| 247|0x00000000ef700000, 0x00000000ef800000, 0x00000000ef800000|100%| E|CS|TAMS 0x00000000ef700000, 0x00000000ef700000| Complete 
| 248|0x00000000ef800000, 0x00000000ef900000, 0x00000000ef900000|100%| E|CS|TAMS 0x00000000ef800000, 0x00000000ef800000| Complete 
| 249|0x00000000ef900000, 0x00000000efa00000, 0x00000000efa00000|100%| E|CS|TAMS 0x00000000ef900000, 0x00000000ef900000| Complete 
| 250|0x00000000efa00000, 0x00000000efb00000, 0x00000000efb00000|100%| E|CS|TAMS 0x00000000efa00000, 0x00000000efa00000| Complete 
| 251|0x00000000efb00000, 0x00000000efc00000, 0x00000000efc00000|100%| E|CS|TAMS 0x00000000efb00000, 0x00000000efb00000| Complete 
| 252|0x00000000efc00000, 0x00000000efd00000, 0x00000000efd00000|100%| E|CS|TAMS 0x00000000efc00000, 0x00000000efc00000| Complete 
| 253|0x00000000efd00000, 0x00000000efe00000, 0x00000000efe00000|100%| E|CS|TAMS 0x00000000efd00000, 0x00000000efd00000| Complete 
| 254|0x00000000efe00000, 0x00000000eff00000, 0x00000000eff00000|100%| E|CS|TAMS 0x00000000efe00000, 0x00000000efe00000| Complete 
| 255|0x00000000eff00000, 0x00000000f0000000, 0x00000000f0000000|100%| E|CS|TAMS 0x00000000eff00000, 0x00000000eff00000| Complete 

Card table byte_map: [0x0000018dbc770000,0x0000018dbc870000] _byte_map_base: 0x0000018dbc070000

Marking Bits (Prev, Next): (CMBitMap*) 0x0000018da3975ac0, (CMBitMap*) 0x0000018da3975a80
 Prev Bits: [0x0000018dbd170000, 0x0000018dbd970000)
 Next Bits: [0x0000018dbc970000, 0x0000018dbd170000)

Polling page: 0x0000018da3720000

Metaspace:

Usage:
  Non-class:     53.80 MB used.
      Class:      8.69 MB used.
       Both:     62.48 MB used.

Virtual space:
  Non-class space:       64.00 MB reserved,      54.13 MB ( 85%) committed,  1 nodes.
      Class space:      208.00 MB reserved,       9.00 MB (  4%) committed,  1 nodes.
             Both:      272.00 MB reserved,      63.13 MB ( 23%) committed. 

Chunk freelists:
   Non-Class:  9.87 MB
       Class:  6.98 MB
        Both:  16.86 MB

MaxMetaspaceSize: 256.00 MB
CompressedClassSpaceSize: 208.00 MB
Initial GC threshold: 21.00 MB
Current GC threshold: 98.88 MB
CDS: on
MetaspaceReclaimPolicy: balanced
 - commit_granule_bytes: 65536.
 - commit_granule_words: 8192.
 - virtual_space_node_default_size: 8388608.
 - enlarge_chunks_in_place: 1.
 - new_chunks_are_fully_committed: 0.
 - uncommit_free_chunks: 1.
 - use_allocation_guard: 0.
 - handle_deallocations: 1.


Internal statistics:

num_allocs_failed_limit: 12.
num_arena_births: 834.
num_arena_deaths: 6.
num_vsnodes_births: 2.
num_vsnodes_deaths: 0.
num_space_committed: 1010.
num_space_uncommitted: 0.
num_chunks_returned_to_freelist: 30.
num_chunks_taken_from_freelist: 3405.
num_chunk_merges: 13.
num_chunk_splits: 2238.
num_chunks_enlarged: 1480.
num_inconsistent_stats: 0.

CodeHeap 'non-profiled nmethods': size=120000Kb used=5085Kb max_used=5085Kb free=114914Kb
 bounds [0x0000018db46d0000, 0x0000018db4bd0000, 0x0000018dbbc00000]
CodeHeap 'profiled nmethods': size=120000Kb used=15691Kb max_used=15691Kb free=104308Kb
 bounds [0x0000018dacc00000, 0x0000018dadb60000, 0x0000018db4130000]
CodeHeap 'non-nmethods': size=5760Kb used=2363Kb max_used=2441Kb free=3396Kb
 bounds [0x0000018db4130000, 0x0000018db43b0000, 0x0000018db46d0000]
 total_blobs=8951 nmethods=8064 adapters=798
 compilation: enabled
              stopped_count=0, restarted_count=0
 full_count=0

Compilation events (20 events):
Event: 234.380 Thread 0x0000018dc03dc560 9508       3       com.sun.tools.javac.comp.Operators$BinaryOperatorHelper::addBinaryOperator (24 bytes)
Event: 234.381 Thread 0x0000018dc03dc560 nmethod 9508 0x0000018dadb4fa90 code [0x0000018dadb4fcc0, 0x0000018dadb505c8]
Event: 234.381 Thread 0x0000018dc03dc560 9509       3       com.sun.tools.javac.comp.Operators$BinaryOperatorHelper$$Lambda$1210/0x0000018dc2860bb0::<init> (32 bytes)
Event: 234.381 Thread 0x0000018dc03dc560 nmethod 9509 0x0000018dadb50910 code [0x0000018dadb50ac0, 0x0000018dadb50df8]
Event: 234.382 Thread 0x0000018dc03dc560 9510   !   3       java.util.zip.Inflater::needsDictionary (19 bytes)
Event: 234.382 Thread 0x0000018dc03dc560 nmethod 9510 0x0000018dadb50e90 code [0x0000018dadb51020, 0x0000018dadb51218]
Event: 234.382 Thread 0x0000018dc03dc560 9511       3       sun.nio.ch.NativeDispatcher::<init> (5 bytes)
Event: 234.382 Thread 0x0000018dc03dc560 nmethod 9511 0x0000018dadb51310 code [0x0000018dadb514a0, 0x0000018dadb515f8]
Event: 234.384 Thread 0x0000018dc03dc560 9512       3       com.sun.tools.javac.parser.Tokens$Token::getComments (73 bytes)
Event: 234.384 Thread 0x0000018dc03dc560 nmethod 9512 0x0000018dadb51690 code [0x0000018dadb51900, 0x0000018dadb526e8]
Event: 234.385 Thread 0x0000018dc03dc560 9513       3       com.sun.tools.javac.tree.TreeMaker::Modifiers (56 bytes)
Event: 234.385 Thread 0x0000018dd30f0af0 9516       4       com.sun.tools.javac.parser.JavaTokenizer::put (27 bytes)
Event: 234.385 Thread 0x0000018dc03dc560 nmethod 9513 0x0000018dadb52b10 code [0x0000018dadb52ce0, 0x0000018dadb531a8]
Event: 234.385 Thread 0x0000018dc03dc560 9514       3       com.sun.tools.javac.tree.JCTree$JCModifiers::<init> (15 bytes)
Event: 234.385 Thread 0x0000018dc03dc560 nmethod 9514 0x0000018dadb53390 code [0x0000018dadb53540, 0x0000018dadb53778]
Event: 234.385 Thread 0x0000018dc03dc560 9515       3       com.sun.tools.javac.parser.JavaTokenizer::isSpecial (136 bytes)
Event: 234.386 Thread 0x0000018dc03dc560 nmethod 9515 0x0000018dadb53890 code [0x0000018dadb53a20, 0x0000018dadb53d38]
Event: 234.386 Thread 0x0000018dc03dc560 9517       3       com.sun.tools.javac.parser.JavacParser::term (30 bytes)
Event: 234.386 Thread 0x0000018dc03dc560 nmethod 9517 0x0000018dadb53e10 code [0x0000018dadb53fa0, 0x0000018dadb54108]
Event: 234.386 Thread 0x0000018dc03dc560 9518       3       com.sun.tools.javac.parser.JavacParser::term3Rest (732 bytes)

GC Heap History (18 events):
Event: 1.319 GC heap before
{Heap before GC invocations=0 (full 0):
 garbage-first heap   total 262144K, used 25600K [0x00000000e0000000, 0x0000000100000000)
  region size 1024K, 23 young (23552K), 0 survivors (0K)
 Metaspace       used 3016K, committed 3200K, reserved 278528K
  class space    used 381K, committed 448K, reserved 212992K
}
Event: 1.330 GC heap after
{Heap after GC invocations=1 (full 0):
 garbage-first heap   total 262144K, used 9181K [0x00000000e0000000, 0x0000000100000000)
  region size 1024K, 3 young (3072K), 3 survivors (3072K)
 Metaspace       used 3016K, committed 3200K, reserved 278528K
  class space    used 381K, committed 448K, reserved 212992K
}
Event: 1.707 GC heap before
{Heap before GC invocations=1 (full 0):
 garbage-first heap   total 262144K, used 37853K [0x00000000e0000000, 0x0000000100000000)
  region size 1024K, 31 young (31744K), 3 survivors (3072K)
 Metaspace       used 3936K, committed 4096K, reserved 278528K
  class space    used 477K, committed 576K, reserved 212992K
}
Event: 1.711 GC heap after
{Heap after GC invocations=2 (full 0):
 garbage-first heap   total 262144K, used 13412K [0x00000000e0000000, 0x0000000100000000)
  region size 1024K, 4 young (4096K), 4 survivors (4096K)
 Metaspace       used 3936K, committed 4096K, reserved 278528K
  class space    used 477K, committed 576K, reserved 212992K
}
Event: 8.598 GC heap before
{Heap before GC invocations=2 (full 0):
 garbage-first heap   total 262144K, used 113764K [0x00000000e0000000, 0x0000000100000000)
  region size 1024K, 103 young (105472K), 4 survivors (4096K)
 Metaspace       used 21254K, committed 21504K, reserved 278528K
  class space    used 3190K, committed 3328K, reserved 212992K
}
Event: 8.618 GC heap after
{Heap after GC invocations=3 (full 0):
 garbage-first heap   total 262144K, used 20862K [0x00000000e0000000, 0x0000000100000000)
  region size 1024K, 12 young (12288K), 12 survivors (12288K)
 Metaspace       used 21254K, committed 21504K, reserved 278528K
  class space    used 3190K, committed 3328K, reserved 212992K
}
Event: 14.102 GC heap before
{Heap before GC invocations=4 (full 0):
 garbage-first heap   total 262144K, used 139646K [0x00000000e0000000, 0x0000000100000000)
  region size 1024K, 126 young (129024K), 12 survivors (12288K)
 Metaspace       used 34484K, committed 34816K, reserved 278528K
  class space    used 4845K, committed 4992K, reserved 212992K
}
Event: 14.120 GC heap after
{Heap after GC invocations=5 (full 0):
 garbage-first heap   total 262144K, used 30298K [0x00000000e0000000, 0x0000000100000000)
  region size 1024K, 16 young (16384K), 16 survivors (16384K)
 Metaspace       used 34484K, committed 34816K, reserved 278528K
  class space    used 4845K, committed 4992K, reserved 212992K
}
Event: 14.125 GC heap before
{Heap before GC invocations=5 (full 0):
 garbage-first heap   total 262144K, used 31322K [0x00000000e0000000, 0x0000000100000000)
  region size 1024K, 17 young (17408K), 16 survivors (16384K)
 Metaspace       used 34485K, committed 34816K, reserved 278528K
  class space    used 4845K, committed 4992K, reserved 212992K
}
Event: 14.138 GC heap after
{Heap after GC invocations=6 (full 0):
 garbage-first heap   total 262144K, used 31613K [0x00000000e0000000, 0x0000000100000000)
  region size 1024K, 2 young (2048K), 2 survivors (2048K)
 Metaspace       used 34485K, committed 34816K, reserved 278528K
  class space    used 4845K, committed 4992K, reserved 212992K
}
Event: 15.234 GC heap before
{Heap before GC invocations=6 (full 0):
 garbage-first heap   total 262144K, used 168829K [0x00000000e0000000, 0x0000000100000000)
  region size 1024K, 137 young (140288K), 2 survivors (2048K)
 Metaspace       used 35597K, committed 35968K, reserved 278528K
  class space    used 4947K, committed 5120K, reserved 212992K
}
Event: 15.244 GC heap after
{Heap after GC invocations=7 (full 0):
 garbage-first heap   total 262144K, used 38114K [0x00000000e0000000, 0x0000000100000000)
  region size 1024K, 8 young (8192K), 8 survivors (8192K)
 Metaspace       used 35597K, committed 35968K, reserved 278528K
  class space    used 4947K, committed 5120K, reserved 212992K
}
Event: 20.392 GC heap before
{Heap before GC invocations=8 (full 0):
 garbage-first heap   total 262144K, used 186594K [0x00000000e0000000, 0x0000000100000000)
  region size 1024K, 153 young (156672K), 8 survivors (8192K)
 Metaspace       used 50022K, committed 50496K, reserved 278528K
  class space    used 6935K, committed 7168K, reserved 212992K
}
Event: 20.406 GC heap after
{Heap after GC invocations=9 (full 0):
 garbage-first heap   total 262144K, used 47245K [0x00000000e0000000, 0x0000000100000000)
  region size 1024K, 17 young (17408K), 17 survivors (17408K)
 Metaspace       used 50022K, committed 50496K, reserved 278528K
  class space    used 6935K, committed 7168K, reserved 212992K
}
Event: 20.442 GC heap before
{Heap before GC invocations=9 (full 0):
 garbage-first heap   total 262144K, used 48269K [0x00000000e0000000, 0x0000000100000000)
  region size 1024K, 18 young (18432K), 17 survivors (17408K)
 Metaspace       used 50130K, committed 50688K, reserved 278528K
  class space    used 6953K, committed 7232K, reserved 212992K
}
Event: 20.462 GC heap after
{Heap after GC invocations=10 (full 0):
 garbage-first heap   total 262144K, used 48441K [0x00000000e0000000, 0x0000000100000000)
  region size 1024K, 3 young (3072K), 3 survivors (3072K)
 Metaspace       used 50130K, committed 50688K, reserved 278528K
  class space    used 6953K, committed 7232K, reserved 212992K
}
Event: 23.702 GC heap before
{Heap before GC invocations=10 (full 0):
 garbage-first heap   total 262144K, used 100665K [0x00000000e0000000, 0x0000000100000000)
  region size 1024K, 55 young (56320K), 3 survivors (3072K)
 Metaspace       used 59560K, committed 60160K, reserved 278528K
  class space    used 8344K, committed 8640K, reserved 212992K
}
Event: 23.707 GC heap after
{Heap after GC invocations=11 (full 0):
 garbage-first heap   total 262144K, used 51255K [0x00000000e0000000, 0x0000000100000000)
  region size 1024K, 6 young (6144K), 6 survivors (6144K)
 Metaspace       used 59560K, committed 60160K, reserved 278528K
  class space    used 8344K, committed 8640K, reserved 212992K
}

Dll operation events (12 events):
Event: 0.006 Loaded shared library C:\Users\grays\.jdks\corretto-17.0.8\bin\java.dll
Event: 0.023 Loaded shared library C:\Users\grays\.jdks\corretto-17.0.8\bin\jsvml.dll
Event: 0.149 Loaded shared library C:\Users\grays\.jdks\corretto-17.0.8\bin\net.dll
Event: 0.197 Loaded shared library C:\Users\grays\.jdks\corretto-17.0.8\bin\nio.dll
Event: 0.271 Loaded shared library C:\Users\grays\.jdks\corretto-17.0.8\bin\zip.dll
Event: 0.521 Loaded shared library C:\Users\grays\.jdks\corretto-17.0.8\bin\jimage.dll
Event: 0.758 Loaded shared library C:\Users\grays\.jdks\corretto-17.0.8\bin\verify.dll
Event: 1.041 Loaded shared library C:\Users\grays\.gradle\native\68d5fa5c4cc2d200863cafc0d521ce42e7d3e7ee720ec0a83991735586a16f82\windows-amd64\native-platform.dll
Event: 1.136 Loaded shared library C:\Users\grays\.gradle\native\e376f236ea51e6404a007f0833ffe2c6e607c4080706a723a18a27aeea778392\windows-amd64\native-platform-file-events.dll
Event: 2.095 Loaded shared library C:\Users\grays\.jdks\corretto-17.0.8\bin\management.dll
Event: 2.240 Loaded shared library C:\Users\grays\.jdks\corretto-17.0.8\bin\management_ext.dll
Event: 4.072 Loaded shared library C:\Users\grays\.jdks\corretto-17.0.8\bin\sunmscapi.dll

Deoptimization events (20 events):
Event: 234.225 Thread 0x0000018dd7e21200 DEOPT PACKING pc=0x0000018db4a406a8 sp=0x0000000f195fb120
Event: 234.225 Thread 0x0000018dd7e21200 DEOPT UNPACKING pc=0x0000018db41869a3 sp=0x0000000f195fb048 mode 2
Event: 234.262 Thread 0x0000018dd7e21200 Uncommon trap: trap_request=0xffffffcc fr.pc=0x0000018db49c8be8 relative=0x00000000000052e8
Event: 234.262 Thread 0x0000018dd7e21200 Uncommon trap: reason=intrinsic_or_type_checked_inlining action=make_not_entrant pc=0x0000018db49c8be8 method=java.util.ArrayList$SubList.toArray([Ljava/lang/Object;)[Ljava/lang/Object; @ 58 c2
Event: 234.262 Thread 0x0000018dd7e21200 DEOPT PACKING pc=0x0000018db49c8be8 sp=0x0000000f195f8ce0
Event: 234.262 Thread 0x0000018dd7e21200 DEOPT UNPACKING pc=0x0000018db41869a3 sp=0x0000000f195f8c68 mode 2
Event: 234.285 Thread 0x0000018dd7e21200 DEOPT PACKING pc=0x0000018dacf742dc sp=0x0000000f195f8e20
Event: 234.285 Thread 0x0000018dd7e21200 DEOPT UNPACKING pc=0x0000018db4187143 sp=0x0000000f195f83a0 mode 0
Event: 234.292 Thread 0x0000018dd7e21200 Uncommon trap: trap_request=0xffffffc6 fr.pc=0x0000018db48376f4 relative=0x0000000000000234
Event: 234.292 Thread 0x0000018dd7e21200 Uncommon trap: reason=bimorphic_or_optimized_type_check action=maybe_recompile pc=0x0000018db48376f4 method=com.google.common.base.CharMatcher.indexIn(Ljava/lang/CharSequence;I)I @ 31 c2
Event: 234.292 Thread 0x0000018dd7e21200 DEOPT PACKING pc=0x0000018db48376f4 sp=0x0000000f195f7750
Event: 234.292 Thread 0x0000018dd7e21200 DEOPT UNPACKING pc=0x0000018db41869a3 sp=0x0000000f195f76f8 mode 2
Event: 234.322 Thread 0x0000018dd7e21200 DEOPT PACKING pc=0x0000018dad91cec1 sp=0x0000000f195f7d60
Event: 234.322 Thread 0x0000018dd7e21200 DEOPT UNPACKING pc=0x0000018db4187143 sp=0x0000000f195f7288 mode 0
Event: 234.342 Thread 0x0000018dd612b8c0 DEOPT PACKING pc=0x0000018dad91cec1 sp=0x0000000f1bafd460
Event: 234.342 Thread 0x0000018dd612b8c0 DEOPT UNPACKING pc=0x0000018db4187143 sp=0x0000000f1bafc988 mode 0
Event: 234.342 Thread 0x0000018dd612b8c0 Uncommon trap: trap_request=0xffffffde fr.pc=0x0000018db49e71c8 relative=0x00000000000002a8
Event: 234.342 Thread 0x0000018dd612b8c0 Uncommon trap: reason=class_check action=maybe_recompile pc=0x0000018db49e71c8 method=java.util.stream.StreamOpFlag.fromCharacteristics(Ljava/util/Spliterator;)I @ 14 c2
Event: 234.342 Thread 0x0000018dd612b8c0 DEOPT PACKING pc=0x0000018db49e71c8 sp=0x0000000f1bafe3c0
Event: 234.342 Thread 0x0000018dd612b8c0 DEOPT UNPACKING pc=0x0000018db41869a3 sp=0x0000000f1bafe2a8 mode 2

Classes unloaded (20 events):
Event: 23.752 Thread 0x0000018dc03b5580 Unloading class 0x0000018dc253fa30 'SetupUtpTestResultListenerAction$_execute_closure1'
Event: 23.752 Thread 0x0000018dc03b5580 Unloading class 0x0000018dc253f798 'SetupUtpTestResultListenerAction'
Event: 23.752 Thread 0x0000018dc03b5580 Unloading class 0x0000018dc253f3b0 'GradleDaemonClasspathEnhancer$_getTestClasspath_closure2'
Event: 23.752 Thread 0x0000018dc03b5580 Unloading class 0x0000018dc253efc8 'GradleDaemonClasspathEnhancer$_enhanceGradleDaemonClasspath_closure1'
Event: 23.752 Thread 0x0000018dc03b5580 Unloading class 0x0000018dc253ed30 'GradleDaemonClasspathEnhancer'
Event: 23.752 Thread 0x0000018dc03b5580 Unloading class 0x0000018dc253ea58 'FileComparisonTestEventLogger$1'
Event: 23.752 Thread 0x0000018dc03b5580 Unloading class 0x0000018dc253e7d0 'FileComparisonTestEventLogger'
Event: 23.752 Thread 0x0000018dc03b5580 Unloading class 0x0000018dc253e3e8 'TestEventLogger$_logTestResult_closure3'
Event: 23.752 Thread 0x0000018dc03b5580 Unloading class 0x0000018dc253e000 'TestEventLogger$_logTestOutputEvent_closure2'
Event: 23.752 Thread 0x0000018dc03b5580 Unloading class 0x0000018dc253db78 'TestEventLogger$_logTestEvent_closure1$_closure4'
Event: 23.752 Thread 0x0000018dc03b5580 Unloading class 0x0000018dc253d790 'TestEventLogger$_logTestEvent_closure1'
Event: 23.752 Thread 0x0000018dc03b5580 Unloading class 0x0000018dc253d520 'TestEventLogger'
Event: 23.752 Thread 0x0000018dc03b5580 Unloading class 0x0000018dc253d278 'KotlinMppTestLogger$2'
Event: 23.752 Thread 0x0000018dc03b5580 Unloading class 0x0000018dc253cfa0 'KotlinMppTestLogger$1'
Event: 23.752 Thread 0x0000018dc03b5580 Unloading class 0x0000018dc253cbb8 'KotlinMppTestLogger$_logConfigurationError_closure2'
Event: 23.752 Thread 0x0000018dc03b5580 Unloading class 0x0000018dc253c7d0 'KotlinMppTestLogger$_logTestEvent_closure1$_closure3$_closure5'
Event: 23.752 Thread 0x0000018dc03b5580 Unloading class 0x0000018dc253c3e8 'KotlinMppTestLogger$_logTestEvent_closure1$_closure3$_closure4'
Event: 23.752 Thread 0x0000018dc03b5580 Unloading class 0x0000018dc253c000 'KotlinMppTestLogger$_logTestEvent_closure1$_closure3'
Event: 23.752 Thread 0x0000018dc03b5580 Unloading class 0x0000018dc2530a88 'KotlinMppTestLogger$_logTestEvent_closure1'
Event: 23.752 Thread 0x0000018dc03b5580 Unloading class 0x0000018dc2530800 'KotlinMppTestLogger'

Classes redefined (0 events):
No events

Internal exceptions (20 events):
Event: 71.676 Thread 0x0000018dd53bf3c0 Exception <a 'sun/nio/fs/WindowsException'{0x00000000ed4887a8}> (0x00000000ed4887a8) 
thrown [s\src\hotspot\share\prims\jni.cpp, line 516]
Event: 71.676 Thread 0x0000018dd53bf3c0 Exception <a 'sun/nio/fs/WindowsException'{0x00000000ed488b08}> (0x00000000ed488b08) 
thrown [s\src\hotspot\share\prims\jni.cpp, line 516]
Event: 71.677 Thread 0x0000018dd53bf3c0 Exception <a 'sun/nio/fs/WindowsException'{0x00000000ed48ad08}> (0x00000000ed48ad08) 
thrown [s\src\hotspot\share\prims\jni.cpp, line 516]
Event: 71.677 Thread 0x0000018dd53bf3c0 Exception <a 'sun/nio/fs/WindowsException'{0x00000000ed48b028}> (0x00000000ed48b028) 
thrown [s\src\hotspot\share\prims\jni.cpp, line 516]
Event: 71.677 Thread 0x0000018dd53bf3c0 Exception <a 'sun/nio/fs/WindowsException'{0x00000000ed48d218}> (0x00000000ed48d218) 
thrown [s\src\hotspot\share\prims\jni.cpp, line 516]
Event: 71.685 Thread 0x0000018dd53bf3c0 Exception <a 'sun/nio/fs/WindowsException'{0x00000000ed4af420}> (0x00000000ed4af420) 
thrown [s\src\hotspot\share\prims\jni.cpp, line 516]
Event: 71.714 Thread 0x0000018dd53bf3c0 Exception <a 'java/lang/reflect/InvocationTargetException'{0x00000000ed39b538}> (0x00000000ed39b538) 
thrown [s\src\hotspot\share\runtime\reflection.cpp, line 1121]
Event: 234.390 Thread 0x0000018dd612b8c0 Exception <a 'sun/nio/fs/WindowsException'{0x00000000ebf62ba8}> (0x00000000ebf62ba8) 
thrown [s\src\hotspot\share\prims\jni.cpp, line 516]
Event: 234.390 Thread 0x0000018dd612b8c0 Exception <a 'sun/nio/fs/WindowsException'{0x00000000ebf62f20}> (0x00000000ebf62f20) 
thrown [s\src\hotspot\share\prims\jni.cpp, line 516]
Event: 234.425 Thread 0x0000018dd612b8c0 Exception <a 'sun/nio/fs/WindowsException'{0x00000000eb7ace18}> (0x00000000eb7ace18) 
thrown [s\src\hotspot\share\prims\jni.cpp, line 516]
Event: 234.425 Thread 0x0000018dd612b8c0 Exception <a 'sun/nio/fs/WindowsException'{0x00000000eb7ae048}> (0x00000000eb7ae048) 
thrown [s\src\hotspot\share\prims\jni.cpp, line 516]
Event: 234.425 Thread 0x0000018dd612b8c0 Exception <a 'sun/nio/fs/WindowsException'{0x00000000eb7af0a8}> (0x00000000eb7af0a8) 
thrown [s\src\hotspot\share\prims\jni.cpp, line 516]
Event: 234.426 Thread 0x0000018dd612b8c0 Exception <a 'sun/nio/fs/WindowsException'{0x00000000eb7b02c0}> (0x00000000eb7b02c0) 
thrown [s\src\hotspot\share\prims\jni.cpp, line 516]
Event: 234.426 Thread 0x0000018dd612b8c0 Exception <a 'sun/nio/fs/WindowsException'{0x00000000eb7b0650}> (0x00000000eb7b0650) 
thrown [s\src\hotspot\share\prims\jni.cpp, line 516]
Event: 234.426 Thread 0x0000018dd612b8c0 Exception <a 'sun/nio/fs/WindowsException'{0x00000000eb7b2ac8}> (0x00000000eb7b2ac8) 
thrown [s\src\hotspot\share\prims\jni.cpp, line 516]
Event: 234.426 Thread 0x0000018dd612b8c0 Exception <a 'sun/nio/fs/WindowsException'{0x00000000eb7b2e28}> (0x00000000eb7b2e28) 
thrown [s\src\hotspot\share\prims\jni.cpp, line 516]
Event: 234.426 Thread 0x0000018dd612b8c0 Exception <a 'sun/nio/fs/WindowsException'{0x00000000eb7b5028}> (0x00000000eb7b5028) 
thrown [s\src\hotspot\share\prims\jni.cpp, line 516]
Event: 234.426 Thread 0x0000018dd612b8c0 Exception <a 'sun/nio/fs/WindowsException'{0x00000000eb7b5348}> (0x00000000eb7b5348) 
thrown [s\src\hotspot\share\prims\jni.cpp, line 516]
Event: 234.426 Thread 0x0000018dd612b8c0 Exception <a 'sun/nio/fs/WindowsException'{0x00000000eb7b7538}> (0x00000000eb7b7538) 
thrown [s\src\hotspot\share\prims\jni.cpp, line 516]
Event: 234.639 Thread 0x0000018dd612b8c0 Exception <a 'sun/nio/fs/WindowsException'{0x00000000eb7d96f8}> (0x00000000eb7d96f8) 
thrown [s\src\hotspot\share\prims\jni.cpp, line 516]

VM Operations (20 events):
Event: 102.823 Executing VM operation: Cleanup
Event: 102.823 Executing VM operation: Cleanup done
Event: 114.828 Executing VM operation: Cleanup
Event: 114.828 Executing VM operation: Cleanup done
Event: 118.830 Executing VM operation: Cleanup
Event: 118.830 Executing VM operation: Cleanup done
Event: 119.830 Executing VM operation: Cleanup
Event: 119.830 Executing VM operation: Cleanup done
Event: 120.285 Executing VM operation: HandshakeAllThreads
Event: 120.285 Executing VM operation: HandshakeAllThreads done
Event: 154.304 Executing VM operation: Cleanup
Event: 154.304 Executing VM operation: Cleanup done
Event: 159.307 Executing VM operation: Cleanup
Event: 159.307 Executing VM operation: Cleanup done
Event: 164.309 Executing VM operation: Cleanup
Event: 164.309 Executing VM operation: Cleanup done
Event: 202.325 Executing VM operation: Cleanup
Event: 202.325 Executing VM operation: Cleanup done
Event: 233.337 Executing VM operation: Cleanup
Event: 233.337 Executing VM operation: Cleanup done

Events (20 events):
Event: 234.220 Thread 0x0000018dd7477790 Thread added: 0x0000018dd7477790
Event: 234.261 Thread 0x0000018dd7b03fa0 Thread added: 0x0000018dd7b03fa0
Event: 234.263 Thread 0x0000018dd4cadc20 Thread added: 0x0000018dd4cadc20
Event: 234.265 Thread 0x0000018dd4cae130 Thread added: 0x0000018dd4cae130
Event: 234.266 Thread 0x0000018dd4cad200 Thread added: 0x0000018dd4cad200
Event: 234.282 Thread 0x0000018dd4caae90 Thread added: 0x0000018dd4caae90
Event: 234.295 Thread 0x0000018dd7e21c20 Thread added: 0x0000018dd7e21c20
Event: 234.298 Thread 0x0000018dd30f0af0 Thread added: 0x0000018dd30f0af0
Event: 234.337 Thread 0x0000018dd7e202d0 Thread added: 0x0000018dd7e202d0
Event: 234.337 Thread 0x0000018dd612b8c0 Thread added: 0x0000018dd612b8c0
Event: 234.338 Thread 0x0000018dd612bdd0 Thread added: 0x0000018dd612bdd0
Event: 234.338 Thread 0x0000018dd612c2e0 Thread added: 0x0000018dd612c2e0
Event: 234.338 Thread 0x0000018dd6d87260 Thread added: 0x0000018dd6d87260
Event: 234.338 Thread 0x0000018dd6d86330 Thread added: 0x0000018dd6d86330
Event: 234.338 Thread 0x0000018dd6d87c80 Thread added: 0x0000018dd6d87c80
Event: 234.338 Thread 0x0000018dd30ef5b0 Thread added: 0x0000018dd30ef5b0
Event: 234.338 Thread 0x0000018dd4caccf0 Thread added: 0x0000018dd4caccf0
Event: 234.340 Thread 0x0000018dd53bfde0 Thread added: 0x0000018dd53bfde0
Event: 234.359 Thread 0x0000018dd53bf3c0 Thread added: 0x0000018dd53bf3c0
Event: 234.359 Thread 0x0000018dd53c1220 Thread added: 0x0000018dd53c1220


Dynamic libraries:
0x00007ff7fceb0000 - 0x00007ff7fcebd000 	C:\Users\grays\.jdks\corretto-17.0.8\bin\java.exe
0x00007ff895f00000 - 0x00007ff8960f0000 	C:\WINDOWS\SYSTEM32\ntdll.dll
0x00007ff894060000 - 0x00007ff894112000 	C:\WINDOWS\System32\KERNEL32.DLL
0x00007ff8939e0000 - 0x00007ff893c85000 	C:\WINDOWS\System32\KERNELBASE.dll
0x00007ff893cc0000 - 0x00007ff893dba000 	C:\WINDOWS\System32\ucrtbase.dll
0x00007ff88bed0000 - 0x00007ff88bee5000 	C:\Users\grays\.jdks\corretto-17.0.8\bin\VCRUNTIME140.dll
0x00007ff88be50000 - 0x00007ff88be67000 	C:\Users\grays\.jdks\corretto-17.0.8\bin\jli.dll
0x00007ff8949b0000 - 0x00007ff894b44000 	C:\WINDOWS\System32\USER32.dll
0x00007ff893c90000 - 0x00007ff893cb1000 	C:\WINDOWS\System32\win32u.dll
0x00007ff8957b0000 - 0x00007ff8957d6000 	C:\WINDOWS\System32\GDI32.dll
0x00007ff87b890000 - 0x00007ff87bb14000 	C:\WINDOWS\WinSxS\amd64_microsoft.windows.common-controls_6595b64144ccf1df_6.0.18362.1256_none_9e7e379be45e40e2\COMCTL32.dll
0x00007ff892e70000 - 0x00007ff893006000 	C:\WINDOWS\System32\gdi32full.dll
0x00007ff895e20000 - 0x00007ff895ebe000 	C:\WINDOWS\System32\msvcrt.dll
0x00007ff893dc0000 - 0x00007ff893e5e000 	C:\WINDOWS\System32\msvcp_win.dll
0x00007ff894120000 - 0x00007ff894456000 	C:\WINDOWS\System32\combase.dll
0x00007ff895690000 - 0x00007ff8957b0000 	C:\WINDOWS\System32\RPCRT4.dll
0x00007ff893010000 - 0x00007ff893091000 	C:\WINDOWS\System32\bcryptPrimitives.dll
0x00007ff894980000 - 0x00007ff8949ae000 	C:\WINDOWS\System32\IMM32.DLL
0x00007ff87aa30000 - 0x00007ff87aacb000 	C:\Users\grays\.jdks\corretto-17.0.8\bin\msvcp140.dll
0x00007ff84e960000 - 0x00007ff84f57d000 	C:\Users\grays\.jdks\corretto-17.0.8\bin\server\jvm.dll
0x00007ff8957e0000 - 0x00007ff895883000 	C:\WINDOWS\System32\ADVAPI32.dll
0x00007ff895970000 - 0x00007ff895a07000 	C:\WINDOWS\System32\sechost.dll
0x00007ff892e20000 - 0x00007ff892e6a000 	C:\WINDOWS\System32\POWRPROF.dll
0x00007ff892da0000 - 0x00007ff892db0000 	C:\WINDOWS\System32\UMPDC.dll
0x00007ff890860000 - 0x00007ff890884000 	C:\WINDOWS\SYSTEM32\WINMM.dll
0x00007ff88e020000 - 0x00007ff88e029000 	C:\WINDOWS\SYSTEM32\WSOCK32.dll
0x00007ff88d750000 - 0x00007ff88d75a000 	C:\WINDOWS\SYSTEM32\VERSION.dll
0x00007ff8958f0000 - 0x00007ff89595f000 	C:\WINDOWS\System32\WS2_32.dll
0x00007ff890830000 - 0x00007ff89085d000 	C:\WINDOWS\SYSTEM32\WINMMBASE.dll
0x00007ff893830000 - 0x00007ff89387a000 	C:\WINDOWS\System32\cfgmgr32.dll
0x00007ff892db0000 - 0x00007ff892dc1000 	C:\WINDOWS\System32\kernel.appcore.dll
0x00007ff890cd0000 - 0x00007ff890cda000 	C:\Users\grays\.jdks\corretto-17.0.8\bin\jimage.dll
0x00007ff891540000 - 0x00007ff891734000 	C:\WINDOWS\SYSTEM32\DBGHELP.DLL
0x00007ff88be00000 - 0x00007ff88be2a000 	C:\WINDOWS\SYSTEM32\dbgcore.DLL
0x00007ff88bd30000 - 0x00007ff88bd55000 	C:\Users\grays\.jdks\corretto-17.0.8\bin\java.dll
0x00007ff87a770000 - 0x00007ff87a846000 	C:\Users\grays\.jdks\corretto-17.0.8\bin\jsvml.dll
0x00007ff894fa0000 - 0x00007ff895687000 	C:\WINDOWS\System32\SHELL32.dll
0x00007ff8948d0000 - 0x00007ff894979000 	C:\WINDOWS\System32\shcore.dll
0x00007ff8930a0000 - 0x00007ff893821000 	C:\WINDOWS\System32\windows.storage.dll
0x00007ff892dd0000 - 0x00007ff892df3000 	C:\WINDOWS\System32\profapi.dll
0x00007ff895dc0000 - 0x00007ff895e12000 	C:\WINDOWS\System32\shlwapi.dll
0x00007ff8939c0000 - 0x00007ff8939d7000 	C:\WINDOWS\System32\cryptsp.dll
0x00007ff88a690000 - 0x00007ff88a6a9000 	C:\Users\grays\.jdks\corretto-17.0.8\bin\net.dll
0x00007ff88c1c0000 - 0x00007ff88c2b0000 	C:\WINDOWS\SYSTEM32\WINHTTP.dll
0x00007ff892590000 - 0x00007ff8925f7000 	C:\WINDOWS\system32\mswsock.dll
0x00007ff887820000 - 0x00007ff887835000 	C:\Users\grays\.jdks\corretto-17.0.8\bin\nio.dll
0x00007ff8876e0000 - 0x00007ff8876f8000 	C:\Users\grays\.jdks\corretto-17.0.8\bin\zip.dll
0x00007ff88fb60000 - 0x00007ff88fb70000 	C:\Users\grays\.jdks\corretto-17.0.8\bin\verify.dll
0x00007ff880040000 - 0x00007ff880067000 	C:\Users\grays\.gradle\native\68d5fa5c4cc2d200863cafc0d521ce42e7d3e7ee720ec0a83991735586a16f82\windows-amd64\native-platform.dll
0x00007ff877610000 - 0x00007ff877754000 	C:\Users\grays\.gradle\native\e376f236ea51e6404a007f0833ffe2c6e607c4080706a723a18a27aeea778392\windows-amd64\native-platform-file-events.dll
0x00007ff88f8d0000 - 0x00007ff88f8d9000 	C:\Users\grays\.jdks\corretto-17.0.8\bin\management.dll
0x00007ff88d780000 - 0x00007ff88d78b000 	C:\Users\grays\.jdks\corretto-17.0.8\bin\management_ext.dll
0x00007ff895960000 - 0x00007ff895968000 	C:\WINDOWS\System32\PSAPI.DLL
0x00007ff892100000 - 0x00007ff892133000 	C:\WINDOWS\system32\rsaenh.dll
0x00007ff893930000 - 0x00007ff893956000 	C:\WINDOWS\System32\bcrypt.dll
0x00007ff892c80000 - 0x00007ff892ca5000 	C:\WINDOWS\SYSTEM32\USERENV.dll
0x00007ff892760000 - 0x00007ff89276c000 	C:\WINDOWS\SYSTEM32\CRYPTBASE.dll
0x00007ff8922a0000 - 0x00007ff8922da000 	C:\WINDOWS\SYSTEM32\IPHLPAPI.DLL
0x00007ff894f90000 - 0x00007ff894f98000 	C:\WINDOWS\System32\NSI.dll
0x00007ff88bb00000 - 0x00007ff88bb16000 	C:\WINDOWS\SYSTEM32\dhcpcsvc6.DLL
0x00007ff88bbb0000 - 0x00007ff88bbcc000 	C:\WINDOWS\SYSTEM32\dhcpcsvc.DLL
0x00007ff892330000 - 0x00007ff8923fb000 	C:\WINDOWS\SYSTEM32\DNSAPI.dll
0x00007ff88bea0000 - 0x00007ff88beae000 	C:\Users\grays\.jdks\corretto-17.0.8\bin\sunmscapi.dll
0x00007ff893e60000 - 0x00007ff893fa9000 	C:\WINDOWS\System32\CRYPT32.dll
0x00007ff892e00000 - 0x00007ff892e12000 	C:\WINDOWS\System32\MSASN1.dll
0x00007ff892860000 - 0x00007ff892886000 	C:\WINDOWS\SYSTEM32\ncrypt.dll
0x00007ff892820000 - 0x00007ff89285b000 	C:\WINDOWS\SYSTEM32\NTASN1.dll
0x00007ff880230000 - 0x00007ff880237000 	C:\WINDOWS\system32\wshunix.dll

dbghelp: loaded successfully - version: 4.0.5 - missing functions: none
symbol engine: initialized successfully - sym options: 0x614 - pdb path: .;C:\Users\grays\.jdks\corretto-17.0.8\bin;C:\WINDOWS\SYSTEM32;C:\WINDOWS\WinSxS\amd64_microsoft.windows.common-controls_6595b64144ccf1df_6.0.18362.1256_none_9e7e379be45e40e2;C:\Users\grays\.jdks\corretto-17.0.8\bin\server;C:\Users\grays\.gradle\native\68d5fa5c4cc2d200863cafc0d521ce42e7d3e7ee720ec0a83991735586a16f82\windows-amd64;C:\Users\grays\.gradle\native\e376f236ea51e6404a007f0833ffe2c6e607c4080706a723a18a27aeea778392\windows-amd64

VM Arguments:
jvm_args: --add-opens=java.base/java.util=ALL-UNNAMED --add-opens=java.base/java.lang=ALL-UNNAMED --add-opens=java.base/java.lang.invoke=ALL-UNNAMED --add-opens=java.prefs/java.util.prefs=ALL-UNNAMED --add-opens=java.base/java.nio.charset=ALL-UNNAMED --add-opens=java.base/java.net=ALL-UNNAMED --add-opens=java.base/java.util.concurrent.atomic=ALL-UNNAMED -XX:MaxMetaspaceSize=256m -XX:+HeapDumpOnOutOfMemoryError -Xms256m -Xmx512m -Dfile.encoding=windows-1252 -Duser.country=US -Duser.language=en -Duser.variant 
java_command: org.gradle.launcher.daemon.bootstrap.GradleDaemon 7.6.1
java_class_path (initial): C:\Users\grays\.gradle\wrapper\dists\gradle-7.6.1-bin\2clxi94ab3brv6467628wnxmd\gradle-7.6.1\lib\gradle-launcher-7.6.1.jar
Launcher Type: SUN_STANDARD

[Global flags]
     intx CICompilerCount                          = 4                                         {product} {ergonomic}
   size_t CompressedClassSpaceSize                 = 218103808                                 {product} {ergonomic}
     uint ConcGCThreads                            = 2                                         {product} {ergonomic}
     uint G1ConcRefinementThreads                  = 8                                         {product} {ergonomic}
   size_t G1HeapRegionSize                         = 1048576                                   {product} {ergonomic}
    uintx GCDrainStackTargetSize                   = 64                                        {product} {ergonomic}
     bool HeapDumpOnOutOfMemoryError               = true                                   {manageable} {command line}
   size_t InitialHeapSize                          = 268435456                                 {product} {command line}
   size_t MarkStackSize                            = 4194304                                   {product} {ergonomic}
   size_t MaxHeapSize                              = 536870912                                 {product} {command line}
   size_t MaxMetaspaceSize                         = 268435456                                 {product} {command line}
   size_t MaxNewSize                               = 321912832                                 {product} {ergonomic}
   size_t MinHeapDeltaBytes                        = 1048576                                   {product} {ergonomic}
   size_t MinHeapSize                              = 268435456                                 {product} {command line}
    uintx NonNMethodCodeHeapSize                   = 5839372                                {pd product} {ergonomic}
    uintx NonProfiledCodeHeapSize                  = 122909434                              {pd product} {ergonomic}
    uintx ProfiledCodeHeapSize                     = 122909434                              {pd product} {ergonomic}
    uintx ReservedCodeCacheSize                    = 251658240                              {pd product} {ergonomic}
     bool SegmentedCodeCache                       = true                                      {product} {ergonomic}
   size_t SoftMaxHeapSize                          = 536870912                              {manageable} {ergonomic}
     bool UseCompressedClassPointers               = true                           {product lp64_product} {ergonomic}
     bool UseCompressedOops                        = true                           {product lp64_product} {ergonomic}
     bool UseG1GC                                  = true                                      {product} {ergonomic}
     bool UseLargePagesIndividualAllocation        = false                                  {pd product} {ergonomic}

Logging:
Log output configuration:
 #0: stdout all=warning uptime,level,tags
 #1: stderr all=off uptime,level,tags

Environment Variables:
PATH=C:\Program Files (x86)\Common Files\Intel\Shared Libraries\redist\intel64\compiler;C:\Program Files (x86)\Common Files\Oracle\Java\javapath;C:\Program Files (x86)\Intel\iCLS Client\;C:\Program Files\Intel\iCLS Client\;C:\WINDOWS\system32;C:\WINDOWS;C:\WINDOWS\System32\Wbem;C:\WINDOWS\System32\WindowsPowerShell\v1.0\;C:\Program Files (x86)\Intel\Intel(R) Management Engine Components\DAL;C:\Program Files\Intel\Intel(R) Management Engine Components\DAL;C:\Program Files (x86)\Intel\Intel(R) Management Engine Components\IPT;C:\Program Files\Intel\Intel(R) Management Engine Components\IPT;C:\WINDOWS\System32\OpenSSH\;C:\Program Files\dotnet\;C:\Program Files\Microsoft SQL Server\130\Tools\Binn\;C:\Program Files\Intel\WiFi\bin\;C:\Program Files\Common Files\Intel\WirelessCommon\;C:\Program Files\Microsoft SQL Server\Client SDK\ODBC\170\Tools\Binn\;C:\Program Files (x86)\Microsoft SQL Server\150\Tools\Binn\;C:\Program Files\Microsoft SQL Server\150\Tools\Binn\;C:\Program Files\Microsoft SQL Server\150\DTS\Binn\;C:\Program Files (x86)\Microsoft SQL Server\150\DTS\Binn\;C:\Program Files\Git\cmd;C:\Program Files\nodejs\;C:\Users\grays\AppData\Local\Microsoft\WindowsApps;;C:\Users\grays\AppData\Local\Programs\Microsoft VS Code\bin;C:\Users\grays\AppData\Roaming\npm;C:\Program Files\JetBrains\IntelliJ IDEA Community Edition 2023.2\1\bin;
USERNAME=grays
OS=Windows_NT
PROCESSOR_IDENTIFIER=Intel64 Family 6 Model 142 Stepping 10, GenuineIntel
TMP=C:\Users\grays\AppData\Local\Temp
TEMP=C:\Users\grays\AppData\Local\Temp



---------------  S Y S T E M  ---------------

OS:
 Windows 10 , 64 bit Build 18362 (10.0.18362.1110)
OS uptime: 27 days 21:05 hours

CPU: total 8 (initial active 8) (4 cores per cpu, 2 threads per core) family 6 model 142 stepping 10 microcode 0x96, cx8, cmov, fxsr, ht, mmx, 3dnowpref, sse, sse2, sse3, ssse3, sse4.1, sse4.2, popcnt, lzcnt, tsc, tscinvbit, avx, avx2, aes, erms, clmul, bmi1, bmi2, adx, fma, vzeroupper, clflush, clflushopt
Processor Information for all 8 processors :
  Max Mhz: 1800, Current Mhz: 1600, Mhz Limit: 1584

Memory: 4k page, system-wide physical 8075M (608M free)
TotalPageFile size 32651M (AvailPageFile size 2M)
current process WorkingSet (physical memory assigned to process): 420M, peak: 444M
current process commit charge ("private bytes"): 495M, peak: 518M

vm_info: OpenJDK 64-Bit Server VM (17.0.8+7-LTS) for windows-amd64 JRE (17.0.8+7-LTS), built on Jul 10 2023 20:26:03 by "Administrator" with MS VC++ 15.9 (VS2017)

END.
