#
# There is insufficient memory for the Java Runtime Environment to continue.
# Native memory allocation (malloc) failed to allocate 1297488 bytes for Chunk::new
# Possible reasons:
#   The system is out of physical RAM or swap space
#   The process is running with CompressedOops enabled, and the Java Heap may be blocking the growth of the native heap
# Possible solutions:
#   Reduce memory load on the system
#   Increase physical memory or swap space
#   Check if swap backing store is full
#   Decrease Java heap size (-Xmx/-Xms)
#   Decrease number of Java threads
#   Decrease Java thread stack sizes (-Xss)
#   Set larger code cache with -XX:ReservedCodeCacheSize=
#   JVM is running with Unscaled Compressed Oops mode in which the Java heap is
#     placed in the first 4GB address space. The Java Heap base address is the
#     maximum limit for the native heap growth. Please use -XX:HeapBaseMinAddress
#     to set the Java Heap base and to place the Java Heap above 4GB virtual address.
# This output file may be truncated or incomplete.
#
#  Out of Memory Error (arena.cpp:189), pid=105796, tid=82196
#
# JRE version: OpenJDK Runtime Environment Corretto-17.0.8.7.1 (17.0.8+7) (build 17.0.8+7-LTS)
# Java VM: OpenJDK 64-Bit Server VM Corretto-17.0.8.7.1 (17.0.8+7-LTS, mixed mode, sharing, tiered, compressed oops, compressed class ptrs, g1 gc, windows-amd64)
# No core dump will be written. Minidumps are not enabled by default on client versions of Windows
#

---------------  S U M M A R Y ------------

Command Line: --add-opens=java.base/java.util=ALL-UNNAMED --add-opens=java.base/java.lang=ALL-UNNAMED --add-opens=java.base/java.lang.invoke=ALL-UNNAMED --add-opens=java.prefs/java.util.prefs=ALL-UNNAMED --add-opens=java.base/java.nio.charset=ALL-UNNAMED --add-opens=java.base/java.net=ALL-UNNAMED --add-opens=java.base/java.util.concurrent.atomic=ALL-UNNAMED -XX:MaxMetaspaceSize=256m -XX:+HeapDumpOnOutOfMemoryError -Xms256m -Xmx512m -Dfile.encoding=windows-1252 -Duser.country=US -Duser.language=en -Duser.variant org.gradle.launcher.daemon.bootstrap.GradleDaemon 7.6.1

Host: Intel(R) Core(TM) i5-8250U CPU @ 1.60GHz, 8 cores, 7G,  Windows 10 , 64 bit Build 18362 (10.0.18362.1110)
Time: Mon Oct  9 14:40:45 2023 Central Daylight Time elapsed time: 4.807680 seconds (0d 0h 0m 4s)

---------------  T H R E A D  ---------------

Current thread (0x000001b0eb5cfb00):  JavaThread "C2 CompilerThread2" daemon [_thread_in_native, id=82196, stack(0x0000006df0f00000,0x0000006df1000000)]


Current CompileTask:
C2:   4807 4117       4       jdk.internal.org.objectweb.asm.Frame::execute (2305 bytes)

Stack: [0x0000006df0f00000,0x0000006df1000000]
Native frames: (J=compiled Java code, j=interpreted, Vv=VM code, C=native code)
V  [jvm.dll+0x64c9da]
V  [jvm.dll+0x800834]
V  [jvm.dll+0x801fee]
V  [jvm.dll+0x802643]
V  [jvm.dll+0x23715b]
V  [jvm.dll+0xbd5ac]
V  [jvm.dll+0xbdb8c]
V  [jvm.dll+0x3518c7]
V  [jvm.dll+0x1b1822]
V  [jvm.dll+0x20b12f]
V  [jvm.dll+0x20a5d7]
V  [jvm.dll+0x19a74d]
V  [jvm.dll+0x219b5d]
V  [jvm.dll+0x217cbb]
V  [jvm.dll+0x7b94bb]
V  [jvm.dll+0x7b392a]
V  [jvm.dll+0x64b845]
C  [ucrtbase.dll+0x210b2]
C  [KERNEL32.DLL+0x17c24]
C  [ntdll.dll+0x6d4d1]


---------------  P R O C E S S  ---------------

Threads class SMR info:
_java_thread_list=0x000001b0ed4dc840, length=45, elements={
0x000001b0b9237230, 0x000001b0d5cafbe0, 0x000001b0d5cb0970, 0x000001b0d5cc83a0,
0x000001b0d5ccae90, 0x000001b0d5ccd770, 0x000001b0d5cce040, 0x000001b0d5ccecf0,
0x000001b0d5ce5170, 0x000001b0d5ce7a90, 0x000001b0e81109b0, 0x000001b0e8114eb0,
0x000001b0e827aff0, 0x000001b0e9721fc0, 0x000001b0ea05cb50, 0x000001b0ea05d030,
0x000001b0e8fbc050, 0x000001b0e8e20250, 0x000001b0e8e21ba0, 0x000001b0e8e20760,
0x000001b0e8e20c70, 0x000001b0e8e1fd40, 0x000001b0e8e21180, 0x000001b0e8e220b0,
0x000001b0e8e225c0, 0x000001b0e8e22ad0, 0x000001b0e8e1f320, 0x000001b0e8e1f830,
0x000001b0e9926680, 0x000001b0e99229c0, 0x000001b0e9927ac0, 0x000001b0e99233e0,
0x000001b0e9923e00, 0x000001b0e99275b0, 0x000001b0e99270a0, 0x000001b0e9924310,
0x000001b0eb5cfb00, 0x000001b0e9926170, 0x000001b0e9927fd0, 0x000001b0e9925240,
0x000001b0e9922ed0, 0x000001b0e99284e0, 0x000001b0e9926b90, 0x000001b0e9921a90,
0x000001b0e9921070
}

Java Threads: ( => current thread )
  0x000001b0b9237230 JavaThread "main" [_thread_blocked, id=107584, stack(0x0000006dedc00000,0x0000006dedd00000)]
  0x000001b0d5cafbe0 JavaThread "Reference Handler" daemon [_thread_blocked, id=107636, stack(0x0000006dee300000,0x0000006dee400000)]
  0x000001b0d5cb0970 JavaThread "Finalizer" daemon [_thread_blocked, id=106772, stack(0x0000006dee400000,0x0000006dee500000)]
  0x000001b0d5cc83a0 JavaThread "Signal Dispatcher" daemon [_thread_blocked, id=93312, stack(0x0000006dee500000,0x0000006dee600000)]
  0x000001b0d5ccae90 JavaThread "Attach Listener" daemon [_thread_blocked, id=98928, stack(0x0000006dee600000,0x0000006dee700000)]
  0x000001b0d5ccd770 JavaThread "Service Thread" daemon [_thread_blocked, id=106408, stack(0x0000006dee700000,0x0000006dee800000)]
  0x000001b0d5cce040 JavaThread "Monitor Deflation Thread" daemon [_thread_blocked, id=102340, stack(0x0000006dee800000,0x0000006dee900000)]
  0x000001b0d5ccecf0 JavaThread "C2 CompilerThread0" daemon [_thread_in_native, id=108780, stack(0x0000006dee900000,0x0000006deea00000)]
  0x000001b0d5ce5170 JavaThread "C1 CompilerThread0" daemon [_thread_in_native, id=108492, stack(0x0000006deea00000,0x0000006deeb00000)]
  0x000001b0d5ce7a90 JavaThread "Sweeper thread" daemon [_thread_blocked, id=111396, stack(0x0000006deeb00000,0x0000006deec00000)]
  0x000001b0e81109b0 JavaThread "Common-Cleaner" daemon [_thread_blocked, id=4680, stack(0x0000006deec00000,0x0000006deed00000)]
  0x000001b0e8114eb0 JavaThread "Notification Thread" daemon [_thread_blocked, id=101776, stack(0x0000006deed00000,0x0000006deee00000)]
  0x000001b0e827aff0 JavaThread "C2 CompilerThread1" daemon [_thread_in_native, id=107764, stack(0x0000006deef00000,0x0000006def000000)]
  0x000001b0e9721fc0 JavaThread "Daemon health stats" [_thread_blocked, id=103336, stack(0x0000006def600000,0x0000006def700000)]
  0x000001b0ea05cb50 JavaThread "Incoming local TCP Connector on port 61761" [_thread_in_native, id=111024, stack(0x0000006def700000,0x0000006def800000)]
  0x000001b0ea05d030 JavaThread "Daemon periodic checks" [_thread_blocked, id=69252, stack(0x0000006def800000,0x0000006def900000)]
  0x000001b0e8fbc050 JavaThread "Daemon" [_thread_blocked, id=13272, stack(0x0000006def900000,0x0000006defa00000)]
  0x000001b0e8e20250 JavaThread "Handler for socket connection from /127.0.0.1:61761 to /127.0.0.1:61762" [_thread_in_native, id=24204, stack(0x0000006defa00000,0x0000006defb00000)]
  0x000001b0e8e21ba0 JavaThread "Cancel handler" [_thread_blocked, id=97660, stack(0x0000006defb00000,0x0000006defc00000)]
  0x000001b0e8e20760 JavaThread "Daemon worker" [_thread_in_vm, id=109964, stack(0x0000006defc00000,0x0000006defd00000)]
  0x000001b0e8e20c70 JavaThread "Asynchronous log dispatcher for DefaultDaemonConnection: socket connection from /127.0.0.1:61761 to /127.0.0.1:61762" [_thread_blocked, id=1636, stack(0x0000006defd00000,0x0000006defe00000)]
  0x000001b0e8e1fd40 JavaThread "Stdin handler" [_thread_blocked, id=87824, stack(0x0000006defe00000,0x0000006deff00000)]
  0x000001b0e8e21180 JavaThread "Daemon client event forwarder" [_thread_blocked, id=110532, stack(0x0000006deff00000,0x0000006df0000000)]
  0x000001b0e8e220b0 JavaThread "Cache worker for journal cache (C:\Users\grays\.gradle\caches\journal-1)" [_thread_blocked, id=104760, stack(0x0000006df0000000,0x0000006df0100000)]
  0x000001b0e8e225c0 JavaThread "File lock request listener" [_thread_in_native, id=98280, stack(0x0000006df0100000,0x0000006df0200000)]
  0x000001b0e8e22ad0 JavaThread "Cache worker for file hash cache (C:\Users\grays\.gradle\caches\7.6.1\fileHashes)" [_thread_blocked, id=102732, stack(0x0000006df0200000,0x0000006df0300000)]
  0x000001b0e8e1f320 JavaThread "File watcher server" daemon [_thread_in_native, id=102260, stack(0x0000006def000000,0x0000006def100000)]
  0x000001b0e8e1f830 JavaThread "File watcher consumer" daemon [_thread_blocked, id=106460, stack(0x0000006df0300000,0x0000006df0400000)]
  0x000001b0e9926680 JavaThread "Cache worker for checksums cache (C:\Users\grays\JavaPractice\techjobs-oo-java-graded-17\.gradle\7.6.1\checksums)" [_thread_blocked, id=107168, stack(0x0000006df0400000,0x0000006df0500000)]
  0x000001b0e99229c0 JavaThread "Cache worker for cache directory md-rule (C:\Users\grays\.gradle\caches\7.6.1\md-rule)" [_thread_blocked, id=13160, stack(0x0000006df0500000,0x0000006df0600000)]
  0x000001b0e9927ac0 JavaThread "Cache worker for file content cache (C:\Users\grays\.gradle\caches\7.6.1\fileContent)" [_thread_blocked, id=109732, stack(0x0000006df0600000,0x0000006df0700000)]
  0x000001b0e99233e0 JavaThread "Cache worker for file hash cache (C:\Users\grays\JavaPractice\techjobs-oo-java-graded-17\.gradle\7.6.1\fileHashes)" [_thread_blocked, id=85608, stack(0x0000006df0700000,0x0000006df0800000)]
  0x000001b0e9923e00 JavaThread "Cache worker for cache directory md-supplier (C:\Users\grays\.gradle\caches\7.6.1\md-supplier)" [_thread_blocked, id=99916, stack(0x0000006df0800000,0x0000006df0900000)]
  0x000001b0e99275b0 JavaThread "Cache worker for execution history cache (C:\Users\grays\.gradle\caches\7.6.1\executionHistory)" [_thread_blocked, id=106668, stack(0x0000006df0c00000,0x0000006df0d00000)]
  0x000001b0e99270a0 JavaThread "jar transforms" [_thread_blocked, id=8412, stack(0x0000006df0d00000,0x0000006df0e00000)]
  0x000001b0e9924310 JavaThread "jar transforms Thread 2" [_thread_blocked, id=15088, stack(0x0000006df0e00000,0x0000006df0f00000)]
=>0x000001b0eb5cfb00 JavaThread "C2 CompilerThread2" daemon [_thread_in_native, id=82196, stack(0x0000006df0f00000,0x0000006df1000000)]
  0x000001b0e9926170 JavaThread "jar transforms Thread 3" [_thread_blocked, id=101396, stack(0x0000006df1000000,0x0000006df1100000)]
  0x000001b0e9927fd0 JavaThread "jar transforms Thread 4" [_thread_blocked, id=109028, stack(0x0000006df1100000,0x0000006df1200000)]
  0x000001b0e9925240 JavaThread "jar transforms Thread 5" [_thread_blocked, id=111528, stack(0x0000006df1200000,0x0000006df1300000)]
  0x000001b0e9922ed0 JavaThread "jar transforms Thread 6" [_thread_blocked, id=46780, stack(0x0000006df1300000,0x0000006df1400000)]
  0x000001b0e99284e0 JavaThread "jar transforms Thread 7" [_thread_blocked, id=111228, stack(0x0000006df1400000,0x0000006df1500000)]
  0x000001b0e9926b90 JavaThread "jar transforms Thread 8" [_thread_blocked, id=95760, stack(0x0000006df1500000,0x0000006df1600000)]
  0x000001b0e9921a90 JavaThread "Cache worker for dependencies-accessors (C:\Users\grays\JavaPractice\techjobs-oo-java-graded-17\.gradle\7.6.1\dependencies-accessors)" [_thread_blocked, id=2784, stack(0x0000006df1600000,0x0000006df1700000)]
  0x000001b0e9921070 JavaThread "Cache worker for Build Output Cleanup Cache (C:\Users\grays\JavaPractice\techjobs-oo-java-graded-17\.gradle\buildOutputCleanup)" [_thread_blocked, id=9652, stack(0x0000006df1700000,0x0000006df1800000)]

Other Threads:
  0x000001b0d5cac0c0 VMThread "VM Thread" [stack: 0x0000006dee200000,0x0000006dee300000] [id=99224]
  0x000001b0b9280830 WatcherThread [stack: 0x0000006deee00000,0x0000006deef00000] [id=110208]
  0x000001b0b9266ac0 GCTaskThread "GC Thread#0" [stack: 0x0000006dedd00000,0x0000006dede00000] [id=110788]
  0x000001b0e858c880 GCTaskThread "GC Thread#1" [stack: 0x0000006def100000,0x0000006def200000] [id=111176]
  0x000001b0e8e2a150 GCTaskThread "GC Thread#2" [stack: 0x0000006def200000,0x0000006def300000] [id=102184]
  0x000001b0e8c55570 GCTaskThread "GC Thread#3" [stack: 0x0000006def300000,0x0000006def400000] [id=100488]
  0x000001b0e830c1c0 GCTaskThread "GC Thread#4" [stack: 0x0000006def400000,0x0000006def500000] [id=105456]
  0x000001b0e8931e00 GCTaskThread "GC Thread#5" [stack: 0x0000006def500000,0x0000006def600000] [id=103512]
  0x000001b0eb82e0c0 GCTaskThread "GC Thread#6" [stack: 0x0000006df0900000,0x0000006df0a00000] [id=100984]
  0x000001b0eb82e7a0 GCTaskThread "GC Thread#7" [stack: 0x0000006df0a00000,0x0000006df0b00000] [id=93344]
  0x000001b0b926b920 ConcurrentGCThread "G1 Main Marker" [stack: 0x0000006dede00000,0x0000006dedf00000] [id=5928]
  0x000001b0b926c240 ConcurrentGCThread "G1 Conc#0" [stack: 0x0000006dedf00000,0x0000006dee000000] [id=110472]
  0x000001b0ea214b10 ConcurrentGCThread "G1 Conc#1" [stack: 0x0000006df0b00000,0x0000006df0c00000] [id=93808]
  0x000001b0b92ee5b0 ConcurrentGCThread "G1 Refine#0" [stack: 0x0000006dee000000,0x0000006dee100000] [id=44380]
  0x000001b0d5b70140 ConcurrentGCThread "G1 Service" [stack: 0x0000006dee100000,0x0000006dee200000] [id=109628]

Threads with active compile tasks:
C2 CompilerThread0     4831 3964       4       org.gradle.internal.service.DefaultServiceRegistry$OwnServices::getService (309 bytes)
C2 CompilerThread1     4831 4186       4       java.util.regex.Matcher::find (69 bytes)
C2 CompilerThread2     4831 4117       4       jdk.internal.org.objectweb.asm.Frame::execute (2305 bytes)

VM state: not at safepoint (normal execution)

VM Mutex/Monitor currently owned by a thread: None

Heap address: 0x00000000e0000000, size: 512 MB, Compressed Oops mode: 32-bit

CDS archive(s) mapped at: [0x000001b0d6000000-0x000001b0d6bd0000-0x000001b0d6bd0000), size 12386304, SharedBaseAddress: 0x000001b0d6000000, ArchiveRelocationMode: 1.
Compressed class space mapped at: 0x000001b0d7000000-0x000001b0e4000000, reserved size: 218103808
Narrow klass base: 0x000001b0d6000000, Narrow klass shift: 0, Narrow klass range: 0x100000000

GC Precious Log:
 CPUs: 8 total, 8 available
 Memory: 8075M
 Large Page Support: Disabled
 NUMA Support: Disabled
 Compressed Oops: Enabled (32-bit)
 Heap Region Size: 1M
 Heap Min Capacity: 256M
 Heap Initial Capacity: 256M
 Heap Max Capacity: 512M
 Pre-touch: Disabled
 Parallel Workers: 8
 Concurrent Workers: 2
 Concurrent Refinement Workers: 8
 Periodic GC: Disabled

Heap:
 garbage-first heap   total 262144K, used 45294K [0x00000000e0000000, 0x0000000100000000)
  region size 1024K, 18 young (18432K), 1 survivors (1024K)
 Metaspace       used 38719K, committed 39168K, reserved 278528K
  class space    used 5398K, committed 5632K, reserved 212992K

Heap Regions: E=young(eden), S=young(survivor), O=old, HS=humongous(starts), HC=humongous(continues), CS=collection set, F=free, OA=open archive, CA=closed archive, TAMS=top-at-mark-start (previous, next)
|   0|0x00000000e0000000, 0x00000000e0100000, 0x00000000e0100000|100%|HS|  |TAMS 0x00000000e0100000, 0x00000000e0000000| Complete 
|   1|0x00000000e0100000, 0x00000000e0200000, 0x00000000e0200000|100%|HC|  |TAMS 0x00000000e0200000, 0x00000000e0100000| Complete 
|   2|0x00000000e0200000, 0x00000000e0300000, 0x00000000e0300000|100%|HC|  |TAMS 0x00000000e0300000, 0x00000000e0200000| Complete 
|   3|0x00000000e0300000, 0x00000000e0400000, 0x00000000e0400000|100%| O|  |TAMS 0x00000000e0400000, 0x00000000e0300000| Untracked 
|   4|0x00000000e0400000, 0x00000000e0500000, 0x00000000e0500000|100%| O|  |TAMS 0x00000000e0500000, 0x00000000e0400000| Untracked 
|   5|0x00000000e0500000, 0x00000000e0600000, 0x00000000e0600000|100%| O|  |TAMS 0x00000000e0600000, 0x00000000e0500000| Untracked 
|   6|0x00000000e0600000, 0x00000000e0600000, 0x00000000e0700000|  0%| F|  |TAMS 0x00000000e0600000, 0x00000000e0600000| Untracked 
|   7|0x00000000e0700000, 0x00000000e0800000, 0x00000000e0800000|100%| O|  |TAMS 0x00000000e0800000, 0x00000000e0700000| Untracked 
|   8|0x00000000e0800000, 0x00000000e0900000, 0x00000000e0900000|100%| O|  |TAMS 0x00000000e0900000, 0x00000000e0800000| Untracked 
|   9|0x00000000e0900000, 0x00000000e0a00000, 0x00000000e0a00000|100%| O|  |TAMS 0x00000000e0a00000, 0x00000000e0900000| Untracked 
|  10|0x00000000e0a00000, 0x00000000e0b00000, 0x00000000e0b00000|100%| O|  |TAMS 0x00000000e0b00000, 0x00000000e0a00000| Untracked 
|  11|0x00000000e0b00000, 0x00000000e0c00000, 0x00000000e0c00000|100%| O|  |TAMS 0x00000000e0c00000, 0x00000000e0b00000| Untracked 
|  12|0x00000000e0c00000, 0x00000000e0d00000, 0x00000000e0d00000|100%| O|  |TAMS 0x00000000e0d00000, 0x00000000e0c00000| Untracked 
|  13|0x00000000e0d00000, 0x00000000e0e00000, 0x00000000e0e00000|100%| O|  |TAMS 0x00000000e0e00000, 0x00000000e0d00000| Untracked 
|  14|0x00000000e0e00000, 0x00000000e0f00000, 0x00000000e0f00000|100%| O|  |TAMS 0x00000000e0f00000, 0x00000000e0e00000| Untracked 
|  15|0x00000000e0f00000, 0x00000000e1000000, 0x00000000e1000000|100%| O|  |TAMS 0x00000000e1000000, 0x00000000e0f00000| Untracked 
|  16|0x00000000e1000000, 0x00000000e1100000, 0x00000000e1100000|100%| O|  |TAMS 0x00000000e1100000, 0x00000000e1000000| Untracked 
|  17|0x00000000e1100000, 0x00000000e1200000, 0x00000000e1200000|100%| O|  |TAMS 0x00000000e1200000, 0x00000000e1100000| Untracked 
|  18|0x00000000e1200000, 0x00000000e1300000, 0x00000000e1300000|100%| O|  |TAMS 0x00000000e1300000, 0x00000000e1200000| Untracked 
|  19|0x00000000e1300000, 0x00000000e1400000, 0x00000000e1400000|100%| O|  |TAMS 0x00000000e1400000, 0x00000000e1300000| Untracked 
|  20|0x00000000e1400000, 0x00000000e1500000, 0x00000000e1500000|100%| O|  |TAMS 0x00000000e1500000, 0x00000000e1400000| Untracked 
|  21|0x00000000e1500000, 0x00000000e1600000, 0x00000000e1600000|100%| O|  |TAMS 0x00000000e1600000, 0x00000000e1500000| Untracked 
|  22|0x00000000e1600000, 0x00000000e1700000, 0x00000000e1700000|100%| O|  |TAMS 0x00000000e1700000, 0x00000000e1600000| Untracked 
|  23|0x00000000e1700000, 0x00000000e1800000, 0x00000000e1800000|100%| O|  |TAMS 0x00000000e1800000, 0x00000000e1700000| Untracked 
|  24|0x00000000e1800000, 0x00000000e1900000, 0x00000000e1900000|100%| O|  |TAMS 0x00000000e1900000, 0x00000000e1800000| Untracked 
|  25|0x00000000e1900000, 0x00000000e1a00000, 0x00000000e1a00000|100%| O|  |TAMS 0x00000000e1a00000, 0x00000000e1900000| Untracked 
|  26|0x00000000e1a00000, 0x00000000e1b00000, 0x00000000e1b00000|100%| O|  |TAMS 0x00000000e1b00000, 0x00000000e1a00000| Untracked 
|  27|0x00000000e1b00000, 0x00000000e1c00000, 0x00000000e1c00000|100%| O|  |TAMS 0x00000000e1c00000, 0x00000000e1b00000| Untracked 
|  28|0x00000000e1c00000, 0x00000000e1cd5c00, 0x00000000e1d00000| 83%| O|  |TAMS 0x00000000e1cd5c00, 0x00000000e1c00000| Untracked 
|  29|0x00000000e1d00000, 0x00000000e1d00000, 0x00000000e1e00000|  0%| F|  |TAMS 0x00000000e1d00000, 0x00000000e1d00000| Untracked 
|  30|0x00000000e1e00000, 0x00000000e1e00000, 0x00000000e1f00000|  0%| F|  |TAMS 0x00000000e1e00000, 0x00000000e1e00000| Untracked 
|  31|0x00000000e1f00000, 0x00000000e1f00000, 0x00000000e2000000|  0%| F|  |TAMS 0x00000000e1f00000, 0x00000000e1f00000| Untracked 
|  32|0x00000000e2000000, 0x00000000e2000000, 0x00000000e2100000|  0%| F|  |TAMS 0x00000000e2000000, 0x00000000e2000000| Untracked 
|  33|0x00000000e2100000, 0x00000000e2100000, 0x00000000e2200000|  0%| F|  |TAMS 0x00000000e2100000, 0x00000000e2100000| Untracked 
|  34|0x00000000e2200000, 0x00000000e2200000, 0x00000000e2300000|  0%| F|  |TAMS 0x00000000e2200000, 0x00000000e2200000| Untracked 
|  35|0x00000000e2300000, 0x00000000e2300000, 0x00000000e2400000|  0%| F|  |TAMS 0x00000000e2300000, 0x00000000e2300000| Untracked 
|  36|0x00000000e2400000, 0x00000000e2400000, 0x00000000e2500000|  0%| F|  |TAMS 0x00000000e2400000, 0x00000000e2400000| Untracked 
|  37|0x00000000e2500000, 0x00000000e2500000, 0x00000000e2600000|  0%| F|  |TAMS 0x00000000e2500000, 0x00000000e2500000| Untracked 
|  38|0x00000000e2600000, 0x00000000e2600000, 0x00000000e2700000|  0%| F|  |TAMS 0x00000000e2600000, 0x00000000e2600000| Untracked 
|  39|0x00000000e2700000, 0x00000000e2700000, 0x00000000e2800000|  0%| F|  |TAMS 0x00000000e2700000, 0x00000000e2700000| Untracked 
|  40|0x00000000e2800000, 0x00000000e2800000, 0x00000000e2900000|  0%| F|  |TAMS 0x00000000e2800000, 0x00000000e2800000| Untracked 
|  41|0x00000000e2900000, 0x00000000e2900000, 0x00000000e2a00000|  0%| F|  |TAMS 0x00000000e2900000, 0x00000000e2900000| Untracked 
|  42|0x00000000e2a00000, 0x00000000e2a00000, 0x00000000e2b00000|  0%| F|  |TAMS 0x00000000e2a00000, 0x00000000e2a00000| Untracked 
|  43|0x00000000e2b00000, 0x00000000e2b00000, 0x00000000e2c00000|  0%| F|  |TAMS 0x00000000e2b00000, 0x00000000e2b00000| Untracked 
|  44|0x00000000e2c00000, 0x00000000e2c00000, 0x00000000e2d00000|  0%| F|  |TAMS 0x00000000e2c00000, 0x00000000e2c00000| Untracked 
|  45|0x00000000e2d00000, 0x00000000e2d00000, 0x00000000e2e00000|  0%| F|  |TAMS 0x00000000e2d00000, 0x00000000e2d00000| Untracked 
|  46|0x00000000e2e00000, 0x00000000e2e00000, 0x00000000e2f00000|  0%| F|  |TAMS 0x00000000e2e00000, 0x00000000e2e00000| Untracked 
|  47|0x00000000e2f00000, 0x00000000e2f00000, 0x00000000e3000000|  0%| F|  |TAMS 0x00000000e2f00000, 0x00000000e2f00000| Untracked 
|  48|0x00000000e3000000, 0x00000000e3000000, 0x00000000e3100000|  0%| F|  |TAMS 0x00000000e3000000, 0x00000000e3000000| Untracked 
|  49|0x00000000e3100000, 0x00000000e3100000, 0x00000000e3200000|  0%| F|  |TAMS 0x00000000e3100000, 0x00000000e3100000| Untracked 
|  50|0x00000000e3200000, 0x00000000e3200000, 0x00000000e3300000|  0%| F|  |TAMS 0x00000000e3200000, 0x00000000e3200000| Untracked 
|  51|0x00000000e3300000, 0x00000000e3300000, 0x00000000e3400000|  0%| F|  |TAMS 0x00000000e3300000, 0x00000000e3300000| Untracked 
|  52|0x00000000e3400000, 0x00000000e3400000, 0x00000000e3500000|  0%| F|  |TAMS 0x00000000e3400000, 0x00000000e3400000| Untracked 
|  53|0x00000000e3500000, 0x00000000e3500000, 0x00000000e3600000|  0%| F|  |TAMS 0x00000000e3500000, 0x00000000e3500000| Untracked 
|  54|0x00000000e3600000, 0x00000000e3600000, 0x00000000e3700000|  0%| F|  |TAMS 0x00000000e3600000, 0x00000000e3600000| Untracked 
|  55|0x00000000e3700000, 0x00000000e3700000, 0x00000000e3800000|  0%| F|  |TAMS 0x00000000e3700000, 0x00000000e3700000| Untracked 
|  56|0x00000000e3800000, 0x00000000e3800000, 0x00000000e3900000|  0%| F|  |TAMS 0x00000000e3800000, 0x00000000e3800000| Untracked 
|  57|0x00000000e3900000, 0x00000000e3900000, 0x00000000e3a00000|  0%| F|  |TAMS 0x00000000e3900000, 0x00000000e3900000| Untracked 
|  58|0x00000000e3a00000, 0x00000000e3a00000, 0x00000000e3b00000|  0%| F|  |TAMS 0x00000000e3a00000, 0x00000000e3a00000| Untracked 
|  59|0x00000000e3b00000, 0x00000000e3b00000, 0x00000000e3c00000|  0%| F|  |TAMS 0x00000000e3b00000, 0x00000000e3b00000| Untracked 
|  60|0x00000000e3c00000, 0x00000000e3c00000, 0x00000000e3d00000|  0%| F|  |TAMS 0x00000000e3c00000, 0x00000000e3c00000| Untracked 
|  61|0x00000000e3d00000, 0x00000000e3d00000, 0x00000000e3e00000|  0%| F|  |TAMS 0x00000000e3d00000, 0x00000000e3d00000| Untracked 
|  62|0x00000000e3e00000, 0x00000000e3e00000, 0x00000000e3f00000|  0%| F|  |TAMS 0x00000000e3e00000, 0x00000000e3e00000| Untracked 
|  63|0x00000000e3f00000, 0x00000000e3f00000, 0x00000000e4000000|  0%| F|  |TAMS 0x00000000e3f00000, 0x00000000e3f00000| Untracked 
|  64|0x00000000e4000000, 0x00000000e4000000, 0x00000000e4100000|  0%| F|  |TAMS 0x00000000e4000000, 0x00000000e4000000| Untracked 
|  65|0x00000000e4100000, 0x00000000e4100000, 0x00000000e4200000|  0%| F|  |TAMS 0x00000000e4100000, 0x00000000e4100000| Untracked 
|  66|0x00000000e4200000, 0x00000000e4200000, 0x00000000e4300000|  0%| F|  |TAMS 0x00000000e4200000, 0x00000000e4200000| Untracked 
|  67|0x00000000e4300000, 0x00000000e4300000, 0x00000000e4400000|  0%| F|  |TAMS 0x00000000e4300000, 0x00000000e4300000| Untracked 
|  68|0x00000000e4400000, 0x00000000e4400000, 0x00000000e4500000|  0%| F|  |TAMS 0x00000000e4400000, 0x00000000e4400000| Untracked 
|  69|0x00000000e4500000, 0x00000000e4500000, 0x00000000e4600000|  0%| F|  |TAMS 0x00000000e4500000, 0x00000000e4500000| Untracked 
|  70|0x00000000e4600000, 0x00000000e4600000, 0x00000000e4700000|  0%| F|  |TAMS 0x00000000e4600000, 0x00000000e4600000| Untracked 
|  71|0x00000000e4700000, 0x00000000e4700000, 0x00000000e4800000|  0%| F|  |TAMS 0x00000000e4700000, 0x00000000e4700000| Untracked 
|  72|0x00000000e4800000, 0x00000000e4800000, 0x00000000e4900000|  0%| F|  |TAMS 0x00000000e4800000, 0x00000000e4800000| Untracked 
|  73|0x00000000e4900000, 0x00000000e4900000, 0x00000000e4a00000|  0%| F|  |TAMS 0x00000000e4900000, 0x00000000e4900000| Untracked 
|  74|0x00000000e4a00000, 0x00000000e4a00000, 0x00000000e4b00000|  0%| F|  |TAMS 0x00000000e4a00000, 0x00000000e4a00000| Untracked 
|  75|0x00000000e4b00000, 0x00000000e4b00000, 0x00000000e4c00000|  0%| F|  |TAMS 0x00000000e4b00000, 0x00000000e4b00000| Untracked 
|  76|0x00000000e4c00000, 0x00000000e4c00000, 0x00000000e4d00000|  0%| F|  |TAMS 0x00000000e4c00000, 0x00000000e4c00000| Untracked 
|  77|0x00000000e4d00000, 0x00000000e4d00000, 0x00000000e4e00000|  0%| F|  |TAMS 0x00000000e4d00000, 0x00000000e4d00000| Untracked 
|  78|0x00000000e4e00000, 0x00000000e4e00000, 0x00000000e4f00000|  0%| F|  |TAMS 0x00000000e4e00000, 0x00000000e4e00000| Untracked 
|  79|0x00000000e4f00000, 0x00000000e4f00000, 0x00000000e5000000|  0%| F|  |TAMS 0x00000000e4f00000, 0x00000000e4f00000| Untracked 
|  80|0x00000000e5000000, 0x00000000e5000000, 0x00000000e5100000|  0%| F|  |TAMS 0x00000000e5000000, 0x00000000e5000000| Untracked 
|  81|0x00000000e5100000, 0x00000000e5100000, 0x00000000e5200000|  0%| F|  |TAMS 0x00000000e5100000, 0x00000000e5100000| Untracked 
|  82|0x00000000e5200000, 0x00000000e5200000, 0x00000000e5300000|  0%| F|  |TAMS 0x00000000e5200000, 0x00000000e5200000| Untracked 
|  83|0x00000000e5300000, 0x00000000e5300000, 0x00000000e5400000|  0%| F|  |TAMS 0x00000000e5300000, 0x00000000e5300000| Untracked 
|  84|0x00000000e5400000, 0x00000000e5400000, 0x00000000e5500000|  0%| F|  |TAMS 0x00000000e5400000, 0x00000000e5400000| Untracked 
|  85|0x00000000e5500000, 0x00000000e5500000, 0x00000000e5600000|  0%| F|  |TAMS 0x00000000e5500000, 0x00000000e5500000| Untracked 
|  86|0x00000000e5600000, 0x00000000e5600000, 0x00000000e5700000|  0%| F|  |TAMS 0x00000000e5600000, 0x00000000e5600000| Untracked 
|  87|0x00000000e5700000, 0x00000000e5700000, 0x00000000e5800000|  0%| F|  |TAMS 0x00000000e5700000, 0x00000000e5700000| Untracked 
|  88|0x00000000e5800000, 0x00000000e5800000, 0x00000000e5900000|  0%| F|  |TAMS 0x00000000e5800000, 0x00000000e5800000| Untracked 
|  89|0x00000000e5900000, 0x00000000e5900000, 0x00000000e5a00000|  0%| F|  |TAMS 0x00000000e5900000, 0x00000000e5900000| Untracked 
|  90|0x00000000e5a00000, 0x00000000e5a00000, 0x00000000e5b00000|  0%| F|  |TAMS 0x00000000e5a00000, 0x00000000e5a00000| Untracked 
|  91|0x00000000e5b00000, 0x00000000e5b00000, 0x00000000e5c00000|  0%| F|  |TAMS 0x00000000e5b00000, 0x00000000e5b00000| Untracked 
|  92|0x00000000e5c00000, 0x00000000e5c00000, 0x00000000e5d00000|  0%| F|  |TAMS 0x00000000e5c00000, 0x00000000e5c00000| Untracked 
|  93|0x00000000e5d00000, 0x00000000e5d00000, 0x00000000e5e00000|  0%| F|  |TAMS 0x00000000e5d00000, 0x00000000e5d00000| Untracked 
|  94|0x00000000e5e00000, 0x00000000e5e00000, 0x00000000e5f00000|  0%| F|  |TAMS 0x00000000e5e00000, 0x00000000e5e00000| Untracked 
|  95|0x00000000e5f00000, 0x00000000e5f00000, 0x00000000e6000000|  0%| F|  |TAMS 0x00000000e5f00000, 0x00000000e5f00000| Untracked 
|  96|0x00000000e6000000, 0x00000000e6000000, 0x00000000e6100000|  0%| F|  |TAMS 0x00000000e6000000, 0x00000000e6000000| Untracked 
|  97|0x00000000e6100000, 0x00000000e6100000, 0x00000000e6200000|  0%| F|  |TAMS 0x00000000e6100000, 0x00000000e6100000| Untracked 
|  98|0x00000000e6200000, 0x00000000e6200000, 0x00000000e6300000|  0%| F|  |TAMS 0x00000000e6200000, 0x00000000e6200000| Untracked 
|  99|0x00000000e6300000, 0x00000000e6300000, 0x00000000e6400000|  0%| F|  |TAMS 0x00000000e6300000, 0x00000000e6300000| Untracked 
| 100|0x00000000e6400000, 0x00000000e6400000, 0x00000000e6500000|  0%| F|  |TAMS 0x00000000e6400000, 0x00000000e6400000| Untracked 
| 101|0x00000000e6500000, 0x00000000e6500000, 0x00000000e6600000|  0%| F|  |TAMS 0x00000000e6500000, 0x00000000e6500000| Untracked 
| 102|0x00000000e6600000, 0x00000000e6600000, 0x00000000e6700000|  0%| F|  |TAMS 0x00000000e6600000, 0x00000000e6600000| Untracked 
| 103|0x00000000e6700000, 0x00000000e6700000, 0x00000000e6800000|  0%| F|  |TAMS 0x00000000e6700000, 0x00000000e6700000| Untracked 
| 104|0x00000000e6800000, 0x00000000e6800000, 0x00000000e6900000|  0%| F|  |TAMS 0x00000000e6800000, 0x00000000e6800000| Untracked 
| 105|0x00000000e6900000, 0x00000000e6900000, 0x00000000e6a00000|  0%| F|  |TAMS 0x00000000e6900000, 0x00000000e6900000| Untracked 
| 106|0x00000000e6a00000, 0x00000000e6a00000, 0x00000000e6b00000|  0%| F|  |TAMS 0x00000000e6a00000, 0x00000000e6a00000| Untracked 
| 107|0x00000000e6b00000, 0x00000000e6b00000, 0x00000000e6c00000|  0%| F|  |TAMS 0x00000000e6b00000, 0x00000000e6b00000| Untracked 
| 108|0x00000000e6c00000, 0x00000000e6c00000, 0x00000000e6d00000|  0%| F|  |TAMS 0x00000000e6c00000, 0x00000000e6c00000| Untracked 
| 109|0x00000000e6d00000, 0x00000000e6d00000, 0x00000000e6e00000|  0%| F|  |TAMS 0x00000000e6d00000, 0x00000000e6d00000| Untracked 
| 110|0x00000000e6e00000, 0x00000000e6e00000, 0x00000000e6f00000|  0%| F|  |TAMS 0x00000000e6e00000, 0x00000000e6e00000| Untracked 
| 111|0x00000000e6f00000, 0x00000000e6f00000, 0x00000000e7000000|  0%| F|  |TAMS 0x00000000e6f00000, 0x00000000e6f00000| Untracked 
| 112|0x00000000e7000000, 0x00000000e7000000, 0x00000000e7100000|  0%| F|  |TAMS 0x00000000e7000000, 0x00000000e7000000| Untracked 
| 113|0x00000000e7100000, 0x00000000e7100000, 0x00000000e7200000|  0%| F|  |TAMS 0x00000000e7100000, 0x00000000e7100000| Untracked 
| 114|0x00000000e7200000, 0x00000000e7200000, 0x00000000e7300000|  0%| F|  |TAMS 0x00000000e7200000, 0x00000000e7200000| Untracked 
| 115|0x00000000e7300000, 0x00000000e7300000, 0x00000000e7400000|  0%| F|  |TAMS 0x00000000e7300000, 0x00000000e7300000| Untracked 
| 116|0x00000000e7400000, 0x00000000e7400000, 0x00000000e7500000|  0%| F|  |TAMS 0x00000000e7400000, 0x00000000e7400000| Untracked 
| 117|0x00000000e7500000, 0x00000000e7500000, 0x00000000e7600000|  0%| F|  |TAMS 0x00000000e7500000, 0x00000000e7500000| Untracked 
| 118|0x00000000e7600000, 0x00000000e7600000, 0x00000000e7700000|  0%| F|  |TAMS 0x00000000e7600000, 0x00000000e7600000| Untracked 
| 119|0x00000000e7700000, 0x00000000e7700000, 0x00000000e7800000|  0%| F|  |TAMS 0x00000000e7700000, 0x00000000e7700000| Untracked 
| 120|0x00000000e7800000, 0x00000000e7800000, 0x00000000e7900000|  0%| F|  |TAMS 0x00000000e7800000, 0x00000000e7800000| Untracked 
| 121|0x00000000e7900000, 0x00000000e7900000, 0x00000000e7a00000|  0%| F|  |TAMS 0x00000000e7900000, 0x00000000e7900000| Untracked 
| 122|0x00000000e7a00000, 0x00000000e7a00000, 0x00000000e7b00000|  0%| F|  |TAMS 0x00000000e7a00000, 0x00000000e7a00000| Untracked 
| 123|0x00000000e7b00000, 0x00000000e7b00000, 0x00000000e7c00000|  0%| F|  |TAMS 0x00000000e7b00000, 0x00000000e7b00000| Untracked 
| 124|0x00000000e7c00000, 0x00000000e7c00000, 0x00000000e7d00000|  0%| F|  |TAMS 0x00000000e7c00000, 0x00000000e7c00000| Untracked 
| 125|0x00000000e7d00000, 0x00000000e7d00000, 0x00000000e7e00000|  0%| F|  |TAMS 0x00000000e7d00000, 0x00000000e7d00000| Untracked 
| 126|0x00000000e7e00000, 0x00000000e7e00000, 0x00000000e7f00000|  0%| F|  |TAMS 0x00000000e7e00000, 0x00000000e7e00000| Untracked 
| 127|0x00000000e7f00000, 0x00000000e7f00000, 0x00000000e8000000|  0%| F|  |TAMS 0x00000000e7f00000, 0x00000000e7f00000| Untracked 
| 128|0x00000000e8000000, 0x00000000e8000000, 0x00000000e8100000|  0%| F|  |TAMS 0x00000000e8000000, 0x00000000e8000000| Untracked 
| 129|0x00000000e8100000, 0x00000000e8100000, 0x00000000e8200000|  0%| F|  |TAMS 0x00000000e8100000, 0x00000000e8100000| Untracked 
| 130|0x00000000e8200000, 0x00000000e8200000, 0x00000000e8300000|  0%| F|  |TAMS 0x00000000e8200000, 0x00000000e8200000| Untracked 
| 131|0x00000000e8300000, 0x00000000e8300000, 0x00000000e8400000|  0%| F|  |TAMS 0x00000000e8300000, 0x00000000e8300000| Untracked 
| 132|0x00000000e8400000, 0x00000000e8400000, 0x00000000e8500000|  0%| F|  |TAMS 0x00000000e8400000, 0x00000000e8400000| Untracked 
| 133|0x00000000e8500000, 0x00000000e8500000, 0x00000000e8600000|  0%| F|  |TAMS 0x00000000e8500000, 0x00000000e8500000| Untracked 
| 134|0x00000000e8600000, 0x00000000e8600000, 0x00000000e8700000|  0%| F|  |TAMS 0x00000000e8600000, 0x00000000e8600000| Untracked 
| 135|0x00000000e8700000, 0x00000000e8700000, 0x00000000e8800000|  0%| F|  |TAMS 0x00000000e8700000, 0x00000000e8700000| Untracked 
| 136|0x00000000e8800000, 0x00000000e8800000, 0x00000000e8900000|  0%| F|  |TAMS 0x00000000e8800000, 0x00000000e8800000| Untracked 
| 137|0x00000000e8900000, 0x00000000e8900000, 0x00000000e8a00000|  0%| F|  |TAMS 0x00000000e8900000, 0x00000000e8900000| Untracked 
| 138|0x00000000e8a00000, 0x00000000e8a00000, 0x00000000e8b00000|  0%| F|  |TAMS 0x00000000e8a00000, 0x00000000e8a00000| Untracked 
| 139|0x00000000e8b00000, 0x00000000e8b00000, 0x00000000e8c00000|  0%| F|  |TAMS 0x00000000e8b00000, 0x00000000e8b00000| Untracked 
| 140|0x00000000e8c00000, 0x00000000e8c00000, 0x00000000e8d00000|  0%| F|  |TAMS 0x00000000e8c00000, 0x00000000e8c00000| Untracked 
| 141|0x00000000e8d00000, 0x00000000e8d00000, 0x00000000e8e00000|  0%| F|  |TAMS 0x00000000e8d00000, 0x00000000e8d00000| Untracked 
| 142|0x00000000e8e00000, 0x00000000e8e00000, 0x00000000e8f00000|  0%| F|  |TAMS 0x00000000e8e00000, 0x00000000e8e00000| Untracked 
| 143|0x00000000e8f00000, 0x00000000e8f00000, 0x00000000e9000000|  0%| F|  |TAMS 0x00000000e8f00000, 0x00000000e8f00000| Untracked 
| 144|0x00000000e9000000, 0x00000000e9000000, 0x00000000e9100000|  0%| F|  |TAMS 0x00000000e9000000, 0x00000000e9000000| Untracked 
| 145|0x00000000e9100000, 0x00000000e9100000, 0x00000000e9200000|  0%| F|  |TAMS 0x00000000e9100000, 0x00000000e9100000| Untracked 
| 146|0x00000000e9200000, 0x00000000e9200000, 0x00000000e9300000|  0%| F|  |TAMS 0x00000000e9200000, 0x00000000e9200000| Untracked 
| 147|0x00000000e9300000, 0x00000000e9300000, 0x00000000e9400000|  0%| F|  |TAMS 0x00000000e9300000, 0x00000000e9300000| Untracked 
| 148|0x00000000e9400000, 0x00000000e9400000, 0x00000000e9500000|  0%| F|  |TAMS 0x00000000e9400000, 0x00000000e9400000| Untracked 
| 149|0x00000000e9500000, 0x00000000e9500000, 0x00000000e9600000|  0%| F|  |TAMS 0x00000000e9500000, 0x00000000e9500000| Untracked 
| 150|0x00000000e9600000, 0x00000000e9600000, 0x00000000e9700000|  0%| F|  |TAMS 0x00000000e9600000, 0x00000000e9600000| Untracked 
| 151|0x00000000e9700000, 0x00000000e9700000, 0x00000000e9800000|  0%| F|  |TAMS 0x00000000e9700000, 0x00000000e9700000| Untracked 
| 152|0x00000000e9800000, 0x00000000e9800000, 0x00000000e9900000|  0%| F|  |TAMS 0x00000000e9800000, 0x00000000e9800000| Untracked 
| 153|0x00000000e9900000, 0x00000000e9900000, 0x00000000e9a00000|  0%| F|  |TAMS 0x00000000e9900000, 0x00000000e9900000| Untracked 
| 154|0x00000000e9a00000, 0x00000000e9a00000, 0x00000000e9b00000|  0%| F|  |TAMS 0x00000000e9a00000, 0x00000000e9a00000| Untracked 
| 155|0x00000000e9b00000, 0x00000000e9b00000, 0x00000000e9c00000|  0%| F|  |TAMS 0x00000000e9b00000, 0x00000000e9b00000| Untracked 
| 156|0x00000000e9c00000, 0x00000000e9c00000, 0x00000000e9d00000|  0%| F|  |TAMS 0x00000000e9c00000, 0x00000000e9c00000| Untracked 
| 157|0x00000000e9d00000, 0x00000000e9d00000, 0x00000000e9e00000|  0%| F|  |TAMS 0x00000000e9d00000, 0x00000000e9d00000| Untracked 
| 158|0x00000000e9e00000, 0x00000000e9e00000, 0x00000000e9f00000|  0%| F|  |TAMS 0x00000000e9e00000, 0x00000000e9e00000| Untracked 
| 159|0x00000000e9f00000, 0x00000000e9f00000, 0x00000000ea000000|  0%| F|  |TAMS 0x00000000e9f00000, 0x00000000e9f00000| Untracked 
| 160|0x00000000ea000000, 0x00000000ea000000, 0x00000000ea100000|  0%| F|  |TAMS 0x00000000ea000000, 0x00000000ea000000| Untracked 
| 161|0x00000000ea100000, 0x00000000ea100000, 0x00000000ea200000|  0%| F|  |TAMS 0x00000000ea100000, 0x00000000ea100000| Untracked 
| 162|0x00000000ea200000, 0x00000000ea200000, 0x00000000ea300000|  0%| F|  |TAMS 0x00000000ea200000, 0x00000000ea200000| Untracked 
| 163|0x00000000ea300000, 0x00000000ea300000, 0x00000000ea400000|  0%| F|  |TAMS 0x00000000ea300000, 0x00000000ea300000| Untracked 
| 164|0x00000000ea400000, 0x00000000ea400000, 0x00000000ea500000|  0%| F|  |TAMS 0x00000000ea400000, 0x00000000ea400000| Untracked 
| 165|0x00000000ea500000, 0x00000000ea500000, 0x00000000ea600000|  0%| F|  |TAMS 0x00000000ea500000, 0x00000000ea500000| Untracked 
| 166|0x00000000ea600000, 0x00000000ea600000, 0x00000000ea700000|  0%| F|  |TAMS 0x00000000ea600000, 0x00000000ea600000| Untracked 
| 167|0x00000000ea700000, 0x00000000ea700000, 0x00000000ea800000|  0%| F|  |TAMS 0x00000000ea700000, 0x00000000ea700000| Untracked 
| 168|0x00000000ea800000, 0x00000000ea800000, 0x00000000ea900000|  0%| F|  |TAMS 0x00000000ea800000, 0x00000000ea800000| Untracked 
| 169|0x00000000ea900000, 0x00000000ea900000, 0x00000000eaa00000|  0%| F|  |TAMS 0x00000000ea900000, 0x00000000ea900000| Untracked 
| 170|0x00000000eaa00000, 0x00000000eaa00000, 0x00000000eab00000|  0%| F|  |TAMS 0x00000000eaa00000, 0x00000000eaa00000| Untracked 
| 171|0x00000000eab00000, 0x00000000eab00000, 0x00000000eac00000|  0%| F|  |TAMS 0x00000000eab00000, 0x00000000eab00000| Untracked 
| 172|0x00000000eac00000, 0x00000000eac00000, 0x00000000ead00000|  0%| F|  |TAMS 0x00000000eac00000, 0x00000000eac00000| Untracked 
| 173|0x00000000ead00000, 0x00000000ead00000, 0x00000000eae00000|  0%| F|  |TAMS 0x00000000ead00000, 0x00000000ead00000| Untracked 
| 174|0x00000000eae00000, 0x00000000eae00000, 0x00000000eaf00000|  0%| F|  |TAMS 0x00000000eae00000, 0x00000000eae00000| Untracked 
| 175|0x00000000eaf00000, 0x00000000eaf00000, 0x00000000eb000000|  0%| F|  |TAMS 0x00000000eaf00000, 0x00000000eaf00000| Untracked 
| 176|0x00000000eb000000, 0x00000000eb000000, 0x00000000eb100000|  0%| F|  |TAMS 0x00000000eb000000, 0x00000000eb000000| Untracked 
| 177|0x00000000eb100000, 0x00000000eb100000, 0x00000000eb200000|  0%| F|  |TAMS 0x00000000eb100000, 0x00000000eb100000| Untracked 
| 178|0x00000000eb200000, 0x00000000eb200000, 0x00000000eb300000|  0%| F|  |TAMS 0x00000000eb200000, 0x00000000eb200000| Untracked 
| 179|0x00000000eb300000, 0x00000000eb300000, 0x00000000eb400000|  0%| F|  |TAMS 0x00000000eb300000, 0x00000000eb300000| Untracked 
| 180|0x00000000eb400000, 0x00000000eb400000, 0x00000000eb500000|  0%| F|  |TAMS 0x00000000eb400000, 0x00000000eb400000| Untracked 
| 181|0x00000000eb500000, 0x00000000eb500000, 0x00000000eb600000|  0%| F|  |TAMS 0x00000000eb500000, 0x00000000eb500000| Untracked 
| 182|0x00000000eb600000, 0x00000000eb600000, 0x00000000eb700000|  0%| F|  |TAMS 0x00000000eb600000, 0x00000000eb600000| Untracked 
| 183|0x00000000eb700000, 0x00000000eb700000, 0x00000000eb800000|  0%| F|  |TAMS 0x00000000eb700000, 0x00000000eb700000| Untracked 
| 184|0x00000000eb800000, 0x00000000eb800000, 0x00000000eb900000|  0%| F|  |TAMS 0x00000000eb800000, 0x00000000eb800000| Untracked 
| 185|0x00000000eb900000, 0x00000000eb900000, 0x00000000eba00000|  0%| F|  |TAMS 0x00000000eb900000, 0x00000000eb900000| Untracked 
| 186|0x00000000eba00000, 0x00000000eba00000, 0x00000000ebb00000|  0%| F|  |TAMS 0x00000000eba00000, 0x00000000eba00000| Untracked 
| 187|0x00000000ebb00000, 0x00000000ebb00000, 0x00000000ebc00000|  0%| F|  |TAMS 0x00000000ebb00000, 0x00000000ebb00000| Untracked 
| 188|0x00000000ebc00000, 0x00000000ebc00000, 0x00000000ebd00000|  0%| F|  |TAMS 0x00000000ebc00000, 0x00000000ebc00000| Untracked 
| 189|0x00000000ebd00000, 0x00000000ebd00000, 0x00000000ebe00000|  0%| F|  |TAMS 0x00000000ebd00000, 0x00000000ebd00000| Untracked 
| 190|0x00000000ebe00000, 0x00000000ebe00000, 0x00000000ebf00000|  0%| F|  |TAMS 0x00000000ebe00000, 0x00000000ebe00000| Untracked 
| 191|0x00000000ebf00000, 0x00000000ebf00000, 0x00000000ec000000|  0%| F|  |TAMS 0x00000000ebf00000, 0x00000000ebf00000| Untracked 
| 192|0x00000000ec000000, 0x00000000ec000000, 0x00000000ec100000|  0%| F|  |TAMS 0x00000000ec000000, 0x00000000ec000000| Untracked 
| 193|0x00000000ec100000, 0x00000000ec100000, 0x00000000ec200000|  0%| F|  |TAMS 0x00000000ec100000, 0x00000000ec100000| Untracked 
| 194|0x00000000ec200000, 0x00000000ec200000, 0x00000000ec300000|  0%| F|  |TAMS 0x00000000ec200000, 0x00000000ec200000| Untracked 
| 195|0x00000000ec300000, 0x00000000ec300000, 0x00000000ec400000|  0%| F|  |TAMS 0x00000000ec300000, 0x00000000ec300000| Untracked 
| 196|0x00000000ec400000, 0x00000000ec400000, 0x00000000ec500000|  0%| F|  |TAMS 0x00000000ec400000, 0x00000000ec400000| Untracked 
| 197|0x00000000ec500000, 0x00000000ec500000, 0x00000000ec600000|  0%| F|  |TAMS 0x00000000ec500000, 0x00000000ec500000| Untracked 
| 198|0x00000000ec600000, 0x00000000ec600000, 0x00000000ec700000|  0%| F|  |TAMS 0x00000000ec600000, 0x00000000ec600000| Untracked 
| 199|0x00000000ec700000, 0x00000000ec700000, 0x00000000ec800000|  0%| F|  |TAMS 0x00000000ec700000, 0x00000000ec700000| Untracked 
| 200|0x00000000ec800000, 0x00000000ec800000, 0x00000000ec900000|  0%| F|  |TAMS 0x00000000ec800000, 0x00000000ec800000| Untracked 
| 201|0x00000000ec900000, 0x00000000ec900000, 0x00000000eca00000|  0%| F|  |TAMS 0x00000000ec900000, 0x00000000ec900000| Untracked 
| 202|0x00000000eca00000, 0x00000000eca00000, 0x00000000ecb00000|  0%| F|  |TAMS 0x00000000eca00000, 0x00000000eca00000| Untracked 
| 203|0x00000000ecb00000, 0x00000000ecb00000, 0x00000000ecc00000|  0%| F|  |TAMS 0x00000000ecb00000, 0x00000000ecb00000| Untracked 
| 204|0x00000000ecc00000, 0x00000000ecc00000, 0x00000000ecd00000|  0%| F|  |TAMS 0x00000000ecc00000, 0x00000000ecc00000| Untracked 
| 205|0x00000000ecd00000, 0x00000000ecd00000, 0x00000000ece00000|  0%| F|  |TAMS 0x00000000ecd00000, 0x00000000ecd00000| Untracked 
| 206|0x00000000ece00000, 0x00000000ece00000, 0x00000000ecf00000|  0%| F|  |TAMS 0x00000000ece00000, 0x00000000ece00000| Untracked 
| 207|0x00000000ecf00000, 0x00000000ecf00000, 0x00000000ed000000|  0%| F|  |TAMS 0x00000000ecf00000, 0x00000000ecf00000| Untracked 
| 208|0x00000000ed000000, 0x00000000ed000000, 0x00000000ed100000|  0%| F|  |TAMS 0x00000000ed000000, 0x00000000ed000000| Untracked 
| 209|0x00000000ed100000, 0x00000000ed100000, 0x00000000ed200000|  0%| F|  |TAMS 0x00000000ed100000, 0x00000000ed100000| Untracked 
| 210|0x00000000ed200000, 0x00000000ed200000, 0x00000000ed300000|  0%| F|  |TAMS 0x00000000ed200000, 0x00000000ed200000| Untracked 
| 211|0x00000000ed300000, 0x00000000ed300000, 0x00000000ed400000|  0%| F|  |TAMS 0x00000000ed300000, 0x00000000ed300000| Untracked 
| 212|0x00000000ed400000, 0x00000000ed400000, 0x00000000ed500000|  0%| F|  |TAMS 0x00000000ed400000, 0x00000000ed400000| Untracked 
| 213|0x00000000ed500000, 0x00000000ed500000, 0x00000000ed600000|  0%| F|  |TAMS 0x00000000ed500000, 0x00000000ed500000| Untracked 
| 214|0x00000000ed600000, 0x00000000ed600000, 0x00000000ed700000|  0%| F|  |TAMS 0x00000000ed600000, 0x00000000ed600000| Untracked 
| 215|0x00000000ed700000, 0x00000000ed700000, 0x00000000ed800000|  0%| F|  |TAMS 0x00000000ed700000, 0x00000000ed700000| Untracked 
| 216|0x00000000ed800000, 0x00000000ed800000, 0x00000000ed900000|  0%| F|  |TAMS 0x00000000ed800000, 0x00000000ed800000| Untracked 
| 217|0x00000000ed900000, 0x00000000ed900000, 0x00000000eda00000|  0%| F|  |TAMS 0x00000000ed900000, 0x00000000ed900000| Untracked 
| 218|0x00000000eda00000, 0x00000000eda00000, 0x00000000edb00000|  0%| F|  |TAMS 0x00000000eda00000, 0x00000000eda00000| Untracked 
| 219|0x00000000edb00000, 0x00000000edb00000, 0x00000000edc00000|  0%| F|  |TAMS 0x00000000edb00000, 0x00000000edb00000| Untracked 
| 220|0x00000000edc00000, 0x00000000edc00000, 0x00000000edd00000|  0%| F|  |TAMS 0x00000000edc00000, 0x00000000edc00000| Untracked 
| 221|0x00000000edd00000, 0x00000000edd00000, 0x00000000ede00000|  0%| F|  |TAMS 0x00000000edd00000, 0x00000000edd00000| Untracked 
| 222|0x00000000ede00000, 0x00000000ede00000, 0x00000000edf00000|  0%| F|  |TAMS 0x00000000ede00000, 0x00000000ede00000| Untracked 
| 223|0x00000000edf00000, 0x00000000edf00000, 0x00000000ee000000|  0%| F|  |TAMS 0x00000000edf00000, 0x00000000edf00000| Untracked 
| 224|0x00000000ee000000, 0x00000000ee000000, 0x00000000ee100000|  0%| F|  |TAMS 0x00000000ee000000, 0x00000000ee000000| Untracked 
| 225|0x00000000ee100000, 0x00000000ee100000, 0x00000000ee200000|  0%| F|  |TAMS 0x00000000ee100000, 0x00000000ee100000| Untracked 
| 226|0x00000000ee200000, 0x00000000ee200000, 0x00000000ee300000|  0%| F|  |TAMS 0x00000000ee200000, 0x00000000ee200000| Untracked 
| 227|0x00000000ee300000, 0x00000000ee300000, 0x00000000ee400000|  0%| F|  |TAMS 0x00000000ee300000, 0x00000000ee300000| Untracked 
| 228|0x00000000ee400000, 0x00000000ee400000, 0x00000000ee500000|  0%| F|  |TAMS 0x00000000ee400000, 0x00000000ee400000| Untracked 
| 229|0x00000000ee500000, 0x00000000ee500000, 0x00000000ee600000|  0%| F|  |TAMS 0x00000000ee500000, 0x00000000ee500000| Untracked 
| 230|0x00000000ee600000, 0x00000000ee600000, 0x00000000ee700000|  0%| F|  |TAMS 0x00000000ee600000, 0x00000000ee600000| Untracked 
| 231|0x00000000ee700000, 0x00000000ee700000, 0x00000000ee800000|  0%| F|  |TAMS 0x00000000ee700000, 0x00000000ee700000| Untracked 
| 232|0x00000000ee800000, 0x00000000ee800000, 0x00000000ee900000|  0%| F|  |TAMS 0x00000000ee800000, 0x00000000ee800000| Untracked 
| 233|0x00000000ee900000, 0x00000000ee900000, 0x00000000eea00000|  0%| F|  |TAMS 0x00000000ee900000, 0x00000000ee900000| Untracked 
| 234|0x00000000eea00000, 0x00000000eea00000, 0x00000000eeb00000|  0%| F|  |TAMS 0x00000000eea00000, 0x00000000eea00000| Untracked 
| 235|0x00000000eeb00000, 0x00000000eeb00000, 0x00000000eec00000|  0%| F|  |TAMS 0x00000000eeb00000, 0x00000000eeb00000| Untracked 
| 236|0x00000000eec00000, 0x00000000eec00000, 0x00000000eed00000|  0%| F|  |TAMS 0x00000000eec00000, 0x00000000eec00000| Untracked 
| 237|0x00000000eed00000, 0x00000000eed80800, 0x00000000eee00000| 50%| E|  |TAMS 0x00000000eed00000, 0x00000000eed00000| Complete 
| 238|0x00000000eee00000, 0x00000000eef00000, 0x00000000eef00000|100%| E|CS|TAMS 0x00000000eee00000, 0x00000000eee00000| Complete 
| 239|0x00000000eef00000, 0x00000000ef000000, 0x00000000ef000000|100%| E|CS|TAMS 0x00000000eef00000, 0x00000000eef00000| Complete 
| 240|0x00000000ef000000, 0x00000000ef100000, 0x00000000ef100000|100%| E|CS|TAMS 0x00000000ef000000, 0x00000000ef000000| Complete 
| 241|0x00000000ef100000, 0x00000000ef200000, 0x00000000ef200000|100%| E|CS|TAMS 0x00000000ef100000, 0x00000000ef100000| Complete 
| 242|0x00000000ef200000, 0x00000000ef300000, 0x00000000ef300000|100%| E|CS|TAMS 0x00000000ef200000, 0x00000000ef200000| Complete 
| 243|0x00000000ef300000, 0x00000000ef400000, 0x00000000ef400000|100%| E|CS|TAMS 0x00000000ef300000, 0x00000000ef300000| Complete 
| 244|0x00000000ef400000, 0x00000000ef500000, 0x00000000ef500000|100%| E|CS|TAMS 0x00000000ef400000, 0x00000000ef400000| Complete 
| 245|0x00000000ef500000, 0x00000000ef600000, 0x00000000ef600000|100%| E|CS|TAMS 0x00000000ef500000, 0x00000000ef500000| Complete 
| 246|0x00000000ef600000, 0x00000000ef700000, 0x00000000ef700000|100%| E|CS|TAMS 0x00000000ef600000, 0x00000000ef600000| Complete 
| 247|0x00000000ef700000, 0x00000000ef800000, 0x00000000ef800000|100%| E|CS|TAMS 0x00000000ef700000, 0x00000000ef700000| Complete 
| 248|0x00000000ef800000, 0x00000000ef900000, 0x00000000ef900000|100%| E|CS|TAMS 0x00000000ef800000, 0x00000000ef800000| Complete 
| 249|0x00000000ef900000, 0x00000000efa00000, 0x00000000efa00000|100%| E|CS|TAMS 0x00000000ef900000, 0x00000000ef900000| Complete 
| 250|0x00000000efa00000, 0x00000000efa65e00, 0x00000000efb00000| 39%| S|CS|TAMS 0x00000000efa00000, 0x00000000efa00000| Complete 
| 251|0x00000000efb00000, 0x00000000efc00000, 0x00000000efc00000|100%| E|CS|TAMS 0x00000000efb00000, 0x00000000efb00000| Complete 
| 252|0x00000000efc00000, 0x00000000efd00000, 0x00000000efd00000|100%| E|CS|TAMS 0x00000000efc00000, 0x00000000efc00000| Complete 
| 253|0x00000000efd00000, 0x00000000efe00000, 0x00000000efe00000|100%| E|CS|TAMS 0x00000000efd00000, 0x00000000efd00000| Complete 
| 254|0x00000000efe00000, 0x00000000eff00000, 0x00000000eff00000|100%| E|CS|TAMS 0x00000000efe00000, 0x00000000efe00000| Complete 
| 255|0x00000000eff00000, 0x00000000f0000000, 0x00000000f0000000|100%| E|CS|TAMS 0x00000000eff00000, 0x00000000eff00000| Complete 

Card table byte_map: [0x000001b0d2090000,0x000001b0d2190000] _byte_map_base: 0x000001b0d1990000

Marking Bits (Prev, Next): (CMBitMap*) 0x000001b0b9266ff0, (CMBitMap*) 0x000001b0b9267030
 Prev Bits: [0x000001b0d2290000, 0x000001b0d2a90000)
 Next Bits: [0x000001b0d2a90000, 0x000001b0d3290000)

Polling page: 0x000001b0b9000000

Metaspace:

Usage:
  Non-class:     32.61 MB used.
      Class:      5.28 MB used.
       Both:     37.89 MB used.

Virtual space:
  Non-class space:       64.00 MB reserved,      32.81 MB ( 51%) committed,  1 nodes.
      Class space:      208.00 MB reserved,       5.50 MB (  3%) committed,  1 nodes.
             Both:      272.00 MB reserved,      38.31 MB ( 14%) committed. 

Chunk freelists:
   Non-Class:  14.91 MB
       Class:  10.50 MB
        Both:  25.40 MB

MaxMetaspaceSize: 256.00 MB
CompressedClassSpaceSize: 208.00 MB
Initial GC threshold: 21.00 MB
Current GC threshold: 59.31 MB
CDS: on
MetaspaceReclaimPolicy: balanced
 - commit_granule_bytes: 65536.
 - commit_granule_words: 8192.
 - virtual_space_node_default_size: 8388608.
 - enlarge_chunks_in_place: 1.
 - new_chunks_are_fully_committed: 0.
 - uncommit_free_chunks: 1.
 - use_allocation_guard: 0.
 - handle_deallocations: 1.


Internal statistics:

num_allocs_failed_limit: 9.
num_arena_births: 454.
num_arena_deaths: 0.
num_vsnodes_births: 2.
num_vsnodes_deaths: 0.
num_space_committed: 613.
num_space_uncommitted: 0.
num_chunks_returned_to_freelist: 9.
num_chunks_taken_from_freelist: 1843.
num_chunk_merges: 9.
num_chunk_splits: 1250.
num_chunks_enlarged: 872.
num_inconsistent_stats: 0.

CodeHeap 'non-profiled nmethods': size=120000Kb used=2395Kb max_used=2395Kb free=117604Kb
 bounds [0x000001b0ca000000, 0x000001b0ca270000, 0x000001b0d1530000]
CodeHeap 'profiled nmethods': size=120000Kb used=8982Kb max_used=8982Kb free=111017Kb
 bounds [0x000001b0c2530000, 0x000001b0c2e00000, 0x000001b0c9a60000]
CodeHeap 'non-nmethods': size=5760Kb used=2310Kb max_used=2383Kb free=3449Kb
 bounds [0x000001b0c9a60000, 0x000001b0c9cd0000, 0x000001b0ca000000]
 total_blobs=5166 nmethods=4343 adapters=734
 compilation: enabled
              stopped_count=0, restarted_count=0
 full_count=0

Compilation events (20 events):
Event: 4.802 Thread 0x000001b0d5ce5170 4309       3       java.util.TreeMap::compare (32 bytes)
Event: 4.802 Thread 0x000001b0d5ce5170 nmethod 4309 0x000001b0c2dda910 code [0x000001b0c2ddaae0, 0x000001b0c2ddaf18]
Event: 4.802 Thread 0x000001b0d5ce5170 4311       3       java.util.TreeMap::addEntryToEmptyMap (37 bytes)
Event: 4.803 Thread 0x000001b0d5ce5170 nmethod 4311 0x000001b0c2ddb010 code [0x000001b0c2ddb200, 0x000001b0c2ddb8f8]
Event: 4.803 Thread 0x000001b0d5ce5170 4310       1       com.sun.jmx.mbeanserver.MXBeanMapping::getOpenType (5 bytes)
Event: 4.803 Thread 0x000001b0d5ce5170 nmethod 4310 0x000001b0ca249790 code [0x000001b0ca249920, 0x000001b0ca2499f8]
Event: 4.803 Thread 0x000001b0d5ce5170 4312       3       java.lang.invoke.BoundMethodHandle$Species_L::make (11 bytes)
Event: 4.803 Thread 0x000001b0d5ce5170 nmethod 4312 0x000001b0c2ddbb10 code [0x000001b0c2ddbcc0, 0x000001b0c2ddbf28]
Event: 4.804 Thread 0x000001b0d5ce5170 4313       3       java.util.TreeMap::containsKey (14 bytes)
Event: 4.804 Thread 0x000001b0d5ce5170 nmethod 4313 0x000001b0c2ddc010 code [0x000001b0c2ddc1c0, 0x000001b0c2ddc368]
Event: 4.804 Thread 0x000001b0d5ce5170 4314       3       javax.management.ImmutableDescriptor::findNonEmpty (27 bytes)
Event: 4.804 Thread 0x000001b0d5ce5170 nmethod 4314 0x000001b0c2ddc410 code [0x000001b0c2ddc5c0, 0x000001b0c2ddc828]
Event: 4.804 Thread 0x000001b0d5ce5170 4315       3       javax.management.ImmutableDescriptor::isEmpty (46 bytes)
Event: 4.805 Thread 0x000001b0d5ce5170 nmethod 4315 0x000001b0c2ddc990 code [0x000001b0c2ddcb80, 0x000001b0c2ddd268]
Event: 4.805 Thread 0x000001b0d5ce5170 4317       3       java.util.TreeMap::getEntryUsingComparator (74 bytes)
Event: 4.805 Thread 0x000001b0d5ce5170 nmethod 4317 0x000001b0c2ddd410 code [0x000001b0c2ddd5e0, 0x000001b0c2ddd9a8]
Event: 4.805 Thread 0x000001b0d5ce5170 4316       3       java.util.TreeMap::values (25 bytes)
Event: 4.805 Thread 0x000001b0d5ce5170 nmethod 4316 0x000001b0c2dddb10 code [0x000001b0c2dddcc0, 0x000001b0c2dde038]
Event: 4.805 Thread 0x000001b0d5ce5170 4318       3       javax.management.StandardMBean::equal (23 bytes)
Event: 4.805 Thread 0x000001b0d5ce5170 nmethod 4318 0x000001b0c2dde190 code [0x000001b0c2dde340, 0x000001b0c2dde608]

GC Heap History (12 events):
Event: 0.619 GC heap before
{Heap before GC invocations=0 (full 0):
 garbage-first heap   total 262144K, used 25600K [0x00000000e0000000, 0x0000000100000000)
  region size 1024K, 23 young (23552K), 0 survivors (0K)
 Metaspace       used 3001K, committed 3136K, reserved 278528K
  class space    used 380K, committed 448K, reserved 212992K
}
Event: 0.622 GC heap after
{Heap after GC invocations=1 (full 0):
 garbage-first heap   total 262144K, used 9327K [0x00000000e0000000, 0x0000000100000000)
  region size 1024K, 3 young (3072K), 3 survivors (3072K)
 Metaspace       used 3001K, committed 3136K, reserved 278528K
  class space    used 380K, committed 448K, reserved 212992K
}
Event: 0.980 GC heap before
{Heap before GC invocations=1 (full 0):
 garbage-first heap   total 262144K, used 39023K [0x00000000e0000000, 0x0000000100000000)
  region size 1024K, 32 young (32768K), 3 survivors (3072K)
 Metaspace       used 3932K, committed 4096K, reserved 278528K
  class space    used 476K, committed 576K, reserved 212992K
}
Event: 0.984 GC heap after
{Heap after GC invocations=2 (full 0):
 garbage-first heap   total 262144K, used 13699K [0x00000000e0000000, 0x0000000100000000)
  region size 1024K, 4 young (4096K), 4 survivors (4096K)
 Metaspace       used 3932K, committed 4096K, reserved 278528K
  class space    used 476K, committed 576K, reserved 212992K
}
Event: 2.947 GC heap before
{Heap before GC invocations=2 (full 0):
 garbage-first heap   total 262144K, used 114051K [0x00000000e0000000, 0x0000000100000000)
  region size 1024K, 103 young (105472K), 4 survivors (4096K)
 Metaspace       used 21237K, committed 21504K, reserved 278528K
  class space    used 3188K, committed 3328K, reserved 212992K
}
Event: 2.955 GC heap after
{Heap after GC invocations=3 (full 0):
 garbage-first heap   total 262144K, used 21282K [0x00000000e0000000, 0x0000000100000000)
  region size 1024K, 12 young (12288K), 12 survivors (12288K)
 Metaspace       used 21237K, committed 21504K, reserved 278528K
  class space    used 3188K, committed 3328K, reserved 212992K
}
Event: 4.429 GC heap before
{Heap before GC invocations=4 (full 0):
 garbage-first heap   total 262144K, used 122658K [0x00000000e0000000, 0x0000000100000000)
  region size 1024K, 109 young (111616K), 12 survivors (12288K)
 Metaspace       used 35586K, committed 35968K, reserved 278528K
  class space    used 4919K, committed 5120K, reserved 212992K
}
Event: 4.442 GC heap after
{Heap after GC invocations=5 (full 0):
 garbage-first heap   total 262144K, used 29814K [0x00000000e0000000, 0x0000000100000000)
  region size 1024K, 16 young (16384K), 16 survivors (16384K)
 Metaspace       used 35586K, committed 35968K, reserved 278528K
  class space    used 4919K, committed 5120K, reserved 212992K
}
Event: 4.455 GC heap before
{Heap before GC invocations=5 (full 0):
 garbage-first heap   total 262144K, used 29814K [0x00000000e0000000, 0x0000000100000000)
  region size 1024K, 17 young (17408K), 16 survivors (16384K)
 Metaspace       used 35658K, committed 36032K, reserved 278528K
  class space    used 4930K, committed 5120K, reserved 212992K
}
Event: 4.467 GC heap after
{Heap after GC invocations=6 (full 0):
 garbage-first heap   total 262144K, used 30483K [0x00000000e0000000, 0x0000000100000000)
  region size 1024K, 2 young (2048K), 2 survivors (2048K)
 Metaspace       used 35658K, committed 36032K, reserved 278528K
  class space    used 4930K, committed 5120K, reserved 212992K
}
Event: 4.502 GC heap before
{Heap before GC invocations=6 (full 0):
 garbage-first heap   total 262144K, used 32531K [0x00000000e0000000, 0x0000000100000000)
  region size 1024K, 5 young (5120K), 2 survivors (2048K)
 Metaspace       used 35889K, committed 36288K, reserved 278528K
  class space    used 4962K, committed 5184K, reserved 212992K
}
Event: 4.503 GC heap after
{Heap after GC invocations=7 (full 0):
 garbage-first heap   total 262144K, used 28910K [0x00000000e0000000, 0x0000000100000000)
  region size 1024K, 1 young (1024K), 1 survivors (1024K)
 Metaspace       used 35889K, committed 36288K, reserved 278528K
  class space    used 4962K, committed 5184K, reserved 212992K
}

Dll operation events (12 events):
Event: 0.005 Loaded shared library C:\Users\grays\.jdks\corretto-17.0.8\bin\java.dll
Event: 0.022 Loaded shared library C:\Users\grays\.jdks\corretto-17.0.8\bin\jsvml.dll
Event: 0.053 Loaded shared library C:\Users\grays\.jdks\corretto-17.0.8\bin\net.dll
Event: 0.054 Loaded shared library C:\Users\grays\.jdks\corretto-17.0.8\bin\nio.dll
Event: 0.057 Loaded shared library C:\Users\grays\.jdks\corretto-17.0.8\bin\zip.dll
Event: 0.284 Loaded shared library C:\Users\grays\.jdks\corretto-17.0.8\bin\jimage.dll
Event: 0.348 Loaded shared library C:\Users\grays\.jdks\corretto-17.0.8\bin\verify.dll
Event: 0.487 Loaded shared library C:\Users\grays\.gradle\native\68d5fa5c4cc2d200863cafc0d521ce42e7d3e7ee720ec0a83991735586a16f82\windows-amd64\native-platform.dll
Event: 0.490 Loaded shared library C:\Users\grays\.gradle\native\e376f236ea51e6404a007f0833ffe2c6e607c4080706a723a18a27aeea778392\windows-amd64\native-platform-file-events.dll
Event: 1.245 Loaded shared library C:\Users\grays\.jdks\corretto-17.0.8\bin\management.dll
Event: 1.247 Loaded shared library C:\Users\grays\.jdks\corretto-17.0.8\bin\management_ext.dll
Event: 1.637 Loaded shared library C:\Users\grays\.jdks\corretto-17.0.8\bin\sunmscapi.dll

Deoptimization events (20 events):
Event: 4.236 Thread 0x000001b0e8e20760 DEOPT PACKING pc=0x000001b0ca192d08 sp=0x0000006defcf8280
Event: 4.236 Thread 0x000001b0e8e20760 DEOPT UNPACKING pc=0x000001b0c9ab69a3 sp=0x0000006defcf81b0 mode 2
Event: 4.243 Thread 0x000001b0e8e20760 Uncommon trap: trap_request=0xffffff45 fr.pc=0x000001b0ca16e104 relative=0x0000000000000344
Event: 4.243 Thread 0x000001b0e8e20760 Uncommon trap: reason=unstable_if action=reinterpret pc=0x000001b0ca16e104 method=org.gradle.internal.reflect.PropertyAccessorType.isGetGetterName(Ljava/lang/String;)Z @ 14 c2
Event: 4.243 Thread 0x000001b0e8e20760 DEOPT PACKING pc=0x000001b0ca16e104 sp=0x0000006defcf8d00
Event: 4.243 Thread 0x000001b0e8e20760 DEOPT UNPACKING pc=0x000001b0c9ab69a3 sp=0x0000006defcf8c58 mode 2
Event: 4.276 Thread 0x000001b0e8e20760 Uncommon trap: trap_request=0xffffff45 fr.pc=0x000001b0ca16966c relative=0x00000000000000ec
Event: 4.276 Thread 0x000001b0e8e20760 Uncommon trap: reason=unstable_if action=reinterpret pc=0x000001b0ca16966c method=org.objectweb.asm.ByteVector.putShort(I)Lorg/objectweb/asm/ByteVector; @ 13 c2
Event: 4.276 Thread 0x000001b0e8e20760 DEOPT PACKING pc=0x000001b0ca16966c sp=0x0000006defcf8910
Event: 4.276 Thread 0x000001b0e8e20760 DEOPT UNPACKING pc=0x000001b0c9ab69a3 sp=0x0000006defcf88a8 mode 2
Event: 4.314 Thread 0x000001b0e8e20760 Uncommon trap: trap_request=0xffffff45 fr.pc=0x000001b0ca1d2b30 relative=0x00000000000017d0
Event: 4.314 Thread 0x000001b0e8e20760 Uncommon trap: reason=unstable_if action=reinterpret pc=0x000001b0ca1d2b30 method=java.util.concurrent.ConcurrentHashMap.computeIfAbsent(Ljava/lang/Object;Ljava/util/function/Function;)Ljava/lang/Object; @ 123 c2
Event: 4.314 Thread 0x000001b0e8e20760 DEOPT PACKING pc=0x000001b0ca1d2b30 sp=0x0000006defcf9bf0
Event: 4.314 Thread 0x000001b0e8e20760 DEOPT UNPACKING pc=0x000001b0c9ab69a3 sp=0x0000006defcf9b70 mode 2
Event: 4.390 Thread 0x000001b0e8e20760 DEOPT PACKING pc=0x000001b0c28ca25c sp=0x0000006defcf9c70
Event: 4.390 Thread 0x000001b0e8e20760 DEOPT UNPACKING pc=0x000001b0c9ab7143 sp=0x0000006defcf91f0 mode 0
Event: 4.546 Thread 0x000001b0e8e20760 Uncommon trap: trap_request=0xffffff45 fr.pc=0x000001b0ca1d7838 relative=0x00000000000004d8
Event: 4.546 Thread 0x000001b0e8e20760 Uncommon trap: reason=unstable_if action=reinterpret pc=0x000001b0ca1d7838 method=jdk.internal.org.objectweb.asm.MethodWriter.visitVarInsn(II)V @ 230 c2
Event: 4.547 Thread 0x000001b0e8e20760 DEOPT PACKING pc=0x000001b0ca1d7838 sp=0x0000006defcf7500
Event: 4.547 Thread 0x000001b0e8e20760 DEOPT UNPACKING pc=0x000001b0c9ab69a3 sp=0x0000006defcf74c0 mode 2

Classes unloaded (0 events):
No events

Classes redefined (0 events):
No events

Internal exceptions (20 events):
Event: 4.404 Thread 0x000001b0e8e20760 Exception <a 'java/lang/ClassNotFoundException'{0x00000000ea1f1710}: build_82bacbym8nuevmla2uzstmnqoCustomizer> (0x00000000ea1f1710) 
thrown [s\src\hotspot\share\classfile\systemDictionary.cpp, line 256]
Event: 4.412 Thread 0x000001b0e8e20760 Exception <a 'java/lang/ClassNotFoundException'{0x00000000ea050d38}: org/gradle/internal/metaobject/ConfigureDelegateBeanInfo> (0x00000000ea050d38) 
thrown [s\src\hotspot\share\classfile\systemDictionary.cpp, line 256]
Event: 4.413 Thread 0x000001b0e8e20760 Exception <a 'java/lang/ClassNotFoundException'{0x00000000ea0609e8}: org/gradle/internal/metaobject/ConfigureDelegateCustomizer> (0x00000000ea0609e8) 
thrown [s\src\hotspot\share\classfile\systemDictionary.cpp, line 256]
Event: 4.416 Thread 0x000001b0e8e20760 Exception <a 'java/lang/ClassNotFoundException'{0x00000000ea096218}: org/gradle/plugin/use/internal/PluginRequestCollector$PluginDependenciesSpecImplBeanInfo> (0x00000000ea096218) 
thrown [s\src\hotspot\share\classfile\systemDictionary.cpp, line 256]
Event: 4.416 Thread 0x000001b0e8e20760 Exception <a 'java/lang/ClassNotFoundException'{0x00000000ea0a6918}: org/gradle/plugin/use/internal/PluginRequestCollector$PluginDependenciesSpecImplCustomizer> (0x00000000ea0a6918) 
thrown [s\src\hotspot\share\classfile\systemDictionary.cpp, line 256]
Event: 4.529 Thread 0x000001b0e8e20760 Exception <a 'java/lang/NoSuchMethodError'{0x00000000efe05e70}: 'java.lang.Object java.lang.invoke.DelegatingMethodHandle$Holder.reinvoke_L(java.lang.Object, java.lang.Object, java.lang.Object, java.lang.Object, java.lang.Object, java.lang.Object, java.lang.Object, java.lang.Object, java.lang.Object, java.lang.Object, java.lang.Object, java.lang.Object, java.lang.Object, java.lang.Object, java.lang.Object, java.lang.Object, java.lang.Object, java.lang.Object, java.lang.Object, java.lang.Object, java.lang.O
Event: 4.530 Thread 0x000001b0e8e20760 Exception <a 'java/lang/NoSuchMethodError'{0x00000000efe11b90}: 'java.lang.Object java.lang.invoke.Invokers$Holder.invoker(java.lang.Object, java.lang.Object, java.lang.Object, java.lang.Object, java.lang.Object, java.lang.Object, java.lang.Object, java.lang.Object, java.lang.Object, java.lang.Object, java.lang.Object, java.lang.Object, java.lang.Object, java.lang.Object, java.lang.Object, java.lang.Object, java.lang.Object, java.lang.Object, java.lang.Object, java.lang.Object, java.lang.Object)'> (0x00000
Event: 4.531 Thread 0x000001b0e8e20760 Exception <a 'java/lang/NoSuchMethodError'{0x00000000efe18b18}: 'java.lang.Object java.lang.invoke.DelegatingMethodHandle$Holder.delegate(java.lang.Object, java.lang.Object, java.lang.Object, java.lang.Object, java.lang.Object, java.lang.Object, java.lang.Object, java.lang.Object, java.lang.Object, java.lang.Object, java.lang.Object, java.lang.Object, java.lang.Object, java.lang.Object, java.lang.Object, java.lang.Object, java.lang.Object, java.lang.Object, java.lang.Object, java.lang.Object, java.lang.Obj
Event: 4.548 Thread 0x000001b0e8e20760 Exception <a 'java/lang/NoSuchMethodError'{0x00000000efe90b08}: 'java.lang.Object java.lang.invoke.DirectMethodHandle$Holder.invokeStatic(java.lang.Object, java.lang.Object, java.lang.Object, java.lang.Object, java.lang.Object, java.lang.Object, java.lang.Object, java.lang.Object, java.lang.Object, java.lang.Object, java.lang.Object, java.lang.Object, java.lang.Object, java.lang.Object, java.lang.Object, java.lang.Object, java.lang.Object)'> (0x00000000efe90b08) 
thrown [s\src\hotspot\share\interpreter\lin
Event: 4.551 Thread 0x000001b0e8e20760 Exception <a 'java/lang/NoSuchMethodError'{0x00000000efeb89d0}: 'java.lang.Object java.lang.invoke.DirectMethodHandle$Holder.invokeStatic(java.lang.Object, java.lang.Object, java.lang.Object, java.lang.Object, java.lang.Object, java.lang.Object, java.lang.Object, java.lang.Object, java.lang.Object, java.lang.Object, java.lang.Object, java.lang.Object, java.lang.Object, java.lang.Object, java.lang.Object, java.lang.Object, java.lang.Object, java.lang.Object)'> (0x00000000efeb89d0) 
thrown [s\src\hotspot\sha
Event: 4.554 Thread 0x000001b0e8e20760 Exception <a 'java/lang/NoSuchMethodError'{0x00000000efee12f8}: 'java.lang.Object java.lang.invoke.DirectMethodHandle$Holder.invokeStatic(java.lang.Object, java.lang.Object, java.lang.Object, java.lang.Object, java.lang.Object, java.lang.Object, java.lang.Object, java.lang.Object, java.lang.Object, java.lang.Object, java.lang.Object, java.lang.Object, java.lang.Object, java.lang.Object, java.lang.Object, java.lang.Object, java.lang.Object, java.lang.Object, java.lang.Object)'> (0x00000000efee12f8) 
thrown 
Event: 4.556 Thread 0x000001b0e8e20760 Exception <a 'java/lang/NoSuchMethodError'{0x00000000efd0b348}: 'java.lang.Object java.lang.invoke.DirectMethodHandle$Holder.invokeStatic(java.lang.Object, java.lang.Object, java.lang.Object, java.lang.Object, java.lang.Object, java.lang.Object, java.lang.Object, java.lang.Object, java.lang.Object, java.lang.Object, java.lang.Object, java.lang.Object, java.lang.Object, java.lang.Object, java.lang.Object, java.lang.Object, java.lang.Object, java.lang.Object, java.lang.Object, java.lang.Object)'> (0x00000000
Event: 4.558 Thread 0x000001b0e8e20760 Exception <a 'java/lang/NoSuchMethodError'{0x00000000efd35f58}: 'java.lang.Object java.lang.invoke.DirectMethodHandle$Holder.invokeStatic(java.lang.Object, java.lang.Object, java.lang.Object, java.lang.Object, java.lang.Object, java.lang.Object, java.lang.Object, java.lang.Object, java.lang.Object, java.lang.Object, java.lang.Object, java.lang.Object, java.lang.Object, java.lang.Object, java.lang.Object, java.lang.Object, java.lang.Object, java.lang.Object, java.lang.Object, java.lang.Object, java.lang.Obj
Event: 4.561 Thread 0x000001b0e8e20760 Exception <a 'java/lang/NoSuchMethodError'{0x00000000efd61508}: 'java.lang.Object java.lang.invoke.DirectMethodHandle$Holder.invokeStatic(java.lang.Object, java.lang.Object, java.lang.Object, java.lang.Object, java.lang.Object, java.lang.Object, java.lang.Object, java.lang.Object, java.lang.Object, java.lang.Object, java.lang.Object, java.lang.Object, java.lang.Object, java.lang.Object, java.lang.Object, java.lang.Object, java.lang.Object, java.lang.Object, java.lang.Object, java.lang.Object, java.lang.Obj
Event: 4.564 Thread 0x000001b0e8e20760 Exception <a 'java/lang/NoSuchMethodError'{0x00000000efd8e848}: 'java.lang.Object java.lang.invoke.DirectMethodHandle$Holder.invokeStatic(java.lang.Object, java.lang.Object, java.lang.Object, java.lang.Object, java.lang.Object, java.lang.Object, java.lang.Object, java.lang.Object, java.lang.Object, java.lang.Object, java.lang.Object, java.lang.Object, java.lang.Object, java.lang.Object, java.lang.Object, java.lang.Object, java.lang.Object, java.lang.Object, java.lang.Object, java.lang.Object, java.lang.Obj
Event: 4.566 Thread 0x000001b0e8e20760 Exception <a 'java/lang/NoSuchMethodError'{0x00000000efdbd148}: 'java.lang.Object java.lang.invoke.DirectMethodHandle$Holder.invokeStatic(java.lang.Object, java.lang.Object, java.lang.Object, java.lang.Object, java.lang.Object, java.lang.Object, java.lang.Object, java.lang.Object, java.lang.Object, java.lang.Object, java.lang.Object, java.lang.Object, java.lang.Object, java.lang.Object, java.lang.Object, java.lang.Object, java.lang.Object, java.lang.Object, java.lang.Object, java.lang.Object, java.lang.Obj
Event: 4.735 Thread 0x000001b0e8e20760 Exception <a 'java/lang/NoSuchMethodError'{0x00000000ef172808}: 'java.lang.Object java.lang.invoke.DirectMethodHandle$Holder.newInvokeSpecial(java.lang.Object, java.lang.Object, java.lang.Object, java.lang.Object, int)'> (0x00000000ef172808) 
thrown [s\src\hotspot\share\interpreter\linkResolver.cpp, line 759]
Event: 4.736 Thread 0x000001b0e8e20760 Exception <a 'java/lang/NoSuchMethodError'{0x00000000ef178080}: 'java.lang.Object java.lang.invoke.DirectMethodHandle$Holder.invokeSpecial(java.lang.Object, java.lang.Object, java.lang.Object, java.lang.Object, java.lang.Object, int)'> (0x00000000ef178080) 
thrown [s\src\hotspot\share\interpreter\linkResolver.cpp, line 759]
Event: 4.736 Thread 0x000001b0e8e20760 Exception <a 'java/lang/NoSuchMethodError'{0x00000000ef17d2a8}: 'java.lang.Object java.lang.invoke.Invokers$Holder.linkToTargetMethod(java.lang.Object, java.lang.Object, java.lang.Object, int, java.lang.Object)'> (0x00000000ef17d2a8) 
thrown [s\src\hotspot\share\interpreter\linkResolver.cpp, line 759]
Event: 4.786 Thread 0x000001b0e8e20760 Exception <a 'java/lang/IncompatibleClassChangeError'{0x00000000eef36aa0}: Found class java.lang.Object, but interface was expected> (0x00000000eef36aa0) 
thrown [s\src\hotspot\share\interpreter\linkResolver.cpp, line 826]

VM Operations (20 events):
Event: 4.127 Executing VM operation: HandshakeAllThreads
Event: 4.127 Executing VM operation: HandshakeAllThreads done
Event: 4.249 Executing VM operation: ICBufferFull
Event: 4.249 Executing VM operation: ICBufferFull done
Event: 4.251 Executing VM operation: HandshakeAllThreads
Event: 4.252 Executing VM operation: HandshakeAllThreads done
Event: 4.429 Executing VM operation: CollectForMetadataAllocation
Event: 4.442 Executing VM operation: CollectForMetadataAllocation done
Event: 4.455 Executing VM operation: G1CollectForAllocation
Event: 4.467 Executing VM operation: G1CollectForAllocation done
Event: 4.502 Executing VM operation: CollectForMetadataAllocation
Event: 4.504 Executing VM operation: CollectForMetadataAllocation done
Event: 4.533 Executing VM operation: G1PauseRemark
Event: 4.536 Executing VM operation: G1PauseRemark done
Event: 4.547 Executing VM operation: G1PauseCleanup
Event: 4.547 Executing VM operation: G1PauseCleanup done
Event: 4.720 Executing VM operation: HandshakeAllThreads
Event: 4.720 Executing VM operation: HandshakeAllThreads done
Event: 4.720 Executing VM operation: HandshakeAllThreads
Event: 4.720 Executing VM operation: HandshakeAllThreads done

Events (20 events):
Event: 4.801 loading class com/sun/management/internal/OperatingSystemImpl
Event: 4.801 loading class com/sun/management/OperatingSystemMXBean
Event: 4.801 loading class java/lang/management/OperatingSystemMXBean
Event: 4.801 loading class java/lang/management/OperatingSystemMXBean done
Event: 4.801 loading class com/sun/management/OperatingSystemMXBean done
Event: 4.801 loading class sun/management/BaseOperatingSystemImpl
Event: 4.802 loading class sun/management/BaseOperatingSystemImpl done
Event: 4.802 loading class com/sun/management/internal/OperatingSystemImpl done
Event: 4.802 loading class javax/management/DescriptorKey
Event: 4.802 loading class javax/management/DescriptorKey done
Event: 4.803 loading class java/util/HashMap$EntrySpliterator
Event: 4.803 loading class java/util/HashMap$EntrySpliterator done
Event: 4.803 loading class javax/management/StandardEmitterMBean
Event: 4.803 loading class javax/management/StandardEmitterMBean done
Event: 4.805 loading class sun/management/VMManagementImpl$1
Event: 4.805 loading class sun/management/VMManagementImpl$1 done
Event: 4.806 loading class sun/management/CompilationImpl
Event: 4.806 loading class java/lang/management/CompilationMXBean
Event: 4.806 loading class java/lang/management/CompilationMXBean done
Event: 4.806 loading class sun/management/CompilationImpl done


Dynamic libraries:
0x00007ff7fceb0000 - 0x00007ff7fcebd000 	C:\Users\grays\.jdks\corretto-17.0.8\bin\java.exe
0x00007ff895f00000 - 0x00007ff8960f0000 	C:\WINDOWS\SYSTEM32\ntdll.dll
0x00007ff894060000 - 0x00007ff894112000 	C:\WINDOWS\System32\KERNEL32.DLL
0x00007ff8939e0000 - 0x00007ff893c85000 	C:\WINDOWS\System32\KERNELBASE.dll
0x00007ff893cc0000 - 0x00007ff893dba000 	C:\WINDOWS\System32\ucrtbase.dll
0x00007ff88bed0000 - 0x00007ff88bee7000 	C:\Users\grays\.jdks\corretto-17.0.8\bin\jli.dll
0x00007ff88be50000 - 0x00007ff88be65000 	C:\Users\grays\.jdks\corretto-17.0.8\bin\VCRUNTIME140.dll
0x00007ff8949b0000 - 0x00007ff894b44000 	C:\WINDOWS\System32\USER32.dll
0x00007ff893c90000 - 0x00007ff893cb1000 	C:\WINDOWS\System32\win32u.dll
0x00007ff8957b0000 - 0x00007ff8957d6000 	C:\WINDOWS\System32\GDI32.dll
0x00007ff87b890000 - 0x00007ff87bb14000 	C:\WINDOWS\WinSxS\amd64_microsoft.windows.common-controls_6595b64144ccf1df_6.0.18362.1256_none_9e7e379be45e40e2\COMCTL32.dll
0x00007ff892e70000 - 0x00007ff893006000 	C:\WINDOWS\System32\gdi32full.dll
0x00007ff895e20000 - 0x00007ff895ebe000 	C:\WINDOWS\System32\msvcrt.dll
0x00007ff893dc0000 - 0x00007ff893e5e000 	C:\WINDOWS\System32\msvcp_win.dll
0x00007ff894120000 - 0x00007ff894456000 	C:\WINDOWS\System32\combase.dll
0x00007ff895690000 - 0x00007ff8957b0000 	C:\WINDOWS\System32\RPCRT4.dll
0x00007ff893010000 - 0x00007ff893091000 	C:\WINDOWS\System32\bcryptPrimitives.dll
0x00007ff894980000 - 0x00007ff8949ae000 	C:\WINDOWS\System32\IMM32.DLL
0x00007ff87c3e0000 - 0x00007ff87c47b000 	C:\Users\grays\.jdks\corretto-17.0.8\bin\msvcp140.dll
0x00007ff84e960000 - 0x00007ff84f57d000 	C:\Users\grays\.jdks\corretto-17.0.8\bin\server\jvm.dll
0x00007ff8957e0000 - 0x00007ff895883000 	C:\WINDOWS\System32\ADVAPI32.dll
0x00007ff895970000 - 0x00007ff895a07000 	C:\WINDOWS\System32\sechost.dll
0x00007ff892e20000 - 0x00007ff892e6a000 	C:\WINDOWS\System32\POWRPROF.dll
0x00007ff892da0000 - 0x00007ff892db0000 	C:\WINDOWS\System32\UMPDC.dll
0x00007ff88d750000 - 0x00007ff88d75a000 	C:\WINDOWS\SYSTEM32\VERSION.dll
0x00007ff890860000 - 0x00007ff890884000 	C:\WINDOWS\SYSTEM32\WINMM.dll
0x00007ff88e020000 - 0x00007ff88e029000 	C:\WINDOWS\SYSTEM32\WSOCK32.dll
0x00007ff8958f0000 - 0x00007ff89595f000 	C:\WINDOWS\System32\WS2_32.dll
0x00007ff890830000 - 0x00007ff89085d000 	C:\WINDOWS\SYSTEM32\winmmbase.dll
0x00007ff893830000 - 0x00007ff89387a000 	C:\WINDOWS\System32\cfgmgr32.dll
0x00007ff892db0000 - 0x00007ff892dc1000 	C:\WINDOWS\System32\kernel.appcore.dll
0x00007ff890cd0000 - 0x00007ff890cda000 	C:\Users\grays\.jdks\corretto-17.0.8\bin\jimage.dll
0x00007ff891540000 - 0x00007ff891734000 	C:\WINDOWS\SYSTEM32\DBGHELP.DLL
0x00007ff88be00000 - 0x00007ff88be2a000 	C:\WINDOWS\SYSTEM32\dbgcore.DLL
0x00007ff88bd30000 - 0x00007ff88bd55000 	C:\Users\grays\.jdks\corretto-17.0.8\bin\java.dll
0x00007ff87a770000 - 0x00007ff87a846000 	C:\Users\grays\.jdks\corretto-17.0.8\bin\jsvml.dll
0x00007ff894fa0000 - 0x00007ff895687000 	C:\WINDOWS\System32\SHELL32.dll
0x00007ff8948d0000 - 0x00007ff894979000 	C:\WINDOWS\System32\shcore.dll
0x00007ff8930a0000 - 0x00007ff893821000 	C:\WINDOWS\System32\windows.storage.dll
0x00007ff892dd0000 - 0x00007ff892df3000 	C:\WINDOWS\System32\profapi.dll
0x00007ff895dc0000 - 0x00007ff895e12000 	C:\WINDOWS\System32\shlwapi.dll
0x00007ff8939c0000 - 0x00007ff8939d7000 	C:\WINDOWS\System32\cryptsp.dll
0x00007ff88a690000 - 0x00007ff88a6a9000 	C:\Users\grays\.jdks\corretto-17.0.8\bin\net.dll
0x00007ff88c1c0000 - 0x00007ff88c2b0000 	C:\WINDOWS\SYSTEM32\WINHTTP.dll
0x00007ff892590000 - 0x00007ff8925f7000 	C:\WINDOWS\system32\mswsock.dll
0x00007ff887820000 - 0x00007ff887835000 	C:\Users\grays\.jdks\corretto-17.0.8\bin\nio.dll
0x00007ff8876e0000 - 0x00007ff8876f8000 	C:\Users\grays\.jdks\corretto-17.0.8\bin\zip.dll
0x00007ff88fb60000 - 0x00007ff88fb70000 	C:\Users\grays\.jdks\corretto-17.0.8\bin\verify.dll
0x00007ff880040000 - 0x00007ff880067000 	C:\Users\grays\.gradle\native\68d5fa5c4cc2d200863cafc0d521ce42e7d3e7ee720ec0a83991735586a16f82\windows-amd64\native-platform.dll
0x00007ff877610000 - 0x00007ff877754000 	C:\Users\grays\.gradle\native\e376f236ea51e6404a007f0833ffe2c6e607c4080706a723a18a27aeea778392\windows-amd64\native-platform-file-events.dll
0x00007ff88f8d0000 - 0x00007ff88f8d9000 	C:\Users\grays\.jdks\corretto-17.0.8\bin\management.dll
0x00007ff88d780000 - 0x00007ff88d78b000 	C:\Users\grays\.jdks\corretto-17.0.8\bin\management_ext.dll
0x00007ff895960000 - 0x00007ff895968000 	C:\WINDOWS\System32\PSAPI.DLL
0x00007ff892100000 - 0x00007ff892133000 	C:\WINDOWS\system32\rsaenh.dll
0x00007ff893930000 - 0x00007ff893956000 	C:\WINDOWS\System32\bcrypt.dll
0x00007ff892c80000 - 0x00007ff892ca5000 	C:\WINDOWS\SYSTEM32\USERENV.dll
0x00007ff892760000 - 0x00007ff89276c000 	C:\WINDOWS\SYSTEM32\CRYPTBASE.dll
0x00007ff8922a0000 - 0x00007ff8922da000 	C:\WINDOWS\SYSTEM32\IPHLPAPI.DLL
0x00007ff894f90000 - 0x00007ff894f98000 	C:\WINDOWS\System32\NSI.dll
0x00007ff88bb00000 - 0x00007ff88bb16000 	C:\WINDOWS\SYSTEM32\dhcpcsvc6.DLL
0x00007ff88bbb0000 - 0x00007ff88bbcc000 	C:\WINDOWS\SYSTEM32\dhcpcsvc.DLL
0x00007ff892330000 - 0x00007ff8923fb000 	C:\WINDOWS\SYSTEM32\DNSAPI.dll
0x00007ff88bea0000 - 0x00007ff88beae000 	C:\Users\grays\.jdks\corretto-17.0.8\bin\sunmscapi.dll
0x00007ff893e60000 - 0x00007ff893fa9000 	C:\WINDOWS\System32\CRYPT32.dll
0x00007ff892e00000 - 0x00007ff892e12000 	C:\WINDOWS\System32\MSASN1.dll
0x00007ff892860000 - 0x00007ff892886000 	C:\WINDOWS\SYSTEM32\ncrypt.dll
0x00007ff892820000 - 0x00007ff89285b000 	C:\WINDOWS\SYSTEM32\NTASN1.dll
0x00007ff880230000 - 0x00007ff880237000 	C:\WINDOWS\system32\wshunix.dll

dbghelp: loaded successfully - version: 4.0.5 - missing functions: none
symbol engine: initialized successfully - sym options: 0x614 - pdb path: .;C:\Users\grays\.jdks\corretto-17.0.8\bin;C:\WINDOWS\SYSTEM32;C:\WINDOWS\WinSxS\amd64_microsoft.windows.common-controls_6595b64144ccf1df_6.0.18362.1256_none_9e7e379be45e40e2;C:\Users\grays\.jdks\corretto-17.0.8\bin\server;C:\Users\grays\.gradle\native\68d5fa5c4cc2d200863cafc0d521ce42e7d3e7ee720ec0a83991735586a16f82\windows-amd64;C:\Users\grays\.gradle\native\e376f236ea51e6404a007f0833ffe2c6e607c4080706a723a18a27aeea778392\windows-amd64

VM Arguments:
jvm_args: --add-opens=java.base/java.util=ALL-UNNAMED --add-opens=java.base/java.lang=ALL-UNNAMED --add-opens=java.base/java.lang.invoke=ALL-UNNAMED --add-opens=java.prefs/java.util.prefs=ALL-UNNAMED --add-opens=java.base/java.nio.charset=ALL-UNNAMED --add-opens=java.base/java.net=ALL-UNNAMED --add-opens=java.base/java.util.concurrent.atomic=ALL-UNNAMED -XX:MaxMetaspaceSize=256m -XX:+HeapDumpOnOutOfMemoryError -Xms256m -Xmx512m -Dfile.encoding=windows-1252 -Duser.country=US -Duser.language=en -Duser.variant 
java_command: org.gradle.launcher.daemon.bootstrap.GradleDaemon 7.6.1
java_class_path (initial): C:\Users\grays\.gradle\wrapper\dists\gradle-7.6.1-bin\2clxi94ab3brv6467628wnxmd\gradle-7.6.1\lib\gradle-launcher-7.6.1.jar
Launcher Type: SUN_STANDARD

[Global flags]
     intx CICompilerCount                          = 4                                         {product} {ergonomic}
   size_t CompressedClassSpaceSize                 = 218103808                                 {product} {ergonomic}
     uint ConcGCThreads                            = 2                                         {product} {ergonomic}
     uint G1ConcRefinementThreads                  = 8                                         {product} {ergonomic}
   size_t G1HeapRegionSize                         = 1048576                                   {product} {ergonomic}
    uintx GCDrainStackTargetSize                   = 64                                        {product} {ergonomic}
     bool HeapDumpOnOutOfMemoryError               = true                                   {manageable} {command line}
   size_t InitialHeapSize                          = 268435456                                 {product} {command line}
   size_t MarkStackSize                            = 4194304                                   {product} {ergonomic}
   size_t MaxHeapSize                              = 536870912                                 {product} {command line}
   size_t MaxMetaspaceSize                         = 268435456                                 {product} {command line}
   size_t MaxNewSize                               = 321912832                                 {product} {ergonomic}
   size_t MinHeapDeltaBytes                        = 1048576                                   {product} {ergonomic}
   size_t MinHeapSize                              = 268435456                                 {product} {command line}
    uintx NonNMethodCodeHeapSize                   = 5839372                                {pd product} {ergonomic}
    uintx NonProfiledCodeHeapSize                  = 122909434                              {pd product} {ergonomic}
    uintx ProfiledCodeHeapSize                     = 122909434                              {pd product} {ergonomic}
    uintx ReservedCodeCacheSize                    = 251658240                              {pd product} {ergonomic}
     bool SegmentedCodeCache                       = true                                      {product} {ergonomic}
   size_t SoftMaxHeapSize                          = 536870912                              {manageable} {ergonomic}
     bool UseCompressedClassPointers               = true                           {product lp64_product} {ergonomic}
     bool UseCompressedOops                        = true                           {product lp64_product} {ergonomic}
     bool UseG1GC                                  = true                                      {product} {ergonomic}
     bool UseLargePagesIndividualAllocation        = false                                  {pd product} {ergonomic}

Logging:
Log output configuration:
 #0: stdout all=warning uptime,level,tags
 #1: stderr all=off uptime,level,tags

Environment Variables:
PATH=C:\Program Files (x86)\Common Files\Intel\Shared Libraries\redist\intel64\compiler;C:\Program Files (x86)\Common Files\Oracle\Java\javapath;C:\Program Files (x86)\Intel\iCLS Client\;C:\Program Files\Intel\iCLS Client\;C:\WINDOWS\system32;C:\WINDOWS;C:\WINDOWS\System32\Wbem;C:\WINDOWS\System32\WindowsPowerShell\v1.0\;C:\Program Files (x86)\Intel\Intel(R) Management Engine Components\DAL;C:\Program Files\Intel\Intel(R) Management Engine Components\DAL;C:\Program Files (x86)\Intel\Intel(R) Management Engine Components\IPT;C:\Program Files\Intel\Intel(R) Management Engine Components\IPT;C:\WINDOWS\System32\OpenSSH\;C:\Program Files\dotnet\;C:\Program Files\Microsoft SQL Server\130\Tools\Binn\;C:\Program Files\Intel\WiFi\bin\;C:\Program Files\Common Files\Intel\WirelessCommon\;C:\Program Files\Microsoft SQL Server\Client SDK\ODBC\170\Tools\Binn\;C:\Program Files (x86)\Microsoft SQL Server\150\Tools\Binn\;C:\Program Files\Microsoft SQL Server\150\Tools\Binn\;C:\Program Files\Microsoft SQL Server\150\DTS\Binn\;C:\Program Files (x86)\Microsoft SQL Server\150\DTS\Binn\;C:\Program Files\Git\cmd;C:\Program Files\nodejs\;C:\Users\grays\AppData\Local\Microsoft\WindowsApps;;C:\Users\grays\AppData\Local\Programs\Microsoft VS Code\bin;C:\Users\grays\AppData\Roaming\npm;C:\Program Files\JetBrains\IntelliJ IDEA Community Edition 2023.2\1\bin;
USERNAME=grays
OS=Windows_NT
PROCESSOR_IDENTIFIER=Intel64 Family 6 Model 142 Stepping 10, GenuineIntel
TMP=C:\Users\grays\AppData\Local\Temp
TEMP=C:\Users\grays\AppData\Local\Temp



---------------  S Y S T E M  ---------------

OS:
 Windows 10 , 64 bit Build 18362 (10.0.18362.1110)
OS uptime: 27 days 21:06 hours

CPU: total 8 (initial active 8) (4 cores per cpu, 2 threads per core) family 6 model 142 stepping 10 microcode 0x96, cx8, cmov, fxsr, ht, mmx, 3dnowpref, sse, sse2, sse3, ssse3, sse4.1, sse4.2, popcnt, lzcnt, tsc, tscinvbit, avx, avx2, aes, erms, clmul, bmi1, bmi2, adx, fma, vzeroupper, clflush, clflushopt
Processor Information for all 8 processors :
  Max Mhz: 1800, Current Mhz: 1600, Mhz Limit: 1584

Memory: 4k page, system-wide physical 8075M (678M free)
TotalPageFile size 32651M (AvailPageFile size 14M)
current process WorkingSet (physical memory assigned to process): 343M, peak: 350M
current process commit charge ("private bytes"): 488M, peak: 497M

vm_info: OpenJDK 64-Bit Server VM (17.0.8+7-LTS) for windows-amd64 JRE (17.0.8+7-LTS), built on Jul 10 2023 20:26:03 by "Administrator" with MS VC++ 15.9 (VS2017)

END.
