#
# There is insufficient memory for the Java Runtime Environment to continue.
# Native memory allocation (malloc) failed to allocate 1160176 bytes for Chunk::new
# Possible reasons:
#   The system is out of physical RAM or swap space
#   The process is running with CompressedOops enabled, and the Java Heap may be blocking the growth of the native heap
# Possible solutions:
#   Reduce memory load on the system
#   Increase physical memory or swap space
#   Check if swap backing store is full
#   Decrease Java heap size (-Xmx/-Xms)
#   Decrease number of Java threads
#   Decrease Java thread stack sizes (-Xss)
#   Set larger code cache with -XX:ReservedCodeCacheSize=
#   JVM is running with Unscaled Compressed Oops mode in which the Java heap is
#     placed in the first 4GB address space. The Java Heap base address is the
#     maximum limit for the native heap growth. Please use -XX:HeapBaseMinAddress
#     to set the Java Heap base and to place the Java Heap above 4GB virtual address.
# This output file may be truncated or incomplete.
#
#  Out of Memory Error (arena.cpp:189), pid=89672, tid=99016
#
# JRE version: OpenJDK Runtime Environment Corretto-17.0.8.7.1 (17.0.8+7) (build 17.0.8+7-LTS)
# Java VM: OpenJDK 64-Bit Server VM Corretto-17.0.8.7.1 (17.0.8+7-LTS, mixed mode, sharing, tiered, compressed oops, compressed class ptrs, g1 gc, windows-amd64)
# No core dump will be written. Minidumps are not enabled by default on client versions of Windows
#

---------------  S U M M A R Y ------------

Command Line: --add-opens=java.base/java.util=ALL-UNNAMED --add-opens=java.base/java.lang=ALL-UNNAMED --add-opens=java.base/java.lang.invoke=ALL-UNNAMED --add-opens=java.prefs/java.util.prefs=ALL-UNNAMED --add-opens=java.base/java.nio.charset=ALL-UNNAMED --add-opens=java.base/java.net=ALL-UNNAMED --add-opens=java.base/java.util.concurrent.atomic=ALL-UNNAMED -XX:MaxMetaspaceSize=256m -XX:+HeapDumpOnOutOfMemoryError -Xms256m -Xmx512m -Dfile.encoding=windows-1252 -Duser.country=US -Duser.language=en -Duser.variant org.gradle.launcher.daemon.bootstrap.GradleDaemon 7.6.1

Host: Intel(R) Core(TM) i5-8250U CPU @ 1.60GHz, 8 cores, 7G,  Windows 10 , 64 bit Build 18362 (10.0.18362.1110)
Time: Mon Oct  9 14:40:25 2023 Central Daylight Time elapsed time: 7.497553 seconds (0d 0h 0m 7s)

---------------  T H R E A D  ---------------

Current thread (0x000002ee60c56bb0):  JavaThread "C2 CompilerThread0" daemon [_thread_in_native, id=99016, stack(0x000000f992300000,0x000000f992400000)]


Current CompileTask:
C2:   7497 6624       4       com.sun.tools.javac.jvm.ClassReader::sigToType (893 bytes)

Stack: [0x000000f992300000,0x000000f992400000]
Native frames: (J=compiled Java code, j=interpreted, Vv=VM code, C=native code)
V  [jvm.dll+0x64c9da]
V  [jvm.dll+0x800834]
V  [jvm.dll+0x801fee]
V  [jvm.dll+0x802643]
V  [jvm.dll+0x23715b]
V  [jvm.dll+0xbd5ac]
V  [jvm.dll+0xbdb8c]
V  [jvm.dll+0x351872]
V  [jvm.dll+0x31be9f]
V  [jvm.dll+0x31b2da]
V  [jvm.dll+0x20b045]
V  [jvm.dll+0x20a5d7]
V  [jvm.dll+0x19a74d]
V  [jvm.dll+0x219b5d]
V  [jvm.dll+0x217cbb]
V  [jvm.dll+0x7b94bb]
V  [jvm.dll+0x7b392a]
V  [jvm.dll+0x64b845]
C  [ucrtbase.dll+0x210b2]
C  [KERNEL32.DLL+0x17c24]
C  [ntdll.dll+0x6d4d1]


---------------  P R O C E S S  ---------------

Threads class SMR info:
_java_thread_list=0x000002ee77eac540, length=40, elements={
0x000002ee460f8350, 0x000002ee60c3bfd0, 0x000002ee60c3cd60, 0x000002ee60c50360,
0x000002ee60c52d50, 0x000002ee60c55630, 0x000002ee60c55f00, 0x000002ee60c56bb0,
0x000002ee60c594d0, 0x000002ee60c5adf0, 0x000002ee730f6390, 0x000002ee731048c0,
0x000002ee7496f060, 0x000002ee7565eb40, 0x000002ee7501a080, 0x000002ee7501a560,
0x000002ee747fe570, 0x000002ee747fea80, 0x000002ee747ff4a0, 0x000002ee748003d0,
0x000002ee747ff9b0, 0x000002ee747fd130, 0x000002ee76a9d7d0, 0x000002ee76aa0a70,
0x000002ee76a9e1f0, 0x000002ee76aa0050, 0x000002ee76aa0560, 0x000002ee76aa23c0,
0x000002ee76a9f120, 0x000002ee76aa1eb0, 0x000002ee76a9f630, 0x000002ee76aa19a0,
0x000002ee76aa28d0, 0x000002ee76aa3d10, 0x000002ee73005bf0, 0x000002ee730047b0,
0x000002ee730000d0, 0x000002ee73001000, 0x000002ee732586c0, 0x000002ee78bbabf0
}

Java Threads: ( => current thread )
  0x000002ee460f8350 JavaThread "main" [_thread_blocked, id=109480, stack(0x000000f991600000,0x000000f991700000)]
  0x000002ee60c3bfd0 JavaThread "Reference Handler" daemon [_thread_blocked, id=108352, stack(0x000000f991d00000,0x000000f991e00000)]
  0x000002ee60c3cd60 JavaThread "Finalizer" daemon [_thread_blocked, id=100016, stack(0x000000f991e00000,0x000000f991f00000)]
  0x000002ee60c50360 JavaThread "Signal Dispatcher" daemon [_thread_blocked, id=20648, stack(0x000000f991f00000,0x000000f992000000)]
  0x000002ee60c52d50 JavaThread "Attach Listener" daemon [_thread_blocked, id=105192, stack(0x000000f992000000,0x000000f992100000)]
  0x000002ee60c55630 JavaThread "Service Thread" daemon [_thread_blocked, id=107264, stack(0x000000f992100000,0x000000f992200000)]
  0x000002ee60c55f00 JavaThread "Monitor Deflation Thread" daemon [_thread_blocked, id=13368, stack(0x000000f992200000,0x000000f992300000)]
=>0x000002ee60c56bb0 JavaThread "C2 CompilerThread0" daemon [_thread_in_native, id=99016, stack(0x000000f992300000,0x000000f992400000)]
  0x000002ee60c594d0 JavaThread "C1 CompilerThread0" daemon [_thread_in_native, id=98308, stack(0x000000f992400000,0x000000f992500000)]
  0x000002ee60c5adf0 JavaThread "Sweeper thread" daemon [_thread_blocked, id=18152, stack(0x000000f992500000,0x000000f992600000)]
  0x000002ee730f6390 JavaThread "Common-Cleaner" daemon [_thread_blocked, id=90888, stack(0x000000f992600000,0x000000f992700000)]
  0x000002ee731048c0 JavaThread "Notification Thread" daemon [_thread_blocked, id=108564, stack(0x000000f992700000,0x000000f992800000)]
  0x000002ee7496f060 JavaThread "Daemon health stats" [_thread_blocked, id=93924, stack(0x000000f993000000,0x000000f993100000)]
  0x000002ee7565eb40 JavaThread "Incoming local TCP Connector on port 61755" [_thread_in_native, id=104716, stack(0x000000f993100000,0x000000f993200000)]
  0x000002ee7501a080 JavaThread "Daemon periodic checks" [_thread_blocked, id=106500, stack(0x000000f993200000,0x000000f993300000)]
  0x000002ee7501a560 JavaThread "Daemon" [_thread_in_native, id=104048, stack(0x000000f993300000,0x000000f993400000)]
  0x000002ee747fe570 JavaThread "Daemon worker" [_thread_blocked, id=109448, stack(0x000000f993600000,0x000000f993700000)]
  0x000002ee747fea80 JavaThread "Cache worker for journal cache (C:\Users\grays\.gradle\caches\journal-1)" [_thread_blocked, id=6356, stack(0x000000f993a00000,0x000000f993b00000)]
  0x000002ee747ff4a0 JavaThread "File lock request listener" [_thread_in_native, id=102188, stack(0x000000f993b00000,0x000000f993c00000)]
  0x000002ee748003d0 JavaThread "Cache worker for file hash cache (C:\Users\grays\.gradle\caches\7.6.1\fileHashes)" [_thread_blocked, id=108804, stack(0x000000f993c00000,0x000000f993d00000)]
  0x000002ee747ff9b0 JavaThread "File watcher server" daemon [_thread_in_native, id=97708, stack(0x000000f993d00000,0x000000f993e00000)]
  0x000002ee747fd130 JavaThread "File watcher consumer" daemon [_thread_blocked, id=104752, stack(0x000000f993e00000,0x000000f993f00000)]
  0x000002ee76a9d7d0 JavaThread "Cache worker for file content cache (C:\Users\grays\.gradle\caches\7.6.1\fileContent)" [_thread_blocked, id=108844, stack(0x000000f994100000,0x000000f994200000)]
  0x000002ee76aa0a70 JavaThread "Cache worker for execution history cache (C:\Users\grays\.gradle\caches\7.6.1\executionHistory)" [_thread_blocked, id=101840, stack(0x000000f994700000,0x000000f994800000)]
  0x000002ee76a9e1f0 JavaThread "jar transforms" [_thread_blocked, id=110796, stack(0x000000f994800000,0x000000f994900000)]
  0x000002ee76aa0050 JavaThread "jar transforms Thread 2" [_thread_blocked, id=110804, stack(0x000000f994900000,0x000000f994a00000)]
  0x000002ee76aa0560 JavaThread "jar transforms Thread 3" [_thread_blocked, id=92168, stack(0x000000f994a00000,0x000000f994b00000)]
  0x000002ee76aa23c0 JavaThread "jar transforms Thread 4" [_thread_blocked, id=102536, stack(0x000000f994b00000,0x000000f994c00000)]
  0x000002ee76a9f120 JavaThread "jar transforms Thread 5" [_thread_blocked, id=99600, stack(0x000000f994c00000,0x000000f994d00000)]
  0x000002ee76aa1eb0 JavaThread "jar transforms Thread 6" [_thread_blocked, id=100080, stack(0x000000f994d00000,0x000000f994e00000)]
  0x000002ee76a9f630 JavaThread "jar transforms Thread 7" [_thread_blocked, id=99040, stack(0x000000f994e00000,0x000000f994f00000)]
  0x000002ee76aa19a0 JavaThread "jar transforms Thread 8" [_thread_blocked, id=22768, stack(0x000000f994f00000,0x000000f995000000)]
  0x000002ee76aa28d0 JavaThread "Memory manager" [_thread_blocked, id=111548, stack(0x000000f995200000,0x000000f995300000)]
  0x000002ee76aa3d10 JavaThread "included builds" [_thread_blocked, id=103888, stack(0x000000f995300000,0x000000f995400000)]
  0x000002ee73005bf0 JavaThread "Cache worker for Java compile cache (C:\Users\grays\.gradle\caches\7.6.1\javaCompile)" [_thread_blocked, id=109088, stack(0x000000f995e00000,0x000000f995f00000)]
  0x000002ee730047b0 JavaThread "Handler for socket connection from /127.0.0.1:61755 to /127.0.0.1:61757" [_thread_in_native, id=107480, stack(0x000000f993400000,0x000000f993500000)]
  0x000002ee730000d0 JavaThread "Cancel handler" [_thread_blocked, id=103684, stack(0x000000f992a00000,0x000000f992b00000)]
  0x000002ee73001000 JavaThread "included builds" [_thread_blocked, id=96524, stack(0x000000f995000000,0x000000f995100000)]
  0x000002ee732586c0 JavaThread "C2 CompilerThread1" daemon [_thread_in_native, id=111100, stack(0x000000f995d00000,0x000000f995e00000)]
  0x000002ee78bbabf0 JavaThread "C2 CompilerThread2" daemon [_thread_in_native, id=96564, stack(0x000000f995f00000,0x000000f996000000)]

Other Threads:
  0x000002ee60c37050 VMThread "VM Thread" [stack: 0x000000f991c00000,0x000000f991d00000] [id=108464]
  0x000002ee46132880 WatcherThread [stack: 0x000000f992800000,0x000000f992900000] [id=111168]
  0x000002ee46126bd0 GCTaskThread "GC Thread#0" [stack: 0x000000f991700000,0x000000f991800000] [id=103824]
  0x000002ee73ec66a0 GCTaskThread "GC Thread#1" [stack: 0x000000f992b00000,0x000000f992c00000] [id=7360]
  0x000002ee740a54a0 GCTaskThread "GC Thread#2" [stack: 0x000000f992c00000,0x000000f992d00000] [id=104168]
  0x000002ee740a5760 GCTaskThread "GC Thread#3" [stack: 0x000000f992d00000,0x000000f992e00000] [id=100252]
  0x000002ee740a5a20 GCTaskThread "GC Thread#4" [stack: 0x000000f992e00000,0x000000f992f00000] [id=108272]
  0x000002ee740a5ce0 GCTaskThread "GC Thread#5" [stack: 0x000000f992f00000,0x000000f993000000] [id=105804]
  0x000002ee73e97470 GCTaskThread "GC Thread#6" [stack: 0x000000f994400000,0x000000f994500000] [id=108476]
  0x000002ee73e97f70 GCTaskThread "GC Thread#7" [stack: 0x000000f994500000,0x000000f994600000] [id=101924]
  0x000002ee4612ba30 ConcurrentGCThread "G1 Main Marker" [stack: 0x000000f991800000,0x000000f991900000] [id=100904]
  0x000002ee4612c350 ConcurrentGCThread "G1 Conc#0" [stack: 0x000000f991900000,0x000000f991a00000] [id=105200]
  0x000002ee73e98d30 ConcurrentGCThread "G1 Conc#1" [stack: 0x000000f994600000,0x000000f994700000] [id=106932]
  0x000002ee60afa110 ConcurrentGCThread "G1 Refine#0" [stack: 0x000000f991a00000,0x000000f991b00000] [id=101388]
  0x000002ee7429e630 ConcurrentGCThread "G1 Refine#1" [stack: 0x000000f996000000,0x000000f996100000] [id=100644]
  0x000002ee60afa7f0 ConcurrentGCThread "G1 Service" [stack: 0x000000f991b00000,0x000000f991c00000] [id=101172]

Threads with active compile tasks:
C2 CompilerThread0     7523 6624       4       com.sun.tools.javac.jvm.ClassReader::sigToType (893 bytes)
C2 CompilerThread1     7523 6595       4       java.lang.String::split (327 bytes)
C2 CompilerThread2     7524 6623       4       com.sun.tools.javac.jvm.PoolReader::resolve (344 bytes)

VM state: not at safepoint (normal execution)

VM Mutex/Monitor currently owned by a thread: None

Heap address: 0x00000000e0000000, size: 512 MB, Compressed Oops mode: 32-bit

CDS archive(s) mapped at: [0x000002ee61000000-0x000002ee61bd0000-0x000002ee61bd0000), size 12386304, SharedBaseAddress: 0x000002ee61000000, ArchiveRelocationMode: 1.
Compressed class space mapped at: 0x000002ee62000000-0x000002ee6f000000, reserved size: 218103808
Narrow klass base: 0x000002ee61000000, Narrow klass shift: 0, Narrow klass range: 0x100000000

GC Precious Log:
 CPUs: 8 total, 8 available
 Memory: 8075M
 Large Page Support: Disabled
 NUMA Support: Disabled
 Compressed Oops: Enabled (32-bit)
 Heap Region Size: 1M
 Heap Min Capacity: 256M
 Heap Initial Capacity: 256M
 Heap Max Capacity: 512M
 Pre-touch: Disabled
 Parallel Workers: 8
 Concurrent Workers: 2
 Concurrent Refinement Workers: 8
 Periodic GC: Disabled

Heap:
 garbage-first heap   total 262144K, used 54565K [0x00000000e0000000, 0x0000000100000000)
  region size 1024K, 27 young (27648K), 14 survivors (14336K)
 Metaspace       used 56744K, committed 57344K, reserved 278528K
  class space    used 8029K, committed 8320K, reserved 212992K

Heap Regions: E=young(eden), S=young(survivor), O=old, HS=humongous(starts), HC=humongous(continues), CS=collection set, F=free, OA=open archive, CA=closed archive, TAMS=top-at-mark-start (previous, next)
|   0|0x00000000e0000000, 0x00000000e0100000, 0x00000000e0100000|100%|HS|  |TAMS 0x00000000e0100000, 0x00000000e0000000| Complete 
|   1|0x00000000e0100000, 0x00000000e0200000, 0x00000000e0200000|100%|HC|  |TAMS 0x00000000e0200000, 0x00000000e0100000| Complete 
|   2|0x00000000e0200000, 0x00000000e0300000, 0x00000000e0300000|100%|HC|  |TAMS 0x00000000e0300000, 0x00000000e0200000| Complete 
|   3|0x00000000e0300000, 0x00000000e0400000, 0x00000000e0400000|100%| O|  |TAMS 0x00000000e0400000, 0x00000000e0300000| Untracked 
|   4|0x00000000e0400000, 0x00000000e0500000, 0x00000000e0500000|100%| O|  |TAMS 0x00000000e0500000, 0x00000000e0400000| Untracked 
|   5|0x00000000e0500000, 0x00000000e0600000, 0x00000000e0600000|100%| O|  |TAMS 0x00000000e0600000, 0x00000000e0500000| Untracked 
|   6|0x00000000e0600000, 0x00000000e0700000, 0x00000000e0700000|100%| O|  |TAMS 0x00000000e0700000, 0x00000000e0600000| Untracked 
|   7|0x00000000e0700000, 0x00000000e0800000, 0x00000000e0800000|100%| O|  |TAMS 0x00000000e0800000, 0x00000000e0700000| Untracked 
|   8|0x00000000e0800000, 0x00000000e0800000, 0x00000000e0900000|  0%| F|  |TAMS 0x00000000e0800000, 0x00000000e0800000| Untracked 
|   9|0x00000000e0900000, 0x00000000e0a00000, 0x00000000e0a00000|100%| O|  |TAMS 0x00000000e0a00000, 0x00000000e0900000| Untracked 
|  10|0x00000000e0a00000, 0x00000000e0b00000, 0x00000000e0b00000|100%| O|  |TAMS 0x00000000e0b00000, 0x00000000e0a00000| Untracked 
|  11|0x00000000e0b00000, 0x00000000e0c00000, 0x00000000e0c00000|100%| O|  |TAMS 0x00000000e0c00000, 0x00000000e0b00000| Untracked 
|  12|0x00000000e0c00000, 0x00000000e0d00000, 0x00000000e0d00000|100%| O|  |TAMS 0x00000000e0d00000, 0x00000000e0c00000| Untracked 
|  13|0x00000000e0d00000, 0x00000000e0e00000, 0x00000000e0e00000|100%| O|  |TAMS 0x00000000e0e00000, 0x00000000e0d00000| Untracked 
|  14|0x00000000e0e00000, 0x00000000e0f00000, 0x00000000e0f00000|100%| O|  |TAMS 0x00000000e0f00000, 0x00000000e0e00000| Untracked 
|  15|0x00000000e0f00000, 0x00000000e1000000, 0x00000000e1000000|100%| O|  |TAMS 0x00000000e1000000, 0x00000000e0f00000| Untracked 
|  16|0x00000000e1000000, 0x00000000e1100000, 0x00000000e1100000|100%| O|  |TAMS 0x00000000e1100000, 0x00000000e1000000| Untracked 
|  17|0x00000000e1100000, 0x00000000e1200000, 0x00000000e1200000|100%| O|  |TAMS 0x00000000e1200000, 0x00000000e1100000| Untracked 
|  18|0x00000000e1200000, 0x00000000e1300000, 0x00000000e1300000|100%| O|  |TAMS 0x00000000e1300000, 0x00000000e1200000| Untracked 
|  19|0x00000000e1300000, 0x00000000e1400000, 0x00000000e1400000|100%| O|  |TAMS 0x00000000e1400000, 0x00000000e1300000| Untracked 
|  20|0x00000000e1400000, 0x00000000e1500000, 0x00000000e1500000|100%| O|  |TAMS 0x00000000e1500000, 0x00000000e1400000| Untracked 
|  21|0x00000000e1500000, 0x00000000e1600000, 0x00000000e1600000|100%| O|  |TAMS 0x00000000e1600000, 0x00000000e1500000| Untracked 
|  22|0x00000000e1600000, 0x00000000e1700000, 0x00000000e1700000|100%| O|  |TAMS 0x00000000e1700000, 0x00000000e1600000| Untracked 
|  23|0x00000000e1700000, 0x00000000e1800000, 0x00000000e1800000|100%| O|  |TAMS 0x00000000e1800000, 0x00000000e1700000| Untracked 
|  24|0x00000000e1800000, 0x00000000e1900000, 0x00000000e1900000|100%| O|  |TAMS 0x00000000e1900000, 0x00000000e1800000| Untracked 
|  25|0x00000000e1900000, 0x00000000e1a00000, 0x00000000e1a00000|100%| O|  |TAMS 0x00000000e1a00000, 0x00000000e1900000| Untracked 
|  26|0x00000000e1a00000, 0x00000000e1b00000, 0x00000000e1b00000|100%| O|  |TAMS 0x00000000e1b00000, 0x00000000e1a00000| Untracked 
|  27|0x00000000e1b00000, 0x00000000e1c00000, 0x00000000e1c00000|100%| O|  |TAMS 0x00000000e1c00000, 0x00000000e1b00000| Untracked 
|  28|0x00000000e1c00000, 0x00000000e1cdc200, 0x00000000e1d00000| 85%| O|  |TAMS 0x00000000e1cdc200, 0x00000000e1c00000| Untracked 
|  29|0x00000000e1d00000, 0x00000000e1d00000, 0x00000000e1e00000|  0%| F|  |TAMS 0x00000000e1d00000, 0x00000000e1d00000| Untracked 
|  30|0x00000000e1e00000, 0x00000000e1e00000, 0x00000000e1f00000|  0%| F|  |TAMS 0x00000000e1e00000, 0x00000000e1e00000| Untracked 
|  31|0x00000000e1f00000, 0x00000000e1f00000, 0x00000000e2000000|  0%| F|  |TAMS 0x00000000e1f00000, 0x00000000e1f00000| Untracked 
|  32|0x00000000e2000000, 0x00000000e2000000, 0x00000000e2100000|  0%| F|  |TAMS 0x00000000e2000000, 0x00000000e2000000| Untracked 
|  33|0x00000000e2100000, 0x00000000e2100000, 0x00000000e2200000|  0%| F|  |TAMS 0x00000000e2100000, 0x00000000e2100000| Untracked 
|  34|0x00000000e2200000, 0x00000000e2200000, 0x00000000e2300000|  0%| F|  |TAMS 0x00000000e2200000, 0x00000000e2200000| Untracked 
|  35|0x00000000e2300000, 0x00000000e2300000, 0x00000000e2400000|  0%| F|  |TAMS 0x00000000e2300000, 0x00000000e2300000| Untracked 
|  36|0x00000000e2400000, 0x00000000e2400000, 0x00000000e2500000|  0%| F|  |TAMS 0x00000000e2400000, 0x00000000e2400000| Untracked 
|  37|0x00000000e2500000, 0x00000000e2500000, 0x00000000e2600000|  0%| F|  |TAMS 0x00000000e2500000, 0x00000000e2500000| Untracked 
|  38|0x00000000e2600000, 0x00000000e2600000, 0x00000000e2700000|  0%| F|  |TAMS 0x00000000e2600000, 0x00000000e2600000| Untracked 
|  39|0x00000000e2700000, 0x00000000e2700000, 0x00000000e2800000|  0%| F|  |TAMS 0x00000000e2700000, 0x00000000e2700000| Untracked 
|  40|0x00000000e2800000, 0x00000000e2800000, 0x00000000e2900000|  0%| F|  |TAMS 0x00000000e2800000, 0x00000000e2800000| Untracked 
|  41|0x00000000e2900000, 0x00000000e2900000, 0x00000000e2a00000|  0%| F|  |TAMS 0x00000000e2900000, 0x00000000e2900000| Untracked 
|  42|0x00000000e2a00000, 0x00000000e2a00000, 0x00000000e2b00000|  0%| F|  |TAMS 0x00000000e2a00000, 0x00000000e2a00000| Untracked 
|  43|0x00000000e2b00000, 0x00000000e2b00000, 0x00000000e2c00000|  0%| F|  |TAMS 0x00000000e2b00000, 0x00000000e2b00000| Untracked 
|  44|0x00000000e2c00000, 0x00000000e2c00000, 0x00000000e2d00000|  0%| F|  |TAMS 0x00000000e2c00000, 0x00000000e2c00000| Untracked 
|  45|0x00000000e2d00000, 0x00000000e2d00000, 0x00000000e2e00000|  0%| F|  |TAMS 0x00000000e2d00000, 0x00000000e2d00000| Untracked 
|  46|0x00000000e2e00000, 0x00000000e2e00000, 0x00000000e2f00000|  0%| F|  |TAMS 0x00000000e2e00000, 0x00000000e2e00000| Untracked 
|  47|0x00000000e2f00000, 0x00000000e2f00000, 0x00000000e3000000|  0%| F|  |TAMS 0x00000000e2f00000, 0x00000000e2f00000| Untracked 
|  48|0x00000000e3000000, 0x00000000e3000000, 0x00000000e3100000|  0%| F|  |TAMS 0x00000000e3000000, 0x00000000e3000000| Untracked 
|  49|0x00000000e3100000, 0x00000000e3100000, 0x00000000e3200000|  0%| F|  |TAMS 0x00000000e3100000, 0x00000000e3100000| Untracked 
|  50|0x00000000e3200000, 0x00000000e3200000, 0x00000000e3300000|  0%| F|  |TAMS 0x00000000e3200000, 0x00000000e3200000| Untracked 
|  51|0x00000000e3300000, 0x00000000e3300000, 0x00000000e3400000|  0%| F|  |TAMS 0x00000000e3300000, 0x00000000e3300000| Untracked 
|  52|0x00000000e3400000, 0x00000000e3400000, 0x00000000e3500000|  0%| F|  |TAMS 0x00000000e3400000, 0x00000000e3400000| Untracked 
|  53|0x00000000e3500000, 0x00000000e3500000, 0x00000000e3600000|  0%| F|  |TAMS 0x00000000e3500000, 0x00000000e3500000| Untracked 
|  54|0x00000000e3600000, 0x00000000e3600000, 0x00000000e3700000|  0%| F|  |TAMS 0x00000000e3600000, 0x00000000e3600000| Untracked 
|  55|0x00000000e3700000, 0x00000000e3700000, 0x00000000e3800000|  0%| F|  |TAMS 0x00000000e3700000, 0x00000000e3700000| Untracked 
|  56|0x00000000e3800000, 0x00000000e3800000, 0x00000000e3900000|  0%| F|  |TAMS 0x00000000e3800000, 0x00000000e3800000| Untracked 
|  57|0x00000000e3900000, 0x00000000e3900000, 0x00000000e3a00000|  0%| F|  |TAMS 0x00000000e3900000, 0x00000000e3900000| Untracked 
|  58|0x00000000e3a00000, 0x00000000e3a00000, 0x00000000e3b00000|  0%| F|  |TAMS 0x00000000e3a00000, 0x00000000e3a00000| Untracked 
|  59|0x00000000e3b00000, 0x00000000e3b00000, 0x00000000e3c00000|  0%| F|  |TAMS 0x00000000e3b00000, 0x00000000e3b00000| Untracked 
|  60|0x00000000e3c00000, 0x00000000e3c00000, 0x00000000e3d00000|  0%| F|  |TAMS 0x00000000e3c00000, 0x00000000e3c00000| Untracked 
|  61|0x00000000e3d00000, 0x00000000e3d00000, 0x00000000e3e00000|  0%| F|  |TAMS 0x00000000e3d00000, 0x00000000e3d00000| Untracked 
|  62|0x00000000e3e00000, 0x00000000e3e00000, 0x00000000e3f00000|  0%| F|  |TAMS 0x00000000e3e00000, 0x00000000e3e00000| Untracked 
|  63|0x00000000e3f00000, 0x00000000e3f00000, 0x00000000e4000000|  0%| F|  |TAMS 0x00000000e3f00000, 0x00000000e3f00000| Untracked 
|  64|0x00000000e4000000, 0x00000000e4000000, 0x00000000e4100000|  0%| F|  |TAMS 0x00000000e4000000, 0x00000000e4000000| Untracked 
|  65|0x00000000e4100000, 0x00000000e4100000, 0x00000000e4200000|  0%| F|  |TAMS 0x00000000e4100000, 0x00000000e4100000| Untracked 
|  66|0x00000000e4200000, 0x00000000e4200000, 0x00000000e4300000|  0%| F|  |TAMS 0x00000000e4200000, 0x00000000e4200000| Untracked 
|  67|0x00000000e4300000, 0x00000000e4300000, 0x00000000e4400000|  0%| F|  |TAMS 0x00000000e4300000, 0x00000000e4300000| Untracked 
|  68|0x00000000e4400000, 0x00000000e4400000, 0x00000000e4500000|  0%| F|  |TAMS 0x00000000e4400000, 0x00000000e4400000| Untracked 
|  69|0x00000000e4500000, 0x00000000e4500000, 0x00000000e4600000|  0%| F|  |TAMS 0x00000000e4500000, 0x00000000e4500000| Untracked 
|  70|0x00000000e4600000, 0x00000000e4600000, 0x00000000e4700000|  0%| F|  |TAMS 0x00000000e4600000, 0x00000000e4600000| Untracked 
|  71|0x00000000e4700000, 0x00000000e4700000, 0x00000000e4800000|  0%| F|  |TAMS 0x00000000e4700000, 0x00000000e4700000| Untracked 
|  72|0x00000000e4800000, 0x00000000e4800000, 0x00000000e4900000|  0%| F|  |TAMS 0x00000000e4800000, 0x00000000e4800000| Untracked 
|  73|0x00000000e4900000, 0x00000000e4900000, 0x00000000e4a00000|  0%| F|  |TAMS 0x00000000e4900000, 0x00000000e4900000| Untracked 
|  74|0x00000000e4a00000, 0x00000000e4a00000, 0x00000000e4b00000|  0%| F|  |TAMS 0x00000000e4a00000, 0x00000000e4a00000| Untracked 
|  75|0x00000000e4b00000, 0x00000000e4b00000, 0x00000000e4c00000|  0%| F|  |TAMS 0x00000000e4b00000, 0x00000000e4b00000| Untracked 
|  76|0x00000000e4c00000, 0x00000000e4c00000, 0x00000000e4d00000|  0%| F|  |TAMS 0x00000000e4c00000, 0x00000000e4c00000| Untracked 
|  77|0x00000000e4d00000, 0x00000000e4d00000, 0x00000000e4e00000|  0%| F|  |TAMS 0x00000000e4d00000, 0x00000000e4d00000| Untracked 
|  78|0x00000000e4e00000, 0x00000000e4e00000, 0x00000000e4f00000|  0%| F|  |TAMS 0x00000000e4e00000, 0x00000000e4e00000| Untracked 
|  79|0x00000000e4f00000, 0x00000000e4f00000, 0x00000000e5000000|  0%| F|  |TAMS 0x00000000e4f00000, 0x00000000e4f00000| Untracked 
|  80|0x00000000e5000000, 0x00000000e5000000, 0x00000000e5100000|  0%| F|  |TAMS 0x00000000e5000000, 0x00000000e5000000| Untracked 
|  81|0x00000000e5100000, 0x00000000e5100000, 0x00000000e5200000|  0%| F|  |TAMS 0x00000000e5100000, 0x00000000e5100000| Untracked 
|  82|0x00000000e5200000, 0x00000000e5200000, 0x00000000e5300000|  0%| F|  |TAMS 0x00000000e5200000, 0x00000000e5200000| Untracked 
|  83|0x00000000e5300000, 0x00000000e5300000, 0x00000000e5400000|  0%| F|  |TAMS 0x00000000e5300000, 0x00000000e5300000| Untracked 
|  84|0x00000000e5400000, 0x00000000e5400000, 0x00000000e5500000|  0%| F|  |TAMS 0x00000000e5400000, 0x00000000e5400000| Untracked 
|  85|0x00000000e5500000, 0x00000000e5500000, 0x00000000e5600000|  0%| F|  |TAMS 0x00000000e5500000, 0x00000000e5500000| Untracked 
|  86|0x00000000e5600000, 0x00000000e5600000, 0x00000000e5700000|  0%| F|  |TAMS 0x00000000e5600000, 0x00000000e5600000| Untracked 
|  87|0x00000000e5700000, 0x00000000e5700000, 0x00000000e5800000|  0%| F|  |TAMS 0x00000000e5700000, 0x00000000e5700000| Untracked 
|  88|0x00000000e5800000, 0x00000000e5800000, 0x00000000e5900000|  0%| F|  |TAMS 0x00000000e5800000, 0x00000000e5800000| Untracked 
|  89|0x00000000e5900000, 0x00000000e596d360, 0x00000000e5a00000| 42%| S|CS|TAMS 0x00000000e5900000, 0x00000000e5900000| Complete 
|  90|0x00000000e5a00000, 0x00000000e5b00000, 0x00000000e5b00000|100%| S|CS|TAMS 0x00000000e5a00000, 0x00000000e5a00000| Complete 
|  91|0x00000000e5b00000, 0x00000000e5c00000, 0x00000000e5c00000|100%| S|CS|TAMS 0x00000000e5b00000, 0x00000000e5b00000| Complete 
|  92|0x00000000e5c00000, 0x00000000e5d00000, 0x00000000e5d00000|100%| S|CS|TAMS 0x00000000e5c00000, 0x00000000e5c00000| Complete 
|  93|0x00000000e5d00000, 0x00000000e5e00000, 0x00000000e5e00000|100%| S|CS|TAMS 0x00000000e5d00000, 0x00000000e5d00000| Complete 
|  94|0x00000000e5e00000, 0x00000000e5f00000, 0x00000000e5f00000|100%| S|CS|TAMS 0x00000000e5e00000, 0x00000000e5e00000| Complete 
|  95|0x00000000e5f00000, 0x00000000e6000000, 0x00000000e6000000|100%| S|CS|TAMS 0x00000000e5f00000, 0x00000000e5f00000| Complete 
|  96|0x00000000e6000000, 0x00000000e6100000, 0x00000000e6100000|100%| S|CS|TAMS 0x00000000e6000000, 0x00000000e6000000| Complete 
|  97|0x00000000e6100000, 0x00000000e6200000, 0x00000000e6200000|100%| S|CS|TAMS 0x00000000e6100000, 0x00000000e6100000| Complete 
|  98|0x00000000e6200000, 0x00000000e6300000, 0x00000000e6300000|100%| S|CS|TAMS 0x00000000e6200000, 0x00000000e6200000| Complete 
|  99|0x00000000e6300000, 0x00000000e6400000, 0x00000000e6400000|100%| S|CS|TAMS 0x00000000e6300000, 0x00000000e6300000| Complete 
| 100|0x00000000e6400000, 0x00000000e6500000, 0x00000000e6500000|100%| S|CS|TAMS 0x00000000e6400000, 0x00000000e6400000| Complete 
| 101|0x00000000e6500000, 0x00000000e6600000, 0x00000000e6600000|100%| S|CS|TAMS 0x00000000e6500000, 0x00000000e6500000| Complete 
| 102|0x00000000e6600000, 0x00000000e6700000, 0x00000000e6700000|100%| S|CS|TAMS 0x00000000e6600000, 0x00000000e6600000| Complete 
| 103|0x00000000e6700000, 0x00000000e6700000, 0x00000000e6800000|  0%| F|  |TAMS 0x00000000e6700000, 0x00000000e6700000| Untracked 
| 104|0x00000000e6800000, 0x00000000e6800000, 0x00000000e6900000|  0%| F|  |TAMS 0x00000000e6800000, 0x00000000e6800000| Untracked 
| 105|0x00000000e6900000, 0x00000000e6900000, 0x00000000e6a00000|  0%| F|  |TAMS 0x00000000e6900000, 0x00000000e6900000| Untracked 
| 106|0x00000000e6a00000, 0x00000000e6a00000, 0x00000000e6b00000|  0%| F|  |TAMS 0x00000000e6a00000, 0x00000000e6a00000| Untracked 
| 107|0x00000000e6b00000, 0x00000000e6b00000, 0x00000000e6c00000|  0%| F|  |TAMS 0x00000000e6b00000, 0x00000000e6b00000| Untracked 
| 108|0x00000000e6c00000, 0x00000000e6c00000, 0x00000000e6d00000|  0%| F|  |TAMS 0x00000000e6c00000, 0x00000000e6c00000| Untracked 
| 109|0x00000000e6d00000, 0x00000000e6d00000, 0x00000000e6e00000|  0%| F|  |TAMS 0x00000000e6d00000, 0x00000000e6d00000| Untracked 
| 110|0x00000000e6e00000, 0x00000000e6e00000, 0x00000000e6f00000|  0%| F|  |TAMS 0x00000000e6e00000, 0x00000000e6e00000| Untracked 
| 111|0x00000000e6f00000, 0x00000000e6f00000, 0x00000000e7000000|  0%| F|  |TAMS 0x00000000e6f00000, 0x00000000e6f00000| Untracked 
| 112|0x00000000e7000000, 0x00000000e7000000, 0x00000000e7100000|  0%| F|  |TAMS 0x00000000e7000000, 0x00000000e7000000| Untracked 
| 113|0x00000000e7100000, 0x00000000e7100000, 0x00000000e7200000|  0%| F|  |TAMS 0x00000000e7100000, 0x00000000e7100000| Untracked 
| 114|0x00000000e7200000, 0x00000000e7200000, 0x00000000e7300000|  0%| F|  |TAMS 0x00000000e7200000, 0x00000000e7200000| Untracked 
| 115|0x00000000e7300000, 0x00000000e7300000, 0x00000000e7400000|  0%| F|  |TAMS 0x00000000e7300000, 0x00000000e7300000| Untracked 
| 116|0x00000000e7400000, 0x00000000e7400000, 0x00000000e7500000|  0%| F|  |TAMS 0x00000000e7400000, 0x00000000e7400000| Untracked 
| 117|0x00000000e7500000, 0x00000000e7500000, 0x00000000e7600000|  0%| F|  |TAMS 0x00000000e7500000, 0x00000000e7500000| Untracked 
| 118|0x00000000e7600000, 0x00000000e7600000, 0x00000000e7700000|  0%| F|  |TAMS 0x00000000e7600000, 0x00000000e7600000| Untracked 
| 119|0x00000000e7700000, 0x00000000e7700000, 0x00000000e7800000|  0%| F|  |TAMS 0x00000000e7700000, 0x00000000e7700000| Untracked 
| 120|0x00000000e7800000, 0x00000000e7800000, 0x00000000e7900000|  0%| F|  |TAMS 0x00000000e7800000, 0x00000000e7800000| Untracked 
| 121|0x00000000e7900000, 0x00000000e7900000, 0x00000000e7a00000|  0%| F|  |TAMS 0x00000000e7900000, 0x00000000e7900000| Untracked 
| 122|0x00000000e7a00000, 0x00000000e7a00000, 0x00000000e7b00000|  0%| F|  |TAMS 0x00000000e7a00000, 0x00000000e7a00000| Untracked 
| 123|0x00000000e7b00000, 0x00000000e7b00000, 0x00000000e7c00000|  0%| F|  |TAMS 0x00000000e7b00000, 0x00000000e7b00000| Untracked 
| 124|0x00000000e7c00000, 0x00000000e7c00000, 0x00000000e7d00000|  0%| F|  |TAMS 0x00000000e7c00000, 0x00000000e7c00000| Untracked 
| 125|0x00000000e7d00000, 0x00000000e7d00000, 0x00000000e7e00000|  0%| F|  |TAMS 0x00000000e7d00000, 0x00000000e7d00000| Untracked 
| 126|0x00000000e7e00000, 0x00000000e7e00000, 0x00000000e7f00000|  0%| F|  |TAMS 0x00000000e7e00000, 0x00000000e7e00000| Untracked 
| 127|0x00000000e7f00000, 0x00000000e7f00000, 0x00000000e8000000|  0%| F|  |TAMS 0x00000000e7f00000, 0x00000000e7f00000| Untracked 
| 128|0x00000000e8000000, 0x00000000e8000000, 0x00000000e8100000|  0%| F|  |TAMS 0x00000000e8000000, 0x00000000e8000000| Untracked 
| 129|0x00000000e8100000, 0x00000000e8100000, 0x00000000e8200000|  0%| F|  |TAMS 0x00000000e8100000, 0x00000000e8100000| Untracked 
| 130|0x00000000e8200000, 0x00000000e8200000, 0x00000000e8300000|  0%| F|  |TAMS 0x00000000e8200000, 0x00000000e8200000| Untracked 
| 131|0x00000000e8300000, 0x00000000e8300000, 0x00000000e8400000|  0%| F|  |TAMS 0x00000000e8300000, 0x00000000e8300000| Untracked 
| 132|0x00000000e8400000, 0x00000000e8400000, 0x00000000e8500000|  0%| F|  |TAMS 0x00000000e8400000, 0x00000000e8400000| Untracked 
| 133|0x00000000e8500000, 0x00000000e8500000, 0x00000000e8600000|  0%| F|  |TAMS 0x00000000e8500000, 0x00000000e8500000| Untracked 
| 134|0x00000000e8600000, 0x00000000e8600000, 0x00000000e8700000|  0%| F|  |TAMS 0x00000000e8600000, 0x00000000e8600000| Untracked 
| 135|0x00000000e8700000, 0x00000000e8700000, 0x00000000e8800000|  0%| F|  |TAMS 0x00000000e8700000, 0x00000000e8700000| Untracked 
| 136|0x00000000e8800000, 0x00000000e8800000, 0x00000000e8900000|  0%| F|  |TAMS 0x00000000e8800000, 0x00000000e8800000| Untracked 
| 137|0x00000000e8900000, 0x00000000e8900000, 0x00000000e8a00000|  0%| F|  |TAMS 0x00000000e8900000, 0x00000000e8900000| Untracked 
| 138|0x00000000e8a00000, 0x00000000e8a00000, 0x00000000e8b00000|  0%| F|  |TAMS 0x00000000e8a00000, 0x00000000e8a00000| Untracked 
| 139|0x00000000e8b00000, 0x00000000e8b00000, 0x00000000e8c00000|  0%| F|  |TAMS 0x00000000e8b00000, 0x00000000e8b00000| Untracked 
| 140|0x00000000e8c00000, 0x00000000e8c00000, 0x00000000e8d00000|  0%| F|  |TAMS 0x00000000e8c00000, 0x00000000e8c00000| Untracked 
| 141|0x00000000e8d00000, 0x00000000e8d00000, 0x00000000e8e00000|  0%| F|  |TAMS 0x00000000e8d00000, 0x00000000e8d00000| Untracked 
| 142|0x00000000e8e00000, 0x00000000e8e00000, 0x00000000e8f00000|  0%| F|  |TAMS 0x00000000e8e00000, 0x00000000e8e00000| Untracked 
| 143|0x00000000e8f00000, 0x00000000e8f00000, 0x00000000e9000000|  0%| F|  |TAMS 0x00000000e8f00000, 0x00000000e8f00000| Untracked 
| 144|0x00000000e9000000, 0x00000000e9000000, 0x00000000e9100000|  0%| F|  |TAMS 0x00000000e9000000, 0x00000000e9000000| Untracked 
| 145|0x00000000e9100000, 0x00000000e9100000, 0x00000000e9200000|  0%| F|  |TAMS 0x00000000e9100000, 0x00000000e9100000| Untracked 
| 146|0x00000000e9200000, 0x00000000e9200000, 0x00000000e9300000|  0%| F|  |TAMS 0x00000000e9200000, 0x00000000e9200000| Untracked 
| 147|0x00000000e9300000, 0x00000000e9300000, 0x00000000e9400000|  0%| F|  |TAMS 0x00000000e9300000, 0x00000000e9300000| Untracked 
| 148|0x00000000e9400000, 0x00000000e9400000, 0x00000000e9500000|  0%| F|  |TAMS 0x00000000e9400000, 0x00000000e9400000| Untracked 
| 149|0x00000000e9500000, 0x00000000e9500000, 0x00000000e9600000|  0%| F|  |TAMS 0x00000000e9500000, 0x00000000e9500000| Untracked 
| 150|0x00000000e9600000, 0x00000000e9600000, 0x00000000e9700000|  0%| F|  |TAMS 0x00000000e9600000, 0x00000000e9600000| Untracked 
| 151|0x00000000e9700000, 0x00000000e9700000, 0x00000000e9800000|  0%| F|  |TAMS 0x00000000e9700000, 0x00000000e9700000| Untracked 
| 152|0x00000000e9800000, 0x00000000e9800000, 0x00000000e9900000|  0%| F|  |TAMS 0x00000000e9800000, 0x00000000e9800000| Untracked 
| 153|0x00000000e9900000, 0x00000000e9900000, 0x00000000e9a00000|  0%| F|  |TAMS 0x00000000e9900000, 0x00000000e9900000| Untracked 
| 154|0x00000000e9a00000, 0x00000000e9a00000, 0x00000000e9b00000|  0%| F|  |TAMS 0x00000000e9a00000, 0x00000000e9a00000| Untracked 
| 155|0x00000000e9b00000, 0x00000000e9b00000, 0x00000000e9c00000|  0%| F|  |TAMS 0x00000000e9b00000, 0x00000000e9b00000| Untracked 
| 156|0x00000000e9c00000, 0x00000000e9c00000, 0x00000000e9d00000|  0%| F|  |TAMS 0x00000000e9c00000, 0x00000000e9c00000| Untracked 
| 157|0x00000000e9d00000, 0x00000000e9d00000, 0x00000000e9e00000|  0%| F|  |TAMS 0x00000000e9d00000, 0x00000000e9d00000| Untracked 
| 158|0x00000000e9e00000, 0x00000000e9e00000, 0x00000000e9f00000|  0%| F|  |TAMS 0x00000000e9e00000, 0x00000000e9e00000| Untracked 
| 159|0x00000000e9f00000, 0x00000000e9f00000, 0x00000000ea000000|  0%| F|  |TAMS 0x00000000e9f00000, 0x00000000e9f00000| Untracked 
| 160|0x00000000ea000000, 0x00000000ea000000, 0x00000000ea100000|  0%| F|  |TAMS 0x00000000ea000000, 0x00000000ea000000| Untracked 
| 161|0x00000000ea100000, 0x00000000ea100000, 0x00000000ea200000|  0%| F|  |TAMS 0x00000000ea100000, 0x00000000ea100000| Untracked 
| 162|0x00000000ea200000, 0x00000000ea200000, 0x00000000ea300000|  0%| F|  |TAMS 0x00000000ea200000, 0x00000000ea200000| Untracked 
| 163|0x00000000ea300000, 0x00000000ea300000, 0x00000000ea400000|  0%| F|  |TAMS 0x00000000ea300000, 0x00000000ea300000| Untracked 
| 164|0x00000000ea400000, 0x00000000ea400000, 0x00000000ea500000|  0%| F|  |TAMS 0x00000000ea400000, 0x00000000ea400000| Untracked 
| 165|0x00000000ea500000, 0x00000000ea500000, 0x00000000ea600000|  0%| F|  |TAMS 0x00000000ea500000, 0x00000000ea500000| Untracked 
| 166|0x00000000ea600000, 0x00000000ea600000, 0x00000000ea700000|  0%| F|  |TAMS 0x00000000ea600000, 0x00000000ea600000| Untracked 
| 167|0x00000000ea700000, 0x00000000ea700000, 0x00000000ea800000|  0%| F|  |TAMS 0x00000000ea700000, 0x00000000ea700000| Untracked 
| 168|0x00000000ea800000, 0x00000000ea800000, 0x00000000ea900000|  0%| F|  |TAMS 0x00000000ea800000, 0x00000000ea800000| Untracked 
| 169|0x00000000ea900000, 0x00000000ea900000, 0x00000000eaa00000|  0%| F|  |TAMS 0x00000000ea900000, 0x00000000ea900000| Untracked 
| 170|0x00000000eaa00000, 0x00000000eaa00000, 0x00000000eab00000|  0%| F|  |TAMS 0x00000000eaa00000, 0x00000000eaa00000| Untracked 
| 171|0x00000000eab00000, 0x00000000eab00000, 0x00000000eac00000|  0%| F|  |TAMS 0x00000000eab00000, 0x00000000eab00000| Untracked 
| 172|0x00000000eac00000, 0x00000000eac00000, 0x00000000ead00000|  0%| F|  |TAMS 0x00000000eac00000, 0x00000000eac00000| Untracked 
| 173|0x00000000ead00000, 0x00000000ead00000, 0x00000000eae00000|  0%| F|  |TAMS 0x00000000ead00000, 0x00000000ead00000| Untracked 
| 174|0x00000000eae00000, 0x00000000eae00000, 0x00000000eaf00000|  0%| F|  |TAMS 0x00000000eae00000, 0x00000000eae00000| Untracked 
| 175|0x00000000eaf00000, 0x00000000eaf00000, 0x00000000eb000000|  0%| F|  |TAMS 0x00000000eaf00000, 0x00000000eaf00000| Untracked 
| 176|0x00000000eb000000, 0x00000000eb000000, 0x00000000eb100000|  0%| F|  |TAMS 0x00000000eb000000, 0x00000000eb000000| Untracked 
| 177|0x00000000eb100000, 0x00000000eb100000, 0x00000000eb200000|  0%| F|  |TAMS 0x00000000eb100000, 0x00000000eb100000| Untracked 
| 178|0x00000000eb200000, 0x00000000eb200000, 0x00000000eb300000|  0%| F|  |TAMS 0x00000000eb200000, 0x00000000eb200000| Untracked 
| 179|0x00000000eb300000, 0x00000000eb300000, 0x00000000eb400000|  0%| F|  |TAMS 0x00000000eb300000, 0x00000000eb300000| Untracked 
| 180|0x00000000eb400000, 0x00000000eb400000, 0x00000000eb500000|  0%| F|  |TAMS 0x00000000eb400000, 0x00000000eb400000| Untracked 
| 181|0x00000000eb500000, 0x00000000eb500000, 0x00000000eb600000|  0%| F|  |TAMS 0x00000000eb500000, 0x00000000eb500000| Untracked 
| 182|0x00000000eb600000, 0x00000000eb600000, 0x00000000eb700000|  0%| F|  |TAMS 0x00000000eb600000, 0x00000000eb600000| Untracked 
| 183|0x00000000eb700000, 0x00000000eb700000, 0x00000000eb800000|  0%| F|  |TAMS 0x00000000eb700000, 0x00000000eb700000| Untracked 
| 184|0x00000000eb800000, 0x00000000eb800000, 0x00000000eb900000|  0%| F|  |TAMS 0x00000000eb800000, 0x00000000eb800000| Untracked 
| 185|0x00000000eb900000, 0x00000000eb900000, 0x00000000eba00000|  0%| F|  |TAMS 0x00000000eb900000, 0x00000000eb900000| Untracked 
| 186|0x00000000eba00000, 0x00000000eba00000, 0x00000000ebb00000|  0%| F|  |TAMS 0x00000000eba00000, 0x00000000eba00000| Untracked 
| 187|0x00000000ebb00000, 0x00000000ebb00000, 0x00000000ebc00000|  0%| F|  |TAMS 0x00000000ebb00000, 0x00000000ebb00000| Untracked 
| 188|0x00000000ebc00000, 0x00000000ebc00000, 0x00000000ebd00000|  0%| F|  |TAMS 0x00000000ebc00000, 0x00000000ebc00000| Untracked 
| 189|0x00000000ebd00000, 0x00000000ebd00000, 0x00000000ebe00000|  0%| F|  |TAMS 0x00000000ebd00000, 0x00000000ebd00000| Untracked 
| 190|0x00000000ebe00000, 0x00000000ebe00000, 0x00000000ebf00000|  0%| F|  |TAMS 0x00000000ebe00000, 0x00000000ebe00000| Untracked 
| 191|0x00000000ebf00000, 0x00000000ebf00000, 0x00000000ec000000|  0%| F|  |TAMS 0x00000000ebf00000, 0x00000000ebf00000| Untracked 
| 192|0x00000000ec000000, 0x00000000ec000000, 0x00000000ec100000|  0%| F|  |TAMS 0x00000000ec000000, 0x00000000ec000000| Untracked 
| 193|0x00000000ec100000, 0x00000000ec100000, 0x00000000ec200000|  0%| F|  |TAMS 0x00000000ec100000, 0x00000000ec100000| Untracked 
| 194|0x00000000ec200000, 0x00000000ec200000, 0x00000000ec300000|  0%| F|  |TAMS 0x00000000ec200000, 0x00000000ec200000| Untracked 
| 195|0x00000000ec300000, 0x00000000ec300000, 0x00000000ec400000|  0%| F|  |TAMS 0x00000000ec300000, 0x00000000ec300000| Untracked 
| 196|0x00000000ec400000, 0x00000000ec400000, 0x00000000ec500000|  0%| F|  |TAMS 0x00000000ec400000, 0x00000000ec400000| Untracked 
| 197|0x00000000ec500000, 0x00000000ec500000, 0x00000000ec600000|  0%| F|  |TAMS 0x00000000ec500000, 0x00000000ec500000| Untracked 
| 198|0x00000000ec600000, 0x00000000ec600000, 0x00000000ec700000|  0%| F|  |TAMS 0x00000000ec600000, 0x00000000ec600000| Untracked 
| 199|0x00000000ec700000, 0x00000000ec700000, 0x00000000ec800000|  0%| F|  |TAMS 0x00000000ec700000, 0x00000000ec700000| Untracked 
| 200|0x00000000ec800000, 0x00000000ec800000, 0x00000000ec900000|  0%| F|  |TAMS 0x00000000ec800000, 0x00000000ec800000| Untracked 
| 201|0x00000000ec900000, 0x00000000ec900000, 0x00000000eca00000|  0%| F|  |TAMS 0x00000000ec900000, 0x00000000ec900000| Untracked 
| 202|0x00000000eca00000, 0x00000000eca00000, 0x00000000ecb00000|  0%| F|  |TAMS 0x00000000eca00000, 0x00000000eca00000| Untracked 
| 203|0x00000000ecb00000, 0x00000000ecb00000, 0x00000000ecc00000|  0%| F|  |TAMS 0x00000000ecb00000, 0x00000000ecb00000| Untracked 
| 204|0x00000000ecc00000, 0x00000000ecc00000, 0x00000000ecd00000|  0%| F|  |TAMS 0x00000000ecc00000, 0x00000000ecc00000| Untracked 
| 205|0x00000000ecd00000, 0x00000000ecd00000, 0x00000000ece00000|  0%| F|  |TAMS 0x00000000ecd00000, 0x00000000ecd00000| Untracked 
| 206|0x00000000ece00000, 0x00000000ece00000, 0x00000000ecf00000|  0%| F|  |TAMS 0x00000000ece00000, 0x00000000ece00000| Untracked 
| 207|0x00000000ecf00000, 0x00000000ecf00000, 0x00000000ed000000|  0%| F|  |TAMS 0x00000000ecf00000, 0x00000000ecf00000| Untracked 
| 208|0x00000000ed000000, 0x00000000ed000000, 0x00000000ed100000|  0%| F|  |TAMS 0x00000000ed000000, 0x00000000ed000000| Untracked 
| 209|0x00000000ed100000, 0x00000000ed100000, 0x00000000ed200000|  0%| F|  |TAMS 0x00000000ed100000, 0x00000000ed100000| Untracked 
| 210|0x00000000ed200000, 0x00000000ed200000, 0x00000000ed300000|  0%| F|  |TAMS 0x00000000ed200000, 0x00000000ed200000| Untracked 
| 211|0x00000000ed300000, 0x00000000ed300000, 0x00000000ed400000|  0%| F|  |TAMS 0x00000000ed300000, 0x00000000ed300000| Untracked 
| 212|0x00000000ed400000, 0x00000000ed400000, 0x00000000ed500000|  0%| F|  |TAMS 0x00000000ed400000, 0x00000000ed400000| Untracked 
| 213|0x00000000ed500000, 0x00000000ed500000, 0x00000000ed600000|  0%| F|  |TAMS 0x00000000ed500000, 0x00000000ed500000| Untracked 
| 214|0x00000000ed600000, 0x00000000ed600000, 0x00000000ed700000|  0%| F|  |TAMS 0x00000000ed600000, 0x00000000ed600000| Untracked 
| 215|0x00000000ed700000, 0x00000000ed700000, 0x00000000ed800000|  0%| F|  |TAMS 0x00000000ed700000, 0x00000000ed700000| Untracked 
| 216|0x00000000ed800000, 0x00000000ed800000, 0x00000000ed900000|  0%| F|  |TAMS 0x00000000ed800000, 0x00000000ed800000| Untracked 
| 217|0x00000000ed900000, 0x00000000ed900000, 0x00000000eda00000|  0%| F|  |TAMS 0x00000000ed900000, 0x00000000ed900000| Untracked 
| 218|0x00000000eda00000, 0x00000000eda00000, 0x00000000edb00000|  0%| F|  |TAMS 0x00000000eda00000, 0x00000000eda00000| Untracked 
| 219|0x00000000edb00000, 0x00000000edb00000, 0x00000000edc00000|  0%| F|  |TAMS 0x00000000edb00000, 0x00000000edb00000| Untracked 
| 220|0x00000000edc00000, 0x00000000edc00000, 0x00000000edd00000|  0%| F|  |TAMS 0x00000000edc00000, 0x00000000edc00000| Untracked 
| 221|0x00000000edd00000, 0x00000000edd00000, 0x00000000ede00000|  0%| F|  |TAMS 0x00000000edd00000, 0x00000000edd00000| Untracked 
| 222|0x00000000ede00000, 0x00000000ede00000, 0x00000000edf00000|  0%| F|  |TAMS 0x00000000ede00000, 0x00000000ede00000| Untracked 
| 223|0x00000000edf00000, 0x00000000edf00000, 0x00000000ee000000|  0%| F|  |TAMS 0x00000000edf00000, 0x00000000edf00000| Untracked 
| 224|0x00000000ee000000, 0x00000000ee000000, 0x00000000ee100000|  0%| F|  |TAMS 0x00000000ee000000, 0x00000000ee000000| Untracked 
| 225|0x00000000ee100000, 0x00000000ee100000, 0x00000000ee200000|  0%| F|  |TAMS 0x00000000ee100000, 0x00000000ee100000| Untracked 
| 226|0x00000000ee200000, 0x00000000ee200000, 0x00000000ee300000|  0%| F|  |TAMS 0x00000000ee200000, 0x00000000ee200000| Untracked 
| 227|0x00000000ee300000, 0x00000000ee300000, 0x00000000ee400000|  0%| F|  |TAMS 0x00000000ee300000, 0x00000000ee300000| Untracked 
| 228|0x00000000ee400000, 0x00000000ee400000, 0x00000000ee500000|  0%| F|  |TAMS 0x00000000ee400000, 0x00000000ee400000| Untracked 
| 229|0x00000000ee500000, 0x00000000ee500000, 0x00000000ee600000|  0%| F|  |TAMS 0x00000000ee500000, 0x00000000ee500000| Untracked 
| 230|0x00000000ee600000, 0x00000000ee600000, 0x00000000ee700000|  0%| F|  |TAMS 0x00000000ee600000, 0x00000000ee600000| Untracked 
| 231|0x00000000ee700000, 0x00000000ee700000, 0x00000000ee800000|  0%| F|  |TAMS 0x00000000ee700000, 0x00000000ee700000| Untracked 
| 232|0x00000000ee800000, 0x00000000ee800000, 0x00000000ee900000|  0%| F|  |TAMS 0x00000000ee800000, 0x00000000ee800000| Untracked 
| 233|0x00000000ee900000, 0x00000000ee900000, 0x00000000eea00000|  0%| F|  |TAMS 0x00000000ee900000, 0x00000000ee900000| Untracked 
| 234|0x00000000eea00000, 0x00000000eea00000, 0x00000000eeb00000|  0%| F|  |TAMS 0x00000000eea00000, 0x00000000eea00000| Untracked 
| 235|0x00000000eeb00000, 0x00000000eeb00000, 0x00000000eec00000|  0%| F|  |TAMS 0x00000000eeb00000, 0x00000000eeb00000| Untracked 
| 236|0x00000000eec00000, 0x00000000eec00000, 0x00000000eed00000|  0%| F|  |TAMS 0x00000000eec00000, 0x00000000eec00000| Untracked 
| 237|0x00000000eed00000, 0x00000000eed00000, 0x00000000eee00000|  0%| F|  |TAMS 0x00000000eed00000, 0x00000000eed00000| Untracked 
| 238|0x00000000eee00000, 0x00000000eee00000, 0x00000000eef00000|  0%| F|  |TAMS 0x00000000eee00000, 0x00000000eee00000| Untracked 
| 239|0x00000000eef00000, 0x00000000eef00000, 0x00000000ef000000|  0%| F|  |TAMS 0x00000000eef00000, 0x00000000eef00000| Untracked 
| 240|0x00000000ef000000, 0x00000000ef000000, 0x00000000ef100000|  0%| F|  |TAMS 0x00000000ef000000, 0x00000000ef000000| Untracked 
| 241|0x00000000ef100000, 0x00000000ef100000, 0x00000000ef200000|  0%| F|  |TAMS 0x00000000ef100000, 0x00000000ef100000| Untracked 
| 242|0x00000000ef200000, 0x00000000ef200000, 0x00000000ef300000|  0%| F|  |TAMS 0x00000000ef200000, 0x00000000ef200000| Untracked 
| 243|0x00000000ef300000, 0x00000000ef400000, 0x00000000ef400000|100%| E|  |TAMS 0x00000000ef300000, 0x00000000ef300000| Complete 
| 244|0x00000000ef400000, 0x00000000ef500000, 0x00000000ef500000|100%| E|CS|TAMS 0x00000000ef400000, 0x00000000ef400000| Complete 
| 245|0x00000000ef500000, 0x00000000ef600000, 0x00000000ef600000|100%| E|CS|TAMS 0x00000000ef500000, 0x00000000ef500000| Complete 
| 246|0x00000000ef600000, 0x00000000ef700000, 0x00000000ef700000|100%| E|CS|TAMS 0x00000000ef600000, 0x00000000ef600000| Complete 
| 247|0x00000000ef700000, 0x00000000ef800000, 0x00000000ef800000|100%| E|CS|TAMS 0x00000000ef700000, 0x00000000ef700000| Complete 
| 248|0x00000000ef800000, 0x00000000ef900000, 0x00000000ef900000|100%| E|CS|TAMS 0x00000000ef800000, 0x00000000ef800000| Complete 
| 249|0x00000000ef900000, 0x00000000efa00000, 0x00000000efa00000|100%| E|CS|TAMS 0x00000000ef900000, 0x00000000ef900000| Complete 
| 250|0x00000000efa00000, 0x00000000efb00000, 0x00000000efb00000|100%| E|CS|TAMS 0x00000000efa00000, 0x00000000efa00000| Complete 
| 251|0x00000000efb00000, 0x00000000efc00000, 0x00000000efc00000|100%| E|CS|TAMS 0x00000000efb00000, 0x00000000efb00000| Complete 
| 252|0x00000000efc00000, 0x00000000efd00000, 0x00000000efd00000|100%| E|CS|TAMS 0x00000000efc00000, 0x00000000efc00000| Complete 
| 253|0x00000000efd00000, 0x00000000efe00000, 0x00000000efe00000|100%| E|CS|TAMS 0x00000000efd00000, 0x00000000efd00000| Complete 
| 254|0x00000000efe00000, 0x00000000eff00000, 0x00000000eff00000|100%| E|CS|TAMS 0x00000000efe00000, 0x00000000efe00000| Complete 
| 255|0x00000000eff00000, 0x00000000f0000000, 0x00000000f0000000|100%| E|CS|TAMS 0x00000000eff00000, 0x00000000eff00000| Complete 

Card table byte_map: [0x000002ee5d020000,0x000002ee5d120000] _byte_map_base: 0x000002ee5c920000

Marking Bits (Prev, Next): (CMBitMap*) 0x000002ee46127100, (CMBitMap*) 0x000002ee46127140
 Prev Bits: [0x000002ee5d220000, 0x000002ee5da20000)
 Next Bits: [0x000002ee5da20000, 0x000002ee5e220000)

Polling page: 0x000002ee440a0000

Metaspace:

Usage:
  Non-class:     47.57 MB used.
      Class:      7.84 MB used.
       Both:     55.41 MB used.

Virtual space:
  Non-class space:       64.00 MB reserved,      47.88 MB ( 75%) committed,  1 nodes.
      Class space:      208.00 MB reserved,       8.13 MB (  4%) committed,  1 nodes.
             Both:      272.00 MB reserved,      56.00 MB ( 21%) committed. 

Chunk freelists:
   Non-Class:  15.66 MB
       Class:  7.84 MB
        Both:  23.50 MB

MaxMetaspaceSize: 256.00 MB
CompressedClassSpaceSize: 208.00 MB
Initial GC threshold: 21.00 MB
Current GC threshold: 59.31 MB
CDS: on
MetaspaceReclaimPolicy: balanced
 - commit_granule_bytes: 65536.
 - commit_granule_words: 8192.
 - virtual_space_node_default_size: 8388608.
 - enlarge_chunks_in_place: 1.
 - new_chunks_are_fully_committed: 0.
 - uncommit_free_chunks: 1.
 - use_allocation_guard: 0.
 - handle_deallocations: 1.


Internal statistics:

num_allocs_failed_limit: 9.
num_arena_births: 730.
num_arena_deaths: 0.
num_vsnodes_births: 2.
num_vsnodes_deaths: 0.
num_space_committed: 896.
num_space_uncommitted: 0.
num_chunks_returned_to_freelist: 9.
num_chunks_taken_from_freelist: 3027.
num_chunk_merges: 9.
num_chunk_splits: 1962.
num_chunks_enlarged: 1268.
num_inconsistent_stats: 0.

CodeHeap 'non-profiled nmethods': size=120000Kb used=3253Kb max_used=3253Kb free=116746Kb
 bounds [0x000002ee556c0000, 0x000002ee559f0000, 0x000002ee5cbf0000]
CodeHeap 'profiled nmethods': size=120000Kb used=12094Kb max_used=12094Kb free=107905Kb
 bounds [0x000002ee4dbf0000, 0x000002ee4e7d0000, 0x000002ee55120000]
CodeHeap 'non-nmethods': size=5760Kb used=2340Kb max_used=2431Kb free=3419Kb
 bounds [0x000002ee55120000, 0x000002ee553a0000, 0x000002ee556c0000]
 total_blobs=6804 nmethods=5942 adapters=774
 compilation: enabled
              stopped_count=0, restarted_count=0
 full_count=0

Compilation events (20 events):
Event: 7.484 Thread 0x000002ee60c594d0 6693       3       java.util.AbstractList$ListItr::<init> (16 bytes)
Event: 7.484 Thread 0x000002ee60c594d0 nmethod 6693 0x000002ee4e7b3a10 code [0x000002ee4e7b3bc0, 0x000002ee4e7b3e58]
Event: 7.484 Thread 0x000002ee60c594d0 6694       3       java.util.concurrent.CopyOnWriteArrayList::indexOf (14 bytes)
Event: 7.484 Thread 0x000002ee60c594d0 nmethod 6694 0x000002ee4e7b3f90 code [0x000002ee4e7b4140, 0x000002ee4e7b42a8]
Event: 7.484 Thread 0x000002ee60c594d0 6696       3       java.util.Collections$EmptyList::listIterator (4 bytes)
Event: 7.485 Thread 0x000002ee60c594d0 nmethod 6696 0x000002ee4e7b4390 code [0x000002ee4e7b4520, 0x000002ee4e7b4698]
Event: 7.485 Thread 0x000002ee60c594d0 6697       3       java.util.Collections::emptyListIterator (4 bytes)
Event: 7.485 Thread 0x000002ee60c594d0 nmethod 6697 0x000002ee4dea1890 code [0x000002ee4dea1a20, 0x000002ee4dea1b18]
Event: 7.485 Thread 0x000002ee60c594d0 6698   !   3       org.gradle.internal.serialize.ExceptionReplacingObjectOutputStream$1::transform (15 bytes)
Event: 7.486 Thread 0x000002ee60c594d0 nmethod 6698 0x000002ee4e7b4790 code [0x000002ee4e7b49a0, 0x000002ee4e7b5158]
Event: 7.486 Thread 0x000002ee60c594d0 6699       3       org.gradle.internal.serialize.ExceptionReplacingObjectOutputStream::doReplaceObject (25 bytes)
Event: 7.486 Thread 0x000002ee60c594d0 nmethod 6699 0x000002ee4e7b5410 code [0x000002ee4e7b55e0, 0x000002ee4e7b5be8]
Event: 7.486 Thread 0x000002ee60c594d0 6701       3       java.util.concurrent.ThreadPoolExecutor::workerCountOf (5 bytes)
Event: 7.486 Thread 0x000002ee60c594d0 nmethod 6701 0x000002ee4deb5910 code [0x000002ee4deb5aa0, 0x000002ee4deb5b98]
Event: 7.487 Thread 0x000002ee60c594d0 6702       3       java.util.concurrent.locks.ReentrantLock::newCondition (8 bytes)
Event: 7.487 Thread 0x000002ee60c594d0 nmethod 6702 0x000002ee4e7b5d90 code [0x000002ee4e7b5f40, 0x000002ee4e7b6238]
Event: 7.487 Thread 0x000002ee60c594d0 6703       3       java.util.concurrent.locks.ReentrantLock$Sync::newCondition (9 bytes)
Event: 7.487 Thread 0x000002ee60c594d0 nmethod 6703 0x000002ee4e7b6390 code [0x000002ee4e7b6540, 0x000002ee4e7b67b8]
Event: 7.489 Thread 0x000002ee60c594d0 6704       3       java.util.concurrent.locks.AbstractQueuedSynchronizer$ConditionObject::signal (34 bytes)
Event: 7.490 Thread 0x000002ee60c594d0 nmethod 6704 0x000002ee4e7b6890 code [0x000002ee4e7b6a60, 0x000002ee4e7b6da8]

GC Heap History (14 events):
Event: 0.528 GC heap before
{Heap before GC invocations=0 (full 0):
 garbage-first heap   total 262144K, used 25600K [0x00000000e0000000, 0x0000000100000000)
  region size 1024K, 23 young (23552K), 0 survivors (0K)
 Metaspace       used 2996K, committed 3136K, reserved 278528K
  class space    used 380K, committed 448K, reserved 212992K
}
Event: 0.531 GC heap after
{Heap after GC invocations=1 (full 0):
 garbage-first heap   total 262144K, used 9305K [0x00000000e0000000, 0x0000000100000000)
  region size 1024K, 3 young (3072K), 3 survivors (3072K)
 Metaspace       used 2996K, committed 3136K, reserved 278528K
  class space    used 380K, committed 448K, reserved 212992K
}
Event: 0.876 GC heap before
{Heap before GC invocations=1 (full 0):
 garbage-first heap   total 262144K, used 39001K [0x00000000e0000000, 0x0000000100000000)
  region size 1024K, 32 young (32768K), 3 survivors (3072K)
 Metaspace       used 3937K, committed 4096K, reserved 278528K
  class space    used 477K, committed 576K, reserved 212992K
}
Event: 0.880 GC heap after
{Heap after GC invocations=2 (full 0):
 garbage-first heap   total 262144K, used 13419K [0x00000000e0000000, 0x0000000100000000)
  region size 1024K, 4 young (4096K), 4 survivors (4096K)
 Metaspace       used 3937K, committed 4096K, reserved 278528K
  class space    used 477K, committed 576K, reserved 212992K
}
Event: 2.647 GC heap before
{Heap before GC invocations=2 (full 0):
 garbage-first heap   total 262144K, used 113771K [0x00000000e0000000, 0x0000000100000000)
  region size 1024K, 103 young (105472K), 4 survivors (4096K)
 Metaspace       used 21229K, committed 21504K, reserved 278528K
  class space    used 3190K, committed 3328K, reserved 212992K
}
Event: 2.654 GC heap after
{Heap after GC invocations=3 (full 0):
 garbage-first heap   total 262144K, used 20725K [0x00000000e0000000, 0x0000000100000000)
  region size 1024K, 12 young (12288K), 12 survivors (12288K)
 Metaspace       used 21229K, committed 21504K, reserved 278528K
  class space    used 3190K, committed 3328K, reserved 212992K
}
Event: 4.174 GC heap before
{Heap before GC invocations=4 (full 0):
 garbage-first heap   total 262144K, used 122101K [0x00000000e0000000, 0x0000000100000000)
  region size 1024K, 109 young (111616K), 12 survivors (12288K)
 Metaspace       used 35556K, committed 35968K, reserved 278528K
  class space    used 4907K, committed 5056K, reserved 212992K
}
Event: 4.189 GC heap after
{Heap after GC invocations=5 (full 0):
 garbage-first heap   total 262144K, used 29731K [0x00000000e0000000, 0x0000000100000000)
  region size 1024K, 16 young (16384K), 16 survivors (16384K)
 Metaspace       used 35556K, committed 35968K, reserved 278528K
  class space    used 4907K, committed 5056K, reserved 212992K
}
Event: 4.201 GC heap before
{Heap before GC invocations=5 (full 0):
 garbage-first heap   total 262144K, used 29731K [0x00000000e0000000, 0x0000000100000000)
  region size 1024K, 17 young (17408K), 16 survivors (16384K)
 Metaspace       used 35639K, committed 36032K, reserved 278528K
  class space    used 4932K, committed 5120K, reserved 212992K
}
Event: 4.212 GC heap after
{Heap after GC invocations=6 (full 0):
 garbage-first heap   total 262144K, used 30516K [0x00000000e0000000, 0x0000000100000000)
  region size 1024K, 2 young (2048K), 2 survivors (2048K)
 Metaspace       used 35639K, committed 36032K, reserved 278528K
  class space    used 4932K, committed 5120K, reserved 212992K
}
Event: 4.251 GC heap before
{Heap before GC invocations=6 (full 0):
 garbage-first heap   total 262144K, used 32564K [0x00000000e0000000, 0x0000000100000000)
  region size 1024K, 5 young (5120K), 2 survivors (2048K)
 Metaspace       used 35931K, committed 36288K, reserved 278528K
  class space    used 4964K, committed 5120K, reserved 212992K
}
Event: 4.252 GC heap after
{Heap after GC invocations=7 (full 0):
 garbage-first heap   total 262144K, used 29083K [0x00000000e0000000, 0x0000000100000000)
  region size 1024K, 1 young (1024K), 1 survivors (1024K)
 Metaspace       used 35931K, committed 36288K, reserved 278528K
  class space    used 4964K, committed 5120K, reserved 212992K
}
Event: 7.182 GC heap before
{Heap before GC invocations=8 (full 0):
 garbage-first heap   total 262144K, used 184731K [0x00000000e0000000, 0x0000000100000000)
  region size 1024K, 153 young (156672K), 1 survivors (1024K)
 Metaspace       used 56476K, committed 57088K, reserved 278528K
  class space    used 8009K, committed 8320K, reserved 212992K
}
Event: 7.196 GC heap after
{Heap after GC invocations=9 (full 0):
 garbage-first heap   total 262144K, used 42277K [0x00000000e0000000, 0x0000000100000000)
  region size 1024K, 14 young (14336K), 14 survivors (14336K)
 Metaspace       used 56476K, committed 57088K, reserved 278528K
  class space    used 8009K, committed 8320K, reserved 212992K
}

Dll operation events (12 events):
Event: 0.005 Loaded shared library C:\Users\grays\.jdks\corretto-17.0.8\bin\java.dll
Event: 0.022 Loaded shared library C:\Users\grays\.jdks\corretto-17.0.8\bin\jsvml.dll
Event: 0.050 Loaded shared library C:\Users\grays\.jdks\corretto-17.0.8\bin\net.dll
Event: 0.051 Loaded shared library C:\Users\grays\.jdks\corretto-17.0.8\bin\nio.dll
Event: 0.054 Loaded shared library C:\Users\grays\.jdks\corretto-17.0.8\bin\zip.dll
Event: 0.215 Loaded shared library C:\Users\grays\.jdks\corretto-17.0.8\bin\jimage.dll
Event: 0.271 Loaded shared library C:\Users\grays\.jdks\corretto-17.0.8\bin\verify.dll
Event: 0.401 Loaded shared library C:\Users\grays\.gradle\native\68d5fa5c4cc2d200863cafc0d521ce42e7d3e7ee720ec0a83991735586a16f82\windows-amd64\native-platform.dll
Event: 0.404 Loaded shared library C:\Users\grays\.gradle\native\e376f236ea51e6404a007f0833ffe2c6e607c4080706a723a18a27aeea778392\windows-amd64\native-platform-file-events.dll
Event: 1.064 Loaded shared library C:\Users\grays\.jdks\corretto-17.0.8\bin\management.dll
Event: 1.068 Loaded shared library C:\Users\grays\.jdks\corretto-17.0.8\bin\management_ext.dll
Event: 1.437 Loaded shared library C:\Users\grays\.jdks\corretto-17.0.8\bin\sunmscapi.dll

Deoptimization events (20 events):
Event: 7.231 Thread 0x000002ee747fd130 DEOPT PACKING pc=0x000002ee4df5c45c sp=0x000000f993efec00
Event: 7.231 Thread 0x000002ee747fd130 DEOPT UNPACKING pc=0x000002ee55177143 sp=0x000000f993efe180 mode 0
Event: 7.316 Thread 0x000002ee73003d90 Uncommon trap: trap_request=0xffffffc6 fr.pc=0x000002ee559b102c relative=0x000000000000036c
Event: 7.316 Thread 0x000002ee73003d90 Uncommon trap: reason=bimorphic_or_optimized_type_check action=maybe_recompile pc=0x000002ee559b102c method=java.util.ArrayList$ArrayListSpliterator.tryAdvance(Ljava/util/function/Consumer;)Z @ 48 c2
Event: 7.316 Thread 0x000002ee73003d90 DEOPT PACKING pc=0x000002ee559b102c sp=0x000000f9951f92a0
Event: 7.316 Thread 0x000002ee73003d90 DEOPT UNPACKING pc=0x000002ee551769a3 sp=0x000000f9951f9230 mode 2
Event: 7.363 Thread 0x000002ee73003d90 Uncommon trap: trap_request=0xffffffc6 fr.pc=0x000002ee559b102c relative=0x000000000000036c
Event: 7.363 Thread 0x000002ee73003d90 Uncommon trap: reason=bimorphic_or_optimized_type_check action=maybe_recompile pc=0x000002ee559b102c method=java.util.ArrayList$ArrayListSpliterator.tryAdvance(Ljava/util/function/Consumer;)Z @ 48 c2
Event: 7.363 Thread 0x000002ee73003d90 DEOPT PACKING pc=0x000002ee559b102c sp=0x000000f9951f92a0
Event: 7.363 Thread 0x000002ee73003d90 DEOPT UNPACKING pc=0x000002ee551769a3 sp=0x000000f9951f9230 mode 2
Event: 7.462 Thread 0x000002ee73003d90 Uncommon trap: trap_request=0xffffffde fr.pc=0x000002ee5581a78c relative=0x00000000000002ec
Event: 7.462 Thread 0x000002ee73003d90 Uncommon trap: reason=class_check action=maybe_recompile pc=0x000002ee5581a78c method=java.util.Collections$SetFromMap.remove(Ljava/lang/Object;)Z @ 5 c2
Event: 7.462 Thread 0x000002ee73003d90 DEOPT PACKING pc=0x000002ee5581a78c sp=0x000000f9951fe960
Event: 7.462 Thread 0x000002ee73003d90 DEOPT UNPACKING pc=0x000002ee551769a3 sp=0x000000f9951fe948 mode 2
Event: 7.463 Thread 0x000002ee73002e60 Uncommon trap: trap_request=0xffffff45 fr.pc=0x000002ee55787b14 relative=0x0000000000000474
Event: 7.463 Thread 0x000002ee73002e60 Uncommon trap: reason=unstable_if action=reinterpret pc=0x000002ee55787b14 method=java.io.ObjectOutputStream$BlockDataOutputStream.writeBytes(Ljava/lang/String;)V @ 22 c2
Event: 7.463 Thread 0x000002ee73002e60 DEOPT PACKING pc=0x000002ee55787b14 sp=0x000000f9937fdd20
Event: 7.463 Thread 0x000002ee73002e60 DEOPT UNPACKING pc=0x000002ee551769a3 sp=0x000000f9937fdca8 mode 2
Event: 7.485 Thread 0x000002ee747fe570 DEOPT PACKING pc=0x000002ee4dcab6bd sp=0x000000f9936fc5c0
Event: 7.485 Thread 0x000002ee747fe570 DEOPT UNPACKING pc=0x000002ee55177143 sp=0x000000f9936fba58 mode 0

Classes unloaded (0 events):
No events

Classes redefined (0 events):
No events

Internal exceptions (20 events):
Event: 6.676 Thread 0x000002ee7501a560 Exception <a 'java/lang/NoSuchMethodError'{0x00000000e7ef38c8}: static Lorg/gradle/tooling/internal/provider/serialization/ClassLoaderDetails;.<clinit>()V> (0x00000000e7ef38c8) 
thrown [s\src\hotspot\share\prims\jni.cpp, line 1107]
Event: 6.678 Thread 0x000002ee7501a560 Exception <a 'java/lang/NoSuchMethodError'{0x00000000e77863d8}: static Lorg/gradle/tooling/internal/provider/serialization/WellKnownClassLoaderRegistry$KnownClassLoaderSpec;.<clinit>()V> (0x00000000e77863d8) 
thrown [s\src\hotspot\share\prims\jni.cpp, line 1107]
Event: 6.678 Thread 0x000002ee7501a560 Exception <a 'java/lang/NoSuchMethodError'{0x00000000e7787a50}: static Lorg/gradle/internal/classloader/ClassLoaderSpec;.<clinit>()V> (0x00000000e7787a50) 
thrown [s\src\hotspot\share\prims\jni.cpp, line 1107]
Event: 6.680 Thread 0x000002ee7501a560 Exception <a 'java/lang/NoSuchMethodError'{0x00000000e779bc68}: static Lorg/gradle/internal/classloader/ClassLoaderSpec;.<clinit>()V> (0x00000000e779bc68) 
thrown [s\src\hotspot\share\prims\jni.cpp, line 1107]
Event: 6.682 Thread 0x000002ee7501a560 Exception <a 'java/lang/NoSuchMethodError'{0x00000000e77a7790}: static Lorg/gradle/internal/classloader/VisitableURLClassLoader$Spec;.<clinit>()V> (0x00000000e77a7790) 
thrown [s\src\hotspot\share\prims\jni.cpp, line 1107]
Event: 7.158 Thread 0x000002ee73003d90 Exception <a 'sun/nio/fs/WindowsException'{0x00000000e6af8268}> (0x00000000e6af8268) 
thrown [s\src\hotspot\share\prims\jni.cpp, line 516]
Event: 7.158 Thread 0x000002ee73003d90 Exception <a 'sun/nio/fs/WindowsException'{0x00000000e6af85e0}> (0x00000000e6af85e0) 
thrown [s\src\hotspot\share\prims\jni.cpp, line 516]
Event: 7.199 Thread 0x000002ee73003d90 Implicit null exception at 0x000002ee5589bace to 0x000002ee5589c230
Event: 7.228 Thread 0x000002ee73003d90 Exception <a 'sun/nio/fs/WindowsException'{0x00000000efa7b610}> (0x00000000efa7b610) 
thrown [s\src\hotspot\share\prims\jni.cpp, line 516]
Event: 7.229 Thread 0x000002ee73003d90 Exception <a 'sun/nio/fs/WindowsException'{0x00000000efa7c840}> (0x00000000efa7c840) 
thrown [s\src\hotspot\share\prims\jni.cpp, line 516]
Event: 7.229 Thread 0x000002ee73003d90 Exception <a 'sun/nio/fs/WindowsException'{0x00000000efa7d8a0}> (0x00000000efa7d8a0) 
thrown [s\src\hotspot\share\prims\jni.cpp, line 516]
Event: 7.229 Thread 0x000002ee73003d90 Exception <a 'sun/nio/fs/WindowsException'{0x00000000efa7eab8}> (0x00000000efa7eab8) 
thrown [s\src\hotspot\share\prims\jni.cpp, line 516]
Event: 7.229 Thread 0x000002ee73003d90 Exception <a 'sun/nio/fs/WindowsException'{0x00000000efa7ee48}> (0x00000000efa7ee48) 
thrown [s\src\hotspot\share\prims\jni.cpp, line 516]
Event: 7.229 Thread 0x000002ee73003d90 Exception <a 'sun/nio/fs/WindowsException'{0x00000000efa81068}> (0x00000000efa81068) 
thrown [s\src\hotspot\share\prims\jni.cpp, line 516]
Event: 7.229 Thread 0x000002ee73003d90 Exception <a 'sun/nio/fs/WindowsException'{0x00000000efa813c8}> (0x00000000efa813c8) 
thrown [s\src\hotspot\share\prims\jni.cpp, line 516]
Event: 7.229 Thread 0x000002ee73003d90 Exception <a 'sun/nio/fs/WindowsException'{0x00000000efa835c8}> (0x00000000efa835c8) 
thrown [s\src\hotspot\share\prims\jni.cpp, line 516]
Event: 7.229 Thread 0x000002ee73003d90 Exception <a 'sun/nio/fs/WindowsException'{0x00000000efa838e8}> (0x00000000efa838e8) 
thrown [s\src\hotspot\share\prims\jni.cpp, line 516]
Event: 7.229 Thread 0x000002ee73003d90 Exception <a 'sun/nio/fs/WindowsException'{0x00000000efa85ad8}> (0x00000000efa85ad8) 
thrown [s\src\hotspot\share\prims\jni.cpp, line 516]
Event: 7.335 Thread 0x000002ee73003d90 Exception <a 'sun/nio/fs/WindowsException'{0x00000000ef91b2b8}> (0x00000000ef91b2b8) 
thrown [s\src\hotspot\share\prims\jni.cpp, line 516]
Event: 7.430 Thread 0x000002ee73003d90 Exception <a 'java/lang/reflect/InvocationTargetException'{0x00000000ef88bc00}> (0x00000000ef88bc00) 
thrown [s\src\hotspot\share\runtime\reflection.cpp, line 1121]

VM Operations (20 events):
Event: 6.030 Executing VM operation: ICBufferFull
Event: 6.031 Executing VM operation: ICBufferFull done
Event: 6.194 Executing VM operation: HandshakeAllThreads
Event: 6.194 Executing VM operation: HandshakeAllThreads done
Event: 6.370 Executing VM operation: ICBufferFull
Event: 6.371 Executing VM operation: ICBufferFull done
Event: 6.508 Executing VM operation: HandshakeAllThreads
Event: 6.508 Executing VM operation: HandshakeAllThreads done
Event: 6.556 Executing VM operation: HandshakeAllThreads
Event: 6.556 Executing VM operation: HandshakeAllThreads done
Event: 6.569 Executing VM operation: ICBufferFull
Event: 6.569 Executing VM operation: ICBufferFull done
Event: 6.621 Executing VM operation: HandshakeAllThreads
Event: 6.621 Executing VM operation: HandshakeAllThreads done
Event: 7.107 Executing VM operation: ICBufferFull
Event: 7.107 Executing VM operation: ICBufferFull done
Event: 7.182 Executing VM operation: G1CollectForAllocation
Event: 7.196 Executing VM operation: G1CollectForAllocation done
Event: 7.484 Executing VM operation: ICBufferFull
Event: 7.484 Executing VM operation: ICBufferFull done

Events (20 events):
Event: 7.173 Thread 0x000002ee732586c0 Thread added: 0x000002ee732586c0
Event: 7.173 Thread 0x000002ee78bbabf0 Thread added: 0x000002ee78bbabf0
Event: 7.472 Thread 0x000002ee730005e0 Thread exited: 0x000002ee730005e0
Event: 7.472 Thread 0x000002ee73002950 Thread exited: 0x000002ee73002950
Event: 7.474 Thread 0x000002ee73006100 Thread exited: 0x000002ee73006100
Event: 7.475 Thread 0x000002ee73007a50 Thread exited: 0x000002ee73007a50
Event: 7.476 Thread 0x000002ee73006610 Thread exited: 0x000002ee73006610
Event: 7.476 Thread 0x000002ee73003d90 Thread exited: 0x000002ee73003d90
Event: 7.476 Thread 0x000002ee730042a0 Thread exited: 0x000002ee730042a0
Event: 7.476 Thread 0x000002ee73000af0 Thread exited: 0x000002ee73000af0
Event: 7.476 Thread 0x000002ee73001a20 Thread exited: 0x000002ee73001a20
Event: 7.476 Thread 0x000002ee73004cc0 Thread exited: 0x000002ee73004cc0
Event: 7.476 Thread 0x000002ee730051d0 Thread exited: 0x000002ee730051d0
Event: 7.478 Thread 0x000002ee73003d90 Thread added: 0x000002ee73003d90
Event: 7.478 Thread 0x000002ee73003d90 Thread exited: 0x000002ee73003d90
Event: 7.486 Thread 0x000002ee73002440 Thread exited: 0x000002ee73002440
Event: 7.488 Thread 0x000002ee73003880 Thread exited: 0x000002ee73003880
Event: 7.489 Thread 0x000002ee73007540 Thread exited: 0x000002ee73007540
Event: 7.491 Thread 0x000002ee730056e0 Thread exited: 0x000002ee730056e0
Event: 7.491 Thread 0x000002ee73007030 Thread exited: 0x000002ee73007030


Dynamic libraries:
0x00007ff7fceb0000 - 0x00007ff7fcebd000 	C:\Users\grays\.jdks\corretto-17.0.8\bin\java.exe
0x00007ff895f00000 - 0x00007ff8960f0000 	C:\WINDOWS\SYSTEM32\ntdll.dll
0x00007ff894060000 - 0x00007ff894112000 	C:\WINDOWS\System32\KERNEL32.DLL
0x00007ff8939e0000 - 0x00007ff893c85000 	C:\WINDOWS\System32\KERNELBASE.dll
0x00007ff893cc0000 - 0x00007ff893dba000 	C:\WINDOWS\System32\ucrtbase.dll
0x00007ff88bed0000 - 0x00007ff88bee7000 	C:\Users\grays\.jdks\corretto-17.0.8\bin\jli.dll
0x00007ff88be50000 - 0x00007ff88be65000 	C:\Users\grays\.jdks\corretto-17.0.8\bin\VCRUNTIME140.dll
0x00007ff8949b0000 - 0x00007ff894b44000 	C:\WINDOWS\System32\USER32.dll
0x00007ff893c90000 - 0x00007ff893cb1000 	C:\WINDOWS\System32\win32u.dll
0x00007ff8957b0000 - 0x00007ff8957d6000 	C:\WINDOWS\System32\GDI32.dll
0x00007ff87b890000 - 0x00007ff87bb14000 	C:\WINDOWS\WinSxS\amd64_microsoft.windows.common-controls_6595b64144ccf1df_6.0.18362.1256_none_9e7e379be45e40e2\COMCTL32.dll
0x00007ff892e70000 - 0x00007ff893006000 	C:\WINDOWS\System32\gdi32full.dll
0x00007ff895e20000 - 0x00007ff895ebe000 	C:\WINDOWS\System32\msvcrt.dll
0x00007ff893dc0000 - 0x00007ff893e5e000 	C:\WINDOWS\System32\msvcp_win.dll
0x00007ff894120000 - 0x00007ff894456000 	C:\WINDOWS\System32\combase.dll
0x00007ff895690000 - 0x00007ff8957b0000 	C:\WINDOWS\System32\RPCRT4.dll
0x00007ff893010000 - 0x00007ff893091000 	C:\WINDOWS\System32\bcryptPrimitives.dll
0x00007ff894980000 - 0x00007ff8949ae000 	C:\WINDOWS\System32\IMM32.DLL
0x00007ff87c3e0000 - 0x00007ff87c47b000 	C:\Users\grays\.jdks\corretto-17.0.8\bin\msvcp140.dll
0x00007ff84e960000 - 0x00007ff84f57d000 	C:\Users\grays\.jdks\corretto-17.0.8\bin\server\jvm.dll
0x00007ff8957e0000 - 0x00007ff895883000 	C:\WINDOWS\System32\ADVAPI32.dll
0x00007ff895970000 - 0x00007ff895a07000 	C:\WINDOWS\System32\sechost.dll
0x00007ff892e20000 - 0x00007ff892e6a000 	C:\WINDOWS\System32\POWRPROF.dll
0x00007ff892da0000 - 0x00007ff892db0000 	C:\WINDOWS\System32\UMPDC.dll
0x00007ff890860000 - 0x00007ff890884000 	C:\WINDOWS\SYSTEM32\WINMM.dll
0x00007ff88e020000 - 0x00007ff88e029000 	C:\WINDOWS\SYSTEM32\WSOCK32.dll
0x00007ff88d750000 - 0x00007ff88d75a000 	C:\WINDOWS\SYSTEM32\VERSION.dll
0x00007ff8958f0000 - 0x00007ff89595f000 	C:\WINDOWS\System32\WS2_32.dll
0x00007ff890830000 - 0x00007ff89085d000 	C:\WINDOWS\SYSTEM32\WINMMBASE.dll
0x00007ff893830000 - 0x00007ff89387a000 	C:\WINDOWS\System32\cfgmgr32.dll
0x00007ff892db0000 - 0x00007ff892dc1000 	C:\WINDOWS\System32\kernel.appcore.dll
0x00007ff890cd0000 - 0x00007ff890cda000 	C:\Users\grays\.jdks\corretto-17.0.8\bin\jimage.dll
0x00007ff891540000 - 0x00007ff891734000 	C:\WINDOWS\SYSTEM32\DBGHELP.DLL
0x00007ff88be00000 - 0x00007ff88be2a000 	C:\WINDOWS\SYSTEM32\dbgcore.DLL
0x00007ff88bd30000 - 0x00007ff88bd55000 	C:\Users\grays\.jdks\corretto-17.0.8\bin\java.dll
0x00007ff87a770000 - 0x00007ff87a846000 	C:\Users\grays\.jdks\corretto-17.0.8\bin\jsvml.dll
0x00007ff894fa0000 - 0x00007ff895687000 	C:\WINDOWS\System32\SHELL32.dll
0x00007ff8948d0000 - 0x00007ff894979000 	C:\WINDOWS\System32\shcore.dll
0x00007ff8930a0000 - 0x00007ff893821000 	C:\WINDOWS\System32\windows.storage.dll
0x00007ff892dd0000 - 0x00007ff892df3000 	C:\WINDOWS\System32\profapi.dll
0x00007ff895dc0000 - 0x00007ff895e12000 	C:\WINDOWS\System32\shlwapi.dll
0x00007ff8939c0000 - 0x00007ff8939d7000 	C:\WINDOWS\System32\cryptsp.dll
0x00007ff88a690000 - 0x00007ff88a6a9000 	C:\Users\grays\.jdks\corretto-17.0.8\bin\net.dll
0x00007ff88c1c0000 - 0x00007ff88c2b0000 	C:\WINDOWS\SYSTEM32\WINHTTP.dll
0x00007ff892590000 - 0x00007ff8925f7000 	C:\WINDOWS\system32\mswsock.dll
0x00007ff887820000 - 0x00007ff887835000 	C:\Users\grays\.jdks\corretto-17.0.8\bin\nio.dll
0x00007ff8876e0000 - 0x00007ff8876f8000 	C:\Users\grays\.jdks\corretto-17.0.8\bin\zip.dll
0x00007ff88fb60000 - 0x00007ff88fb70000 	C:\Users\grays\.jdks\corretto-17.0.8\bin\verify.dll
0x00007ff880040000 - 0x00007ff880067000 	C:\Users\grays\.gradle\native\68d5fa5c4cc2d200863cafc0d521ce42e7d3e7ee720ec0a83991735586a16f82\windows-amd64\native-platform.dll
0x00007ff877610000 - 0x00007ff877754000 	C:\Users\grays\.gradle\native\e376f236ea51e6404a007f0833ffe2c6e607c4080706a723a18a27aeea778392\windows-amd64\native-platform-file-events.dll
0x00007ff88f8d0000 - 0x00007ff88f8d9000 	C:\Users\grays\.jdks\corretto-17.0.8\bin\management.dll
0x00007ff88d780000 - 0x00007ff88d78b000 	C:\Users\grays\.jdks\corretto-17.0.8\bin\management_ext.dll
0x00007ff895960000 - 0x00007ff895968000 	C:\WINDOWS\System32\PSAPI.DLL
0x00007ff892100000 - 0x00007ff892133000 	C:\WINDOWS\system32\rsaenh.dll
0x00007ff893930000 - 0x00007ff893956000 	C:\WINDOWS\System32\bcrypt.dll
0x00007ff892c80000 - 0x00007ff892ca5000 	C:\WINDOWS\SYSTEM32\USERENV.dll
0x00007ff892760000 - 0x00007ff89276c000 	C:\WINDOWS\SYSTEM32\CRYPTBASE.dll
0x00007ff8922a0000 - 0x00007ff8922da000 	C:\WINDOWS\SYSTEM32\IPHLPAPI.DLL
0x00007ff894f90000 - 0x00007ff894f98000 	C:\WINDOWS\System32\NSI.dll
0x00007ff88bb00000 - 0x00007ff88bb16000 	C:\WINDOWS\SYSTEM32\dhcpcsvc6.DLL
0x00007ff88bbb0000 - 0x00007ff88bbcc000 	C:\WINDOWS\SYSTEM32\dhcpcsvc.DLL
0x00007ff892330000 - 0x00007ff8923fb000 	C:\WINDOWS\SYSTEM32\DNSAPI.dll
0x00007ff88bea0000 - 0x00007ff88beae000 	C:\Users\grays\.jdks\corretto-17.0.8\bin\sunmscapi.dll
0x00007ff893e60000 - 0x00007ff893fa9000 	C:\WINDOWS\System32\CRYPT32.dll
0x00007ff892e00000 - 0x00007ff892e12000 	C:\WINDOWS\System32\MSASN1.dll
0x00007ff892860000 - 0x00007ff892886000 	C:\WINDOWS\SYSTEM32\ncrypt.dll
0x00007ff892820000 - 0x00007ff89285b000 	C:\WINDOWS\SYSTEM32\NTASN1.dll
0x00007ff880230000 - 0x00007ff880237000 	C:\WINDOWS\system32\wshunix.dll

dbghelp: loaded successfully - version: 4.0.5 - missing functions: none
symbol engine: initialized successfully - sym options: 0x614 - pdb path: .;C:\Users\grays\.jdks\corretto-17.0.8\bin;C:\WINDOWS\SYSTEM32;C:\WINDOWS\WinSxS\amd64_microsoft.windows.common-controls_6595b64144ccf1df_6.0.18362.1256_none_9e7e379be45e40e2;C:\Users\grays\.jdks\corretto-17.0.8\bin\server;C:\Users\grays\.gradle\native\68d5fa5c4cc2d200863cafc0d521ce42e7d3e7ee720ec0a83991735586a16f82\windows-amd64;C:\Users\grays\.gradle\native\e376f236ea51e6404a007f0833ffe2c6e607c4080706a723a18a27aeea778392\windows-amd64

VM Arguments:
jvm_args: --add-opens=java.base/java.util=ALL-UNNAMED --add-opens=java.base/java.lang=ALL-UNNAMED --add-opens=java.base/java.lang.invoke=ALL-UNNAMED --add-opens=java.prefs/java.util.prefs=ALL-UNNAMED --add-opens=java.base/java.nio.charset=ALL-UNNAMED --add-opens=java.base/java.net=ALL-UNNAMED --add-opens=java.base/java.util.concurrent.atomic=ALL-UNNAMED -XX:MaxMetaspaceSize=256m -XX:+HeapDumpOnOutOfMemoryError -Xms256m -Xmx512m -Dfile.encoding=windows-1252 -Duser.country=US -Duser.language=en -Duser.variant 
java_command: org.gradle.launcher.daemon.bootstrap.GradleDaemon 7.6.1
java_class_path (initial): C:\Users\grays\.gradle\wrapper\dists\gradle-7.6.1-bin\2clxi94ab3brv6467628wnxmd\gradle-7.6.1\lib\gradle-launcher-7.6.1.jar
Launcher Type: SUN_STANDARD

[Global flags]
     intx CICompilerCount                          = 4                                         {product} {ergonomic}
   size_t CompressedClassSpaceSize                 = 218103808                                 {product} {ergonomic}
     uint ConcGCThreads                            = 2                                         {product} {ergonomic}
     uint G1ConcRefinementThreads                  = 8                                         {product} {ergonomic}
   size_t G1HeapRegionSize                         = 1048576                                   {product} {ergonomic}
    uintx GCDrainStackTargetSize                   = 64                                        {product} {ergonomic}
     bool HeapDumpOnOutOfMemoryError               = true                                   {manageable} {command line}
   size_t InitialHeapSize                          = 268435456                                 {product} {command line}
   size_t MarkStackSize                            = 4194304                                   {product} {ergonomic}
   size_t MaxHeapSize                              = 536870912                                 {product} {command line}
   size_t MaxMetaspaceSize                         = 268435456                                 {product} {command line}
   size_t MaxNewSize                               = 321912832                                 {product} {ergonomic}
   size_t MinHeapDeltaBytes                        = 1048576                                   {product} {ergonomic}
   size_t MinHeapSize                              = 268435456                                 {product} {command line}
    uintx NonNMethodCodeHeapSize                   = 5839372                                {pd product} {ergonomic}
    uintx NonProfiledCodeHeapSize                  = 122909434                              {pd product} {ergonomic}
    uintx ProfiledCodeHeapSize                     = 122909434                              {pd product} {ergonomic}
    uintx ReservedCodeCacheSize                    = 251658240                              {pd product} {ergonomic}
     bool SegmentedCodeCache                       = true                                      {product} {ergonomic}
   size_t SoftMaxHeapSize                          = 536870912                              {manageable} {ergonomic}
     bool UseCompressedClassPointers               = true                           {product lp64_product} {ergonomic}
     bool UseCompressedOops                        = true                           {product lp64_product} {ergonomic}
     bool UseG1GC                                  = true                                      {product} {ergonomic}
     bool UseLargePagesIndividualAllocation        = false                                  {pd product} {ergonomic}

Logging:
Log output configuration:
 #0: stdout all=warning uptime,level,tags
 #1: stderr all=off uptime,level,tags

Environment Variables:
PATH=C:\Program Files (x86)\Common Files\Intel\Shared Libraries\redist\intel64\compiler;C:\Program Files (x86)\Common Files\Oracle\Java\javapath;C:\Program Files (x86)\Intel\iCLS Client\;C:\Program Files\Intel\iCLS Client\;C:\WINDOWS\system32;C:\WINDOWS;C:\WINDOWS\System32\Wbem;C:\WINDOWS\System32\WindowsPowerShell\v1.0\;C:\Program Files (x86)\Intel\Intel(R) Management Engine Components\DAL;C:\Program Files\Intel\Intel(R) Management Engine Components\DAL;C:\Program Files (x86)\Intel\Intel(R) Management Engine Components\IPT;C:\Program Files\Intel\Intel(R) Management Engine Components\IPT;C:\WINDOWS\System32\OpenSSH\;C:\Program Files\dotnet\;C:\Program Files\Microsoft SQL Server\130\Tools\Binn\;C:\Program Files\Intel\WiFi\bin\;C:\Program Files\Common Files\Intel\WirelessCommon\;C:\Program Files\Microsoft SQL Server\Client SDK\ODBC\170\Tools\Binn\;C:\Program Files (x86)\Microsoft SQL Server\150\Tools\Binn\;C:\Program Files\Microsoft SQL Server\150\Tools\Binn\;C:\Program Files\Microsoft SQL Server\150\DTS\Binn\;C:\Program Files (x86)\Microsoft SQL Server\150\DTS\Binn\;C:\Program Files\Git\cmd;C:\Program Files\nodejs\;C:\Users\grays\AppData\Local\Microsoft\WindowsApps;;C:\Users\grays\AppData\Local\Programs\Microsoft VS Code\bin;C:\Users\grays\AppData\Roaming\npm;C:\Program Files\JetBrains\IntelliJ IDEA Community Edition 2023.2\1\bin;
USERNAME=grays
OS=Windows_NT
PROCESSOR_IDENTIFIER=Intel64 Family 6 Model 142 Stepping 10, GenuineIntel
TMP=C:\Users\grays\AppData\Local\Temp
TEMP=C:\Users\grays\AppData\Local\Temp



---------------  S Y S T E M  ---------------

OS:
 Windows 10 , 64 bit Build 18362 (10.0.18362.1110)
OS uptime: 27 days 21:06 hours

CPU: total 8 (initial active 8) (4 cores per cpu, 2 threads per core) family 6 model 142 stepping 10 microcode 0x96, cx8, cmov, fxsr, ht, mmx, 3dnowpref, sse, sse2, sse3, ssse3, sse4.1, sse4.2, popcnt, lzcnt, tsc, tscinvbit, avx, avx2, aes, erms, clmul, bmi1, bmi2, adx, fma, vzeroupper, clflush, clflushopt
Processor Information for all 8 processors :
  Max Mhz: 1800, Current Mhz: 1600, Mhz Limit: 1584

Memory: 4k page, system-wide physical 8075M (624M free)
TotalPageFile size 32651M (AvailPageFile size 5M)
current process WorkingSet (physical memory assigned to process): 397M, peak: 398M
current process commit charge ("private bytes"): 501M, peak: 503M

vm_info: OpenJDK 64-Bit Server VM (17.0.8+7-LTS) for windows-amd64 JRE (17.0.8+7-LTS), built on Jul 10 2023 20:26:03 by "Administrator" with MS VC++ 15.9 (VS2017)

END.
